[2024-10-29T09:08:38.068+0000] {processor.py:186} INFO - Started process (PID=193) to work on /opt/airflow/dags/our_first_dag.py
[2024-10-29T09:08:38.069+0000] {processor.py:914} INFO - Processing file /opt/airflow/dags/our_first_dag.py for tasks to queue
[2024-10-29T09:08:38.073+0000] {logging_mixin.py:190} INFO - [2024-10-29T09:08:38.073+0000] {dagbag.py:588} INFO - Filling up the DagBag from /opt/airflow/dags/our_first_dag.py
[2024-10-29T09:08:38.100+0000] {processor.py:925} INFO - DAG(s) 'our_first_dag_v3' retrieved from /opt/airflow/dags/our_first_dag.py
[2024-10-29T09:08:38.242+0000] {logging_mixin.py:190} INFO - [2024-10-29T09:08:38.230+0000] {dag.py:3239} INFO - Sync 1 DAGs
[2024-10-29T09:08:38.318+0000] {logging_mixin.py:190} INFO - [2024-10-29T09:08:38.317+0000] {dag.py:4180} INFO - Setting next_dagrun for our_first_dag_v3 to 2024-10-29 00:00:00+00:00, run_after=2024-10-30 00:00:00+00:00
[2024-10-29T09:08:38.511+0000] {processor.py:208} INFO - Processing /opt/airflow/dags/our_first_dag.py took 0.464 seconds
[2024-10-29T09:09:08.795+0000] {processor.py:186} INFO - Started process (PID=217) to work on /opt/airflow/dags/our_first_dag.py
[2024-10-29T09:09:08.796+0000] {processor.py:914} INFO - Processing file /opt/airflow/dags/our_first_dag.py for tasks to queue
[2024-10-29T09:09:08.800+0000] {logging_mixin.py:190} INFO - [2024-10-29T09:09:08.799+0000] {dagbag.py:588} INFO - Filling up the DagBag from /opt/airflow/dags/our_first_dag.py
[2024-10-29T09:09:08.816+0000] {processor.py:925} INFO - DAG(s) 'our_first_dag_v3' retrieved from /opt/airflow/dags/our_first_dag.py
[2024-10-29T09:09:08.854+0000] {logging_mixin.py:190} INFO - [2024-10-29T09:09:08.854+0000] {dag.py:3239} INFO - Sync 1 DAGs
[2024-10-29T09:09:08.884+0000] {logging_mixin.py:190} INFO - [2024-10-29T09:09:08.884+0000] {dag.py:4180} INFO - Setting next_dagrun for our_first_dag_v3 to 2024-10-29 00:00:00+00:00, run_after=2024-10-30 00:00:00+00:00
[2024-10-29T09:09:10.360+0000] {processor.py:208} INFO - Processing /opt/airflow/dags/our_first_dag.py took 1.573 seconds
[2024-10-29T09:09:40.474+0000] {processor.py:186} INFO - Started process (PID=227) to work on /opt/airflow/dags/our_first_dag.py
[2024-10-29T09:09:40.475+0000] {processor.py:914} INFO - Processing file /opt/airflow/dags/our_first_dag.py for tasks to queue
[2024-10-29T09:09:40.478+0000] {logging_mixin.py:190} INFO - [2024-10-29T09:09:40.476+0000] {dagbag.py:588} INFO - Filling up the DagBag from /opt/airflow/dags/our_first_dag.py
[2024-10-29T09:09:40.497+0000] {processor.py:925} INFO - DAG(s) 'our_first_dag_v3' retrieved from /opt/airflow/dags/our_first_dag.py
[2024-10-29T09:09:40.527+0000] {logging_mixin.py:190} INFO - [2024-10-29T09:09:40.527+0000] {dag.py:3239} INFO - Sync 1 DAGs
[2024-10-29T09:09:40.551+0000] {logging_mixin.py:190} INFO - [2024-10-29T09:09:40.551+0000] {dag.py:4180} INFO - Setting next_dagrun for our_first_dag_v3 to 2024-10-29 00:00:00+00:00, run_after=2024-10-30 00:00:00+00:00
[2024-10-29T09:09:40.662+0000] {processor.py:208} INFO - Processing /opt/airflow/dags/our_first_dag.py took 0.199 seconds
[2024-10-29T09:10:10.722+0000] {processor.py:186} INFO - Started process (PID=237) to work on /opt/airflow/dags/our_first_dag.py
[2024-10-29T09:10:10.726+0000] {processor.py:914} INFO - Processing file /opt/airflow/dags/our_first_dag.py for tasks to queue
[2024-10-29T09:10:10.728+0000] {logging_mixin.py:190} INFO - [2024-10-29T09:10:10.728+0000] {dagbag.py:588} INFO - Filling up the DagBag from /opt/airflow/dags/our_first_dag.py
[2024-10-29T09:10:10.744+0000] {processor.py:925} INFO - DAG(s) 'our_first_dag_v3' retrieved from /opt/airflow/dags/our_first_dag.py
[2024-10-29T09:10:10.793+0000] {logging_mixin.py:190} INFO - [2024-10-29T09:10:10.793+0000] {dag.py:3239} INFO - Sync 1 DAGs
[2024-10-29T09:10:10.839+0000] {logging_mixin.py:190} INFO - [2024-10-29T09:10:10.839+0000] {dag.py:4180} INFO - Setting next_dagrun for our_first_dag_v3 to 2024-10-29 00:00:00+00:00, run_after=2024-10-30 00:00:00+00:00
[2024-10-29T09:10:10.923+0000] {processor.py:208} INFO - Processing /opt/airflow/dags/our_first_dag.py took 0.211 seconds
[2024-10-29T09:10:41.015+0000] {processor.py:186} INFO - Started process (PID=248) to work on /opt/airflow/dags/our_first_dag.py
[2024-10-29T09:10:41.018+0000] {processor.py:914} INFO - Processing file /opt/airflow/dags/our_first_dag.py for tasks to queue
[2024-10-29T09:10:41.025+0000] {logging_mixin.py:190} INFO - [2024-10-29T09:10:41.024+0000] {dagbag.py:588} INFO - Filling up the DagBag from /opt/airflow/dags/our_first_dag.py
[2024-10-29T09:10:41.041+0000] {processor.py:925} INFO - DAG(s) 'our_first_dag_v3' retrieved from /opt/airflow/dags/our_first_dag.py
[2024-10-29T09:10:41.146+0000] {logging_mixin.py:190} INFO - [2024-10-29T09:10:41.145+0000] {dag.py:3239} INFO - Sync 1 DAGs
[2024-10-29T09:10:41.201+0000] {logging_mixin.py:190} INFO - [2024-10-29T09:10:41.200+0000] {dag.py:4180} INFO - Setting next_dagrun for our_first_dag_v3 to 2024-10-29 00:00:00+00:00, run_after=2024-10-30 00:00:00+00:00
[2024-10-29T09:10:41.301+0000] {processor.py:208} INFO - Processing /opt/airflow/dags/our_first_dag.py took 0.297 seconds
[2024-10-29T09:11:11.501+0000] {processor.py:186} INFO - Started process (PID=259) to work on /opt/airflow/dags/our_first_dag.py
[2024-10-29T09:11:11.501+0000] {processor.py:914} INFO - Processing file /opt/airflow/dags/our_first_dag.py for tasks to queue
[2024-10-29T09:11:11.503+0000] {logging_mixin.py:190} INFO - [2024-10-29T09:11:11.503+0000] {dagbag.py:588} INFO - Filling up the DagBag from /opt/airflow/dags/our_first_dag.py
[2024-10-29T09:11:11.512+0000] {processor.py:925} INFO - DAG(s) 'our_first_dag_v3' retrieved from /opt/airflow/dags/our_first_dag.py
[2024-10-29T09:11:11.533+0000] {logging_mixin.py:190} INFO - [2024-10-29T09:11:11.533+0000] {dag.py:3239} INFO - Sync 1 DAGs
[2024-10-29T09:11:11.552+0000] {logging_mixin.py:190} INFO - [2024-10-29T09:11:11.552+0000] {dag.py:4180} INFO - Setting next_dagrun for our_first_dag_v3 to 2024-10-29 00:00:00+00:00, run_after=2024-10-30 00:00:00+00:00
[2024-10-29T09:11:11.652+0000] {processor.py:208} INFO - Processing /opt/airflow/dags/our_first_dag.py took 0.156 seconds
[2024-10-29T09:11:41.794+0000] {processor.py:186} INFO - Started process (PID=270) to work on /opt/airflow/dags/our_first_dag.py
[2024-10-29T09:11:41.795+0000] {processor.py:914} INFO - Processing file /opt/airflow/dags/our_first_dag.py for tasks to queue
[2024-10-29T09:11:41.796+0000] {logging_mixin.py:190} INFO - [2024-10-29T09:11:41.796+0000] {dagbag.py:588} INFO - Filling up the DagBag from /opt/airflow/dags/our_first_dag.py
[2024-10-29T09:11:41.805+0000] {processor.py:925} INFO - DAG(s) 'our_first_dag_v3' retrieved from /opt/airflow/dags/our_first_dag.py
[2024-10-29T09:11:41.826+0000] {logging_mixin.py:190} INFO - [2024-10-29T09:11:41.826+0000] {dag.py:3239} INFO - Sync 1 DAGs
[2024-10-29T09:11:41.846+0000] {logging_mixin.py:190} INFO - [2024-10-29T09:11:41.846+0000] {dag.py:4180} INFO - Setting next_dagrun for our_first_dag_v3 to 2024-10-29 00:00:00+00:00, run_after=2024-10-30 00:00:00+00:00
[2024-10-29T09:11:41.876+0000] {processor.py:208} INFO - Processing /opt/airflow/dags/our_first_dag.py took 0.087 seconds
[2024-10-29T09:12:11.929+0000] {processor.py:186} INFO - Started process (PID=280) to work on /opt/airflow/dags/our_first_dag.py
[2024-10-29T09:12:11.929+0000] {processor.py:914} INFO - Processing file /opt/airflow/dags/our_first_dag.py for tasks to queue
[2024-10-29T09:12:11.931+0000] {logging_mixin.py:190} INFO - [2024-10-29T09:12:11.931+0000] {dagbag.py:588} INFO - Filling up the DagBag from /opt/airflow/dags/our_first_dag.py
[2024-10-29T09:12:11.940+0000] {processor.py:925} INFO - DAG(s) 'our_first_dag_v3' retrieved from /opt/airflow/dags/our_first_dag.py
[2024-10-29T09:12:11.960+0000] {logging_mixin.py:190} INFO - [2024-10-29T09:12:11.960+0000] {dag.py:3239} INFO - Sync 1 DAGs
[2024-10-29T09:12:11.978+0000] {logging_mixin.py:190} INFO - [2024-10-29T09:12:11.978+0000] {dag.py:4180} INFO - Setting next_dagrun for our_first_dag_v3 to 2024-10-29 00:00:00+00:00, run_after=2024-10-30 00:00:00+00:00
[2024-10-29T09:12:12.004+0000] {processor.py:208} INFO - Processing /opt/airflow/dags/our_first_dag.py took 0.080 seconds
[2024-10-29T09:12:42.151+0000] {processor.py:186} INFO - Started process (PID=291) to work on /opt/airflow/dags/our_first_dag.py
[2024-10-29T09:12:42.152+0000] {processor.py:914} INFO - Processing file /opt/airflow/dags/our_first_dag.py for tasks to queue
[2024-10-29T09:12:42.154+0000] {logging_mixin.py:190} INFO - [2024-10-29T09:12:42.153+0000] {dagbag.py:588} INFO - Filling up the DagBag from /opt/airflow/dags/our_first_dag.py
[2024-10-29T09:12:42.162+0000] {processor.py:925} INFO - DAG(s) 'our_first_dag_v3' retrieved from /opt/airflow/dags/our_first_dag.py
[2024-10-29T09:12:42.181+0000] {logging_mixin.py:190} INFO - [2024-10-29T09:12:42.181+0000] {dag.py:3239} INFO - Sync 1 DAGs
[2024-10-29T09:12:42.201+0000] {logging_mixin.py:190} INFO - [2024-10-29T09:12:42.200+0000] {dag.py:4180} INFO - Setting next_dagrun for our_first_dag_v3 to 2024-10-29 00:00:00+00:00, run_after=2024-10-30 00:00:00+00:00
[2024-10-29T09:12:42.222+0000] {processor.py:208} INFO - Processing /opt/airflow/dags/our_first_dag.py took 0.075 seconds
[2024-10-29T09:13:12.297+0000] {processor.py:186} INFO - Started process (PID=303) to work on /opt/airflow/dags/our_first_dag.py
[2024-10-29T09:13:12.298+0000] {processor.py:914} INFO - Processing file /opt/airflow/dags/our_first_dag.py for tasks to queue
[2024-10-29T09:13:12.300+0000] {logging_mixin.py:190} INFO - [2024-10-29T09:13:12.300+0000] {dagbag.py:588} INFO - Filling up the DagBag from /opt/airflow/dags/our_first_dag.py
[2024-10-29T09:13:12.308+0000] {processor.py:925} INFO - DAG(s) 'our_first_dag_v3' retrieved from /opt/airflow/dags/our_first_dag.py
[2024-10-29T09:13:12.328+0000] {logging_mixin.py:190} INFO - [2024-10-29T09:13:12.328+0000] {dag.py:3239} INFO - Sync 1 DAGs
[2024-10-29T09:13:12.348+0000] {logging_mixin.py:190} INFO - [2024-10-29T09:13:12.348+0000] {dag.py:4180} INFO - Setting next_dagrun for our_first_dag_v3 to 2024-10-29 00:00:00+00:00, run_after=2024-10-30 00:00:00+00:00
[2024-10-29T09:13:12.368+0000] {processor.py:208} INFO - Processing /opt/airflow/dags/our_first_dag.py took 0.075 seconds
[2024-10-29T09:13:42.497+0000] {processor.py:186} INFO - Started process (PID=314) to work on /opt/airflow/dags/our_first_dag.py
[2024-10-29T09:13:42.497+0000] {processor.py:914} INFO - Processing file /opt/airflow/dags/our_first_dag.py for tasks to queue
[2024-10-29T09:13:42.499+0000] {logging_mixin.py:190} INFO - [2024-10-29T09:13:42.499+0000] {dagbag.py:588} INFO - Filling up the DagBag from /opt/airflow/dags/our_first_dag.py
[2024-10-29T09:13:42.510+0000] {processor.py:925} INFO - DAG(s) 'our_first_dag_v3' retrieved from /opt/airflow/dags/our_first_dag.py
[2024-10-29T09:13:42.533+0000] {logging_mixin.py:190} INFO - [2024-10-29T09:13:42.533+0000] {dag.py:3239} INFO - Sync 1 DAGs
[2024-10-29T09:13:42.552+0000] {logging_mixin.py:190} INFO - [2024-10-29T09:13:42.552+0000] {dag.py:4180} INFO - Setting next_dagrun for our_first_dag_v3 to 2024-10-29 00:00:00+00:00, run_after=2024-10-30 00:00:00+00:00
[2024-10-29T09:13:42.569+0000] {processor.py:208} INFO - Processing /opt/airflow/dags/our_first_dag.py took 0.077 seconds
[2024-10-29T09:14:12.651+0000] {processor.py:186} INFO - Started process (PID=326) to work on /opt/airflow/dags/our_first_dag.py
[2024-10-29T09:14:12.652+0000] {processor.py:914} INFO - Processing file /opt/airflow/dags/our_first_dag.py for tasks to queue
[2024-10-29T09:14:12.653+0000] {logging_mixin.py:190} INFO - [2024-10-29T09:14:12.653+0000] {dagbag.py:588} INFO - Filling up the DagBag from /opt/airflow/dags/our_first_dag.py
[2024-10-29T09:14:12.662+0000] {processor.py:925} INFO - DAG(s) 'our_first_dag_v3' retrieved from /opt/airflow/dags/our_first_dag.py
[2024-10-29T09:14:12.684+0000] {logging_mixin.py:190} INFO - [2024-10-29T09:14:12.684+0000] {dag.py:3239} INFO - Sync 1 DAGs
[2024-10-29T09:14:12.704+0000] {logging_mixin.py:190} INFO - [2024-10-29T09:14:12.704+0000] {dag.py:4180} INFO - Setting next_dagrun for our_first_dag_v3 to 2024-10-29 00:00:00+00:00, run_after=2024-10-30 00:00:00+00:00
[2024-10-29T09:14:12.722+0000] {processor.py:208} INFO - Processing /opt/airflow/dags/our_first_dag.py took 0.077 seconds
[2024-10-29T09:14:42.849+0000] {processor.py:186} INFO - Started process (PID=338) to work on /opt/airflow/dags/our_first_dag.py
[2024-10-29T09:14:42.850+0000] {processor.py:914} INFO - Processing file /opt/airflow/dags/our_first_dag.py for tasks to queue
[2024-10-29T09:14:42.852+0000] {logging_mixin.py:190} INFO - [2024-10-29T09:14:42.851+0000] {dagbag.py:588} INFO - Filling up the DagBag from /opt/airflow/dags/our_first_dag.py
[2024-10-29T09:14:42.860+0000] {processor.py:925} INFO - DAG(s) 'our_first_dag_v3' retrieved from /opt/airflow/dags/our_first_dag.py
[2024-10-29T09:14:42.879+0000] {logging_mixin.py:190} INFO - [2024-10-29T09:14:42.879+0000] {dag.py:3239} INFO - Sync 1 DAGs
[2024-10-29T09:14:42.897+0000] {logging_mixin.py:190} INFO - [2024-10-29T09:14:42.897+0000] {dag.py:4180} INFO - Setting next_dagrun for our_first_dag_v3 to 2024-10-29 00:00:00+00:00, run_after=2024-10-30 00:00:00+00:00
[2024-10-29T09:14:42.915+0000] {processor.py:208} INFO - Processing /opt/airflow/dags/our_first_dag.py took 0.070 seconds
[2024-10-29T09:15:12.999+0000] {processor.py:186} INFO - Started process (PID=350) to work on /opt/airflow/dags/our_first_dag.py
[2024-10-29T09:15:13.000+0000] {processor.py:914} INFO - Processing file /opt/airflow/dags/our_first_dag.py for tasks to queue
[2024-10-29T09:15:13.002+0000] {logging_mixin.py:190} INFO - [2024-10-29T09:15:13.001+0000] {dagbag.py:588} INFO - Filling up the DagBag from /opt/airflow/dags/our_first_dag.py
[2024-10-29T09:15:13.010+0000] {processor.py:925} INFO - DAG(s) 'our_first_dag_v3' retrieved from /opt/airflow/dags/our_first_dag.py
[2024-10-29T09:15:13.031+0000] {logging_mixin.py:190} INFO - [2024-10-29T09:15:13.031+0000] {dag.py:3239} INFO - Sync 1 DAGs
[2024-10-29T09:15:13.051+0000] {logging_mixin.py:190} INFO - [2024-10-29T09:15:13.051+0000] {dag.py:4180} INFO - Setting next_dagrun for our_first_dag_v3 to 2024-10-29 00:00:00+00:00, run_after=2024-10-30 00:00:00+00:00
[2024-10-29T09:15:13.072+0000] {processor.py:208} INFO - Processing /opt/airflow/dags/our_first_dag.py took 0.078 seconds
[2024-10-29T09:15:43.199+0000] {processor.py:186} INFO - Started process (PID=362) to work on /opt/airflow/dags/our_first_dag.py
[2024-10-29T09:15:43.200+0000] {processor.py:914} INFO - Processing file /opt/airflow/dags/our_first_dag.py for tasks to queue
[2024-10-29T09:15:43.202+0000] {logging_mixin.py:190} INFO - [2024-10-29T09:15:43.201+0000] {dagbag.py:588} INFO - Filling up the DagBag from /opt/airflow/dags/our_first_dag.py
[2024-10-29T09:15:43.210+0000] {processor.py:925} INFO - DAG(s) 'our_first_dag_v3' retrieved from /opt/airflow/dags/our_first_dag.py
[2024-10-29T09:15:43.230+0000] {logging_mixin.py:190} INFO - [2024-10-29T09:15:43.229+0000] {dag.py:3239} INFO - Sync 1 DAGs
[2024-10-29T09:15:43.249+0000] {logging_mixin.py:190} INFO - [2024-10-29T09:15:43.248+0000] {dag.py:4180} INFO - Setting next_dagrun for our_first_dag_v3 to 2024-10-29 00:00:00+00:00, run_after=2024-10-30 00:00:00+00:00
[2024-10-29T09:15:43.390+0000] {processor.py:208} INFO - Processing /opt/airflow/dags/our_first_dag.py took 0.195 seconds
[2024-10-29T09:16:13.533+0000] {processor.py:186} INFO - Started process (PID=373) to work on /opt/airflow/dags/our_first_dag.py
[2024-10-29T09:16:13.533+0000] {processor.py:914} INFO - Processing file /opt/airflow/dags/our_first_dag.py for tasks to queue
[2024-10-29T09:16:13.535+0000] {logging_mixin.py:190} INFO - [2024-10-29T09:16:13.535+0000] {dagbag.py:588} INFO - Filling up the DagBag from /opt/airflow/dags/our_first_dag.py
[2024-10-29T09:16:13.544+0000] {processor.py:925} INFO - DAG(s) 'our_first_dag_v3' retrieved from /opt/airflow/dags/our_first_dag.py
[2024-10-29T09:16:13.564+0000] {logging_mixin.py:190} INFO - [2024-10-29T09:16:13.564+0000] {dag.py:3239} INFO - Sync 1 DAGs
[2024-10-29T09:16:13.701+0000] {logging_mixin.py:190} INFO - [2024-10-29T09:16:13.701+0000] {dag.py:4180} INFO - Setting next_dagrun for our_first_dag_v3 to 2024-10-29 00:00:00+00:00, run_after=2024-10-30 00:00:00+00:00
[2024-10-29T09:16:13.719+0000] {processor.py:208} INFO - Processing /opt/airflow/dags/our_first_dag.py took 0.191 seconds
[2024-10-29T09:16:43.860+0000] {processor.py:186} INFO - Started process (PID=384) to work on /opt/airflow/dags/our_first_dag.py
[2024-10-29T09:16:43.861+0000] {processor.py:914} INFO - Processing file /opt/airflow/dags/our_first_dag.py for tasks to queue
[2024-10-29T09:16:43.863+0000] {logging_mixin.py:190} INFO - [2024-10-29T09:16:43.863+0000] {dagbag.py:588} INFO - Filling up the DagBag from /opt/airflow/dags/our_first_dag.py
[2024-10-29T09:16:43.872+0000] {processor.py:925} INFO - DAG(s) 'our_first_dag_v3' retrieved from /opt/airflow/dags/our_first_dag.py
[2024-10-29T09:16:43.891+0000] {logging_mixin.py:190} INFO - [2024-10-29T09:16:43.891+0000] {dag.py:3239} INFO - Sync 1 DAGs
[2024-10-29T09:16:44.037+0000] {logging_mixin.py:190} INFO - [2024-10-29T09:16:44.037+0000] {dag.py:4180} INFO - Setting next_dagrun for our_first_dag_v3 to 2024-10-29 00:00:00+00:00, run_after=2024-10-30 00:00:00+00:00
[2024-10-29T09:16:44.054+0000] {processor.py:208} INFO - Processing /opt/airflow/dags/our_first_dag.py took 0.199 seconds
[2024-10-29T09:17:14.198+0000] {processor.py:186} INFO - Started process (PID=395) to work on /opt/airflow/dags/our_first_dag.py
[2024-10-29T09:17:14.198+0000] {processor.py:914} INFO - Processing file /opt/airflow/dags/our_first_dag.py for tasks to queue
[2024-10-29T09:17:14.200+0000] {logging_mixin.py:190} INFO - [2024-10-29T09:17:14.200+0000] {dagbag.py:588} INFO - Filling up the DagBag from /opt/airflow/dags/our_first_dag.py
[2024-10-29T09:17:14.209+0000] {processor.py:925} INFO - DAG(s) 'our_first_dag_v3' retrieved from /opt/airflow/dags/our_first_dag.py
[2024-10-29T09:17:14.346+0000] {logging_mixin.py:190} INFO - [2024-10-29T09:17:14.345+0000] {dag.py:3239} INFO - Sync 1 DAGs
[2024-10-29T09:17:14.363+0000] {logging_mixin.py:190} INFO - [2024-10-29T09:17:14.362+0000] {dag.py:4180} INFO - Setting next_dagrun for our_first_dag_v3 to 2024-10-29 00:00:00+00:00, run_after=2024-10-30 00:00:00+00:00
[2024-10-29T09:17:14.379+0000] {processor.py:208} INFO - Processing /opt/airflow/dags/our_first_dag.py took 0.188 seconds
[2024-10-29T09:17:44.650+0000] {processor.py:186} INFO - Started process (PID=406) to work on /opt/airflow/dags/our_first_dag.py
[2024-10-29T09:17:44.651+0000] {processor.py:914} INFO - Processing file /opt/airflow/dags/our_first_dag.py for tasks to queue
[2024-10-29T09:17:44.653+0000] {logging_mixin.py:190} INFO - [2024-10-29T09:17:44.653+0000] {dagbag.py:588} INFO - Filling up the DagBag from /opt/airflow/dags/our_first_dag.py
[2024-10-29T09:17:44.666+0000] {processor.py:925} INFO - DAG(s) 'our_first_dag_v3' retrieved from /opt/airflow/dags/our_first_dag.py
[2024-10-29T09:17:44.695+0000] {logging_mixin.py:190} INFO - [2024-10-29T09:17:44.694+0000] {dag.py:3239} INFO - Sync 1 DAGs
[2024-10-29T09:17:44.724+0000] {logging_mixin.py:190} INFO - [2024-10-29T09:17:44.724+0000] {dag.py:4180} INFO - Setting next_dagrun for our_first_dag_v3 to 2024-10-29 00:00:00+00:00, run_after=2024-10-30 00:00:00+00:00
[2024-10-29T09:17:44.750+0000] {processor.py:208} INFO - Processing /opt/airflow/dags/our_first_dag.py took 0.107 seconds
[2024-10-29T09:18:14.778+0000] {processor.py:186} INFO - Started process (PID=418) to work on /opt/airflow/dags/our_first_dag.py
[2024-10-29T09:18:14.779+0000] {processor.py:914} INFO - Processing file /opt/airflow/dags/our_first_dag.py for tasks to queue
[2024-10-29T09:18:14.780+0000] {logging_mixin.py:190} INFO - [2024-10-29T09:18:14.780+0000] {dagbag.py:588} INFO - Filling up the DagBag from /opt/airflow/dags/our_first_dag.py
[2024-10-29T09:18:14.789+0000] {processor.py:925} INFO - DAG(s) 'our_first_dag_v3' retrieved from /opt/airflow/dags/our_first_dag.py
[2024-10-29T09:18:14.809+0000] {logging_mixin.py:190} INFO - [2024-10-29T09:18:14.809+0000] {dag.py:3239} INFO - Sync 1 DAGs
[2024-10-29T09:18:14.827+0000] {logging_mixin.py:190} INFO - [2024-10-29T09:18:14.827+0000] {dag.py:4180} INFO - Setting next_dagrun for our_first_dag_v3 to 2024-10-29 00:00:00+00:00, run_after=2024-10-30 00:00:00+00:00
[2024-10-29T09:18:14.846+0000] {processor.py:208} INFO - Processing /opt/airflow/dags/our_first_dag.py took 0.073 seconds
[2024-10-29T09:18:44.923+0000] {processor.py:186} INFO - Started process (PID=430) to work on /opt/airflow/dags/our_first_dag.py
[2024-10-29T09:18:44.923+0000] {processor.py:914} INFO - Processing file /opt/airflow/dags/our_first_dag.py for tasks to queue
[2024-10-29T09:18:44.925+0000] {logging_mixin.py:190} INFO - [2024-10-29T09:18:44.925+0000] {dagbag.py:588} INFO - Filling up the DagBag from /opt/airflow/dags/our_first_dag.py
[2024-10-29T09:18:44.934+0000] {processor.py:925} INFO - DAG(s) 'our_first_dag_v3' retrieved from /opt/airflow/dags/our_first_dag.py
[2024-10-29T09:18:44.954+0000] {logging_mixin.py:190} INFO - [2024-10-29T09:18:44.954+0000] {dag.py:3239} INFO - Sync 1 DAGs
[2024-10-29T09:18:44.974+0000] {logging_mixin.py:190} INFO - [2024-10-29T09:18:44.974+0000] {dag.py:4180} INFO - Setting next_dagrun for our_first_dag_v3 to 2024-10-29 00:00:00+00:00, run_after=2024-10-30 00:00:00+00:00
[2024-10-29T09:18:44.994+0000] {processor.py:208} INFO - Processing /opt/airflow/dags/our_first_dag.py took 0.076 seconds
[2024-10-29T09:19:15.121+0000] {processor.py:186} INFO - Started process (PID=441) to work on /opt/airflow/dags/our_first_dag.py
[2024-10-29T09:19:15.122+0000] {processor.py:914} INFO - Processing file /opt/airflow/dags/our_first_dag.py for tasks to queue
[2024-10-29T09:19:15.123+0000] {logging_mixin.py:190} INFO - [2024-10-29T09:19:15.123+0000] {dagbag.py:588} INFO - Filling up the DagBag from /opt/airflow/dags/our_first_dag.py
[2024-10-29T09:19:15.132+0000] {processor.py:925} INFO - DAG(s) 'our_first_dag_v3' retrieved from /opt/airflow/dags/our_first_dag.py
[2024-10-29T09:19:15.151+0000] {logging_mixin.py:190} INFO - [2024-10-29T09:19:15.151+0000] {dag.py:3239} INFO - Sync 1 DAGs
[2024-10-29T09:19:15.171+0000] {logging_mixin.py:190} INFO - [2024-10-29T09:19:15.171+0000] {dag.py:4180} INFO - Setting next_dagrun for our_first_dag_v3 to 2024-10-29 00:00:00+00:00, run_after=2024-10-30 00:00:00+00:00
[2024-10-29T09:19:15.188+0000] {processor.py:208} INFO - Processing /opt/airflow/dags/our_first_dag.py took 0.072 seconds
[2024-10-29T09:19:45.270+0000] {processor.py:186} INFO - Started process (PID=453) to work on /opt/airflow/dags/our_first_dag.py
[2024-10-29T09:19:45.271+0000] {processor.py:914} INFO - Processing file /opt/airflow/dags/our_first_dag.py for tasks to queue
[2024-10-29T09:19:45.273+0000] {logging_mixin.py:190} INFO - [2024-10-29T09:19:45.272+0000] {dagbag.py:588} INFO - Filling up the DagBag from /opt/airflow/dags/our_first_dag.py
[2024-10-29T09:19:45.282+0000] {processor.py:925} INFO - DAG(s) 'our_first_dag_v3' retrieved from /opt/airflow/dags/our_first_dag.py
[2024-10-29T09:19:45.303+0000] {logging_mixin.py:190} INFO - [2024-10-29T09:19:45.302+0000] {dag.py:3239} INFO - Sync 1 DAGs
[2024-10-29T09:19:45.325+0000] {logging_mixin.py:190} INFO - [2024-10-29T09:19:45.324+0000] {dag.py:4180} INFO - Setting next_dagrun for our_first_dag_v3 to 2024-10-29 00:00:00+00:00, run_after=2024-10-30 00:00:00+00:00
[2024-10-29T09:19:45.343+0000] {processor.py:208} INFO - Processing /opt/airflow/dags/our_first_dag.py took 0.078 seconds
[2024-10-29T09:20:15.467+0000] {processor.py:186} INFO - Started process (PID=465) to work on /opt/airflow/dags/our_first_dag.py
[2024-10-29T09:20:15.467+0000] {processor.py:914} INFO - Processing file /opt/airflow/dags/our_first_dag.py for tasks to queue
[2024-10-29T09:20:15.469+0000] {logging_mixin.py:190} INFO - [2024-10-29T09:20:15.469+0000] {dagbag.py:588} INFO - Filling up the DagBag from /opt/airflow/dags/our_first_dag.py
[2024-10-29T09:20:15.478+0000] {processor.py:925} INFO - DAG(s) 'our_first_dag_v3' retrieved from /opt/airflow/dags/our_first_dag.py
[2024-10-29T09:20:15.496+0000] {logging_mixin.py:190} INFO - [2024-10-29T09:20:15.496+0000] {dag.py:3239} INFO - Sync 1 DAGs
[2024-10-29T09:20:15.514+0000] {logging_mixin.py:190} INFO - [2024-10-29T09:20:15.514+0000] {dag.py:4180} INFO - Setting next_dagrun for our_first_dag_v3 to 2024-10-29 00:00:00+00:00, run_after=2024-10-30 00:00:00+00:00
[2024-10-29T09:20:15.532+0000] {processor.py:208} INFO - Processing /opt/airflow/dags/our_first_dag.py took 0.072 seconds
[2024-10-29T09:20:45.620+0000] {processor.py:186} INFO - Started process (PID=477) to work on /opt/airflow/dags/our_first_dag.py
[2024-10-29T09:20:45.621+0000] {processor.py:914} INFO - Processing file /opt/airflow/dags/our_first_dag.py for tasks to queue
[2024-10-29T09:20:45.622+0000] {logging_mixin.py:190} INFO - [2024-10-29T09:20:45.622+0000] {dagbag.py:588} INFO - Filling up the DagBag from /opt/airflow/dags/our_first_dag.py
[2024-10-29T09:20:45.631+0000] {processor.py:925} INFO - DAG(s) 'our_first_dag_v3' retrieved from /opt/airflow/dags/our_first_dag.py
[2024-10-29T09:20:45.651+0000] {logging_mixin.py:190} INFO - [2024-10-29T09:20:45.651+0000] {dag.py:3239} INFO - Sync 1 DAGs
[2024-10-29T09:20:45.679+0000] {logging_mixin.py:190} INFO - [2024-10-29T09:20:45.679+0000] {dag.py:4180} INFO - Setting next_dagrun for our_first_dag_v3 to 2024-10-29 00:00:00+00:00, run_after=2024-10-30 00:00:00+00:00
[2024-10-29T09:20:45.697+0000] {processor.py:208} INFO - Processing /opt/airflow/dags/our_first_dag.py took 0.082 seconds
[2024-10-29T09:21:15.823+0000] {processor.py:186} INFO - Started process (PID=488) to work on /opt/airflow/dags/our_first_dag.py
[2024-10-29T09:21:15.823+0000] {processor.py:914} INFO - Processing file /opt/airflow/dags/our_first_dag.py for tasks to queue
[2024-10-29T09:21:15.825+0000] {logging_mixin.py:190} INFO - [2024-10-29T09:21:15.825+0000] {dagbag.py:588} INFO - Filling up the DagBag from /opt/airflow/dags/our_first_dag.py
[2024-10-29T09:21:15.834+0000] {processor.py:925} INFO - DAG(s) 'our_first_dag_v3' retrieved from /opt/airflow/dags/our_first_dag.py
[2024-10-29T09:21:15.853+0000] {logging_mixin.py:190} INFO - [2024-10-29T09:21:15.852+0000] {dag.py:3239} INFO - Sync 1 DAGs
[2024-10-29T09:21:15.872+0000] {logging_mixin.py:190} INFO - [2024-10-29T09:21:15.871+0000] {dag.py:4180} INFO - Setting next_dagrun for our_first_dag_v3 to 2024-10-29 00:00:00+00:00, run_after=2024-10-30 00:00:00+00:00
[2024-10-29T09:21:15.891+0000] {processor.py:208} INFO - Processing /opt/airflow/dags/our_first_dag.py took 0.073 seconds
[2024-10-29T09:21:45.968+0000] {processor.py:186} INFO - Started process (PID=499) to work on /opt/airflow/dags/our_first_dag.py
[2024-10-29T09:21:45.969+0000] {processor.py:914} INFO - Processing file /opt/airflow/dags/our_first_dag.py for tasks to queue
[2024-10-29T09:21:45.971+0000] {logging_mixin.py:190} INFO - [2024-10-29T09:21:45.970+0000] {dagbag.py:588} INFO - Filling up the DagBag from /opt/airflow/dags/our_first_dag.py
[2024-10-29T09:21:45.980+0000] {processor.py:925} INFO - DAG(s) 'our_first_dag_v3' retrieved from /opt/airflow/dags/our_first_dag.py
[2024-10-29T09:21:45.999+0000] {logging_mixin.py:190} INFO - [2024-10-29T09:21:45.999+0000] {dag.py:3239} INFO - Sync 1 DAGs
[2024-10-29T09:21:46.020+0000] {logging_mixin.py:190} INFO - [2024-10-29T09:21:46.020+0000] {dag.py:4180} INFO - Setting next_dagrun for our_first_dag_v3 to 2024-10-29 00:00:00+00:00, run_after=2024-10-30 00:00:00+00:00
[2024-10-29T09:21:46.038+0000] {processor.py:208} INFO - Processing /opt/airflow/dags/our_first_dag.py took 0.075 seconds
[2024-10-29T09:22:16.171+0000] {processor.py:186} INFO - Started process (PID=510) to work on /opt/airflow/dags/our_first_dag.py
[2024-10-29T09:22:16.171+0000] {processor.py:914} INFO - Processing file /opt/airflow/dags/our_first_dag.py for tasks to queue
[2024-10-29T09:22:16.173+0000] {logging_mixin.py:190} INFO - [2024-10-29T09:22:16.173+0000] {dagbag.py:588} INFO - Filling up the DagBag from /opt/airflow/dags/our_first_dag.py
[2024-10-29T09:22:16.182+0000] {processor.py:925} INFO - DAG(s) 'our_first_dag_v3' retrieved from /opt/airflow/dags/our_first_dag.py
[2024-10-29T09:22:16.201+0000] {logging_mixin.py:190} INFO - [2024-10-29T09:22:16.201+0000] {dag.py:3239} INFO - Sync 1 DAGs
[2024-10-29T09:22:16.221+0000] {logging_mixin.py:190} INFO - [2024-10-29T09:22:16.220+0000] {dag.py:4180} INFO - Setting next_dagrun for our_first_dag_v3 to 2024-10-29 00:00:00+00:00, run_after=2024-10-30 00:00:00+00:00
[2024-10-29T09:22:16.239+0000] {processor.py:208} INFO - Processing /opt/airflow/dags/our_first_dag.py took 0.073 seconds
[2024-10-29T09:22:46.317+0000] {processor.py:186} INFO - Started process (PID=522) to work on /opt/airflow/dags/our_first_dag.py
[2024-10-29T09:22:46.317+0000] {processor.py:914} INFO - Processing file /opt/airflow/dags/our_first_dag.py for tasks to queue
[2024-10-29T09:22:46.319+0000] {logging_mixin.py:190} INFO - [2024-10-29T09:22:46.319+0000] {dagbag.py:588} INFO - Filling up the DagBag from /opt/airflow/dags/our_first_dag.py
[2024-10-29T09:22:46.328+0000] {processor.py:925} INFO - DAG(s) 'our_first_dag_v3' retrieved from /opt/airflow/dags/our_first_dag.py
[2024-10-29T09:22:46.349+0000] {logging_mixin.py:190} INFO - [2024-10-29T09:22:46.348+0000] {dag.py:3239} INFO - Sync 1 DAGs
[2024-10-29T09:22:46.369+0000] {logging_mixin.py:190} INFO - [2024-10-29T09:22:46.369+0000] {dag.py:4180} INFO - Setting next_dagrun for our_first_dag_v3 to 2024-10-29 00:00:00+00:00, run_after=2024-10-30 00:00:00+00:00
[2024-10-29T09:22:46.388+0000] {processor.py:208} INFO - Processing /opt/airflow/dags/our_first_dag.py took 0.076 seconds
[2024-10-29T09:23:16.514+0000] {processor.py:186} INFO - Started process (PID=534) to work on /opt/airflow/dags/our_first_dag.py
[2024-10-29T09:23:16.514+0000] {processor.py:914} INFO - Processing file /opt/airflow/dags/our_first_dag.py for tasks to queue
[2024-10-29T09:23:16.516+0000] {logging_mixin.py:190} INFO - [2024-10-29T09:23:16.516+0000] {dagbag.py:588} INFO - Filling up the DagBag from /opt/airflow/dags/our_first_dag.py
[2024-10-29T09:23:16.525+0000] {processor.py:925} INFO - DAG(s) 'our_first_dag_v3' retrieved from /opt/airflow/dags/our_first_dag.py
[2024-10-29T09:23:16.545+0000] {logging_mixin.py:190} INFO - [2024-10-29T09:23:16.545+0000] {dag.py:3239} INFO - Sync 1 DAGs
[2024-10-29T09:23:16.565+0000] {logging_mixin.py:190} INFO - [2024-10-29T09:23:16.565+0000] {dag.py:4180} INFO - Setting next_dagrun for our_first_dag_v3 to 2024-10-29 00:00:00+00:00, run_after=2024-10-30 00:00:00+00:00
[2024-10-29T09:23:16.597+0000] {processor.py:208} INFO - Processing /opt/airflow/dags/our_first_dag.py took 0.088 seconds
[2024-10-29T09:23:46.674+0000] {processor.py:186} INFO - Started process (PID=546) to work on /opt/airflow/dags/our_first_dag.py
[2024-10-29T09:23:46.674+0000] {processor.py:914} INFO - Processing file /opt/airflow/dags/our_first_dag.py for tasks to queue
[2024-10-29T09:23:46.677+0000] {logging_mixin.py:190} INFO - [2024-10-29T09:23:46.676+0000] {dagbag.py:588} INFO - Filling up the DagBag from /opt/airflow/dags/our_first_dag.py
[2024-10-29T09:23:46.685+0000] {processor.py:925} INFO - DAG(s) 'our_first_dag_v3' retrieved from /opt/airflow/dags/our_first_dag.py
[2024-10-29T09:23:46.709+0000] {logging_mixin.py:190} INFO - [2024-10-29T09:23:46.709+0000] {dag.py:3239} INFO - Sync 1 DAGs
[2024-10-29T09:23:46.728+0000] {logging_mixin.py:190} INFO - [2024-10-29T09:23:46.727+0000] {dag.py:4180} INFO - Setting next_dagrun for our_first_dag_v3 to 2024-10-29 00:00:00+00:00, run_after=2024-10-30 00:00:00+00:00
[2024-10-29T09:23:46.747+0000] {processor.py:208} INFO - Processing /opt/airflow/dags/our_first_dag.py took 0.078 seconds
[2024-10-29T09:24:16.892+0000] {processor.py:186} INFO - Started process (PID=557) to work on /opt/airflow/dags/our_first_dag.py
[2024-10-29T09:24:16.893+0000] {processor.py:914} INFO - Processing file /opt/airflow/dags/our_first_dag.py for tasks to queue
[2024-10-29T09:24:16.895+0000] {logging_mixin.py:190} INFO - [2024-10-29T09:24:16.895+0000] {dagbag.py:588} INFO - Filling up the DagBag from /opt/airflow/dags/our_first_dag.py
[2024-10-29T09:24:16.907+0000] {processor.py:925} INFO - DAG(s) 'our_first_dag_v3' retrieved from /opt/airflow/dags/our_first_dag.py
[2024-10-29T09:24:16.945+0000] {logging_mixin.py:190} INFO - [2024-10-29T09:24:16.944+0000] {dag.py:3239} INFO - Sync 1 DAGs
[2024-10-29T09:24:16.976+0000] {logging_mixin.py:190} INFO - [2024-10-29T09:24:16.976+0000] {dag.py:4180} INFO - Setting next_dagrun for our_first_dag_v3 to 2024-10-29 00:00:00+00:00, run_after=2024-10-30 00:00:00+00:00
[2024-10-29T09:24:16.997+0000] {processor.py:208} INFO - Processing /opt/airflow/dags/our_first_dag.py took 0.113 seconds
[2024-10-29T09:24:47.025+0000] {processor.py:186} INFO - Started process (PID=568) to work on /opt/airflow/dags/our_first_dag.py
[2024-10-29T09:24:47.026+0000] {processor.py:914} INFO - Processing file /opt/airflow/dags/our_first_dag.py for tasks to queue
[2024-10-29T09:24:47.028+0000] {logging_mixin.py:190} INFO - [2024-10-29T09:24:47.027+0000] {dagbag.py:588} INFO - Filling up the DagBag from /opt/airflow/dags/our_first_dag.py
[2024-10-29T09:24:47.037+0000] {processor.py:925} INFO - DAG(s) 'our_first_dag_v3' retrieved from /opt/airflow/dags/our_first_dag.py
[2024-10-29T09:24:47.057+0000] {logging_mixin.py:190} INFO - [2024-10-29T09:24:47.056+0000] {dag.py:3239} INFO - Sync 1 DAGs
[2024-10-29T09:24:47.076+0000] {logging_mixin.py:190} INFO - [2024-10-29T09:24:47.076+0000] {dag.py:4180} INFO - Setting next_dagrun for our_first_dag_v3 to 2024-10-29 00:00:00+00:00, run_after=2024-10-30 00:00:00+00:00
[2024-10-29T09:24:47.095+0000] {processor.py:208} INFO - Processing /opt/airflow/dags/our_first_dag.py took 0.074 seconds
[2024-10-29T09:25:17.159+0000] {processor.py:186} INFO - Started process (PID=580) to work on /opt/airflow/dags/our_first_dag.py
[2024-10-29T09:25:17.160+0000] {processor.py:914} INFO - Processing file /opt/airflow/dags/our_first_dag.py for tasks to queue
[2024-10-29T09:25:17.162+0000] {logging_mixin.py:190} INFO - [2024-10-29T09:25:17.161+0000] {dagbag.py:588} INFO - Filling up the DagBag from /opt/airflow/dags/our_first_dag.py
[2024-10-29T09:25:17.171+0000] {processor.py:925} INFO - DAG(s) 'our_first_dag_v3' retrieved from /opt/airflow/dags/our_first_dag.py
[2024-10-29T09:25:17.193+0000] {logging_mixin.py:190} INFO - [2024-10-29T09:25:17.192+0000] {dag.py:3239} INFO - Sync 1 DAGs
[2024-10-29T09:25:17.213+0000] {logging_mixin.py:190} INFO - [2024-10-29T09:25:17.213+0000] {dag.py:4180} INFO - Setting next_dagrun for our_first_dag_v3 to 2024-10-29 00:00:00+00:00, run_after=2024-10-30 00:00:00+00:00
[2024-10-29T09:25:17.232+0000] {processor.py:208} INFO - Processing /opt/airflow/dags/our_first_dag.py took 0.078 seconds
[2024-10-29T09:25:47.371+0000] {processor.py:186} INFO - Started process (PID=592) to work on /opt/airflow/dags/our_first_dag.py
[2024-10-29T09:25:47.372+0000] {processor.py:914} INFO - Processing file /opt/airflow/dags/our_first_dag.py for tasks to queue
[2024-10-29T09:25:47.373+0000] {logging_mixin.py:190} INFO - [2024-10-29T09:25:47.373+0000] {dagbag.py:588} INFO - Filling up the DagBag from /opt/airflow/dags/our_first_dag.py
[2024-10-29T09:25:47.383+0000] {processor.py:925} INFO - DAG(s) 'our_first_dag_v3' retrieved from /opt/airflow/dags/our_first_dag.py
[2024-10-29T09:25:47.403+0000] {logging_mixin.py:190} INFO - [2024-10-29T09:25:47.403+0000] {dag.py:3239} INFO - Sync 1 DAGs
[2024-10-29T09:25:47.422+0000] {logging_mixin.py:190} INFO - [2024-10-29T09:25:47.422+0000] {dag.py:4180} INFO - Setting next_dagrun for our_first_dag_v3 to 2024-10-29 00:00:00+00:00, run_after=2024-10-30 00:00:00+00:00
[2024-10-29T09:25:47.441+0000] {processor.py:208} INFO - Processing /opt/airflow/dags/our_first_dag.py took 0.076 seconds
[2024-10-29T09:26:17.524+0000] {processor.py:186} INFO - Started process (PID=604) to work on /opt/airflow/dags/our_first_dag.py
[2024-10-29T09:26:17.525+0000] {processor.py:914} INFO - Processing file /opt/airflow/dags/our_first_dag.py for tasks to queue
[2024-10-29T09:26:17.527+0000] {logging_mixin.py:190} INFO - [2024-10-29T09:26:17.526+0000] {dagbag.py:588} INFO - Filling up the DagBag from /opt/airflow/dags/our_first_dag.py
[2024-10-29T09:26:17.536+0000] {processor.py:925} INFO - DAG(s) 'our_first_dag_v3' retrieved from /opt/airflow/dags/our_first_dag.py
[2024-10-29T09:26:17.556+0000] {logging_mixin.py:190} INFO - [2024-10-29T09:26:17.555+0000] {dag.py:3239} INFO - Sync 1 DAGs
[2024-10-29T09:26:17.576+0000] {logging_mixin.py:190} INFO - [2024-10-29T09:26:17.575+0000] {dag.py:4180} INFO - Setting next_dagrun for our_first_dag_v3 to 2024-10-29 00:00:00+00:00, run_after=2024-10-30 00:00:00+00:00
[2024-10-29T09:26:17.593+0000] {processor.py:208} INFO - Processing /opt/airflow/dags/our_first_dag.py took 0.073 seconds
[2024-10-29T09:26:47.717+0000] {processor.py:186} INFO - Started process (PID=616) to work on /opt/airflow/dags/our_first_dag.py
[2024-10-29T09:26:47.717+0000] {processor.py:914} INFO - Processing file /opt/airflow/dags/our_first_dag.py for tasks to queue
[2024-10-29T09:26:47.719+0000] {logging_mixin.py:190} INFO - [2024-10-29T09:26:47.719+0000] {dagbag.py:588} INFO - Filling up the DagBag from /opt/airflow/dags/our_first_dag.py
[2024-10-29T09:26:47.728+0000] {processor.py:925} INFO - DAG(s) 'our_first_dag_v3' retrieved from /opt/airflow/dags/our_first_dag.py
[2024-10-29T09:26:47.747+0000] {logging_mixin.py:190} INFO - [2024-10-29T09:26:47.747+0000] {dag.py:3239} INFO - Sync 1 DAGs
[2024-10-29T09:26:47.766+0000] {logging_mixin.py:190} INFO - [2024-10-29T09:26:47.766+0000] {dag.py:4180} INFO - Setting next_dagrun for our_first_dag_v3 to 2024-10-29 00:00:00+00:00, run_after=2024-10-30 00:00:00+00:00
[2024-10-29T09:26:47.785+0000] {processor.py:208} INFO - Processing /opt/airflow/dags/our_first_dag.py took 0.074 seconds
[2024-10-29T09:27:17.861+0000] {processor.py:186} INFO - Started process (PID=628) to work on /opt/airflow/dags/our_first_dag.py
[2024-10-29T09:27:17.861+0000] {processor.py:914} INFO - Processing file /opt/airflow/dags/our_first_dag.py for tasks to queue
[2024-10-29T09:27:17.863+0000] {logging_mixin.py:190} INFO - [2024-10-29T09:27:17.863+0000] {dagbag.py:588} INFO - Filling up the DagBag from /opt/airflow/dags/our_first_dag.py
[2024-10-29T09:27:17.872+0000] {processor.py:925} INFO - DAG(s) 'our_first_dag_v3' retrieved from /opt/airflow/dags/our_first_dag.py
[2024-10-29T09:27:17.892+0000] {logging_mixin.py:190} INFO - [2024-10-29T09:27:17.891+0000] {dag.py:3239} INFO - Sync 1 DAGs
[2024-10-29T09:27:17.910+0000] {logging_mixin.py:190} INFO - [2024-10-29T09:27:17.910+0000] {dag.py:4180} INFO - Setting next_dagrun for our_first_dag_v3 to 2024-10-29 00:00:00+00:00, run_after=2024-10-30 00:00:00+00:00
[2024-10-29T09:27:17.928+0000] {processor.py:208} INFO - Processing /opt/airflow/dags/our_first_dag.py took 0.072 seconds
[2024-10-29T09:27:48.064+0000] {processor.py:186} INFO - Started process (PID=639) to work on /opt/airflow/dags/our_first_dag.py
[2024-10-29T09:27:48.064+0000] {processor.py:914} INFO - Processing file /opt/airflow/dags/our_first_dag.py for tasks to queue
[2024-10-29T09:27:48.066+0000] {logging_mixin.py:190} INFO - [2024-10-29T09:27:48.066+0000] {dagbag.py:588} INFO - Filling up the DagBag from /opt/airflow/dags/our_first_dag.py
[2024-10-29T09:27:48.075+0000] {processor.py:925} INFO - DAG(s) 'our_first_dag_v3' retrieved from /opt/airflow/dags/our_first_dag.py
[2024-10-29T09:27:48.095+0000] {logging_mixin.py:190} INFO - [2024-10-29T09:27:48.095+0000] {dag.py:3239} INFO - Sync 1 DAGs
[2024-10-29T09:27:48.115+0000] {logging_mixin.py:190} INFO - [2024-10-29T09:27:48.115+0000] {dag.py:4180} INFO - Setting next_dagrun for our_first_dag_v3 to 2024-10-29 00:00:00+00:00, run_after=2024-10-30 00:00:00+00:00
[2024-10-29T09:27:48.133+0000] {processor.py:208} INFO - Processing /opt/airflow/dags/our_first_dag.py took 0.075 seconds
[2024-10-29T09:28:18.210+0000] {processor.py:186} INFO - Started process (PID=650) to work on /opt/airflow/dags/our_first_dag.py
[2024-10-29T09:28:18.211+0000] {processor.py:914} INFO - Processing file /opt/airflow/dags/our_first_dag.py for tasks to queue
[2024-10-29T09:28:18.213+0000] {logging_mixin.py:190} INFO - [2024-10-29T09:28:18.213+0000] {dagbag.py:588} INFO - Filling up the DagBag from /opt/airflow/dags/our_first_dag.py
[2024-10-29T09:28:18.222+0000] {processor.py:925} INFO - DAG(s) 'our_first_dag_v3' retrieved from /opt/airflow/dags/our_first_dag.py
[2024-10-29T09:28:18.243+0000] {logging_mixin.py:190} INFO - [2024-10-29T09:28:18.243+0000] {dag.py:3239} INFO - Sync 1 DAGs
[2024-10-29T09:28:18.264+0000] {logging_mixin.py:190} INFO - [2024-10-29T09:28:18.264+0000] {dag.py:4180} INFO - Setting next_dagrun for our_first_dag_v3 to 2024-10-29 00:00:00+00:00, run_after=2024-10-30 00:00:00+00:00
[2024-10-29T09:28:18.282+0000] {processor.py:208} INFO - Processing /opt/airflow/dags/our_first_dag.py took 0.077 seconds
[2024-10-29T09:28:48.419+0000] {processor.py:186} INFO - Started process (PID=661) to work on /opt/airflow/dags/our_first_dag.py
[2024-10-29T09:28:48.420+0000] {processor.py:914} INFO - Processing file /opt/airflow/dags/our_first_dag.py for tasks to queue
[2024-10-29T09:28:48.421+0000] {logging_mixin.py:190} INFO - [2024-10-29T09:28:48.421+0000] {dagbag.py:588} INFO - Filling up the DagBag from /opt/airflow/dags/our_first_dag.py
[2024-10-29T09:28:48.430+0000] {processor.py:925} INFO - DAG(s) 'our_first_dag_v3' retrieved from /opt/airflow/dags/our_first_dag.py
[2024-10-29T09:28:48.449+0000] {logging_mixin.py:190} INFO - [2024-10-29T09:28:48.449+0000] {dag.py:3239} INFO - Sync 1 DAGs
[2024-10-29T09:28:48.468+0000] {logging_mixin.py:190} INFO - [2024-10-29T09:28:48.468+0000] {dag.py:4180} INFO - Setting next_dagrun for our_first_dag_v3 to 2024-10-29 00:00:00+00:00, run_after=2024-10-30 00:00:00+00:00
[2024-10-29T09:28:48.489+0000] {processor.py:208} INFO - Processing /opt/airflow/dags/our_first_dag.py took 0.076 seconds
[2024-10-29T09:29:18.563+0000] {processor.py:186} INFO - Started process (PID=673) to work on /opt/airflow/dags/our_first_dag.py
[2024-10-29T09:29:18.564+0000] {processor.py:914} INFO - Processing file /opt/airflow/dags/our_first_dag.py for tasks to queue
[2024-10-29T09:29:18.566+0000] {logging_mixin.py:190} INFO - [2024-10-29T09:29:18.566+0000] {dagbag.py:588} INFO - Filling up the DagBag from /opt/airflow/dags/our_first_dag.py
[2024-10-29T09:29:18.575+0000] {processor.py:925} INFO - DAG(s) 'our_first_dag_v3' retrieved from /opt/airflow/dags/our_first_dag.py
[2024-10-29T09:29:18.595+0000] {logging_mixin.py:190} INFO - [2024-10-29T09:29:18.594+0000] {dag.py:3239} INFO - Sync 1 DAGs
[2024-10-29T09:29:18.616+0000] {logging_mixin.py:190} INFO - [2024-10-29T09:29:18.615+0000] {dag.py:4180} INFO - Setting next_dagrun for our_first_dag_v3 to 2024-10-29 00:00:00+00:00, run_after=2024-10-30 00:00:00+00:00
[2024-10-29T09:29:18.635+0000] {processor.py:208} INFO - Processing /opt/airflow/dags/our_first_dag.py took 0.077 seconds
[2024-10-29T09:29:48.781+0000] {processor.py:186} INFO - Started process (PID=684) to work on /opt/airflow/dags/our_first_dag.py
[2024-10-29T09:29:48.781+0000] {processor.py:914} INFO - Processing file /opt/airflow/dags/our_first_dag.py for tasks to queue
[2024-10-29T09:29:48.784+0000] {logging_mixin.py:190} INFO - [2024-10-29T09:29:48.783+0000] {dagbag.py:588} INFO - Filling up the DagBag from /opt/airflow/dags/our_first_dag.py
[2024-10-29T09:29:48.802+0000] {processor.py:925} INFO - DAG(s) 'our_first_dag_v3' retrieved from /opt/airflow/dags/our_first_dag.py
[2024-10-29T09:29:48.831+0000] {logging_mixin.py:190} INFO - [2024-10-29T09:29:48.831+0000] {dag.py:3239} INFO - Sync 1 DAGs
[2024-10-29T09:29:48.851+0000] {logging_mixin.py:190} INFO - [2024-10-29T09:29:48.851+0000] {dag.py:4180} INFO - Setting next_dagrun for our_first_dag_v3 to 2024-10-29 00:00:00+00:00, run_after=2024-10-30 00:00:00+00:00
[2024-10-29T09:29:48.871+0000] {processor.py:208} INFO - Processing /opt/airflow/dags/our_first_dag.py took 0.100 seconds
[2024-10-29T09:30:18.945+0000] {processor.py:186} INFO - Started process (PID=695) to work on /opt/airflow/dags/our_first_dag.py
[2024-10-29T09:30:18.946+0000] {processor.py:914} INFO - Processing file /opt/airflow/dags/our_first_dag.py for tasks to queue
[2024-10-29T09:30:18.948+0000] {logging_mixin.py:190} INFO - [2024-10-29T09:30:18.947+0000] {dagbag.py:588} INFO - Filling up the DagBag from /opt/airflow/dags/our_first_dag.py
[2024-10-29T09:30:18.958+0000] {processor.py:925} INFO - DAG(s) 'our_first_dag_v3' retrieved from /opt/airflow/dags/our_first_dag.py
[2024-10-29T09:30:18.980+0000] {logging_mixin.py:190} INFO - [2024-10-29T09:30:18.980+0000] {dag.py:3239} INFO - Sync 1 DAGs
[2024-10-29T09:30:19.001+0000] {logging_mixin.py:190} INFO - [2024-10-29T09:30:19.001+0000] {dag.py:4180} INFO - Setting next_dagrun for our_first_dag_v3 to 2024-10-29 00:00:00+00:00, run_after=2024-10-30 00:00:00+00:00
[2024-10-29T09:30:19.040+0000] {processor.py:208} INFO - Processing /opt/airflow/dags/our_first_dag.py took 0.099 seconds
[2024-10-29T09:30:49.150+0000] {processor.py:186} INFO - Started process (PID=707) to work on /opt/airflow/dags/our_first_dag.py
[2024-10-29T09:30:49.151+0000] {processor.py:914} INFO - Processing file /opt/airflow/dags/our_first_dag.py for tasks to queue
[2024-10-29T09:30:49.154+0000] {logging_mixin.py:190} INFO - [2024-10-29T09:30:49.153+0000] {dagbag.py:588} INFO - Filling up the DagBag from /opt/airflow/dags/our_first_dag.py
[2024-10-29T09:30:49.167+0000] {processor.py:925} INFO - DAG(s) 'our_first_dag_v3' retrieved from /opt/airflow/dags/our_first_dag.py
[2024-10-29T09:30:49.196+0000] {logging_mixin.py:190} INFO - [2024-10-29T09:30:49.196+0000] {dag.py:3239} INFO - Sync 1 DAGs
[2024-10-29T09:30:49.227+0000] {logging_mixin.py:190} INFO - [2024-10-29T09:30:49.227+0000] {dag.py:4180} INFO - Setting next_dagrun for our_first_dag_v3 to 2024-10-29 00:00:00+00:00, run_after=2024-10-30 00:00:00+00:00
[2024-10-29T09:30:49.250+0000] {processor.py:208} INFO - Processing /opt/airflow/dags/our_first_dag.py took 0.107 seconds
[2024-10-29T09:31:19.321+0000] {processor.py:186} INFO - Started process (PID=718) to work on /opt/airflow/dags/our_first_dag.py
[2024-10-29T09:31:19.321+0000] {processor.py:914} INFO - Processing file /opt/airflow/dags/our_first_dag.py for tasks to queue
[2024-10-29T09:31:19.323+0000] {logging_mixin.py:190} INFO - [2024-10-29T09:31:19.323+0000] {dagbag.py:588} INFO - Filling up the DagBag from /opt/airflow/dags/our_first_dag.py
[2024-10-29T09:31:19.333+0000] {processor.py:925} INFO - DAG(s) 'our_first_dag_v3' retrieved from /opt/airflow/dags/our_first_dag.py
[2024-10-29T09:31:19.353+0000] {logging_mixin.py:190} INFO - [2024-10-29T09:31:19.353+0000] {dag.py:3239} INFO - Sync 1 DAGs
[2024-10-29T09:31:19.372+0000] {logging_mixin.py:190} INFO - [2024-10-29T09:31:19.372+0000] {dag.py:4180} INFO - Setting next_dagrun for our_first_dag_v3 to 2024-10-29 00:00:00+00:00, run_after=2024-10-30 00:00:00+00:00
[2024-10-29T09:31:19.392+0000] {processor.py:208} INFO - Processing /opt/airflow/dags/our_first_dag.py took 0.076 seconds
[2024-10-29T09:31:49.529+0000] {processor.py:186} INFO - Started process (PID=730) to work on /opt/airflow/dags/our_first_dag.py
[2024-10-29T09:31:49.530+0000] {processor.py:914} INFO - Processing file /opt/airflow/dags/our_first_dag.py for tasks to queue
[2024-10-29T09:31:49.532+0000] {logging_mixin.py:190} INFO - [2024-10-29T09:31:49.531+0000] {dagbag.py:588} INFO - Filling up the DagBag from /opt/airflow/dags/our_first_dag.py
[2024-10-29T09:31:49.541+0000] {processor.py:925} INFO - DAG(s) 'our_first_dag_v3' retrieved from /opt/airflow/dags/our_first_dag.py
[2024-10-29T09:31:49.561+0000] {logging_mixin.py:190} INFO - [2024-10-29T09:31:49.561+0000] {dag.py:3239} INFO - Sync 1 DAGs
[2024-10-29T09:31:49.581+0000] {logging_mixin.py:190} INFO - [2024-10-29T09:31:49.580+0000] {dag.py:4180} INFO - Setting next_dagrun for our_first_dag_v3 to 2024-10-29 00:00:00+00:00, run_after=2024-10-30 00:00:00+00:00
[2024-10-29T09:31:49.599+0000] {processor.py:208} INFO - Processing /opt/airflow/dags/our_first_dag.py took 0.075 seconds
[2024-10-29T09:32:19.680+0000] {processor.py:186} INFO - Started process (PID=741) to work on /opt/airflow/dags/our_first_dag.py
[2024-10-29T09:32:19.681+0000] {processor.py:914} INFO - Processing file /opt/airflow/dags/our_first_dag.py for tasks to queue
[2024-10-29T09:32:19.684+0000] {logging_mixin.py:190} INFO - [2024-10-29T09:32:19.683+0000] {dagbag.py:588} INFO - Filling up the DagBag from /opt/airflow/dags/our_first_dag.py
[2024-10-29T09:32:19.695+0000] {processor.py:925} INFO - DAG(s) 'our_first_dag_v3' retrieved from /opt/airflow/dags/our_first_dag.py
[2024-10-29T09:32:19.718+0000] {logging_mixin.py:190} INFO - [2024-10-29T09:32:19.717+0000] {dag.py:3239} INFO - Sync 1 DAGs
[2024-10-29T09:32:19.738+0000] {logging_mixin.py:190} INFO - [2024-10-29T09:32:19.738+0000] {dag.py:4180} INFO - Setting next_dagrun for our_first_dag_v3 to 2024-10-29 00:00:00+00:00, run_after=2024-10-30 00:00:00+00:00
[2024-10-29T09:32:19.755+0000] {processor.py:208} INFO - Processing /opt/airflow/dags/our_first_dag.py took 0.083 seconds
[2024-10-29T09:32:49.877+0000] {processor.py:186} INFO - Started process (PID=752) to work on /opt/airflow/dags/our_first_dag.py
[2024-10-29T09:32:49.878+0000] {processor.py:914} INFO - Processing file /opt/airflow/dags/our_first_dag.py for tasks to queue
[2024-10-29T09:32:49.880+0000] {logging_mixin.py:190} INFO - [2024-10-29T09:32:49.880+0000] {dagbag.py:588} INFO - Filling up the DagBag from /opt/airflow/dags/our_first_dag.py
[2024-10-29T09:32:49.889+0000] {processor.py:925} INFO - DAG(s) 'our_first_dag_v3' retrieved from /opt/airflow/dags/our_first_dag.py
[2024-10-29T09:32:49.909+0000] {logging_mixin.py:190} INFO - [2024-10-29T09:32:49.908+0000] {dag.py:3239} INFO - Sync 1 DAGs
[2024-10-29T09:32:49.929+0000] {logging_mixin.py:190} INFO - [2024-10-29T09:32:49.929+0000] {dag.py:4180} INFO - Setting next_dagrun for our_first_dag_v3 to 2024-10-29 00:00:00+00:00, run_after=2024-10-30 00:00:00+00:00
[2024-10-29T09:32:49.946+0000] {processor.py:208} INFO - Processing /opt/airflow/dags/our_first_dag.py took 0.074 seconds
[2024-10-29T09:33:20.022+0000] {processor.py:186} INFO - Started process (PID=763) to work on /opt/airflow/dags/our_first_dag.py
[2024-10-29T09:33:20.023+0000] {processor.py:914} INFO - Processing file /opt/airflow/dags/our_first_dag.py for tasks to queue
[2024-10-29T09:33:20.024+0000] {logging_mixin.py:190} INFO - [2024-10-29T09:33:20.024+0000] {dagbag.py:588} INFO - Filling up the DagBag from /opt/airflow/dags/our_first_dag.py
[2024-10-29T09:33:20.033+0000] {processor.py:925} INFO - DAG(s) 'our_first_dag_v3' retrieved from /opt/airflow/dags/our_first_dag.py
[2024-10-29T09:33:20.053+0000] {logging_mixin.py:190} INFO - [2024-10-29T09:33:20.053+0000] {dag.py:3239} INFO - Sync 1 DAGs
[2024-10-29T09:33:20.074+0000] {logging_mixin.py:190} INFO - [2024-10-29T09:33:20.074+0000] {dag.py:4180} INFO - Setting next_dagrun for our_first_dag_v3 to 2024-10-29 00:00:00+00:00, run_after=2024-10-30 00:00:00+00:00
[2024-10-29T09:33:20.096+0000] {processor.py:208} INFO - Processing /opt/airflow/dags/our_first_dag.py took 0.079 seconds
[2024-10-29T09:33:50.233+0000] {processor.py:186} INFO - Started process (PID=775) to work on /opt/airflow/dags/our_first_dag.py
[2024-10-29T09:33:50.234+0000] {processor.py:914} INFO - Processing file /opt/airflow/dags/our_first_dag.py for tasks to queue
[2024-10-29T09:33:50.235+0000] {logging_mixin.py:190} INFO - [2024-10-29T09:33:50.235+0000] {dagbag.py:588} INFO - Filling up the DagBag from /opt/airflow/dags/our_first_dag.py
[2024-10-29T09:33:50.244+0000] {processor.py:925} INFO - DAG(s) 'our_first_dag_v3' retrieved from /opt/airflow/dags/our_first_dag.py
[2024-10-29T09:33:50.264+0000] {logging_mixin.py:190} INFO - [2024-10-29T09:33:50.264+0000] {dag.py:3239} INFO - Sync 1 DAGs
[2024-10-29T09:33:50.296+0000] {logging_mixin.py:190} INFO - [2024-10-29T09:33:50.296+0000] {dag.py:4180} INFO - Setting next_dagrun for our_first_dag_v3 to 2024-10-29 00:00:00+00:00, run_after=2024-10-30 00:00:00+00:00
[2024-10-29T09:33:50.322+0000] {processor.py:208} INFO - Processing /opt/airflow/dags/our_first_dag.py took 0.094 seconds
[2024-10-29T09:34:20.377+0000] {processor.py:186} INFO - Started process (PID=786) to work on /opt/airflow/dags/our_first_dag.py
[2024-10-29T09:34:20.378+0000] {processor.py:914} INFO - Processing file /opt/airflow/dags/our_first_dag.py for tasks to queue
[2024-10-29T09:34:20.381+0000] {logging_mixin.py:190} INFO - [2024-10-29T09:34:20.380+0000] {dagbag.py:588} INFO - Filling up the DagBag from /opt/airflow/dags/our_first_dag.py
[2024-10-29T09:34:20.394+0000] {processor.py:925} INFO - DAG(s) 'our_first_dag_v3' retrieved from /opt/airflow/dags/our_first_dag.py
[2024-10-29T09:34:20.437+0000] {logging_mixin.py:190} INFO - [2024-10-29T09:34:20.436+0000] {dag.py:3239} INFO - Sync 1 DAGs
[2024-10-29T09:34:20.477+0000] {logging_mixin.py:190} INFO - [2024-10-29T09:34:20.477+0000] {dag.py:4180} INFO - Setting next_dagrun for our_first_dag_v3 to 2024-10-29 00:00:00+00:00, run_after=2024-10-30 00:00:00+00:00
[2024-10-29T09:34:20.505+0000] {processor.py:208} INFO - Processing /opt/airflow/dags/our_first_dag.py took 0.135 seconds
[2024-10-29T09:34:50.631+0000] {processor.py:186} INFO - Started process (PID=797) to work on /opt/airflow/dags/our_first_dag.py
[2024-10-29T09:34:50.632+0000] {processor.py:914} INFO - Processing file /opt/airflow/dags/our_first_dag.py for tasks to queue
[2024-10-29T09:34:50.634+0000] {logging_mixin.py:190} INFO - [2024-10-29T09:34:50.634+0000] {dagbag.py:588} INFO - Filling up the DagBag from /opt/airflow/dags/our_first_dag.py
[2024-10-29T09:34:50.647+0000] {processor.py:925} INFO - DAG(s) 'our_first_dag_v3' retrieved from /opt/airflow/dags/our_first_dag.py
[2024-10-29T09:34:50.681+0000] {logging_mixin.py:190} INFO - [2024-10-29T09:34:50.681+0000] {dag.py:3239} INFO - Sync 1 DAGs
[2024-10-29T09:34:50.721+0000] {logging_mixin.py:190} INFO - [2024-10-29T09:34:50.721+0000] {dag.py:4180} INFO - Setting next_dagrun for our_first_dag_v3 to 2024-10-29 00:00:00+00:00, run_after=2024-10-30 00:00:00+00:00
[2024-10-29T09:34:50.756+0000] {processor.py:208} INFO - Processing /opt/airflow/dags/our_first_dag.py took 0.131 seconds
[2024-10-29T09:35:20.910+0000] {processor.py:186} INFO - Started process (PID=809) to work on /opt/airflow/dags/our_first_dag.py
[2024-10-29T09:35:20.911+0000] {processor.py:914} INFO - Processing file /opt/airflow/dags/our_first_dag.py for tasks to queue
[2024-10-29T09:35:20.913+0000] {logging_mixin.py:190} INFO - [2024-10-29T09:35:20.913+0000] {dagbag.py:588} INFO - Filling up the DagBag from /opt/airflow/dags/our_first_dag.py
[2024-10-29T09:35:20.922+0000] {processor.py:925} INFO - DAG(s) 'our_first_dag_v3' retrieved from /opt/airflow/dags/our_first_dag.py
[2024-10-29T09:35:20.942+0000] {logging_mixin.py:190} INFO - [2024-10-29T09:35:20.942+0000] {dag.py:3239} INFO - Sync 1 DAGs
[2024-10-29T09:35:20.965+0000] {logging_mixin.py:190} INFO - [2024-10-29T09:35:20.965+0000] {dag.py:4180} INFO - Setting next_dagrun for our_first_dag_v3 to 2024-10-29 00:00:00+00:00, run_after=2024-10-30 00:00:00+00:00
[2024-10-29T09:35:20.984+0000] {processor.py:208} INFO - Processing /opt/airflow/dags/our_first_dag.py took 0.079 seconds
[2024-10-29T09:35:51.051+0000] {processor.py:186} INFO - Started process (PID=821) to work on /opt/airflow/dags/our_first_dag.py
[2024-10-29T09:35:51.052+0000] {processor.py:914} INFO - Processing file /opt/airflow/dags/our_first_dag.py for tasks to queue
[2024-10-29T09:35:51.054+0000] {logging_mixin.py:190} INFO - [2024-10-29T09:35:51.054+0000] {dagbag.py:588} INFO - Filling up the DagBag from /opt/airflow/dags/our_first_dag.py
[2024-10-29T09:35:51.062+0000] {processor.py:925} INFO - DAG(s) 'our_first_dag_v3' retrieved from /opt/airflow/dags/our_first_dag.py
[2024-10-29T09:35:51.082+0000] {logging_mixin.py:190} INFO - [2024-10-29T09:35:51.082+0000] {dag.py:3239} INFO - Sync 1 DAGs
[2024-10-29T09:35:51.101+0000] {logging_mixin.py:190} INFO - [2024-10-29T09:35:51.101+0000] {dag.py:4180} INFO - Setting next_dagrun for our_first_dag_v3 to 2024-10-29 00:00:00+00:00, run_after=2024-10-30 00:00:00+00:00
[2024-10-29T09:35:51.119+0000] {processor.py:208} INFO - Processing /opt/airflow/dags/our_first_dag.py took 0.073 seconds
[2024-10-29T09:36:21.261+0000] {processor.py:186} INFO - Started process (PID=832) to work on /opt/airflow/dags/our_first_dag.py
[2024-10-29T09:36:21.262+0000] {processor.py:914} INFO - Processing file /opt/airflow/dags/our_first_dag.py for tasks to queue
[2024-10-29T09:36:21.264+0000] {logging_mixin.py:190} INFO - [2024-10-29T09:36:21.263+0000] {dagbag.py:588} INFO - Filling up the DagBag from /opt/airflow/dags/our_first_dag.py
[2024-10-29T09:36:21.272+0000] {processor.py:925} INFO - DAG(s) 'our_first_dag_v3' retrieved from /opt/airflow/dags/our_first_dag.py
[2024-10-29T09:36:21.291+0000] {logging_mixin.py:190} INFO - [2024-10-29T09:36:21.291+0000] {dag.py:3239} INFO - Sync 1 DAGs
[2024-10-29T09:36:21.311+0000] {logging_mixin.py:190} INFO - [2024-10-29T09:36:21.310+0000] {dag.py:4180} INFO - Setting next_dagrun for our_first_dag_v3 to 2024-10-29 00:00:00+00:00, run_after=2024-10-30 00:00:00+00:00
[2024-10-29T09:36:21.330+0000] {processor.py:208} INFO - Processing /opt/airflow/dags/our_first_dag.py took 0.074 seconds
[2024-10-29T09:36:51.409+0000] {processor.py:186} INFO - Started process (PID=843) to work on /opt/airflow/dags/our_first_dag.py
[2024-10-29T09:36:51.410+0000] {processor.py:914} INFO - Processing file /opt/airflow/dags/our_first_dag.py for tasks to queue
[2024-10-29T09:36:51.412+0000] {logging_mixin.py:190} INFO - [2024-10-29T09:36:51.411+0000] {dagbag.py:588} INFO - Filling up the DagBag from /opt/airflow/dags/our_first_dag.py
[2024-10-29T09:36:51.421+0000] {processor.py:925} INFO - DAG(s) 'our_first_dag_v3' retrieved from /opt/airflow/dags/our_first_dag.py
[2024-10-29T09:36:51.441+0000] {logging_mixin.py:190} INFO - [2024-10-29T09:36:51.441+0000] {dag.py:3239} INFO - Sync 1 DAGs
[2024-10-29T09:36:51.462+0000] {logging_mixin.py:190} INFO - [2024-10-29T09:36:51.462+0000] {dag.py:4180} INFO - Setting next_dagrun for our_first_dag_v3 to 2024-10-29 00:00:00+00:00, run_after=2024-10-30 00:00:00+00:00
[2024-10-29T09:36:51.480+0000] {processor.py:208} INFO - Processing /opt/airflow/dags/our_first_dag.py took 0.076 seconds
