[2024-11-06T15:14:24.466+0000] {processor.py:186} INFO - Started process (PID=189) to work on /opt/airflow/dags/create_dag_with_python.py
[2024-11-06T15:14:24.474+0000] {processor.py:914} INFO - Processing file /opt/airflow/dags/create_dag_with_python.py for tasks to queue
[2024-11-06T15:14:24.487+0000] {logging_mixin.py:190} INFO - [2024-11-06T15:14:24.486+0000] {dagbag.py:588} INFO - Filling up the DagBag from /opt/airflow/dags/create_dag_with_python.py
[2024-11-06T15:14:24.559+0000] {processor.py:925} INFO - DAG(s) 'our_dag_with_python_operator_V3' retrieved from /opt/airflow/dags/create_dag_with_python.py
[2024-11-06T15:14:24.698+0000] {logging_mixin.py:190} INFO - [2024-11-06T15:14:24.698+0000] {dag.py:3239} INFO - Sync 1 DAGs
[2024-11-06T15:14:24.824+0000] {logging_mixin.py:190} INFO - [2024-11-06T15:14:24.823+0000] {dag.py:4180} INFO - Setting next_dagrun for our_dag_with_python_operator_V3 to 2024-11-04 00:00:00+00:00, run_after=2024-11-05 00:00:00+00:00
[2024-11-06T15:14:24.969+0000] {processor.py:208} INFO - Processing /opt/airflow/dags/create_dag_with_python.py took 0.547 seconds
[2024-11-06T15:14:55.340+0000] {processor.py:186} INFO - Started process (PID=278) to work on /opt/airflow/dags/create_dag_with_python.py
[2024-11-06T15:14:55.341+0000] {processor.py:914} INFO - Processing file /opt/airflow/dags/create_dag_with_python.py for tasks to queue
[2024-11-06T15:14:55.343+0000] {logging_mixin.py:190} INFO - [2024-11-06T15:14:55.343+0000] {dagbag.py:588} INFO - Filling up the DagBag from /opt/airflow/dags/create_dag_with_python.py
[2024-11-06T15:14:55.353+0000] {processor.py:925} INFO - DAG(s) 'our_dag_with_python_operator_V3' retrieved from /opt/airflow/dags/create_dag_with_python.py
[2024-11-06T15:14:55.382+0000] {logging_mixin.py:190} INFO - [2024-11-06T15:14:55.381+0000] {dag.py:3239} INFO - Sync 1 DAGs
[2024-11-06T15:14:55.429+0000] {logging_mixin.py:190} INFO - [2024-11-06T15:14:55.429+0000] {dag.py:4180} INFO - Setting next_dagrun for our_dag_with_python_operator_V3 to 2024-11-06 00:00:00+00:00, run_after=2024-11-07 00:00:00+00:00
[2024-11-06T15:14:55.611+0000] {processor.py:208} INFO - Processing /opt/airflow/dags/create_dag_with_python.py took 0.277 seconds
[2024-11-06T15:15:25.902+0000] {processor.py:186} INFO - Started process (PID=304) to work on /opt/airflow/dags/create_dag_with_python.py
[2024-11-06T15:15:25.909+0000] {processor.py:914} INFO - Processing file /opt/airflow/dags/create_dag_with_python.py for tasks to queue
[2024-11-06T15:15:25.919+0000] {logging_mixin.py:190} INFO - [2024-11-06T15:15:25.918+0000] {dagbag.py:588} INFO - Filling up the DagBag from /opt/airflow/dags/create_dag_with_python.py
[2024-11-06T15:15:25.955+0000] {processor.py:925} INFO - DAG(s) 'our_dag_with_python_operator_V3' retrieved from /opt/airflow/dags/create_dag_with_python.py
[2024-11-06T15:15:26.096+0000] {logging_mixin.py:190} INFO - [2024-11-06T15:15:26.095+0000] {dag.py:3239} INFO - Sync 1 DAGs
[2024-11-06T15:15:26.193+0000] {logging_mixin.py:190} INFO - [2024-11-06T15:15:26.193+0000] {dag.py:4180} INFO - Setting next_dagrun for our_dag_with_python_operator_V3 to 2024-11-06 00:00:00+00:00, run_after=2024-11-07 00:00:00+00:00
[2024-11-06T15:15:26.569+0000] {processor.py:208} INFO - Processing /opt/airflow/dags/create_dag_with_python.py took 0.685 seconds
[2024-11-06T15:15:56.847+0000] {processor.py:186} INFO - Started process (PID=331) to work on /opt/airflow/dags/create_dag_with_python.py
[2024-11-06T15:15:57.503+0000] {processor.py:914} INFO - Processing file /opt/airflow/dags/create_dag_with_python.py for tasks to queue
[2024-11-06T15:15:57.505+0000] {logging_mixin.py:190} INFO - [2024-11-06T15:15:57.505+0000] {dagbag.py:588} INFO - Filling up the DagBag from /opt/airflow/dags/create_dag_with_python.py
[2024-11-06T15:15:57.597+0000] {processor.py:925} INFO - DAG(s) 'our_dag_with_python_operator_V3' retrieved from /opt/airflow/dags/create_dag_with_python.py
[2024-11-06T15:15:57.754+0000] {logging_mixin.py:190} INFO - [2024-11-06T15:15:57.754+0000] {dag.py:3239} INFO - Sync 1 DAGs
[2024-11-06T15:15:57.899+0000] {logging_mixin.py:190} INFO - [2024-11-06T15:15:57.899+0000] {dag.py:4180} INFO - Setting next_dagrun for our_dag_with_python_operator_V3 to 2024-11-06 00:00:00+00:00, run_after=2024-11-07 00:00:00+00:00
[2024-11-06T15:15:57.989+0000] {processor.py:208} INFO - Processing /opt/airflow/dags/create_dag_with_python.py took 1.157 seconds
[2024-11-06T15:16:28.417+0000] {processor.py:186} INFO - Started process (PID=358) to work on /opt/airflow/dags/create_dag_with_python.py
[2024-11-06T15:16:28.438+0000] {processor.py:914} INFO - Processing file /opt/airflow/dags/create_dag_with_python.py for tasks to queue
[2024-11-06T15:16:28.440+0000] {logging_mixin.py:190} INFO - [2024-11-06T15:16:28.440+0000] {dagbag.py:588} INFO - Filling up the DagBag from /opt/airflow/dags/create_dag_with_python.py
[2024-11-06T15:16:28.467+0000] {processor.py:925} INFO - DAG(s) 'our_dag_with_python_operator_V3' retrieved from /opt/airflow/dags/create_dag_with_python.py
[2024-11-06T15:16:28.509+0000] {logging_mixin.py:190} INFO - [2024-11-06T15:16:28.509+0000] {dag.py:3239} INFO - Sync 1 DAGs
[2024-11-06T15:16:28.565+0000] {logging_mixin.py:190} INFO - [2024-11-06T15:16:28.564+0000] {dag.py:4180} INFO - Setting next_dagrun for our_dag_with_python_operator_V3 to 2024-11-06 00:00:00+00:00, run_after=2024-11-07 00:00:00+00:00
[2024-11-06T15:16:30.575+0000] {processor.py:208} INFO - Processing /opt/airflow/dags/create_dag_with_python.py took 2.174 seconds
[2024-11-06T15:17:00.806+0000] {processor.py:186} INFO - Started process (PID=385) to work on /opt/airflow/dags/create_dag_with_python.py
[2024-11-06T15:17:00.806+0000] {processor.py:914} INFO - Processing file /opt/airflow/dags/create_dag_with_python.py for tasks to queue
[2024-11-06T15:17:00.809+0000] {logging_mixin.py:190} INFO - [2024-11-06T15:17:00.808+0000] {dagbag.py:588} INFO - Filling up the DagBag from /opt/airflow/dags/create_dag_with_python.py
[2024-11-06T15:17:00.819+0000] {processor.py:925} INFO - DAG(s) 'our_dag_with_python_operator_V3' retrieved from /opt/airflow/dags/create_dag_with_python.py
[2024-11-06T15:17:00.845+0000] {logging_mixin.py:190} INFO - [2024-11-06T15:17:00.845+0000] {dag.py:3239} INFO - Sync 1 DAGs
[2024-11-06T15:17:00.873+0000] {logging_mixin.py:190} INFO - [2024-11-06T15:17:00.872+0000] {dag.py:4180} INFO - Setting next_dagrun for our_dag_with_python_operator_V3 to 2024-11-06 00:00:00+00:00, run_after=2024-11-07 00:00:00+00:00
[2024-11-06T15:17:00.893+0000] {processor.py:208} INFO - Processing /opt/airflow/dags/create_dag_with_python.py took 0.093 seconds
[2024-11-06T15:17:31.080+0000] {processor.py:186} INFO - Started process (PID=412) to work on /opt/airflow/dags/create_dag_with_python.py
[2024-11-06T15:17:31.080+0000] {processor.py:914} INFO - Processing file /opt/airflow/dags/create_dag_with_python.py for tasks to queue
[2024-11-06T15:17:31.083+0000] {logging_mixin.py:190} INFO - [2024-11-06T15:17:31.082+0000] {dagbag.py:588} INFO - Filling up the DagBag from /opt/airflow/dags/create_dag_with_python.py
[2024-11-06T15:17:31.093+0000] {processor.py:925} INFO - DAG(s) 'our_dag_with_python_operator_V3' retrieved from /opt/airflow/dags/create_dag_with_python.py
[2024-11-06T15:17:31.124+0000] {logging_mixin.py:190} INFO - [2024-11-06T15:17:31.123+0000] {dag.py:3239} INFO - Sync 1 DAGs
[2024-11-06T15:17:31.154+0000] {logging_mixin.py:190} INFO - [2024-11-06T15:17:31.154+0000] {dag.py:4180} INFO - Setting next_dagrun for our_dag_with_python_operator_V3 to 2024-11-06 00:00:00+00:00, run_after=2024-11-07 00:00:00+00:00
[2024-11-06T15:17:31.174+0000] {processor.py:208} INFO - Processing /opt/airflow/dags/create_dag_with_python.py took 0.101 seconds
[2024-11-06T15:18:01.375+0000] {processor.py:186} INFO - Started process (PID=437) to work on /opt/airflow/dags/create_dag_with_python.py
[2024-11-06T15:18:01.375+0000] {processor.py:914} INFO - Processing file /opt/airflow/dags/create_dag_with_python.py for tasks to queue
[2024-11-06T15:18:01.378+0000] {logging_mixin.py:190} INFO - [2024-11-06T15:18:01.378+0000] {dagbag.py:588} INFO - Filling up the DagBag from /opt/airflow/dags/create_dag_with_python.py
[2024-11-06T15:18:01.388+0000] {processor.py:925} INFO - DAG(s) 'our_dag_with_python_operator_V3' retrieved from /opt/airflow/dags/create_dag_with_python.py
[2024-11-06T15:18:01.416+0000] {logging_mixin.py:190} INFO - [2024-11-06T15:18:01.416+0000] {dag.py:3239} INFO - Sync 1 DAGs
[2024-11-06T15:18:01.445+0000] {logging_mixin.py:190} INFO - [2024-11-06T15:18:01.445+0000] {dag.py:4180} INFO - Setting next_dagrun for our_dag_with_python_operator_V3 to 2024-11-06 00:00:00+00:00, run_after=2024-11-07 00:00:00+00:00
[2024-11-06T15:18:01.480+0000] {processor.py:208} INFO - Processing /opt/airflow/dags/create_dag_with_python.py took 0.112 seconds
[2024-11-06T15:18:31.709+0000] {processor.py:186} INFO - Started process (PID=464) to work on /opt/airflow/dags/create_dag_with_python.py
[2024-11-06T15:18:31.709+0000] {processor.py:914} INFO - Processing file /opt/airflow/dags/create_dag_with_python.py for tasks to queue
[2024-11-06T15:18:31.712+0000] {logging_mixin.py:190} INFO - [2024-11-06T15:18:31.711+0000] {dagbag.py:588} INFO - Filling up the DagBag from /opt/airflow/dags/create_dag_with_python.py
[2024-11-06T15:18:31.722+0000] {processor.py:925} INFO - DAG(s) 'our_dag_with_python_operator_V3' retrieved from /opt/airflow/dags/create_dag_with_python.py
[2024-11-06T15:18:31.764+0000] {logging_mixin.py:190} INFO - [2024-11-06T15:18:31.763+0000] {dag.py:3239} INFO - Sync 1 DAGs
[2024-11-06T15:18:31.800+0000] {logging_mixin.py:190} INFO - [2024-11-06T15:18:31.800+0000] {dag.py:4180} INFO - Setting next_dagrun for our_dag_with_python_operator_V3 to 2024-11-06 00:00:00+00:00, run_after=2024-11-07 00:00:00+00:00
[2024-11-06T15:18:31.820+0000] {processor.py:208} INFO - Processing /opt/airflow/dags/create_dag_with_python.py took 0.118 seconds
[2024-11-06T15:19:02.009+0000] {processor.py:186} INFO - Started process (PID=491) to work on /opt/airflow/dags/create_dag_with_python.py
[2024-11-06T15:19:02.010+0000] {processor.py:914} INFO - Processing file /opt/airflow/dags/create_dag_with_python.py for tasks to queue
[2024-11-06T15:19:02.012+0000] {logging_mixin.py:190} INFO - [2024-11-06T15:19:02.012+0000] {dagbag.py:588} INFO - Filling up the DagBag from /opt/airflow/dags/create_dag_with_python.py
[2024-11-06T15:19:02.024+0000] {processor.py:925} INFO - DAG(s) 'our_dag_with_python_operator_V3' retrieved from /opt/airflow/dags/create_dag_with_python.py
[2024-11-06T15:19:02.066+0000] {logging_mixin.py:190} INFO - [2024-11-06T15:19:02.066+0000] {dag.py:3239} INFO - Sync 1 DAGs
[2024-11-06T15:19:02.099+0000] {logging_mixin.py:190} INFO - [2024-11-06T15:19:02.099+0000] {dag.py:4180} INFO - Setting next_dagrun for our_dag_with_python_operator_V3 to 2024-11-06 00:00:00+00:00, run_after=2024-11-07 00:00:00+00:00
[2024-11-06T15:19:02.122+0000] {processor.py:208} INFO - Processing /opt/airflow/dags/create_dag_with_python.py took 0.119 seconds
[2024-11-06T15:19:32.338+0000] {processor.py:186} INFO - Started process (PID=517) to work on /opt/airflow/dags/create_dag_with_python.py
[2024-11-06T15:19:32.339+0000] {processor.py:914} INFO - Processing file /opt/airflow/dags/create_dag_with_python.py for tasks to queue
[2024-11-06T15:19:32.341+0000] {logging_mixin.py:190} INFO - [2024-11-06T15:19:32.341+0000] {dagbag.py:588} INFO - Filling up the DagBag from /opt/airflow/dags/create_dag_with_python.py
[2024-11-06T15:19:32.354+0000] {processor.py:925} INFO - DAG(s) 'our_dag_with_python_operator_V3' retrieved from /opt/airflow/dags/create_dag_with_python.py
[2024-11-06T15:19:32.392+0000] {logging_mixin.py:190} INFO - [2024-11-06T15:19:32.392+0000] {dag.py:3239} INFO - Sync 1 DAGs
[2024-11-06T15:19:32.429+0000] {logging_mixin.py:190} INFO - [2024-11-06T15:19:32.428+0000] {dag.py:4180} INFO - Setting next_dagrun for our_dag_with_python_operator_V3 to 2024-11-06 00:00:00+00:00, run_after=2024-11-07 00:00:00+00:00
[2024-11-06T15:19:32.639+0000] {processor.py:208} INFO - Processing /opt/airflow/dags/create_dag_with_python.py took 0.308 seconds
[2024-11-06T15:20:02.808+0000] {processor.py:186} INFO - Started process (PID=543) to work on /opt/airflow/dags/create_dag_with_python.py
[2024-11-06T15:20:02.808+0000] {processor.py:914} INFO - Processing file /opt/airflow/dags/create_dag_with_python.py for tasks to queue
[2024-11-06T15:20:02.811+0000] {logging_mixin.py:190} INFO - [2024-11-06T15:20:02.811+0000] {dagbag.py:588} INFO - Filling up the DagBag from /opt/airflow/dags/create_dag_with_python.py
[2024-11-06T15:20:02.820+0000] {processor.py:925} INFO - DAG(s) 'our_dag_with_python_operator_V3' retrieved from /opt/airflow/dags/create_dag_with_python.py
[2024-11-06T15:20:02.847+0000] {logging_mixin.py:190} INFO - [2024-11-06T15:20:02.847+0000] {dag.py:3239} INFO - Sync 1 DAGs
[2024-11-06T15:20:03.029+0000] {logging_mixin.py:190} INFO - [2024-11-06T15:20:03.029+0000] {dag.py:4180} INFO - Setting next_dagrun for our_dag_with_python_operator_V3 to 2024-11-06 00:00:00+00:00, run_after=2024-11-07 00:00:00+00:00
[2024-11-06T15:20:03.052+0000] {processor.py:208} INFO - Processing /opt/airflow/dags/create_dag_with_python.py took 0.251 seconds
[2024-11-06T15:20:33.249+0000] {processor.py:186} INFO - Started process (PID=569) to work on /opt/airflow/dags/create_dag_with_python.py
[2024-11-06T15:20:33.250+0000] {processor.py:914} INFO - Processing file /opt/airflow/dags/create_dag_with_python.py for tasks to queue
[2024-11-06T15:20:33.252+0000] {logging_mixin.py:190} INFO - [2024-11-06T15:20:33.252+0000] {dagbag.py:588} INFO - Filling up the DagBag from /opt/airflow/dags/create_dag_with_python.py
[2024-11-06T15:20:33.262+0000] {processor.py:925} INFO - DAG(s) 'our_dag_with_python_operator_V3' retrieved from /opt/airflow/dags/create_dag_with_python.py
[2024-11-06T15:20:33.290+0000] {logging_mixin.py:190} INFO - [2024-11-06T15:20:33.290+0000] {dag.py:3239} INFO - Sync 1 DAGs
[2024-11-06T15:20:33.514+0000] {logging_mixin.py:190} INFO - [2024-11-06T15:20:33.514+0000] {dag.py:4180} INFO - Setting next_dagrun for our_dag_with_python_operator_V3 to 2024-11-06 00:00:00+00:00, run_after=2024-11-07 00:00:00+00:00
[2024-11-06T15:20:33.546+0000] {processor.py:208} INFO - Processing /opt/airflow/dags/create_dag_with_python.py took 0.304 seconds
[2024-11-06T15:21:03.737+0000] {processor.py:186} INFO - Started process (PID=596) to work on /opt/airflow/dags/create_dag_with_python.py
[2024-11-06T15:21:03.738+0000] {processor.py:914} INFO - Processing file /opt/airflow/dags/create_dag_with_python.py for tasks to queue
[2024-11-06T15:21:03.740+0000] {logging_mixin.py:190} INFO - [2024-11-06T15:21:03.740+0000] {dagbag.py:588} INFO - Filling up the DagBag from /opt/airflow/dags/create_dag_with_python.py
[2024-11-06T15:21:03.751+0000] {processor.py:925} INFO - DAG(s) 'our_dag_with_python_operator_V3' retrieved from /opt/airflow/dags/create_dag_with_python.py
[2024-11-06T15:21:03.956+0000] {logging_mixin.py:190} INFO - [2024-11-06T15:21:03.955+0000] {dag.py:3239} INFO - Sync 1 DAGs
[2024-11-06T15:21:03.981+0000] {logging_mixin.py:190} INFO - [2024-11-06T15:21:03.981+0000] {dag.py:4180} INFO - Setting next_dagrun for our_dag_with_python_operator_V3 to 2024-11-06 00:00:00+00:00, run_after=2024-11-07 00:00:00+00:00
[2024-11-06T15:21:03.999+0000] {processor.py:208} INFO - Processing /opt/airflow/dags/create_dag_with_python.py took 0.269 seconds
[2024-11-06T15:21:34.205+0000] {processor.py:186} INFO - Started process (PID=623) to work on /opt/airflow/dags/create_dag_with_python.py
[2024-11-06T15:21:34.206+0000] {processor.py:914} INFO - Processing file /opt/airflow/dags/create_dag_with_python.py for tasks to queue
[2024-11-06T15:21:34.208+0000] {logging_mixin.py:190} INFO - [2024-11-06T15:21:34.208+0000] {dagbag.py:588} INFO - Filling up the DagBag from /opt/airflow/dags/create_dag_with_python.py
[2024-11-06T15:21:34.218+0000] {processor.py:925} INFO - DAG(s) 'our_dag_with_python_operator_V3' retrieved from /opt/airflow/dags/create_dag_with_python.py
[2024-11-06T15:21:34.291+0000] {logging_mixin.py:190} INFO - [2024-11-06T15:21:34.291+0000] {dag.py:3239} INFO - Sync 1 DAGs
[2024-11-06T15:21:34.316+0000] {logging_mixin.py:190} INFO - [2024-11-06T15:21:34.316+0000] {dag.py:4180} INFO - Setting next_dagrun for our_dag_with_python_operator_V3 to 2024-11-06 00:00:00+00:00, run_after=2024-11-07 00:00:00+00:00
[2024-11-06T15:21:34.338+0000] {processor.py:208} INFO - Processing /opt/airflow/dags/create_dag_with_python.py took 0.139 seconds
[2024-11-06T15:22:04.538+0000] {processor.py:186} INFO - Started process (PID=649) to work on /opt/airflow/dags/create_dag_with_python.py
[2024-11-06T15:22:04.539+0000] {processor.py:914} INFO - Processing file /opt/airflow/dags/create_dag_with_python.py for tasks to queue
[2024-11-06T15:22:04.541+0000] {logging_mixin.py:190} INFO - [2024-11-06T15:22:04.541+0000] {dagbag.py:588} INFO - Filling up the DagBag from /opt/airflow/dags/create_dag_with_python.py
[2024-11-06T15:22:04.551+0000] {processor.py:925} INFO - DAG(s) 'our_dag_with_python_operator_V3' retrieved from /opt/airflow/dags/create_dag_with_python.py
[2024-11-06T15:22:04.577+0000] {logging_mixin.py:190} INFO - [2024-11-06T15:22:04.577+0000] {dag.py:3239} INFO - Sync 1 DAGs
[2024-11-06T15:22:04.606+0000] {logging_mixin.py:190} INFO - [2024-11-06T15:22:04.606+0000] {dag.py:4180} INFO - Setting next_dagrun for our_dag_with_python_operator_V3 to 2024-11-06 00:00:00+00:00, run_after=2024-11-07 00:00:00+00:00
[2024-11-06T15:22:04.638+0000] {processor.py:208} INFO - Processing /opt/airflow/dags/create_dag_with_python.py took 0.106 seconds
[2024-11-06T15:22:34.859+0000] {processor.py:186} INFO - Started process (PID=676) to work on /opt/airflow/dags/create_dag_with_python.py
[2024-11-06T15:22:34.860+0000] {processor.py:914} INFO - Processing file /opt/airflow/dags/create_dag_with_python.py for tasks to queue
[2024-11-06T15:22:34.862+0000] {logging_mixin.py:190} INFO - [2024-11-06T15:22:34.862+0000] {dagbag.py:588} INFO - Filling up the DagBag from /opt/airflow/dags/create_dag_with_python.py
[2024-11-06T15:22:34.873+0000] {processor.py:925} INFO - DAG(s) 'our_dag_with_python_operator_V3' retrieved from /opt/airflow/dags/create_dag_with_python.py
[2024-11-06T15:22:34.925+0000] {logging_mixin.py:190} INFO - [2024-11-06T15:22:34.924+0000] {dag.py:3239} INFO - Sync 1 DAGs
[2024-11-06T15:22:34.954+0000] {logging_mixin.py:190} INFO - [2024-11-06T15:22:34.954+0000] {dag.py:4180} INFO - Setting next_dagrun for our_dag_with_python_operator_V3 to 2024-11-06 00:00:00+00:00, run_after=2024-11-07 00:00:00+00:00
[2024-11-06T15:22:34.976+0000] {processor.py:208} INFO - Processing /opt/airflow/dags/create_dag_with_python.py took 0.123 seconds
[2024-11-06T15:23:05.181+0000] {processor.py:186} INFO - Started process (PID=700) to work on /opt/airflow/dags/create_dag_with_python.py
[2024-11-06T15:23:05.184+0000] {processor.py:914} INFO - Processing file /opt/airflow/dags/create_dag_with_python.py for tasks to queue
[2024-11-06T15:23:05.195+0000] {logging_mixin.py:190} INFO - [2024-11-06T15:23:05.195+0000] {dagbag.py:588} INFO - Filling up the DagBag from /opt/airflow/dags/create_dag_with_python.py
[2024-11-06T15:23:05.217+0000] {processor.py:925} INFO - DAG(s) 'our_dag_with_python_operator_V3' retrieved from /opt/airflow/dags/create_dag_with_python.py
[2024-11-06T15:23:05.290+0000] {logging_mixin.py:190} INFO - [2024-11-06T15:23:05.290+0000] {dag.py:3239} INFO - Sync 1 DAGs
[2024-11-06T15:23:05.337+0000] {logging_mixin.py:190} INFO - [2024-11-06T15:23:05.336+0000] {dag.py:4180} INFO - Setting next_dagrun for our_dag_with_python_operator_V3 to 2024-11-06 00:00:00+00:00, run_after=2024-11-07 00:00:00+00:00
[2024-11-06T15:23:05.375+0000] {processor.py:208} INFO - Processing /opt/airflow/dags/create_dag_with_python.py took 0.208 seconds
[2024-11-06T15:23:35.609+0000] {processor.py:186} INFO - Started process (PID=728) to work on /opt/airflow/dags/create_dag_with_python.py
[2024-11-06T15:23:35.619+0000] {processor.py:914} INFO - Processing file /opt/airflow/dags/create_dag_with_python.py for tasks to queue
[2024-11-06T15:23:35.621+0000] {logging_mixin.py:190} INFO - [2024-11-06T15:23:35.621+0000] {dagbag.py:588} INFO - Filling up the DagBag from /opt/airflow/dags/create_dag_with_python.py
[2024-11-06T15:23:35.645+0000] {processor.py:925} INFO - DAG(s) 'our_dag_with_python_operator_V3' retrieved from /opt/airflow/dags/create_dag_with_python.py
[2024-11-06T15:23:35.698+0000] {logging_mixin.py:190} INFO - [2024-11-06T15:23:35.698+0000] {dag.py:3239} INFO - Sync 1 DAGs
[2024-11-06T15:23:35.747+0000] {logging_mixin.py:190} INFO - [2024-11-06T15:23:35.747+0000] {dag.py:4180} INFO - Setting next_dagrun for our_dag_with_python_operator_V3 to 2024-11-06 00:00:00+00:00, run_after=2024-11-07 00:00:00+00:00
[2024-11-06T15:23:35.786+0000] {processor.py:208} INFO - Processing /opt/airflow/dags/create_dag_with_python.py took 0.186 seconds
[2024-11-06T15:24:06.030+0000] {processor.py:186} INFO - Started process (PID=756) to work on /opt/airflow/dags/create_dag_with_python.py
[2024-11-06T15:24:06.030+0000] {processor.py:914} INFO - Processing file /opt/airflow/dags/create_dag_with_python.py for tasks to queue
[2024-11-06T15:24:06.032+0000] {logging_mixin.py:190} INFO - [2024-11-06T15:24:06.032+0000] {dagbag.py:588} INFO - Filling up the DagBag from /opt/airflow/dags/create_dag_with_python.py
[2024-11-06T15:24:06.043+0000] {processor.py:925} INFO - DAG(s) 'our_dag_with_python_operator_V3' retrieved from /opt/airflow/dags/create_dag_with_python.py
[2024-11-06T15:24:06.070+0000] {logging_mixin.py:190} INFO - [2024-11-06T15:24:06.070+0000] {dag.py:3239} INFO - Sync 1 DAGs
[2024-11-06T15:24:06.098+0000] {logging_mixin.py:190} INFO - [2024-11-06T15:24:06.097+0000] {dag.py:4180} INFO - Setting next_dagrun for our_dag_with_python_operator_V3 to 2024-11-06 00:00:00+00:00, run_after=2024-11-07 00:00:00+00:00
[2024-11-06T15:24:06.117+0000] {processor.py:208} INFO - Processing /opt/airflow/dags/create_dag_with_python.py took 0.099 seconds
[2024-11-06T15:24:36.349+0000] {processor.py:186} INFO - Started process (PID=783) to work on /opt/airflow/dags/create_dag_with_python.py
[2024-11-06T15:24:36.350+0000] {processor.py:914} INFO - Processing file /opt/airflow/dags/create_dag_with_python.py for tasks to queue
[2024-11-06T15:24:36.356+0000] {logging_mixin.py:190} INFO - [2024-11-06T15:24:36.355+0000] {dagbag.py:588} INFO - Filling up the DagBag from /opt/airflow/dags/create_dag_with_python.py
[2024-11-06T15:24:36.371+0000] {processor.py:925} INFO - DAG(s) 'our_dag_with_python_operator_V3' retrieved from /opt/airflow/dags/create_dag_with_python.py
[2024-11-06T15:24:36.432+0000] {logging_mixin.py:190} INFO - [2024-11-06T15:24:36.432+0000] {dag.py:3239} INFO - Sync 1 DAGs
[2024-11-06T15:24:36.476+0000] {logging_mixin.py:190} INFO - [2024-11-06T15:24:36.475+0000] {dag.py:4180} INFO - Setting next_dagrun for our_dag_with_python_operator_V3 to 2024-11-06 00:00:00+00:00, run_after=2024-11-07 00:00:00+00:00
[2024-11-06T15:24:36.511+0000] {processor.py:208} INFO - Processing /opt/airflow/dags/create_dag_with_python.py took 0.172 seconds
[2024-11-06T15:25:06.803+0000] {processor.py:186} INFO - Started process (PID=809) to work on /opt/airflow/dags/create_dag_with_python.py
[2024-11-06T15:25:06.803+0000] {processor.py:914} INFO - Processing file /opt/airflow/dags/create_dag_with_python.py for tasks to queue
[2024-11-06T15:25:06.806+0000] {logging_mixin.py:190} INFO - [2024-11-06T15:25:06.805+0000] {dagbag.py:588} INFO - Filling up the DagBag from /opt/airflow/dags/create_dag_with_python.py
[2024-11-06T15:25:06.816+0000] {processor.py:925} INFO - DAG(s) 'our_dag_with_python_operator_V3' retrieved from /opt/airflow/dags/create_dag_with_python.py
[2024-11-06T15:25:06.846+0000] {logging_mixin.py:190} INFO - [2024-11-06T15:25:06.846+0000] {dag.py:3239} INFO - Sync 1 DAGs
[2024-11-06T15:25:06.874+0000] {logging_mixin.py:190} INFO - [2024-11-06T15:25:06.874+0000] {dag.py:4180} INFO - Setting next_dagrun for our_dag_with_python_operator_V3 to 2024-11-06 00:00:00+00:00, run_after=2024-11-07 00:00:00+00:00
[2024-11-06T15:25:06.893+0000] {processor.py:208} INFO - Processing /opt/airflow/dags/create_dag_with_python.py took 0.097 seconds
[2024-11-06T15:25:37.086+0000] {processor.py:186} INFO - Started process (PID=836) to work on /opt/airflow/dags/create_dag_with_python.py
[2024-11-06T15:25:37.087+0000] {processor.py:914} INFO - Processing file /opt/airflow/dags/create_dag_with_python.py for tasks to queue
[2024-11-06T15:25:37.089+0000] {logging_mixin.py:190} INFO - [2024-11-06T15:25:37.089+0000] {dagbag.py:588} INFO - Filling up the DagBag from /opt/airflow/dags/create_dag_with_python.py
[2024-11-06T15:25:37.099+0000] {processor.py:925} INFO - DAG(s) 'our_dag_with_python_operator_V3' retrieved from /opt/airflow/dags/create_dag_with_python.py
[2024-11-06T15:25:37.130+0000] {logging_mixin.py:190} INFO - [2024-11-06T15:25:37.130+0000] {dag.py:3239} INFO - Sync 1 DAGs
[2024-11-06T15:25:37.158+0000] {logging_mixin.py:190} INFO - [2024-11-06T15:25:37.158+0000] {dag.py:4180} INFO - Setting next_dagrun for our_dag_with_python_operator_V3 to 2024-11-06 00:00:00+00:00, run_after=2024-11-07 00:00:00+00:00
[2024-11-06T15:25:37.185+0000] {processor.py:208} INFO - Processing /opt/airflow/dags/create_dag_with_python.py took 0.106 seconds
[2024-11-06T15:26:07.378+0000] {processor.py:186} INFO - Started process (PID=862) to work on /opt/airflow/dags/create_dag_with_python.py
[2024-11-06T15:26:07.379+0000] {processor.py:914} INFO - Processing file /opt/airflow/dags/create_dag_with_python.py for tasks to queue
[2024-11-06T15:26:07.381+0000] {logging_mixin.py:190} INFO - [2024-11-06T15:26:07.380+0000] {dagbag.py:588} INFO - Filling up the DagBag from /opt/airflow/dags/create_dag_with_python.py
[2024-11-06T15:26:07.392+0000] {processor.py:925} INFO - DAG(s) 'our_dag_with_python_operator_V3' retrieved from /opt/airflow/dags/create_dag_with_python.py
[2024-11-06T15:26:07.423+0000] {logging_mixin.py:190} INFO - [2024-11-06T15:26:07.422+0000] {dag.py:3239} INFO - Sync 1 DAGs
[2024-11-06T15:26:07.450+0000] {logging_mixin.py:190} INFO - [2024-11-06T15:26:07.450+0000] {dag.py:4180} INFO - Setting next_dagrun for our_dag_with_python_operator_V3 to 2024-11-06 00:00:00+00:00, run_after=2024-11-07 00:00:00+00:00
[2024-11-06T15:26:07.469+0000] {processor.py:208} INFO - Processing /opt/airflow/dags/create_dag_with_python.py took 0.098 seconds
[2024-11-06T15:26:37.663+0000] {processor.py:186} INFO - Started process (PID=887) to work on /opt/airflow/dags/create_dag_with_python.py
[2024-11-06T15:26:37.664+0000] {processor.py:914} INFO - Processing file /opt/airflow/dags/create_dag_with_python.py for tasks to queue
[2024-11-06T15:26:37.666+0000] {logging_mixin.py:190} INFO - [2024-11-06T15:26:37.666+0000] {dagbag.py:588} INFO - Filling up the DagBag from /opt/airflow/dags/create_dag_with_python.py
[2024-11-06T15:26:37.681+0000] {processor.py:925} INFO - DAG(s) 'our_dag_with_python_operator_V3' retrieved from /opt/airflow/dags/create_dag_with_python.py
[2024-11-06T15:26:37.707+0000] {logging_mixin.py:190} INFO - [2024-11-06T15:26:37.707+0000] {dag.py:3239} INFO - Sync 1 DAGs
[2024-11-06T15:26:37.734+0000] {logging_mixin.py:190} INFO - [2024-11-06T15:26:37.734+0000] {dag.py:4180} INFO - Setting next_dagrun for our_dag_with_python_operator_V3 to 2024-11-06 00:00:00+00:00, run_after=2024-11-07 00:00:00+00:00
[2024-11-06T15:26:37.753+0000] {processor.py:208} INFO - Processing /opt/airflow/dags/create_dag_with_python.py took 0.096 seconds
[2024-11-06T15:27:07.968+0000] {processor.py:186} INFO - Started process (PID=912) to work on /opt/airflow/dags/create_dag_with_python.py
[2024-11-06T15:27:07.969+0000] {processor.py:914} INFO - Processing file /opt/airflow/dags/create_dag_with_python.py for tasks to queue
[2024-11-06T15:27:07.973+0000] {logging_mixin.py:190} INFO - [2024-11-06T15:27:07.973+0000] {dagbag.py:588} INFO - Filling up the DagBag from /opt/airflow/dags/create_dag_with_python.py
[2024-11-06T15:27:07.995+0000] {processor.py:925} INFO - DAG(s) 'our_dag_with_python_operator_V3' retrieved from /opt/airflow/dags/create_dag_with_python.py
[2024-11-06T15:27:08.054+0000] {logging_mixin.py:190} INFO - [2024-11-06T15:27:08.054+0000] {dag.py:3239} INFO - Sync 1 DAGs
[2024-11-06T15:27:08.112+0000] {logging_mixin.py:190} INFO - [2024-11-06T15:27:08.112+0000] {dag.py:4180} INFO - Setting next_dagrun for our_dag_with_python_operator_V3 to 2024-11-06 00:00:00+00:00, run_after=2024-11-07 00:00:00+00:00
[2024-11-06T15:27:08.163+0000] {processor.py:208} INFO - Processing /opt/airflow/dags/create_dag_with_python.py took 0.212 seconds
[2024-11-06T15:27:38.392+0000] {processor.py:186} INFO - Started process (PID=939) to work on /opt/airflow/dags/create_dag_with_python.py
[2024-11-06T15:27:38.393+0000] {processor.py:914} INFO - Processing file /opt/airflow/dags/create_dag_with_python.py for tasks to queue
[2024-11-06T15:27:38.398+0000] {logging_mixin.py:190} INFO - [2024-11-06T15:27:38.398+0000] {dagbag.py:588} INFO - Filling up the DagBag from /opt/airflow/dags/create_dag_with_python.py
[2024-11-06T15:27:38.409+0000] {processor.py:925} INFO - DAG(s) 'our_dag_with_python_operator_V3' retrieved from /opt/airflow/dags/create_dag_with_python.py
[2024-11-06T15:27:38.456+0000] {logging_mixin.py:190} INFO - [2024-11-06T15:27:38.456+0000] {dag.py:3239} INFO - Sync 1 DAGs
[2024-11-06T15:27:38.483+0000] {logging_mixin.py:190} INFO - [2024-11-06T15:27:38.483+0000] {dag.py:4180} INFO - Setting next_dagrun for our_dag_with_python_operator_V3 to 2024-11-06 00:00:00+00:00, run_after=2024-11-07 00:00:00+00:00
[2024-11-06T15:27:38.506+0000] {processor.py:208} INFO - Processing /opt/airflow/dags/create_dag_with_python.py took 0.137 seconds
[2024-11-06T15:28:08.749+0000] {processor.py:186} INFO - Started process (PID=965) to work on /opt/airflow/dags/create_dag_with_python.py
[2024-11-06T15:28:08.750+0000] {processor.py:914} INFO - Processing file /opt/airflow/dags/create_dag_with_python.py for tasks to queue
[2024-11-06T15:28:08.752+0000] {logging_mixin.py:190} INFO - [2024-11-06T15:28:08.752+0000] {dagbag.py:588} INFO - Filling up the DagBag from /opt/airflow/dags/create_dag_with_python.py
[2024-11-06T15:28:08.762+0000] {processor.py:925} INFO - DAG(s) 'our_dag_with_python_operator_V3' retrieved from /opt/airflow/dags/create_dag_with_python.py
[2024-11-06T15:28:08.813+0000] {logging_mixin.py:190} INFO - [2024-11-06T15:28:08.813+0000] {dag.py:3239} INFO - Sync 1 DAGs
[2024-11-06T15:28:08.860+0000] {logging_mixin.py:190} INFO - [2024-11-06T15:28:08.860+0000] {dag.py:4180} INFO - Setting next_dagrun for our_dag_with_python_operator_V3 to 2024-11-06 00:00:00+00:00, run_after=2024-11-07 00:00:00+00:00
[2024-11-06T15:28:08.903+0000] {processor.py:208} INFO - Processing /opt/airflow/dags/create_dag_with_python.py took 0.160 seconds
[2024-11-06T15:28:39.112+0000] {processor.py:186} INFO - Started process (PID=991) to work on /opt/airflow/dags/create_dag_with_python.py
[2024-11-06T15:28:39.122+0000] {processor.py:914} INFO - Processing file /opt/airflow/dags/create_dag_with_python.py for tasks to queue
[2024-11-06T15:28:39.124+0000] {logging_mixin.py:190} INFO - [2024-11-06T15:28:39.124+0000] {dagbag.py:588} INFO - Filling up the DagBag from /opt/airflow/dags/create_dag_with_python.py
[2024-11-06T15:28:39.138+0000] {processor.py:925} INFO - DAG(s) 'our_dag_with_python_operator_V3' retrieved from /opt/airflow/dags/create_dag_with_python.py
[2024-11-06T15:28:39.208+0000] {logging_mixin.py:190} INFO - [2024-11-06T15:28:39.208+0000] {dag.py:3239} INFO - Sync 1 DAGs
[2024-11-06T15:28:39.333+0000] {logging_mixin.py:190} INFO - [2024-11-06T15:28:39.332+0000] {dag.py:4180} INFO - Setting next_dagrun for our_dag_with_python_operator_V3 to 2024-11-06 00:00:00+00:00, run_after=2024-11-07 00:00:00+00:00
[2024-11-06T15:28:39.439+0000] {processor.py:208} INFO - Processing /opt/airflow/dags/create_dag_with_python.py took 0.337 seconds
[2024-11-06T15:29:09.613+0000] {processor.py:186} INFO - Started process (PID=1018) to work on /opt/airflow/dags/create_dag_with_python.py
[2024-11-06T15:29:09.614+0000] {processor.py:914} INFO - Processing file /opt/airflow/dags/create_dag_with_python.py for tasks to queue
[2024-11-06T15:29:09.616+0000] {logging_mixin.py:190} INFO - [2024-11-06T15:29:09.616+0000] {dagbag.py:588} INFO - Filling up the DagBag from /opt/airflow/dags/create_dag_with_python.py
[2024-11-06T15:29:09.627+0000] {processor.py:925} INFO - DAG(s) 'our_dag_with_python_operator_V3' retrieved from /opt/airflow/dags/create_dag_with_python.py
[2024-11-06T15:29:09.655+0000] {logging_mixin.py:190} INFO - [2024-11-06T15:29:09.655+0000] {dag.py:3239} INFO - Sync 1 DAGs
[2024-11-06T15:29:09.682+0000] {logging_mixin.py:190} INFO - [2024-11-06T15:29:09.682+0000] {dag.py:4180} INFO - Setting next_dagrun for our_dag_with_python_operator_V3 to 2024-11-06 00:00:00+00:00, run_after=2024-11-07 00:00:00+00:00
[2024-11-06T15:29:09.701+0000] {processor.py:208} INFO - Processing /opt/airflow/dags/create_dag_with_python.py took 0.095 seconds
[2024-11-06T15:29:39.920+0000] {processor.py:186} INFO - Started process (PID=1043) to work on /opt/airflow/dags/create_dag_with_python.py
[2024-11-06T15:29:39.922+0000] {processor.py:914} INFO - Processing file /opt/airflow/dags/create_dag_with_python.py for tasks to queue
[2024-11-06T15:29:39.926+0000] {logging_mixin.py:190} INFO - [2024-11-06T15:29:39.926+0000] {dagbag.py:588} INFO - Filling up the DagBag from /opt/airflow/dags/create_dag_with_python.py
[2024-11-06T15:29:39.961+0000] {processor.py:925} INFO - DAG(s) 'our_dag_with_python_operator_V3' retrieved from /opt/airflow/dags/create_dag_with_python.py
[2024-11-06T15:29:40.038+0000] {logging_mixin.py:190} INFO - [2024-11-06T15:29:40.038+0000] {dag.py:3239} INFO - Sync 1 DAGs
[2024-11-06T15:29:40.112+0000] {logging_mixin.py:190} INFO - [2024-11-06T15:29:40.112+0000] {dag.py:4180} INFO - Setting next_dagrun for our_dag_with_python_operator_V3 to 2024-11-06 00:00:00+00:00, run_after=2024-11-07 00:00:00+00:00
[2024-11-06T15:29:40.176+0000] {processor.py:208} INFO - Processing /opt/airflow/dags/create_dag_with_python.py took 0.266 seconds
[2024-11-06T15:30:10.402+0000] {processor.py:186} INFO - Started process (PID=1069) to work on /opt/airflow/dags/create_dag_with_python.py
[2024-11-06T15:30:10.403+0000] {processor.py:914} INFO - Processing file /opt/airflow/dags/create_dag_with_python.py for tasks to queue
[2024-11-06T15:30:10.405+0000] {logging_mixin.py:190} INFO - [2024-11-06T15:30:10.404+0000] {dagbag.py:588} INFO - Filling up the DagBag from /opt/airflow/dags/create_dag_with_python.py
[2024-11-06T15:30:10.426+0000] {processor.py:925} INFO - DAG(s) 'our_dag_with_python_operator_V3' retrieved from /opt/airflow/dags/create_dag_with_python.py
[2024-11-06T15:30:10.486+0000] {logging_mixin.py:190} INFO - [2024-11-06T15:30:10.486+0000] {dag.py:3239} INFO - Sync 1 DAGs
[2024-11-06T15:30:10.553+0000] {logging_mixin.py:190} INFO - [2024-11-06T15:30:10.553+0000] {dag.py:4180} INFO - Setting next_dagrun for our_dag_with_python_operator_V3 to 2024-11-06 00:00:00+00:00, run_after=2024-11-07 00:00:00+00:00
[2024-11-06T15:30:10.587+0000] {processor.py:208} INFO - Processing /opt/airflow/dags/create_dag_with_python.py took 0.192 seconds
[2024-11-06T15:30:40.788+0000] {processor.py:186} INFO - Started process (PID=1098) to work on /opt/airflow/dags/create_dag_with_python.py
[2024-11-06T15:30:40.788+0000] {processor.py:914} INFO - Processing file /opt/airflow/dags/create_dag_with_python.py for tasks to queue
[2024-11-06T15:30:40.791+0000] {logging_mixin.py:190} INFO - [2024-11-06T15:30:40.791+0000] {dagbag.py:588} INFO - Filling up the DagBag from /opt/airflow/dags/create_dag_with_python.py
[2024-11-06T15:30:40.801+0000] {processor.py:925} INFO - DAG(s) 'our_dag_with_python_operator_V3' retrieved from /opt/airflow/dags/create_dag_with_python.py
[2024-11-06T15:30:40.832+0000] {logging_mixin.py:190} INFO - [2024-11-06T15:30:40.832+0000] {dag.py:3239} INFO - Sync 1 DAGs
[2024-11-06T15:30:40.861+0000] {logging_mixin.py:190} INFO - [2024-11-06T15:30:40.861+0000] {dag.py:4180} INFO - Setting next_dagrun for our_dag_with_python_operator_V3 to 2024-11-06 00:00:00+00:00, run_after=2024-11-07 00:00:00+00:00
[2024-11-06T15:30:40.883+0000] {processor.py:208} INFO - Processing /opt/airflow/dags/create_dag_with_python.py took 0.101 seconds
[2024-11-06T15:31:11.075+0000] {processor.py:186} INFO - Started process (PID=1124) to work on /opt/airflow/dags/create_dag_with_python.py
[2024-11-06T15:31:11.076+0000] {processor.py:914} INFO - Processing file /opt/airflow/dags/create_dag_with_python.py for tasks to queue
[2024-11-06T15:31:11.078+0000] {logging_mixin.py:190} INFO - [2024-11-06T15:31:11.078+0000] {dagbag.py:588} INFO - Filling up the DagBag from /opt/airflow/dags/create_dag_with_python.py
[2024-11-06T15:31:11.088+0000] {processor.py:925} INFO - DAG(s) 'our_dag_with_python_operator_V3' retrieved from /opt/airflow/dags/create_dag_with_python.py
[2024-11-06T15:31:11.121+0000] {logging_mixin.py:190} INFO - [2024-11-06T15:31:11.121+0000] {dag.py:3239} INFO - Sync 1 DAGs
[2024-11-06T15:31:11.150+0000] {logging_mixin.py:190} INFO - [2024-11-06T15:31:11.150+0000] {dag.py:4180} INFO - Setting next_dagrun for our_dag_with_python_operator_V3 to 2024-11-06 00:00:00+00:00, run_after=2024-11-07 00:00:00+00:00
[2024-11-06T15:31:11.170+0000] {processor.py:208} INFO - Processing /opt/airflow/dags/create_dag_with_python.py took 0.103 seconds
[2024-11-06T15:31:41.358+0000] {processor.py:186} INFO - Started process (PID=1150) to work on /opt/airflow/dags/create_dag_with_python.py
[2024-11-06T15:31:41.359+0000] {processor.py:914} INFO - Processing file /opt/airflow/dags/create_dag_with_python.py for tasks to queue
[2024-11-06T15:31:41.361+0000] {logging_mixin.py:190} INFO - [2024-11-06T15:31:41.360+0000] {dagbag.py:588} INFO - Filling up the DagBag from /opt/airflow/dags/create_dag_with_python.py
[2024-11-06T15:31:41.371+0000] {processor.py:925} INFO - DAG(s) 'our_dag_with_python_operator_V3' retrieved from /opt/airflow/dags/create_dag_with_python.py
[2024-11-06T15:31:41.398+0000] {logging_mixin.py:190} INFO - [2024-11-06T15:31:41.397+0000] {dag.py:3239} INFO - Sync 1 DAGs
[2024-11-06T15:31:41.425+0000] {logging_mixin.py:190} INFO - [2024-11-06T15:31:41.425+0000] {dag.py:4180} INFO - Setting next_dagrun for our_dag_with_python_operator_V3 to 2024-11-06 00:00:00+00:00, run_after=2024-11-07 00:00:00+00:00
[2024-11-06T15:31:41.444+0000] {processor.py:208} INFO - Processing /opt/airflow/dags/create_dag_with_python.py took 0.093 seconds
[2024-11-06T15:32:11.655+0000] {processor.py:186} INFO - Started process (PID=1177) to work on /opt/airflow/dags/create_dag_with_python.py
[2024-11-06T15:32:11.656+0000] {processor.py:914} INFO - Processing file /opt/airflow/dags/create_dag_with_python.py for tasks to queue
[2024-11-06T15:32:11.663+0000] {logging_mixin.py:190} INFO - [2024-11-06T15:32:11.662+0000] {dagbag.py:588} INFO - Filling up the DagBag from /opt/airflow/dags/create_dag_with_python.py
[2024-11-06T15:32:11.685+0000] {processor.py:925} INFO - DAG(s) 'our_dag_with_python_operator_V3' retrieved from /opt/airflow/dags/create_dag_with_python.py
[2024-11-06T15:32:11.764+0000] {logging_mixin.py:190} INFO - [2024-11-06T15:32:11.764+0000] {dag.py:3239} INFO - Sync 1 DAGs
[2024-11-06T15:32:11.803+0000] {logging_mixin.py:190} INFO - [2024-11-06T15:32:11.803+0000] {dag.py:4180} INFO - Setting next_dagrun for our_dag_with_python_operator_V3 to 2024-11-06 00:00:00+00:00, run_after=2024-11-07 00:00:00+00:00
[2024-11-06T15:32:12.135+0000] {processor.py:208} INFO - Processing /opt/airflow/dags/create_dag_with_python.py took 0.495 seconds
[2024-11-06T15:32:42.411+0000] {processor.py:186} INFO - Started process (PID=1203) to work on /opt/airflow/dags/create_dag_with_python.py
[2024-11-06T15:32:42.412+0000] {processor.py:914} INFO - Processing file /opt/airflow/dags/create_dag_with_python.py for tasks to queue
[2024-11-06T15:32:42.414+0000] {logging_mixin.py:190} INFO - [2024-11-06T15:32:42.413+0000] {dagbag.py:588} INFO - Filling up the DagBag from /opt/airflow/dags/create_dag_with_python.py
[2024-11-06T15:32:42.424+0000] {processor.py:925} INFO - DAG(s) 'our_dag_with_python_operator_V3' retrieved from /opt/airflow/dags/create_dag_with_python.py
[2024-11-06T15:32:42.452+0000] {logging_mixin.py:190} INFO - [2024-11-06T15:32:42.452+0000] {dag.py:3239} INFO - Sync 1 DAGs
[2024-11-06T15:32:42.479+0000] {logging_mixin.py:190} INFO - [2024-11-06T15:32:42.479+0000] {dag.py:4180} INFO - Setting next_dagrun for our_dag_with_python_operator_V3 to 2024-11-06 00:00:00+00:00, run_after=2024-11-07 00:00:00+00:00
[2024-11-06T15:32:42.500+0000] {processor.py:208} INFO - Processing /opt/airflow/dags/create_dag_with_python.py took 0.096 seconds
[2024-11-06T15:33:12.698+0000] {processor.py:186} INFO - Started process (PID=1229) to work on /opt/airflow/dags/create_dag_with_python.py
[2024-11-06T15:33:12.698+0000] {processor.py:914} INFO - Processing file /opt/airflow/dags/create_dag_with_python.py for tasks to queue
[2024-11-06T15:33:12.701+0000] {logging_mixin.py:190} INFO - [2024-11-06T15:33:12.701+0000] {dagbag.py:588} INFO - Filling up the DagBag from /opt/airflow/dags/create_dag_with_python.py
[2024-11-06T15:33:12.711+0000] {processor.py:925} INFO - DAG(s) 'our_dag_with_python_operator_V3' retrieved from /opt/airflow/dags/create_dag_with_python.py
[2024-11-06T15:33:12.738+0000] {logging_mixin.py:190} INFO - [2024-11-06T15:33:12.738+0000] {dag.py:3239} INFO - Sync 1 DAGs
[2024-11-06T15:33:12.766+0000] {logging_mixin.py:190} INFO - [2024-11-06T15:33:12.766+0000] {dag.py:4180} INFO - Setting next_dagrun for our_dag_with_python_operator_V3 to 2024-11-06 00:00:00+00:00, run_after=2024-11-07 00:00:00+00:00
[2024-11-06T15:33:12.792+0000] {processor.py:208} INFO - Processing /opt/airflow/dags/create_dag_with_python.py took 0.101 seconds
[2024-11-06T15:33:42.983+0000] {processor.py:186} INFO - Started process (PID=1255) to work on /opt/airflow/dags/create_dag_with_python.py
[2024-11-06T15:33:42.985+0000] {processor.py:914} INFO - Processing file /opt/airflow/dags/create_dag_with_python.py for tasks to queue
[2024-11-06T15:33:42.987+0000] {logging_mixin.py:190} INFO - [2024-11-06T15:33:42.986+0000] {dagbag.py:588} INFO - Filling up the DagBag from /opt/airflow/dags/create_dag_with_python.py
[2024-11-06T15:33:43.001+0000] {processor.py:925} INFO - DAG(s) 'our_dag_with_python_operator_V3' retrieved from /opt/airflow/dags/create_dag_with_python.py
[2024-11-06T15:33:43.029+0000] {logging_mixin.py:190} INFO - [2024-11-06T15:33:43.029+0000] {dag.py:3239} INFO - Sync 1 DAGs
[2024-11-06T15:33:43.057+0000] {logging_mixin.py:190} INFO - [2024-11-06T15:33:43.056+0000] {dag.py:4180} INFO - Setting next_dagrun for our_dag_with_python_operator_V3 to 2024-11-06 00:00:00+00:00, run_after=2024-11-07 00:00:00+00:00
[2024-11-06T15:33:43.081+0000] {processor.py:208} INFO - Processing /opt/airflow/dags/create_dag_with_python.py took 0.104 seconds
[2024-11-06T15:34:13.271+0000] {processor.py:186} INFO - Started process (PID=1281) to work on /opt/airflow/dags/create_dag_with_python.py
[2024-11-06T15:34:13.272+0000] {processor.py:914} INFO - Processing file /opt/airflow/dags/create_dag_with_python.py for tasks to queue
[2024-11-06T15:34:13.274+0000] {logging_mixin.py:190} INFO - [2024-11-06T15:34:13.274+0000] {dagbag.py:588} INFO - Filling up the DagBag from /opt/airflow/dags/create_dag_with_python.py
[2024-11-06T15:34:13.285+0000] {processor.py:925} INFO - DAG(s) 'our_dag_with_python_operator_V3' retrieved from /opt/airflow/dags/create_dag_with_python.py
[2024-11-06T15:34:13.316+0000] {logging_mixin.py:190} INFO - [2024-11-06T15:34:13.316+0000] {dag.py:3239} INFO - Sync 1 DAGs
[2024-11-06T15:34:13.343+0000] {logging_mixin.py:190} INFO - [2024-11-06T15:34:13.343+0000] {dag.py:4180} INFO - Setting next_dagrun for our_dag_with_python_operator_V3 to 2024-11-06 00:00:00+00:00, run_after=2024-11-07 00:00:00+00:00
[2024-11-06T15:34:13.364+0000] {processor.py:208} INFO - Processing /opt/airflow/dags/create_dag_with_python.py took 0.100 seconds
[2024-11-06T15:34:43.560+0000] {processor.py:186} INFO - Started process (PID=1305) to work on /opt/airflow/dags/create_dag_with_python.py
[2024-11-06T15:34:43.561+0000] {processor.py:914} INFO - Processing file /opt/airflow/dags/create_dag_with_python.py for tasks to queue
[2024-11-06T15:34:43.563+0000] {logging_mixin.py:190} INFO - [2024-11-06T15:34:43.562+0000] {dagbag.py:588} INFO - Filling up the DagBag from /opt/airflow/dags/create_dag_with_python.py
[2024-11-06T15:34:43.573+0000] {processor.py:925} INFO - DAG(s) 'our_dag_with_python_operator_V3' retrieved from /opt/airflow/dags/create_dag_with_python.py
[2024-11-06T15:34:43.601+0000] {logging_mixin.py:190} INFO - [2024-11-06T15:34:43.601+0000] {dag.py:3239} INFO - Sync 1 DAGs
[2024-11-06T15:34:43.630+0000] {logging_mixin.py:190} INFO - [2024-11-06T15:34:43.629+0000] {dag.py:4180} INFO - Setting next_dagrun for our_dag_with_python_operator_V3 to 2024-11-06 00:00:00+00:00, run_after=2024-11-07 00:00:00+00:00
[2024-11-06T15:34:43.651+0000] {processor.py:208} INFO - Processing /opt/airflow/dags/create_dag_with_python.py took 0.097 seconds
[2024-11-06T15:35:13.851+0000] {processor.py:186} INFO - Started process (PID=1334) to work on /opt/airflow/dags/create_dag_with_python.py
[2024-11-06T15:35:13.852+0000] {processor.py:914} INFO - Processing file /opt/airflow/dags/create_dag_with_python.py for tasks to queue
[2024-11-06T15:35:13.854+0000] {logging_mixin.py:190} INFO - [2024-11-06T15:35:13.854+0000] {dagbag.py:588} INFO - Filling up the DagBag from /opt/airflow/dags/create_dag_with_python.py
[2024-11-06T15:35:13.865+0000] {processor.py:925} INFO - DAG(s) 'our_dag_with_python_operator_V3' retrieved from /opt/airflow/dags/create_dag_with_python.py
[2024-11-06T15:35:13.894+0000] {logging_mixin.py:190} INFO - [2024-11-06T15:35:13.894+0000] {dag.py:3239} INFO - Sync 1 DAGs
[2024-11-06T15:35:13.922+0000] {logging_mixin.py:190} INFO - [2024-11-06T15:35:13.922+0000] {dag.py:4180} INFO - Setting next_dagrun for our_dag_with_python_operator_V3 to 2024-11-06 00:00:00+00:00, run_after=2024-11-07 00:00:00+00:00
[2024-11-06T15:35:13.941+0000] {processor.py:208} INFO - Processing /opt/airflow/dags/create_dag_with_python.py took 0.097 seconds
[2024-11-06T15:35:44.147+0000] {processor.py:186} INFO - Started process (PID=1360) to work on /opt/airflow/dags/create_dag_with_python.py
[2024-11-06T15:35:44.148+0000] {processor.py:914} INFO - Processing file /opt/airflow/dags/create_dag_with_python.py for tasks to queue
[2024-11-06T15:35:44.151+0000] {logging_mixin.py:190} INFO - [2024-11-06T15:35:44.150+0000] {dagbag.py:588} INFO - Filling up the DagBag from /opt/airflow/dags/create_dag_with_python.py
[2024-11-06T15:35:44.161+0000] {processor.py:925} INFO - DAG(s) 'our_dag_with_python_operator_V3' retrieved from /opt/airflow/dags/create_dag_with_python.py
[2024-11-06T15:35:44.189+0000] {logging_mixin.py:190} INFO - [2024-11-06T15:35:44.188+0000] {dag.py:3239} INFO - Sync 1 DAGs
[2024-11-06T15:35:44.220+0000] {logging_mixin.py:190} INFO - [2024-11-06T15:35:44.220+0000] {dag.py:4180} INFO - Setting next_dagrun for our_dag_with_python_operator_V3 to 2024-11-06 00:00:00+00:00, run_after=2024-11-07 00:00:00+00:00
[2024-11-06T15:35:44.248+0000] {processor.py:208} INFO - Processing /opt/airflow/dags/create_dag_with_python.py took 0.107 seconds
[2024-11-06T15:36:14.459+0000] {processor.py:186} INFO - Started process (PID=1387) to work on /opt/airflow/dags/create_dag_with_python.py
[2024-11-06T15:36:14.460+0000] {processor.py:914} INFO - Processing file /opt/airflow/dags/create_dag_with_python.py for tasks to queue
[2024-11-06T15:36:14.463+0000] {logging_mixin.py:190} INFO - [2024-11-06T15:36:14.462+0000] {dagbag.py:588} INFO - Filling up the DagBag from /opt/airflow/dags/create_dag_with_python.py
[2024-11-06T15:36:14.473+0000] {processor.py:925} INFO - DAG(s) 'our_dag_with_python_operator_V3' retrieved from /opt/airflow/dags/create_dag_with_python.py
[2024-11-06T15:36:14.505+0000] {logging_mixin.py:190} INFO - [2024-11-06T15:36:14.505+0000] {dag.py:3239} INFO - Sync 1 DAGs
[2024-11-06T15:36:14.533+0000] {logging_mixin.py:190} INFO - [2024-11-06T15:36:14.533+0000] {dag.py:4180} INFO - Setting next_dagrun for our_dag_with_python_operator_V3 to 2024-11-06 00:00:00+00:00, run_after=2024-11-07 00:00:00+00:00
[2024-11-06T15:36:14.557+0000] {processor.py:208} INFO - Processing /opt/airflow/dags/create_dag_with_python.py took 0.104 seconds
[2024-11-06T15:36:44.843+0000] {processor.py:186} INFO - Started process (PID=1413) to work on /opt/airflow/dags/create_dag_with_python.py
[2024-11-06T15:36:44.857+0000] {processor.py:914} INFO - Processing file /opt/airflow/dags/create_dag_with_python.py for tasks to queue
[2024-11-06T15:36:44.861+0000] {logging_mixin.py:190} INFO - [2024-11-06T15:36:44.861+0000] {dagbag.py:588} INFO - Filling up the DagBag from /opt/airflow/dags/create_dag_with_python.py
[2024-11-06T15:36:44.901+0000] {processor.py:925} INFO - DAG(s) 'our_dag_with_python_operator_V3' retrieved from /opt/airflow/dags/create_dag_with_python.py
[2024-11-06T15:36:45.059+0000] {logging_mixin.py:190} INFO - [2024-11-06T15:36:45.059+0000] {dag.py:3239} INFO - Sync 1 DAGs
[2024-11-06T15:36:45.139+0000] {logging_mixin.py:190} INFO - [2024-11-06T15:36:45.139+0000] {dag.py:4180} INFO - Setting next_dagrun for our_dag_with_python_operator_V3 to 2024-11-06 00:00:00+00:00, run_after=2024-11-07 00:00:00+00:00
[2024-11-06T15:36:45.198+0000] {processor.py:208} INFO - Processing /opt/airflow/dags/create_dag_with_python.py took 0.399 seconds
[2024-11-06T15:37:15.506+0000] {processor.py:186} INFO - Started process (PID=1437) to work on /opt/airflow/dags/create_dag_with_python.py
[2024-11-06T15:37:15.507+0000] {processor.py:914} INFO - Processing file /opt/airflow/dags/create_dag_with_python.py for tasks to queue
[2024-11-06T15:37:15.511+0000] {logging_mixin.py:190} INFO - [2024-11-06T15:37:15.510+0000] {dagbag.py:588} INFO - Filling up the DagBag from /opt/airflow/dags/create_dag_with_python.py
[2024-11-06T15:37:15.537+0000] {processor.py:925} INFO - DAG(s) 'our_dag_with_python_operator_V3' retrieved from /opt/airflow/dags/create_dag_with_python.py
[2024-11-06T15:37:15.610+0000] {logging_mixin.py:190} INFO - [2024-11-06T15:37:15.610+0000] {dag.py:3239} INFO - Sync 1 DAGs
[2024-11-06T15:37:15.648+0000] {logging_mixin.py:190} INFO - [2024-11-06T15:37:15.648+0000] {dag.py:4180} INFO - Setting next_dagrun for our_dag_with_python_operator_V3 to 2024-11-06 00:00:00+00:00, run_after=2024-11-07 00:00:00+00:00
[2024-11-06T15:37:15.686+0000] {processor.py:208} INFO - Processing /opt/airflow/dags/create_dag_with_python.py took 0.186 seconds
[2024-11-06T15:37:45.884+0000] {processor.py:186} INFO - Started process (PID=1465) to work on /opt/airflow/dags/create_dag_with_python.py
[2024-11-06T15:37:45.884+0000] {processor.py:914} INFO - Processing file /opt/airflow/dags/create_dag_with_python.py for tasks to queue
[2024-11-06T15:37:45.887+0000] {logging_mixin.py:190} INFO - [2024-11-06T15:37:45.887+0000] {dagbag.py:588} INFO - Filling up the DagBag from /opt/airflow/dags/create_dag_with_python.py
[2024-11-06T15:37:45.897+0000] {processor.py:925} INFO - DAG(s) 'our_dag_with_python_operator_V3' retrieved from /opt/airflow/dags/create_dag_with_python.py
[2024-11-06T15:37:45.923+0000] {logging_mixin.py:190} INFO - [2024-11-06T15:37:45.923+0000] {dag.py:3239} INFO - Sync 1 DAGs
[2024-11-06T15:37:45.950+0000] {logging_mixin.py:190} INFO - [2024-11-06T15:37:45.950+0000] {dag.py:4180} INFO - Setting next_dagrun for our_dag_with_python_operator_V3 to 2024-11-06 00:00:00+00:00, run_after=2024-11-07 00:00:00+00:00
[2024-11-06T15:37:45.994+0000] {processor.py:208} INFO - Processing /opt/airflow/dags/create_dag_with_python.py took 0.117 seconds
[2024-11-06T15:38:16.188+0000] {processor.py:186} INFO - Started process (PID=1492) to work on /opt/airflow/dags/create_dag_with_python.py
[2024-11-06T15:38:16.189+0000] {processor.py:914} INFO - Processing file /opt/airflow/dags/create_dag_with_python.py for tasks to queue
[2024-11-06T15:38:16.191+0000] {logging_mixin.py:190} INFO - [2024-11-06T15:38:16.191+0000] {dagbag.py:588} INFO - Filling up the DagBag from /opt/airflow/dags/create_dag_with_python.py
[2024-11-06T15:38:16.201+0000] {processor.py:925} INFO - DAG(s) 'our_dag_with_python_operator_V3' retrieved from /opt/airflow/dags/create_dag_with_python.py
[2024-11-06T15:38:16.237+0000] {logging_mixin.py:190} INFO - [2024-11-06T15:38:16.237+0000] {dag.py:3239} INFO - Sync 1 DAGs
[2024-11-06T15:38:16.289+0000] {logging_mixin.py:190} INFO - [2024-11-06T15:38:16.288+0000] {dag.py:4180} INFO - Setting next_dagrun for our_dag_with_python_operator_V3 to 2024-11-06 00:00:00+00:00, run_after=2024-11-07 00:00:00+00:00
[2024-11-06T15:38:16.324+0000] {processor.py:208} INFO - Processing /opt/airflow/dags/create_dag_with_python.py took 0.142 seconds
[2024-11-06T15:38:46.566+0000] {processor.py:186} INFO - Started process (PID=1518) to work on /opt/airflow/dags/create_dag_with_python.py
[2024-11-06T15:38:46.567+0000] {processor.py:914} INFO - Processing file /opt/airflow/dags/create_dag_with_python.py for tasks to queue
[2024-11-06T15:38:46.569+0000] {logging_mixin.py:190} INFO - [2024-11-06T15:38:46.569+0000] {dagbag.py:588} INFO - Filling up the DagBag from /opt/airflow/dags/create_dag_with_python.py
[2024-11-06T15:38:46.580+0000] {processor.py:925} INFO - DAG(s) 'our_dag_with_python_operator_V3' retrieved from /opt/airflow/dags/create_dag_with_python.py
[2024-11-06T15:38:46.608+0000] {logging_mixin.py:190} INFO - [2024-11-06T15:38:46.608+0000] {dag.py:3239} INFO - Sync 1 DAGs
[2024-11-06T15:38:46.639+0000] {logging_mixin.py:190} INFO - [2024-11-06T15:38:46.639+0000] {dag.py:4180} INFO - Setting next_dagrun for our_dag_with_python_operator_V3 to 2024-11-06 00:00:00+00:00, run_after=2024-11-07 00:00:00+00:00
[2024-11-06T15:38:46.661+0000] {processor.py:208} INFO - Processing /opt/airflow/dags/create_dag_with_python.py took 0.102 seconds
[2024-11-06T15:39:16.854+0000] {processor.py:186} INFO - Started process (PID=1544) to work on /opt/airflow/dags/create_dag_with_python.py
[2024-11-06T15:39:16.855+0000] {processor.py:914} INFO - Processing file /opt/airflow/dags/create_dag_with_python.py for tasks to queue
[2024-11-06T15:39:16.857+0000] {logging_mixin.py:190} INFO - [2024-11-06T15:39:16.857+0000] {dagbag.py:588} INFO - Filling up the DagBag from /opt/airflow/dags/create_dag_with_python.py
[2024-11-06T15:39:16.868+0000] {processor.py:925} INFO - DAG(s) 'our_dag_with_python_operator_V3' retrieved from /opt/airflow/dags/create_dag_with_python.py
[2024-11-06T15:39:16.895+0000] {logging_mixin.py:190} INFO - [2024-11-06T15:39:16.894+0000] {dag.py:3239} INFO - Sync 1 DAGs
[2024-11-06T15:39:16.924+0000] {logging_mixin.py:190} INFO - [2024-11-06T15:39:16.923+0000] {dag.py:4180} INFO - Setting next_dagrun for our_dag_with_python_operator_V3 to 2024-11-06 00:00:00+00:00, run_after=2024-11-07 00:00:00+00:00
[2024-11-06T15:39:16.946+0000] {processor.py:208} INFO - Processing /opt/airflow/dags/create_dag_with_python.py took 0.098 seconds
[2024-11-06T15:39:47.163+0000] {processor.py:186} INFO - Started process (PID=1571) to work on /opt/airflow/dags/create_dag_with_python.py
[2024-11-06T15:39:47.164+0000] {processor.py:914} INFO - Processing file /opt/airflow/dags/create_dag_with_python.py for tasks to queue
[2024-11-06T15:39:47.167+0000] {logging_mixin.py:190} INFO - [2024-11-06T15:39:47.167+0000] {dagbag.py:588} INFO - Filling up the DagBag from /opt/airflow/dags/create_dag_with_python.py
[2024-11-06T15:39:47.179+0000] {processor.py:925} INFO - DAG(s) 'our_dag_with_python_operator_V3' retrieved from /opt/airflow/dags/create_dag_with_python.py
[2024-11-06T15:39:47.207+0000] {logging_mixin.py:190} INFO - [2024-11-06T15:39:47.207+0000] {dag.py:3239} INFO - Sync 1 DAGs
[2024-11-06T15:39:47.236+0000] {logging_mixin.py:190} INFO - [2024-11-06T15:39:47.236+0000] {dag.py:4180} INFO - Setting next_dagrun for our_dag_with_python_operator_V3 to 2024-11-06 00:00:00+00:00, run_after=2024-11-07 00:00:00+00:00
[2024-11-06T15:39:47.257+0000] {processor.py:208} INFO - Processing /opt/airflow/dags/create_dag_with_python.py took 0.100 seconds
[2024-11-06T15:40:17.475+0000] {processor.py:186} INFO - Started process (PID=1596) to work on /opt/airflow/dags/create_dag_with_python.py
[2024-11-06T15:40:17.484+0000] {processor.py:914} INFO - Processing file /opt/airflow/dags/create_dag_with_python.py for tasks to queue
[2024-11-06T15:40:17.487+0000] {logging_mixin.py:190} INFO - [2024-11-06T15:40:17.486+0000] {dagbag.py:588} INFO - Filling up the DagBag from /opt/airflow/dags/create_dag_with_python.py
[2024-11-06T15:40:17.497+0000] {processor.py:925} INFO - DAG(s) 'our_dag_with_python_operator_V3' retrieved from /opt/airflow/dags/create_dag_with_python.py
[2024-11-06T15:40:17.524+0000] {logging_mixin.py:190} INFO - [2024-11-06T15:40:17.524+0000] {dag.py:3239} INFO - Sync 1 DAGs
[2024-11-06T15:40:17.552+0000] {logging_mixin.py:190} INFO - [2024-11-06T15:40:17.551+0000] {dag.py:4180} INFO - Setting next_dagrun for our_dag_with_python_operator_V3 to 2024-11-06 00:00:00+00:00, run_after=2024-11-07 00:00:00+00:00
[2024-11-06T15:40:17.575+0000] {processor.py:208} INFO - Processing /opt/airflow/dags/create_dag_with_python.py took 0.109 seconds
[2024-11-06T15:40:47.792+0000] {processor.py:186} INFO - Started process (PID=1624) to work on /opt/airflow/dags/create_dag_with_python.py
[2024-11-06T15:40:47.792+0000] {processor.py:914} INFO - Processing file /opt/airflow/dags/create_dag_with_python.py for tasks to queue
[2024-11-06T15:40:47.797+0000] {logging_mixin.py:190} INFO - [2024-11-06T15:40:47.794+0000] {dagbag.py:588} INFO - Filling up the DagBag from /opt/airflow/dags/create_dag_with_python.py
[2024-11-06T15:40:47.810+0000] {processor.py:925} INFO - DAG(s) 'our_dag_with_python_operator_V3' retrieved from /opt/airflow/dags/create_dag_with_python.py
[2024-11-06T15:40:47.837+0000] {logging_mixin.py:190} INFO - [2024-11-06T15:40:47.836+0000] {dag.py:3239} INFO - Sync 1 DAGs
[2024-11-06T15:40:47.864+0000] {logging_mixin.py:190} INFO - [2024-11-06T15:40:47.864+0000] {dag.py:4180} INFO - Setting next_dagrun for our_dag_with_python_operator_V3 to 2024-11-06 00:00:00+00:00, run_after=2024-11-07 00:00:00+00:00
[2024-11-06T15:40:47.884+0000] {processor.py:208} INFO - Processing /opt/airflow/dags/create_dag_with_python.py took 0.104 seconds
[2024-11-06T15:41:18.083+0000] {processor.py:186} INFO - Started process (PID=1650) to work on /opt/airflow/dags/create_dag_with_python.py
[2024-11-06T15:41:18.084+0000] {processor.py:914} INFO - Processing file /opt/airflow/dags/create_dag_with_python.py for tasks to queue
[2024-11-06T15:41:18.086+0000] {logging_mixin.py:190} INFO - [2024-11-06T15:41:18.086+0000] {dagbag.py:588} INFO - Filling up the DagBag from /opt/airflow/dags/create_dag_with_python.py
[2024-11-06T15:41:18.097+0000] {processor.py:925} INFO - DAG(s) 'our_dag_with_python_operator_V3' retrieved from /opt/airflow/dags/create_dag_with_python.py
[2024-11-06T15:41:18.124+0000] {logging_mixin.py:190} INFO - [2024-11-06T15:41:18.124+0000] {dag.py:3239} INFO - Sync 1 DAGs
[2024-11-06T15:41:18.153+0000] {logging_mixin.py:190} INFO - [2024-11-06T15:41:18.153+0000] {dag.py:4180} INFO - Setting next_dagrun for our_dag_with_python_operator_V3 to 2024-11-06 00:00:00+00:00, run_after=2024-11-07 00:00:00+00:00
[2024-11-06T15:41:18.176+0000] {processor.py:208} INFO - Processing /opt/airflow/dags/create_dag_with_python.py took 0.100 seconds
[2024-11-06T15:41:48.388+0000] {processor.py:186} INFO - Started process (PID=1676) to work on /opt/airflow/dags/create_dag_with_python.py
[2024-11-06T15:41:48.389+0000] {processor.py:914} INFO - Processing file /opt/airflow/dags/create_dag_with_python.py for tasks to queue
[2024-11-06T15:41:48.392+0000] {logging_mixin.py:190} INFO - [2024-11-06T15:41:48.391+0000] {dagbag.py:588} INFO - Filling up the DagBag from /opt/airflow/dags/create_dag_with_python.py
[2024-11-06T15:41:48.402+0000] {processor.py:925} INFO - DAG(s) 'our_dag_with_python_operator_V3' retrieved from /opt/airflow/dags/create_dag_with_python.py
[2024-11-06T15:41:48.437+0000] {logging_mixin.py:190} INFO - [2024-11-06T15:41:48.437+0000] {dag.py:3239} INFO - Sync 1 DAGs
[2024-11-06T15:41:48.466+0000] {logging_mixin.py:190} INFO - [2024-11-06T15:41:48.466+0000] {dag.py:4180} INFO - Setting next_dagrun for our_dag_with_python_operator_V3 to 2024-11-06 00:00:00+00:00, run_after=2024-11-07 00:00:00+00:00
[2024-11-06T15:41:48.485+0000] {processor.py:208} INFO - Processing /opt/airflow/dags/create_dag_with_python.py took 0.104 seconds
[2024-11-06T15:42:18.700+0000] {processor.py:186} INFO - Started process (PID=1703) to work on /opt/airflow/dags/create_dag_with_python.py
[2024-11-06T15:42:18.701+0000] {processor.py:914} INFO - Processing file /opt/airflow/dags/create_dag_with_python.py for tasks to queue
[2024-11-06T15:42:18.704+0000] {logging_mixin.py:190} INFO - [2024-11-06T15:42:18.704+0000] {dagbag.py:588} INFO - Filling up the DagBag from /opt/airflow/dags/create_dag_with_python.py
[2024-11-06T15:42:18.714+0000] {processor.py:925} INFO - DAG(s) 'our_dag_with_python_operator_V3' retrieved from /opt/airflow/dags/create_dag_with_python.py
[2024-11-06T15:42:18.747+0000] {logging_mixin.py:190} INFO - [2024-11-06T15:42:18.746+0000] {dag.py:3239} INFO - Sync 1 DAGs
[2024-11-06T15:42:18.776+0000] {logging_mixin.py:190} INFO - [2024-11-06T15:42:18.775+0000] {dag.py:4180} INFO - Setting next_dagrun for our_dag_with_python_operator_V3 to 2024-11-06 00:00:00+00:00, run_after=2024-11-07 00:00:00+00:00
[2024-11-06T15:42:18.821+0000] {processor.py:208} INFO - Processing /opt/airflow/dags/create_dag_with_python.py took 0.133 seconds
[2024-11-06T15:42:49.025+0000] {processor.py:186} INFO - Started process (PID=1729) to work on /opt/airflow/dags/create_dag_with_python.py
[2024-11-06T15:42:49.025+0000] {processor.py:914} INFO - Processing file /opt/airflow/dags/create_dag_with_python.py for tasks to queue
[2024-11-06T15:42:49.028+0000] {logging_mixin.py:190} INFO - [2024-11-06T15:42:49.027+0000] {dagbag.py:588} INFO - Filling up the DagBag from /opt/airflow/dags/create_dag_with_python.py
[2024-11-06T15:42:49.038+0000] {processor.py:925} INFO - DAG(s) 'our_dag_with_python_operator_V3' retrieved from /opt/airflow/dags/create_dag_with_python.py
[2024-11-06T15:42:49.068+0000] {logging_mixin.py:190} INFO - [2024-11-06T15:42:49.068+0000] {dag.py:3239} INFO - Sync 1 DAGs
[2024-11-06T15:42:49.104+0000] {logging_mixin.py:190} INFO - [2024-11-06T15:42:49.104+0000] {dag.py:4180} INFO - Setting next_dagrun for our_dag_with_python_operator_V3 to 2024-11-06 00:00:00+00:00, run_after=2024-11-07 00:00:00+00:00
[2024-11-06T15:42:49.130+0000] {processor.py:208} INFO - Processing /opt/airflow/dags/create_dag_with_python.py took 0.112 seconds
[2024-11-06T15:43:19.380+0000] {processor.py:186} INFO - Started process (PID=1756) to work on /opt/airflow/dags/create_dag_with_python.py
[2024-11-06T15:43:19.383+0000] {processor.py:914} INFO - Processing file /opt/airflow/dags/create_dag_with_python.py for tasks to queue
[2024-11-06T15:43:19.391+0000] {logging_mixin.py:190} INFO - [2024-11-06T15:43:19.390+0000] {dagbag.py:588} INFO - Filling up the DagBag from /opt/airflow/dags/create_dag_with_python.py
[2024-11-06T15:43:19.412+0000] {processor.py:925} INFO - DAG(s) 'our_dag_with_python_operator_V3' retrieved from /opt/airflow/dags/create_dag_with_python.py
[2024-11-06T15:43:19.477+0000] {logging_mixin.py:190} INFO - [2024-11-06T15:43:19.476+0000] {dag.py:3239} INFO - Sync 1 DAGs
[2024-11-06T15:43:19.539+0000] {logging_mixin.py:190} INFO - [2024-11-06T15:43:19.539+0000] {dag.py:4180} INFO - Setting next_dagrun for our_dag_with_python_operator_V3 to 2024-11-06 00:00:00+00:00, run_after=2024-11-07 00:00:00+00:00
[2024-11-06T15:43:19.581+0000] {processor.py:208} INFO - Processing /opt/airflow/dags/create_dag_with_python.py took 0.223 seconds
[2024-11-06T15:43:49.936+0000] {processor.py:186} INFO - Started process (PID=1781) to work on /opt/airflow/dags/create_dag_with_python.py
[2024-11-06T15:43:49.942+0000] {processor.py:914} INFO - Processing file /opt/airflow/dags/create_dag_with_python.py for tasks to queue
[2024-11-06T15:43:49.944+0000] {logging_mixin.py:190} INFO - [2024-11-06T15:43:49.944+0000] {dagbag.py:588} INFO - Filling up the DagBag from /opt/airflow/dags/create_dag_with_python.py
[2024-11-06T15:43:49.969+0000] {processor.py:925} INFO - DAG(s) 'our_dag_with_python_operator_V3' retrieved from /opt/airflow/dags/create_dag_with_python.py
[2024-11-06T15:43:50.038+0000] {logging_mixin.py:190} INFO - [2024-11-06T15:43:50.038+0000] {dag.py:3239} INFO - Sync 1 DAGs
[2024-11-06T15:43:50.093+0000] {logging_mixin.py:190} INFO - [2024-11-06T15:43:50.093+0000] {dag.py:4180} INFO - Setting next_dagrun for our_dag_with_python_operator_V3 to 2024-11-06 00:00:00+00:00, run_after=2024-11-07 00:00:00+00:00
[2024-11-06T15:43:50.133+0000] {processor.py:208} INFO - Processing /opt/airflow/dags/create_dag_with_python.py took 0.206 seconds
