[2024-11-06T15:14:24.408+0000] {processor.py:186} INFO - Started process (PID=186) to work on /opt/airflow/dags/dag_with_postgres.py
[2024-11-06T15:14:24.411+0000] {processor.py:914} INFO - Processing file /opt/airflow/dags/dag_with_postgres.py for tasks to queue
[2024-11-06T15:14:24.432+0000] {logging_mixin.py:190} INFO - [2024-11-06T15:14:24.432+0000] {dagbag.py:588} INFO - Filling up the DagBag from /opt/airflow/dags/dag_with_postgres.py
[2024-11-06T15:14:24.517+0000] {processor.py:925} INFO - DAG(s) 'dag_with_postgres_operator_v01' retrieved from /opt/airflow/dags/dag_with_postgres.py
[2024-11-06T15:14:24.679+0000] {logging_mixin.py:190} INFO - [2024-11-06T15:14:24.678+0000] {dag.py:3239} INFO - Sync 1 DAGs
[2024-11-06T15:14:24.802+0000] {logging_mixin.py:190} INFO - [2024-11-06T15:14:24.802+0000] {dag.py:4180} INFO - Setting next_dagrun for dag_with_postgres_operator_v01 to 2024-11-04 00:00:00+00:00, run_after=2024-11-05 00:00:00+00:00
[2024-11-06T15:14:24.924+0000] {processor.py:208} INFO - Processing /opt/airflow/dags/dag_with_postgres.py took 0.538 seconds
[2024-11-06T15:14:55.340+0000] {processor.py:186} INFO - Started process (PID=277) to work on /opt/airflow/dags/dag_with_postgres.py
[2024-11-06T15:14:55.341+0000] {processor.py:914} INFO - Processing file /opt/airflow/dags/dag_with_postgres.py for tasks to queue
[2024-11-06T15:14:55.343+0000] {logging_mixin.py:190} INFO - [2024-11-06T15:14:55.343+0000] {dagbag.py:588} INFO - Filling up the DagBag from /opt/airflow/dags/dag_with_postgres.py
[2024-11-06T15:14:55.352+0000] {processor.py:925} INFO - DAG(s) 'dag_with_postgres_operator_v01' retrieved from /opt/airflow/dags/dag_with_postgres.py
[2024-11-06T15:14:55.384+0000] {logging_mixin.py:190} INFO - [2024-11-06T15:14:55.384+0000] {dag.py:3239} INFO - Sync 1 DAGs
[2024-11-06T15:14:55.414+0000] {logging_mixin.py:190} INFO - [2024-11-06T15:14:55.413+0000] {dag.py:4180} INFO - Setting next_dagrun for dag_with_postgres_operator_v01 to 2024-11-06 00:00:00+00:00, run_after=2024-11-07 00:00:00+00:00
[2024-11-06T15:14:55.618+0000] {processor.py:208} INFO - Processing /opt/airflow/dags/dag_with_postgres.py took 0.284 seconds
[2024-11-06T15:15:25.909+0000] {processor.py:186} INFO - Started process (PID=303) to work on /opt/airflow/dags/dag_with_postgres.py
[2024-11-06T15:15:25.910+0000] {processor.py:914} INFO - Processing file /opt/airflow/dags/dag_with_postgres.py for tasks to queue
[2024-11-06T15:15:25.912+0000] {logging_mixin.py:190} INFO - [2024-11-06T15:15:25.911+0000] {dagbag.py:588} INFO - Filling up the DagBag from /opt/airflow/dags/dag_with_postgres.py
[2024-11-06T15:15:25.932+0000] {processor.py:925} INFO - DAG(s) 'dag_with_postgres_operator_v01' retrieved from /opt/airflow/dags/dag_with_postgres.py
[2024-11-06T15:15:26.080+0000] {logging_mixin.py:190} INFO - [2024-11-06T15:15:26.079+0000] {dag.py:3239} INFO - Sync 1 DAGs
[2024-11-06T15:15:26.189+0000] {logging_mixin.py:190} INFO - [2024-11-06T15:15:26.188+0000] {dag.py:4180} INFO - Setting next_dagrun for dag_with_postgres_operator_v01 to 2024-11-06 00:00:00+00:00, run_after=2024-11-07 00:00:00+00:00
[2024-11-06T15:15:26.566+0000] {processor.py:208} INFO - Processing /opt/airflow/dags/dag_with_postgres.py took 0.699 seconds
[2024-11-06T15:15:56.854+0000] {processor.py:186} INFO - Started process (PID=330) to work on /opt/airflow/dags/dag_with_postgres.py
[2024-11-06T15:15:57.501+0000] {processor.py:914} INFO - Processing file /opt/airflow/dags/dag_with_postgres.py for tasks to queue
[2024-11-06T15:15:57.509+0000] {logging_mixin.py:190} INFO - [2024-11-06T15:15:57.509+0000] {dagbag.py:588} INFO - Filling up the DagBag from /opt/airflow/dags/dag_with_postgres.py
[2024-11-06T15:15:57.541+0000] {processor.py:925} INFO - DAG(s) 'dag_with_postgres_operator_v01' retrieved from /opt/airflow/dags/dag_with_postgres.py
[2024-11-06T15:15:57.632+0000] {logging_mixin.py:190} INFO - [2024-11-06T15:15:57.632+0000] {dag.py:3239} INFO - Sync 1 DAGs
[2024-11-06T15:15:57.770+0000] {logging_mixin.py:190} INFO - [2024-11-06T15:15:57.759+0000] {dag.py:4180} INFO - Setting next_dagrun for dag_with_postgres_operator_v01 to 2024-11-06 00:00:00+00:00, run_after=2024-11-07 00:00:00+00:00
[2024-11-06T15:15:57.882+0000] {processor.py:208} INFO - Processing /opt/airflow/dags/dag_with_postgres.py took 1.047 seconds
[2024-11-06T15:16:28.409+0000] {processor.py:186} INFO - Started process (PID=356) to work on /opt/airflow/dags/dag_with_postgres.py
[2024-11-06T15:16:28.418+0000] {processor.py:914} INFO - Processing file /opt/airflow/dags/dag_with_postgres.py for tasks to queue
[2024-11-06T15:16:28.420+0000] {logging_mixin.py:190} INFO - [2024-11-06T15:16:28.420+0000] {dagbag.py:588} INFO - Filling up the DagBag from /opt/airflow/dags/dag_with_postgres.py
[2024-11-06T15:16:28.443+0000] {processor.py:925} INFO - DAG(s) 'dag_with_postgres_operator_v01' retrieved from /opt/airflow/dags/dag_with_postgres.py
[2024-11-06T15:16:28.489+0000] {logging_mixin.py:190} INFO - [2024-11-06T15:16:28.489+0000] {dag.py:3239} INFO - Sync 1 DAGs
[2024-11-06T15:16:28.537+0000] {logging_mixin.py:190} INFO - [2024-11-06T15:16:28.536+0000] {dag.py:4180} INFO - Setting next_dagrun for dag_with_postgres_operator_v01 to 2024-11-06 00:00:00+00:00, run_after=2024-11-07 00:00:00+00:00
[2024-11-06T15:16:30.574+0000] {processor.py:208} INFO - Processing /opt/airflow/dags/dag_with_postgres.py took 2.183 seconds
[2024-11-06T15:17:00.799+0000] {processor.py:186} INFO - Started process (PID=382) to work on /opt/airflow/dags/dag_with_postgres.py
[2024-11-06T15:17:00.799+0000] {processor.py:914} INFO - Processing file /opt/airflow/dags/dag_with_postgres.py for tasks to queue
[2024-11-06T15:17:00.802+0000] {logging_mixin.py:190} INFO - [2024-11-06T15:17:00.801+0000] {dagbag.py:588} INFO - Filling up the DagBag from /opt/airflow/dags/dag_with_postgres.py
[2024-11-06T15:17:00.811+0000] {processor.py:925} INFO - DAG(s) 'dag_with_postgres_operator_v01' retrieved from /opt/airflow/dags/dag_with_postgres.py
[2024-11-06T15:17:00.838+0000] {logging_mixin.py:190} INFO - [2024-11-06T15:17:00.838+0000] {dag.py:3239} INFO - Sync 1 DAGs
[2024-11-06T15:17:00.866+0000] {logging_mixin.py:190} INFO - [2024-11-06T15:17:00.866+0000] {dag.py:4180} INFO - Setting next_dagrun for dag_with_postgres_operator_v01 to 2024-11-06 00:00:00+00:00, run_after=2024-11-07 00:00:00+00:00
[2024-11-06T15:17:00.904+0000] {processor.py:208} INFO - Processing /opt/airflow/dags/dag_with_postgres.py took 0.112 seconds
[2024-11-06T15:17:31.067+0000] {processor.py:186} INFO - Started process (PID=409) to work on /opt/airflow/dags/dag_with_postgres.py
[2024-11-06T15:17:31.068+0000] {processor.py:914} INFO - Processing file /opt/airflow/dags/dag_with_postgres.py for tasks to queue
[2024-11-06T15:17:31.070+0000] {logging_mixin.py:190} INFO - [2024-11-06T15:17:31.070+0000] {dagbag.py:588} INFO - Filling up the DagBag from /opt/airflow/dags/dag_with_postgres.py
[2024-11-06T15:17:31.090+0000] {processor.py:925} INFO - DAG(s) 'dag_with_postgres_operator_v01' retrieved from /opt/airflow/dags/dag_with_postgres.py
[2024-11-06T15:17:31.125+0000] {logging_mixin.py:190} INFO - [2024-11-06T15:17:31.124+0000] {dag.py:3239} INFO - Sync 1 DAGs
[2024-11-06T15:17:31.154+0000] {logging_mixin.py:190} INFO - [2024-11-06T15:17:31.154+0000] {dag.py:4180} INFO - Setting next_dagrun for dag_with_postgres_operator_v01 to 2024-11-06 00:00:00+00:00, run_after=2024-11-07 00:00:00+00:00
[2024-11-06T15:17:31.174+0000] {processor.py:208} INFO - Processing /opt/airflow/dags/dag_with_postgres.py took 0.113 seconds
[2024-11-06T15:18:01.367+0000] {processor.py:186} INFO - Started process (PID=434) to work on /opt/airflow/dags/dag_with_postgres.py
[2024-11-06T15:18:01.368+0000] {processor.py:914} INFO - Processing file /opt/airflow/dags/dag_with_postgres.py for tasks to queue
[2024-11-06T15:18:01.370+0000] {logging_mixin.py:190} INFO - [2024-11-06T15:18:01.370+0000] {dagbag.py:588} INFO - Filling up the DagBag from /opt/airflow/dags/dag_with_postgres.py
[2024-11-06T15:18:01.379+0000] {processor.py:925} INFO - DAG(s) 'dag_with_postgres_operator_v01' retrieved from /opt/airflow/dags/dag_with_postgres.py
[2024-11-06T15:18:01.419+0000] {logging_mixin.py:190} INFO - [2024-11-06T15:18:01.417+0000] {dag.py:3239} INFO - Sync 1 DAGs
[2024-11-06T15:18:01.486+0000] {logging_mixin.py:190} INFO - [2024-11-06T15:18:01.486+0000] {dag.py:4180} INFO - Setting next_dagrun for dag_with_postgres_operator_v01 to 2024-11-06 00:00:00+00:00, run_after=2024-11-07 00:00:00+00:00
[2024-11-06T15:18:01.515+0000] {processor.py:208} INFO - Processing /opt/airflow/dags/dag_with_postgres.py took 0.154 seconds
[2024-11-06T15:18:31.702+0000] {processor.py:186} INFO - Started process (PID=461) to work on /opt/airflow/dags/dag_with_postgres.py
[2024-11-06T15:18:31.703+0000] {processor.py:914} INFO - Processing file /opt/airflow/dags/dag_with_postgres.py for tasks to queue
[2024-11-06T15:18:31.705+0000] {logging_mixin.py:190} INFO - [2024-11-06T15:18:31.705+0000] {dagbag.py:588} INFO - Filling up the DagBag from /opt/airflow/dags/dag_with_postgres.py
[2024-11-06T15:18:31.715+0000] {processor.py:925} INFO - DAG(s) 'dag_with_postgres_operator_v01' retrieved from /opt/airflow/dags/dag_with_postgres.py
[2024-11-06T15:18:31.742+0000] {logging_mixin.py:190} INFO - [2024-11-06T15:18:31.742+0000] {dag.py:3239} INFO - Sync 1 DAGs
[2024-11-06T15:18:31.781+0000] {logging_mixin.py:190} INFO - [2024-11-06T15:18:31.781+0000] {dag.py:4180} INFO - Setting next_dagrun for dag_with_postgres_operator_v01 to 2024-11-06 00:00:00+00:00, run_after=2024-11-07 00:00:00+00:00
[2024-11-06T15:18:31.810+0000] {processor.py:208} INFO - Processing /opt/airflow/dags/dag_with_postgres.py took 0.114 seconds
[2024-11-06T15:19:02.002+0000] {processor.py:186} INFO - Started process (PID=488) to work on /opt/airflow/dags/dag_with_postgres.py
[2024-11-06T15:19:02.003+0000] {processor.py:914} INFO - Processing file /opt/airflow/dags/dag_with_postgres.py for tasks to queue
[2024-11-06T15:19:02.005+0000] {logging_mixin.py:190} INFO - [2024-11-06T15:19:02.004+0000] {dagbag.py:588} INFO - Filling up the DagBag from /opt/airflow/dags/dag_with_postgres.py
[2024-11-06T15:19:02.014+0000] {processor.py:925} INFO - DAG(s) 'dag_with_postgres_operator_v01' retrieved from /opt/airflow/dags/dag_with_postgres.py
[2024-11-06T15:19:02.043+0000] {logging_mixin.py:190} INFO - [2024-11-06T15:19:02.043+0000] {dag.py:3239} INFO - Sync 1 DAGs
[2024-11-06T15:19:02.084+0000] {logging_mixin.py:190} INFO - [2024-11-06T15:19:02.084+0000] {dag.py:4180} INFO - Setting next_dagrun for dag_with_postgres_operator_v01 to 2024-11-06 00:00:00+00:00, run_after=2024-11-07 00:00:00+00:00
[2024-11-06T15:19:02.111+0000] {processor.py:208} INFO - Processing /opt/airflow/dags/dag_with_postgres.py took 0.116 seconds
[2024-11-06T15:19:32.331+0000] {processor.py:186} INFO - Started process (PID=514) to work on /opt/airflow/dags/dag_with_postgres.py
[2024-11-06T15:19:32.331+0000] {processor.py:914} INFO - Processing file /opt/airflow/dags/dag_with_postgres.py for tasks to queue
[2024-11-06T15:19:32.334+0000] {logging_mixin.py:190} INFO - [2024-11-06T15:19:32.334+0000] {dagbag.py:588} INFO - Filling up the DagBag from /opt/airflow/dags/dag_with_postgres.py
[2024-11-06T15:19:32.343+0000] {processor.py:925} INFO - DAG(s) 'dag_with_postgres_operator_v01' retrieved from /opt/airflow/dags/dag_with_postgres.py
[2024-11-06T15:19:32.381+0000] {logging_mixin.py:190} INFO - [2024-11-06T15:19:32.381+0000] {dag.py:3239} INFO - Sync 1 DAGs
[2024-11-06T15:19:32.412+0000] {logging_mixin.py:190} INFO - [2024-11-06T15:19:32.411+0000] {dag.py:4180} INFO - Setting next_dagrun for dag_with_postgres_operator_v01 to 2024-11-06 00:00:00+00:00, run_after=2024-11-07 00:00:00+00:00
[2024-11-06T15:19:32.591+0000] {processor.py:208} INFO - Processing /opt/airflow/dags/dag_with_postgres.py took 0.266 seconds
[2024-11-06T15:20:02.800+0000] {processor.py:186} INFO - Started process (PID=540) to work on /opt/airflow/dags/dag_with_postgres.py
[2024-11-06T15:20:02.801+0000] {processor.py:914} INFO - Processing file /opt/airflow/dags/dag_with_postgres.py for tasks to queue
[2024-11-06T15:20:02.804+0000] {logging_mixin.py:190} INFO - [2024-11-06T15:20:02.804+0000] {dagbag.py:588} INFO - Filling up the DagBag from /opt/airflow/dags/dag_with_postgres.py
[2024-11-06T15:20:02.813+0000] {processor.py:925} INFO - DAG(s) 'dag_with_postgres_operator_v01' retrieved from /opt/airflow/dags/dag_with_postgres.py
[2024-11-06T15:20:02.841+0000] {logging_mixin.py:190} INFO - [2024-11-06T15:20:02.840+0000] {dag.py:3239} INFO - Sync 1 DAGs
[2024-11-06T15:20:03.027+0000] {logging_mixin.py:190} INFO - [2024-11-06T15:20:03.026+0000] {dag.py:4180} INFO - Setting next_dagrun for dag_with_postgres_operator_v01 to 2024-11-06 00:00:00+00:00, run_after=2024-11-07 00:00:00+00:00
[2024-11-06T15:20:03.048+0000] {processor.py:208} INFO - Processing /opt/airflow/dags/dag_with_postgres.py took 0.253 seconds
[2024-11-06T15:20:33.242+0000] {processor.py:186} INFO - Started process (PID=566) to work on /opt/airflow/dags/dag_with_postgres.py
[2024-11-06T15:20:33.243+0000] {processor.py:914} INFO - Processing file /opt/airflow/dags/dag_with_postgres.py for tasks to queue
[2024-11-06T15:20:33.245+0000] {logging_mixin.py:190} INFO - [2024-11-06T15:20:33.245+0000] {dagbag.py:588} INFO - Filling up the DagBag from /opt/airflow/dags/dag_with_postgres.py
[2024-11-06T15:20:33.255+0000] {processor.py:925} INFO - DAG(s) 'dag_with_postgres_operator_v01' retrieved from /opt/airflow/dags/dag_with_postgres.py
[2024-11-06T15:20:33.282+0000] {logging_mixin.py:190} INFO - [2024-11-06T15:20:33.282+0000] {dag.py:3239} INFO - Sync 1 DAGs
[2024-11-06T15:20:33.477+0000] {logging_mixin.py:190} INFO - [2024-11-06T15:20:33.476+0000] {dag.py:4180} INFO - Setting next_dagrun for dag_with_postgres_operator_v01 to 2024-11-06 00:00:00+00:00, run_after=2024-11-07 00:00:00+00:00
[2024-11-06T15:20:33.522+0000] {processor.py:208} INFO - Processing /opt/airflow/dags/dag_with_postgres.py took 0.286 seconds
[2024-11-06T15:21:03.729+0000] {processor.py:186} INFO - Started process (PID=593) to work on /opt/airflow/dags/dag_with_postgres.py
[2024-11-06T15:21:03.730+0000] {processor.py:914} INFO - Processing file /opt/airflow/dags/dag_with_postgres.py for tasks to queue
[2024-11-06T15:21:03.732+0000] {logging_mixin.py:190} INFO - [2024-11-06T15:21:03.732+0000] {dagbag.py:588} INFO - Filling up the DagBag from /opt/airflow/dags/dag_with_postgres.py
[2024-11-06T15:21:03.742+0000] {processor.py:925} INFO - DAG(s) 'dag_with_postgres_operator_v01' retrieved from /opt/airflow/dags/dag_with_postgres.py
[2024-11-06T15:21:03.944+0000] {logging_mixin.py:190} INFO - [2024-11-06T15:21:03.944+0000] {dag.py:3239} INFO - Sync 1 DAGs
[2024-11-06T15:21:03.970+0000] {logging_mixin.py:190} INFO - [2024-11-06T15:21:03.970+0000] {dag.py:4180} INFO - Setting next_dagrun for dag_with_postgres_operator_v01 to 2024-11-06 00:00:00+00:00, run_after=2024-11-07 00:00:00+00:00
[2024-11-06T15:21:03.993+0000] {processor.py:208} INFO - Processing /opt/airflow/dags/dag_with_postgres.py took 0.270 seconds
[2024-11-06T15:21:34.198+0000] {processor.py:186} INFO - Started process (PID=620) to work on /opt/airflow/dags/dag_with_postgres.py
[2024-11-06T15:21:34.198+0000] {processor.py:914} INFO - Processing file /opt/airflow/dags/dag_with_postgres.py for tasks to queue
[2024-11-06T15:21:34.201+0000] {logging_mixin.py:190} INFO - [2024-11-06T15:21:34.201+0000] {dagbag.py:588} INFO - Filling up the DagBag from /opt/airflow/dags/dag_with_postgres.py
[2024-11-06T15:21:34.211+0000] {processor.py:925} INFO - DAG(s) 'dag_with_postgres_operator_v01' retrieved from /opt/airflow/dags/dag_with_postgres.py
[2024-11-06T15:21:34.246+0000] {logging_mixin.py:190} INFO - [2024-11-06T15:21:34.245+0000] {dag.py:3239} INFO - Sync 1 DAGs
[2024-11-06T15:21:34.286+0000] {logging_mixin.py:190} INFO - [2024-11-06T15:21:34.285+0000] {dag.py:4180} INFO - Setting next_dagrun for dag_with_postgres_operator_v01 to 2024-11-06 00:00:00+00:00, run_after=2024-11-07 00:00:00+00:00
[2024-11-06T15:21:34.308+0000] {processor.py:208} INFO - Processing /opt/airflow/dags/dag_with_postgres.py took 0.116 seconds
[2024-11-06T15:22:04.531+0000] {processor.py:186} INFO - Started process (PID=646) to work on /opt/airflow/dags/dag_with_postgres.py
[2024-11-06T15:22:04.532+0000] {processor.py:914} INFO - Processing file /opt/airflow/dags/dag_with_postgres.py for tasks to queue
[2024-11-06T15:22:04.534+0000] {logging_mixin.py:190} INFO - [2024-11-06T15:22:04.534+0000] {dagbag.py:588} INFO - Filling up the DagBag from /opt/airflow/dags/dag_with_postgres.py
[2024-11-06T15:22:04.544+0000] {processor.py:925} INFO - DAG(s) 'dag_with_postgres_operator_v01' retrieved from /opt/airflow/dags/dag_with_postgres.py
[2024-11-06T15:22:04.571+0000] {logging_mixin.py:190} INFO - [2024-11-06T15:22:04.571+0000] {dag.py:3239} INFO - Sync 1 DAGs
[2024-11-06T15:22:04.611+0000] {logging_mixin.py:190} INFO - [2024-11-06T15:22:04.611+0000] {dag.py:4180} INFO - Setting next_dagrun for dag_with_postgres_operator_v01 to 2024-11-06 00:00:00+00:00, run_after=2024-11-07 00:00:00+00:00
[2024-11-06T15:22:04.634+0000] {processor.py:208} INFO - Processing /opt/airflow/dags/dag_with_postgres.py took 0.110 seconds
[2024-11-06T15:22:34.851+0000] {processor.py:186} INFO - Started process (PID=673) to work on /opt/airflow/dags/dag_with_postgres.py
[2024-11-06T15:22:34.852+0000] {processor.py:914} INFO - Processing file /opt/airflow/dags/dag_with_postgres.py for tasks to queue
[2024-11-06T15:22:34.855+0000] {logging_mixin.py:190} INFO - [2024-11-06T15:22:34.855+0000] {dagbag.py:588} INFO - Filling up the DagBag from /opt/airflow/dags/dag_with_postgres.py
[2024-11-06T15:22:34.865+0000] {processor.py:925} INFO - DAG(s) 'dag_with_postgres_operator_v01' retrieved from /opt/airflow/dags/dag_with_postgres.py
[2024-11-06T15:22:34.892+0000] {logging_mixin.py:190} INFO - [2024-11-06T15:22:34.891+0000] {dag.py:3239} INFO - Sync 1 DAGs
[2024-11-06T15:22:34.920+0000] {logging_mixin.py:190} INFO - [2024-11-06T15:22:34.920+0000] {dag.py:4180} INFO - Setting next_dagrun for dag_with_postgres_operator_v01 to 2024-11-06 00:00:00+00:00, run_after=2024-11-07 00:00:00+00:00
[2024-11-06T15:22:34.945+0000] {processor.py:208} INFO - Processing /opt/airflow/dags/dag_with_postgres.py took 0.100 seconds
[2024-11-06T15:23:05.176+0000] {processor.py:186} INFO - Started process (PID=699) to work on /opt/airflow/dags/dag_with_postgres.py
[2024-11-06T15:23:05.182+0000] {processor.py:914} INFO - Processing file /opt/airflow/dags/dag_with_postgres.py for tasks to queue
[2024-11-06T15:23:05.196+0000] {logging_mixin.py:190} INFO - [2024-11-06T15:23:05.196+0000] {dagbag.py:588} INFO - Filling up the DagBag from /opt/airflow/dags/dag_with_postgres.py
[2024-11-06T15:23:05.222+0000] {processor.py:925} INFO - DAG(s) 'dag_with_postgres_operator_v01' retrieved from /opt/airflow/dags/dag_with_postgres.py
[2024-11-06T15:23:05.282+0000] {logging_mixin.py:190} INFO - [2024-11-06T15:23:05.282+0000] {dag.py:3239} INFO - Sync 1 DAGs
[2024-11-06T15:23:05.334+0000] {logging_mixin.py:190} INFO - [2024-11-06T15:23:05.334+0000] {dag.py:4180} INFO - Setting next_dagrun for dag_with_postgres_operator_v01 to 2024-11-06 00:00:00+00:00, run_after=2024-11-07 00:00:00+00:00
[2024-11-06T15:23:05.370+0000] {processor.py:208} INFO - Processing /opt/airflow/dags/dag_with_postgres.py took 0.215 seconds
[2024-11-06T15:23:35.601+0000] {processor.py:186} INFO - Started process (PID=726) to work on /opt/airflow/dags/dag_with_postgres.py
[2024-11-06T15:23:35.602+0000] {processor.py:914} INFO - Processing file /opt/airflow/dags/dag_with_postgres.py for tasks to queue
[2024-11-06T15:23:35.604+0000] {logging_mixin.py:190} INFO - [2024-11-06T15:23:35.604+0000] {dagbag.py:588} INFO - Filling up the DagBag from /opt/airflow/dags/dag_with_postgres.py
[2024-11-06T15:23:35.619+0000] {processor.py:925} INFO - DAG(s) 'dag_with_postgres_operator_v01' retrieved from /opt/airflow/dags/dag_with_postgres.py
[2024-11-06T15:23:35.694+0000] {logging_mixin.py:190} INFO - [2024-11-06T15:23:35.694+0000] {dag.py:3239} INFO - Sync 1 DAGs
[2024-11-06T15:23:35.744+0000] {logging_mixin.py:190} INFO - [2024-11-06T15:23:35.744+0000] {dag.py:4180} INFO - Setting next_dagrun for dag_with_postgres_operator_v01 to 2024-11-06 00:00:00+00:00, run_after=2024-11-07 00:00:00+00:00
[2024-11-06T15:23:35.785+0000] {processor.py:208} INFO - Processing /opt/airflow/dags/dag_with_postgres.py took 0.191 seconds
[2024-11-06T15:24:06.017+0000] {processor.py:186} INFO - Started process (PID=753) to work on /opt/airflow/dags/dag_with_postgres.py
[2024-11-06T15:24:06.018+0000] {processor.py:914} INFO - Processing file /opt/airflow/dags/dag_with_postgres.py for tasks to queue
[2024-11-06T15:24:06.021+0000] {logging_mixin.py:190} INFO - [2024-11-06T15:24:06.020+0000] {dagbag.py:588} INFO - Filling up the DagBag from /opt/airflow/dags/dag_with_postgres.py
[2024-11-06T15:24:06.030+0000] {processor.py:925} INFO - DAG(s) 'dag_with_postgres_operator_v01' retrieved from /opt/airflow/dags/dag_with_postgres.py
[2024-11-06T15:24:06.058+0000] {logging_mixin.py:190} INFO - [2024-11-06T15:24:06.058+0000] {dag.py:3239} INFO - Sync 1 DAGs
[2024-11-06T15:24:06.087+0000] {logging_mixin.py:190} INFO - [2024-11-06T15:24:06.087+0000] {dag.py:4180} INFO - Setting next_dagrun for dag_with_postgres_operator_v01 to 2024-11-06 00:00:00+00:00, run_after=2024-11-07 00:00:00+00:00
[2024-11-06T15:24:06.109+0000] {processor.py:208} INFO - Processing /opt/airflow/dags/dag_with_postgres.py took 0.097 seconds
[2024-11-06T15:24:36.336+0000] {processor.py:186} INFO - Started process (PID=780) to work on /opt/airflow/dags/dag_with_postgres.py
[2024-11-06T15:24:36.345+0000] {processor.py:914} INFO - Processing file /opt/airflow/dags/dag_with_postgres.py for tasks to queue
[2024-11-06T15:24:36.347+0000] {logging_mixin.py:190} INFO - [2024-11-06T15:24:36.347+0000] {dagbag.py:588} INFO - Filling up the DagBag from /opt/airflow/dags/dag_with_postgres.py
[2024-11-06T15:24:36.370+0000] {processor.py:925} INFO - DAG(s) 'dag_with_postgres_operator_v01' retrieved from /opt/airflow/dags/dag_with_postgres.py
[2024-11-06T15:24:36.482+0000] {logging_mixin.py:190} INFO - [2024-11-06T15:24:36.482+0000] {dag.py:3239} INFO - Sync 1 DAGs
[2024-11-06T15:24:36.546+0000] {logging_mixin.py:190} INFO - [2024-11-06T15:24:36.534+0000] {dag.py:4180} INFO - Setting next_dagrun for dag_with_postgres_operator_v01 to 2024-11-06 00:00:00+00:00, run_after=2024-11-07 00:00:00+00:00
[2024-11-06T15:24:36.579+0000] {processor.py:208} INFO - Processing /opt/airflow/dags/dag_with_postgres.py took 0.249 seconds
[2024-11-06T15:25:06.794+0000] {processor.py:186} INFO - Started process (PID=806) to work on /opt/airflow/dags/dag_with_postgres.py
[2024-11-06T15:25:06.795+0000] {processor.py:914} INFO - Processing file /opt/airflow/dags/dag_with_postgres.py for tasks to queue
[2024-11-06T15:25:06.797+0000] {logging_mixin.py:190} INFO - [2024-11-06T15:25:06.796+0000] {dagbag.py:588} INFO - Filling up the DagBag from /opt/airflow/dags/dag_with_postgres.py
[2024-11-06T15:25:06.806+0000] {processor.py:925} INFO - DAG(s) 'dag_with_postgres_operator_v01' retrieved from /opt/airflow/dags/dag_with_postgres.py
[2024-11-06T15:25:06.835+0000] {logging_mixin.py:190} INFO - [2024-11-06T15:25:06.834+0000] {dag.py:3239} INFO - Sync 1 DAGs
[2024-11-06T15:25:06.863+0000] {logging_mixin.py:190} INFO - [2024-11-06T15:25:06.863+0000] {dag.py:4180} INFO - Setting next_dagrun for dag_with_postgres_operator_v01 to 2024-11-06 00:00:00+00:00, run_after=2024-11-07 00:00:00+00:00
[2024-11-06T15:25:06.884+0000] {processor.py:208} INFO - Processing /opt/airflow/dags/dag_with_postgres.py took 0.097 seconds
[2024-11-06T15:25:37.079+0000] {processor.py:186} INFO - Started process (PID=833) to work on /opt/airflow/dags/dag_with_postgres.py
[2024-11-06T15:25:37.079+0000] {processor.py:914} INFO - Processing file /opt/airflow/dags/dag_with_postgres.py for tasks to queue
[2024-11-06T15:25:37.082+0000] {logging_mixin.py:190} INFO - [2024-11-06T15:25:37.081+0000] {dagbag.py:588} INFO - Filling up the DagBag from /opt/airflow/dags/dag_with_postgres.py
[2024-11-06T15:25:37.091+0000] {processor.py:925} INFO - DAG(s) 'dag_with_postgres_operator_v01' retrieved from /opt/airflow/dags/dag_with_postgres.py
[2024-11-06T15:25:37.118+0000] {logging_mixin.py:190} INFO - [2024-11-06T15:25:37.118+0000] {dag.py:3239} INFO - Sync 1 DAGs
[2024-11-06T15:25:37.146+0000] {logging_mixin.py:190} INFO - [2024-11-06T15:25:37.146+0000] {dag.py:4180} INFO - Setting next_dagrun for dag_with_postgres_operator_v01 to 2024-11-06 00:00:00+00:00, run_after=2024-11-07 00:00:00+00:00
[2024-11-06T15:25:37.179+0000] {processor.py:208} INFO - Processing /opt/airflow/dags/dag_with_postgres.py took 0.106 seconds
[2024-11-06T15:26:07.370+0000] {processor.py:186} INFO - Started process (PID=859) to work on /opt/airflow/dags/dag_with_postgres.py
[2024-11-06T15:26:07.371+0000] {processor.py:914} INFO - Processing file /opt/airflow/dags/dag_with_postgres.py for tasks to queue
[2024-11-06T15:26:07.373+0000] {logging_mixin.py:190} INFO - [2024-11-06T15:26:07.373+0000] {dagbag.py:588} INFO - Filling up the DagBag from /opt/airflow/dags/dag_with_postgres.py
[2024-11-06T15:26:07.383+0000] {processor.py:925} INFO - DAG(s) 'dag_with_postgres_operator_v01' retrieved from /opt/airflow/dags/dag_with_postgres.py
[2024-11-06T15:26:07.411+0000] {logging_mixin.py:190} INFO - [2024-11-06T15:26:07.411+0000] {dag.py:3239} INFO - Sync 1 DAGs
[2024-11-06T15:26:07.439+0000] {logging_mixin.py:190} INFO - [2024-11-06T15:26:07.439+0000] {dag.py:4180} INFO - Setting next_dagrun for dag_with_postgres_operator_v01 to 2024-11-06 00:00:00+00:00, run_after=2024-11-07 00:00:00+00:00
[2024-11-06T15:26:07.461+0000] {processor.py:208} INFO - Processing /opt/airflow/dags/dag_with_postgres.py took 0.097 seconds
[2024-11-06T15:26:37.655+0000] {processor.py:186} INFO - Started process (PID=884) to work on /opt/airflow/dags/dag_with_postgres.py
[2024-11-06T15:26:37.656+0000] {processor.py:914} INFO - Processing file /opt/airflow/dags/dag_with_postgres.py for tasks to queue
[2024-11-06T15:26:37.659+0000] {logging_mixin.py:190} INFO - [2024-11-06T15:26:37.658+0000] {dagbag.py:588} INFO - Filling up the DagBag from /opt/airflow/dags/dag_with_postgres.py
[2024-11-06T15:26:37.668+0000] {processor.py:925} INFO - DAG(s) 'dag_with_postgres_operator_v01' retrieved from /opt/airflow/dags/dag_with_postgres.py
[2024-11-06T15:26:37.695+0000] {logging_mixin.py:190} INFO - [2024-11-06T15:26:37.695+0000] {dag.py:3239} INFO - Sync 1 DAGs
[2024-11-06T15:26:37.723+0000] {logging_mixin.py:190} INFO - [2024-11-06T15:26:37.722+0000] {dag.py:4180} INFO - Setting next_dagrun for dag_with_postgres_operator_v01 to 2024-11-06 00:00:00+00:00, run_after=2024-11-07 00:00:00+00:00
[2024-11-06T15:26:37.743+0000] {processor.py:208} INFO - Processing /opt/airflow/dags/dag_with_postgres.py took 0.094 seconds
[2024-11-06T15:27:07.966+0000] {processor.py:186} INFO - Started process (PID=910) to work on /opt/airflow/dags/dag_with_postgres.py
[2024-11-06T15:27:07.971+0000] {processor.py:914} INFO - Processing file /opt/airflow/dags/dag_with_postgres.py for tasks to queue
[2024-11-06T15:27:07.975+0000] {logging_mixin.py:190} INFO - [2024-11-06T15:27:07.974+0000] {dagbag.py:588} INFO - Filling up the DagBag from /opt/airflow/dags/dag_with_postgres.py
[2024-11-06T15:27:07.993+0000] {processor.py:925} INFO - DAG(s) 'dag_with_postgres_operator_v01' retrieved from /opt/airflow/dags/dag_with_postgres.py
[2024-11-06T15:27:08.045+0000] {logging_mixin.py:190} INFO - [2024-11-06T15:27:08.045+0000] {dag.py:3239} INFO - Sync 1 DAGs
[2024-11-06T15:27:08.102+0000] {logging_mixin.py:190} INFO - [2024-11-06T15:27:08.101+0000] {dag.py:4180} INFO - Setting next_dagrun for dag_with_postgres_operator_v01 to 2024-11-06 00:00:00+00:00, run_after=2024-11-07 00:00:00+00:00
[2024-11-06T15:27:08.152+0000] {processor.py:208} INFO - Processing /opt/airflow/dags/dag_with_postgres.py took 0.193 seconds
[2024-11-06T15:27:38.345+0000] {processor.py:186} INFO - Started process (PID=936) to work on /opt/airflow/dags/dag_with_postgres.py
[2024-11-06T15:27:38.346+0000] {processor.py:914} INFO - Processing file /opt/airflow/dags/dag_with_postgres.py for tasks to queue
[2024-11-06T15:27:38.348+0000] {logging_mixin.py:190} INFO - [2024-11-06T15:27:38.347+0000] {dagbag.py:588} INFO - Filling up the DagBag from /opt/airflow/dags/dag_with_postgres.py
[2024-11-06T15:27:38.359+0000] {processor.py:925} INFO - DAG(s) 'dag_with_postgres_operator_v01' retrieved from /opt/airflow/dags/dag_with_postgres.py
[2024-11-06T15:27:38.396+0000] {logging_mixin.py:190} INFO - [2024-11-06T15:27:38.396+0000] {dag.py:3239} INFO - Sync 1 DAGs
[2024-11-06T15:27:38.434+0000] {logging_mixin.py:190} INFO - [2024-11-06T15:27:38.433+0000] {dag.py:4180} INFO - Setting next_dagrun for dag_with_postgres_operator_v01 to 2024-11-06 00:00:00+00:00, run_after=2024-11-07 00:00:00+00:00
[2024-11-06T15:27:38.463+0000] {processor.py:208} INFO - Processing /opt/airflow/dags/dag_with_postgres.py took 0.124 seconds
[2024-11-06T15:28:08.741+0000] {processor.py:186} INFO - Started process (PID=962) to work on /opt/airflow/dags/dag_with_postgres.py
[2024-11-06T15:28:08.742+0000] {processor.py:914} INFO - Processing file /opt/airflow/dags/dag_with_postgres.py for tasks to queue
[2024-11-06T15:28:08.745+0000] {logging_mixin.py:190} INFO - [2024-11-06T15:28:08.744+0000] {dagbag.py:588} INFO - Filling up the DagBag from /opt/airflow/dags/dag_with_postgres.py
[2024-11-06T15:28:08.754+0000] {processor.py:925} INFO - DAG(s) 'dag_with_postgres_operator_v01' retrieved from /opt/airflow/dags/dag_with_postgres.py
[2024-11-06T15:28:08.782+0000] {logging_mixin.py:190} INFO - [2024-11-06T15:28:08.782+0000] {dag.py:3239} INFO - Sync 1 DAGs
[2024-11-06T15:28:08.841+0000] {logging_mixin.py:190} INFO - [2024-11-06T15:28:08.840+0000] {dag.py:4180} INFO - Setting next_dagrun for dag_with_postgres_operator_v01 to 2024-11-06 00:00:00+00:00, run_after=2024-11-07 00:00:00+00:00
[2024-11-06T15:28:08.863+0000] {processor.py:208} INFO - Processing /opt/airflow/dags/dag_with_postgres.py took 0.127 seconds
[2024-11-06T15:28:39.106+0000] {processor.py:186} INFO - Started process (PID=989) to work on /opt/airflow/dags/dag_with_postgres.py
[2024-11-06T15:28:39.107+0000] {processor.py:914} INFO - Processing file /opt/airflow/dags/dag_with_postgres.py for tasks to queue
[2024-11-06T15:28:39.114+0000] {logging_mixin.py:190} INFO - [2024-11-06T15:28:39.113+0000] {dagbag.py:588} INFO - Filling up the DagBag from /opt/airflow/dags/dag_with_postgres.py
[2024-11-06T15:28:39.132+0000] {processor.py:925} INFO - DAG(s) 'dag_with_postgres_operator_v01' retrieved from /opt/airflow/dags/dag_with_postgres.py
[2024-11-06T15:28:39.197+0000] {logging_mixin.py:190} INFO - [2024-11-06T15:28:39.197+0000] {dag.py:3239} INFO - Sync 1 DAGs
[2024-11-06T15:28:39.259+0000] {logging_mixin.py:190} INFO - [2024-11-06T15:28:39.258+0000] {dag.py:4180} INFO - Setting next_dagrun for dag_with_postgres_operator_v01 to 2024-11-06 00:00:00+00:00, run_after=2024-11-07 00:00:00+00:00
[2024-11-06T15:28:39.312+0000] {processor.py:208} INFO - Processing /opt/airflow/dags/dag_with_postgres.py took 0.222 seconds
[2024-11-06T15:29:09.605+0000] {processor.py:186} INFO - Started process (PID=1015) to work on /opt/airflow/dags/dag_with_postgres.py
[2024-11-06T15:29:09.606+0000] {processor.py:914} INFO - Processing file /opt/airflow/dags/dag_with_postgres.py for tasks to queue
[2024-11-06T15:29:09.608+0000] {logging_mixin.py:190} INFO - [2024-11-06T15:29:09.608+0000] {dagbag.py:588} INFO - Filling up the DagBag from /opt/airflow/dags/dag_with_postgres.py
[2024-11-06T15:29:09.617+0000] {processor.py:925} INFO - DAG(s) 'dag_with_postgres_operator_v01' retrieved from /opt/airflow/dags/dag_with_postgres.py
[2024-11-06T15:29:09.647+0000] {logging_mixin.py:190} INFO - [2024-11-06T15:29:09.647+0000] {dag.py:3239} INFO - Sync 1 DAGs
[2024-11-06T15:29:09.675+0000] {logging_mixin.py:190} INFO - [2024-11-06T15:29:09.675+0000] {dag.py:4180} INFO - Setting next_dagrun for dag_with_postgres_operator_v01 to 2024-11-06 00:00:00+00:00, run_after=2024-11-07 00:00:00+00:00
[2024-11-06T15:29:09.697+0000] {processor.py:208} INFO - Processing /opt/airflow/dags/dag_with_postgres.py took 0.098 seconds
[2024-11-06T15:29:39.928+0000] {processor.py:186} INFO - Started process (PID=1042) to work on /opt/airflow/dags/dag_with_postgres.py
[2024-11-06T15:29:39.934+0000] {processor.py:914} INFO - Processing file /opt/airflow/dags/dag_with_postgres.py for tasks to queue
[2024-11-06T15:29:39.944+0000] {logging_mixin.py:190} INFO - [2024-11-06T15:29:39.942+0000] {dagbag.py:588} INFO - Filling up the DagBag from /opt/airflow/dags/dag_with_postgres.py
[2024-11-06T15:29:39.981+0000] {processor.py:925} INFO - DAG(s) 'dag_with_postgres_operator_v01' retrieved from /opt/airflow/dags/dag_with_postgres.py
[2024-11-06T15:29:40.041+0000] {logging_mixin.py:190} INFO - [2024-11-06T15:29:40.040+0000] {dag.py:3239} INFO - Sync 1 DAGs
[2024-11-06T15:29:40.084+0000] {logging_mixin.py:190} INFO - [2024-11-06T15:29:40.084+0000] {dag.py:4180} INFO - Setting next_dagrun for dag_with_postgres_operator_v01 to 2024-11-06 00:00:00+00:00, run_after=2024-11-07 00:00:00+00:00
[2024-11-06T15:29:40.118+0000] {processor.py:208} INFO - Processing /opt/airflow/dags/dag_with_postgres.py took 0.208 seconds
[2024-11-06T15:30:10.381+0000] {processor.py:186} INFO - Started process (PID=1068) to work on /opt/airflow/dags/dag_with_postgres.py
[2024-11-06T15:30:10.382+0000] {processor.py:914} INFO - Processing file /opt/airflow/dags/dag_with_postgres.py for tasks to queue
[2024-11-06T15:30:10.385+0000] {logging_mixin.py:190} INFO - [2024-11-06T15:30:10.384+0000] {dagbag.py:588} INFO - Filling up the DagBag from /opt/airflow/dags/dag_with_postgres.py
[2024-11-06T15:30:10.411+0000] {processor.py:925} INFO - DAG(s) 'dag_with_postgres_operator_v01' retrieved from /opt/airflow/dags/dag_with_postgres.py
[2024-11-06T15:30:10.468+0000] {logging_mixin.py:190} INFO - [2024-11-06T15:30:10.468+0000] {dag.py:3239} INFO - Sync 1 DAGs
[2024-11-06T15:30:10.498+0000] {logging_mixin.py:190} INFO - [2024-11-06T15:30:10.498+0000] {dag.py:4180} INFO - Setting next_dagrun for dag_with_postgres_operator_v01 to 2024-11-06 00:00:00+00:00, run_after=2024-11-07 00:00:00+00:00
[2024-11-06T15:30:10.526+0000] {processor.py:208} INFO - Processing /opt/airflow/dags/dag_with_postgres.py took 0.158 seconds
[2024-11-06T15:30:40.780+0000] {processor.py:186} INFO - Started process (PID=1095) to work on /opt/airflow/dags/dag_with_postgres.py
[2024-11-06T15:30:40.781+0000] {processor.py:914} INFO - Processing file /opt/airflow/dags/dag_with_postgres.py for tasks to queue
[2024-11-06T15:30:40.783+0000] {logging_mixin.py:190} INFO - [2024-11-06T15:30:40.783+0000] {dagbag.py:588} INFO - Filling up the DagBag from /opt/airflow/dags/dag_with_postgres.py
[2024-11-06T15:30:40.793+0000] {processor.py:925} INFO - DAG(s) 'dag_with_postgres_operator_v01' retrieved from /opt/airflow/dags/dag_with_postgres.py
[2024-11-06T15:30:40.821+0000] {logging_mixin.py:190} INFO - [2024-11-06T15:30:40.821+0000] {dag.py:3239} INFO - Sync 1 DAGs
[2024-11-06T15:30:40.850+0000] {logging_mixin.py:190} INFO - [2024-11-06T15:30:40.850+0000] {dag.py:4180} INFO - Setting next_dagrun for dag_with_postgres_operator_v01 to 2024-11-06 00:00:00+00:00, run_after=2024-11-07 00:00:00+00:00
[2024-11-06T15:30:40.872+0000] {processor.py:208} INFO - Processing /opt/airflow/dags/dag_with_postgres.py took 0.099 seconds
[2024-11-06T15:31:11.067+0000] {processor.py:186} INFO - Started process (PID=1121) to work on /opt/airflow/dags/dag_with_postgres.py
[2024-11-06T15:31:11.068+0000] {processor.py:914} INFO - Processing file /opt/airflow/dags/dag_with_postgres.py for tasks to queue
[2024-11-06T15:31:11.070+0000] {logging_mixin.py:190} INFO - [2024-11-06T15:31:11.070+0000] {dagbag.py:588} INFO - Filling up the DagBag from /opt/airflow/dags/dag_with_postgres.py
[2024-11-06T15:31:11.079+0000] {processor.py:925} INFO - DAG(s) 'dag_with_postgres_operator_v01' retrieved from /opt/airflow/dags/dag_with_postgres.py
[2024-11-06T15:31:11.109+0000] {logging_mixin.py:190} INFO - [2024-11-06T15:31:11.108+0000] {dag.py:3239} INFO - Sync 1 DAGs
[2024-11-06T15:31:11.138+0000] {logging_mixin.py:190} INFO - [2024-11-06T15:31:11.138+0000] {dag.py:4180} INFO - Setting next_dagrun for dag_with_postgres_operator_v01 to 2024-11-06 00:00:00+00:00, run_after=2024-11-07 00:00:00+00:00
[2024-11-06T15:31:11.161+0000] {processor.py:208} INFO - Processing /opt/airflow/dags/dag_with_postgres.py took 0.102 seconds
[2024-11-06T15:31:41.349+0000] {processor.py:186} INFO - Started process (PID=1147) to work on /opt/airflow/dags/dag_with_postgres.py
[2024-11-06T15:31:41.350+0000] {processor.py:914} INFO - Processing file /opt/airflow/dags/dag_with_postgres.py for tasks to queue
[2024-11-06T15:31:41.352+0000] {logging_mixin.py:190} INFO - [2024-11-06T15:31:41.352+0000] {dagbag.py:588} INFO - Filling up the DagBag from /opt/airflow/dags/dag_with_postgres.py
[2024-11-06T15:31:41.361+0000] {processor.py:925} INFO - DAG(s) 'dag_with_postgres_operator_v01' retrieved from /opt/airflow/dags/dag_with_postgres.py
[2024-11-06T15:31:41.388+0000] {logging_mixin.py:190} INFO - [2024-11-06T15:31:41.388+0000] {dag.py:3239} INFO - Sync 1 DAGs
[2024-11-06T15:31:41.416+0000] {logging_mixin.py:190} INFO - [2024-11-06T15:31:41.416+0000] {dag.py:4180} INFO - Setting next_dagrun for dag_with_postgres_operator_v01 to 2024-11-06 00:00:00+00:00, run_after=2024-11-07 00:00:00+00:00
[2024-11-06T15:31:41.437+0000] {processor.py:208} INFO - Processing /opt/airflow/dags/dag_with_postgres.py took 0.094 seconds
[2024-11-06T15:32:11.651+0000] {processor.py:186} INFO - Started process (PID=1174) to work on /opt/airflow/dags/dag_with_postgres.py
[2024-11-06T15:32:11.652+0000] {processor.py:914} INFO - Processing file /opt/airflow/dags/dag_with_postgres.py for tasks to queue
[2024-11-06T15:32:11.655+0000] {logging_mixin.py:190} INFO - [2024-11-06T15:32:11.654+0000] {dagbag.py:588} INFO - Filling up the DagBag from /opt/airflow/dags/dag_with_postgres.py
[2024-11-06T15:32:11.671+0000] {processor.py:925} INFO - DAG(s) 'dag_with_postgres_operator_v01' retrieved from /opt/airflow/dags/dag_with_postgres.py
[2024-11-06T15:32:11.708+0000] {logging_mixin.py:190} INFO - [2024-11-06T15:32:11.707+0000] {dag.py:3239} INFO - Sync 1 DAGs
[2024-11-06T15:32:11.741+0000] {logging_mixin.py:190} INFO - [2024-11-06T15:32:11.741+0000] {dag.py:4180} INFO - Setting next_dagrun for dag_with_postgres_operator_v01 to 2024-11-06 00:00:00+00:00, run_after=2024-11-07 00:00:00+00:00
[2024-11-06T15:32:12.137+0000] {processor.py:208} INFO - Processing /opt/airflow/dags/dag_with_postgres.py took 0.497 seconds
[2024-11-06T15:32:42.398+0000] {processor.py:186} INFO - Started process (PID=1200) to work on /opt/airflow/dags/dag_with_postgres.py
[2024-11-06T15:32:42.399+0000] {processor.py:914} INFO - Processing file /opt/airflow/dags/dag_with_postgres.py for tasks to queue
[2024-11-06T15:32:42.401+0000] {logging_mixin.py:190} INFO - [2024-11-06T15:32:42.401+0000] {dagbag.py:588} INFO - Filling up the DagBag from /opt/airflow/dags/dag_with_postgres.py
[2024-11-06T15:32:42.410+0000] {processor.py:925} INFO - DAG(s) 'dag_with_postgres_operator_v01' retrieved from /opt/airflow/dags/dag_with_postgres.py
[2024-11-06T15:32:42.437+0000] {logging_mixin.py:190} INFO - [2024-11-06T15:32:42.437+0000] {dag.py:3239} INFO - Sync 1 DAGs
[2024-11-06T15:32:42.465+0000] {logging_mixin.py:190} INFO - [2024-11-06T15:32:42.465+0000] {dag.py:4180} INFO - Setting next_dagrun for dag_with_postgres_operator_v01 to 2024-11-06 00:00:00+00:00, run_after=2024-11-07 00:00:00+00:00
[2024-11-06T15:32:42.488+0000] {processor.py:208} INFO - Processing /opt/airflow/dags/dag_with_postgres.py took 0.096 seconds
[2024-11-06T15:33:12.690+0000] {processor.py:186} INFO - Started process (PID=1226) to work on /opt/airflow/dags/dag_with_postgres.py
[2024-11-06T15:33:12.691+0000] {processor.py:914} INFO - Processing file /opt/airflow/dags/dag_with_postgres.py for tasks to queue
[2024-11-06T15:33:12.693+0000] {logging_mixin.py:190} INFO - [2024-11-06T15:33:12.693+0000] {dagbag.py:588} INFO - Filling up the DagBag from /opt/airflow/dags/dag_with_postgres.py
[2024-11-06T15:33:12.702+0000] {processor.py:925} INFO - DAG(s) 'dag_with_postgres_operator_v01' retrieved from /opt/airflow/dags/dag_with_postgres.py
[2024-11-06T15:33:12.730+0000] {logging_mixin.py:190} INFO - [2024-11-06T15:33:12.729+0000] {dag.py:3239} INFO - Sync 1 DAGs
[2024-11-06T15:33:12.763+0000] {logging_mixin.py:190} INFO - [2024-11-06T15:33:12.762+0000] {dag.py:4180} INFO - Setting next_dagrun for dag_with_postgres_operator_v01 to 2024-11-06 00:00:00+00:00, run_after=2024-11-07 00:00:00+00:00
[2024-11-06T15:33:12.785+0000] {processor.py:208} INFO - Processing /opt/airflow/dags/dag_with_postgres.py took 0.101 seconds
[2024-11-06T15:33:42.975+0000] {processor.py:186} INFO - Started process (PID=1252) to work on /opt/airflow/dags/dag_with_postgres.py
[2024-11-06T15:33:42.976+0000] {processor.py:914} INFO - Processing file /opt/airflow/dags/dag_with_postgres.py for tasks to queue
[2024-11-06T15:33:42.978+0000] {logging_mixin.py:190} INFO - [2024-11-06T15:33:42.978+0000] {dagbag.py:588} INFO - Filling up the DagBag from /opt/airflow/dags/dag_with_postgres.py
[2024-11-06T15:33:42.987+0000] {processor.py:925} INFO - DAG(s) 'dag_with_postgres_operator_v01' retrieved from /opt/airflow/dags/dag_with_postgres.py
[2024-11-06T15:33:43.015+0000] {logging_mixin.py:190} INFO - [2024-11-06T15:33:43.014+0000] {dag.py:3239} INFO - Sync 1 DAGs
[2024-11-06T15:33:43.043+0000] {logging_mixin.py:190} INFO - [2024-11-06T15:33:43.043+0000] {dag.py:4180} INFO - Setting next_dagrun for dag_with_postgres_operator_v01 to 2024-11-06 00:00:00+00:00, run_after=2024-11-07 00:00:00+00:00
[2024-11-06T15:33:43.066+0000] {processor.py:208} INFO - Processing /opt/airflow/dags/dag_with_postgres.py took 0.097 seconds
[2024-11-06T15:34:13.262+0000] {processor.py:186} INFO - Started process (PID=1278) to work on /opt/airflow/dags/dag_with_postgres.py
[2024-11-06T15:34:13.263+0000] {processor.py:914} INFO - Processing file /opt/airflow/dags/dag_with_postgres.py for tasks to queue
[2024-11-06T15:34:13.266+0000] {logging_mixin.py:190} INFO - [2024-11-06T15:34:13.265+0000] {dagbag.py:588} INFO - Filling up the DagBag from /opt/airflow/dags/dag_with_postgres.py
[2024-11-06T15:34:13.275+0000] {processor.py:925} INFO - DAG(s) 'dag_with_postgres_operator_v01' retrieved from /opt/airflow/dags/dag_with_postgres.py
[2024-11-06T15:34:13.304+0000] {logging_mixin.py:190} INFO - [2024-11-06T15:34:13.304+0000] {dag.py:3239} INFO - Sync 1 DAGs
[2024-11-06T15:34:13.333+0000] {logging_mixin.py:190} INFO - [2024-11-06T15:34:13.332+0000] {dag.py:4180} INFO - Setting next_dagrun for dag_with_postgres_operator_v01 to 2024-11-06 00:00:00+00:00, run_after=2024-11-07 00:00:00+00:00
[2024-11-06T15:34:13.353+0000] {processor.py:208} INFO - Processing /opt/airflow/dags/dag_with_postgres.py took 0.098 seconds
[2024-11-06T15:34:43.559+0000] {processor.py:186} INFO - Started process (PID=1304) to work on /opt/airflow/dags/dag_with_postgres.py
[2024-11-06T15:34:43.560+0000] {processor.py:914} INFO - Processing file /opt/airflow/dags/dag_with_postgres.py for tasks to queue
[2024-11-06T15:34:43.563+0000] {logging_mixin.py:190} INFO - [2024-11-06T15:34:43.562+0000] {dagbag.py:588} INFO - Filling up the DagBag from /opt/airflow/dags/dag_with_postgres.py
[2024-11-06T15:34:43.576+0000] {processor.py:925} INFO - DAG(s) 'dag_with_postgres_operator_v01' retrieved from /opt/airflow/dags/dag_with_postgres.py
[2024-11-06T15:34:43.609+0000] {logging_mixin.py:190} INFO - [2024-11-06T15:34:43.609+0000] {dag.py:3239} INFO - Sync 1 DAGs
[2024-11-06T15:34:43.638+0000] {logging_mixin.py:190} INFO - [2024-11-06T15:34:43.637+0000] {dag.py:4180} INFO - Setting next_dagrun for dag_with_postgres_operator_v01 to 2024-11-06 00:00:00+00:00, run_after=2024-11-07 00:00:00+00:00
[2024-11-06T15:34:43.657+0000] {processor.py:208} INFO - Processing /opt/airflow/dags/dag_with_postgres.py took 0.104 seconds
[2024-11-06T15:35:13.843+0000] {processor.py:186} INFO - Started process (PID=1331) to work on /opt/airflow/dags/dag_with_postgres.py
[2024-11-06T15:35:13.844+0000] {processor.py:914} INFO - Processing file /opt/airflow/dags/dag_with_postgres.py for tasks to queue
[2024-11-06T15:35:13.847+0000] {logging_mixin.py:190} INFO - [2024-11-06T15:35:13.846+0000] {dagbag.py:588} INFO - Filling up the DagBag from /opt/airflow/dags/dag_with_postgres.py
[2024-11-06T15:35:13.856+0000] {processor.py:925} INFO - DAG(s) 'dag_with_postgres_operator_v01' retrieved from /opt/airflow/dags/dag_with_postgres.py
[2024-11-06T15:35:13.883+0000] {logging_mixin.py:190} INFO - [2024-11-06T15:35:13.883+0000] {dag.py:3239} INFO - Sync 1 DAGs
[2024-11-06T15:35:13.913+0000] {logging_mixin.py:190} INFO - [2024-11-06T15:35:13.913+0000] {dag.py:4180} INFO - Setting next_dagrun for dag_with_postgres_operator_v01 to 2024-11-06 00:00:00+00:00, run_after=2024-11-07 00:00:00+00:00
[2024-11-06T15:35:13.936+0000] {processor.py:208} INFO - Processing /opt/airflow/dags/dag_with_postgres.py took 0.100 seconds
[2024-11-06T15:35:44.139+0000] {processor.py:186} INFO - Started process (PID=1357) to work on /opt/airflow/dags/dag_with_postgres.py
[2024-11-06T15:35:44.140+0000] {processor.py:914} INFO - Processing file /opt/airflow/dags/dag_with_postgres.py for tasks to queue
[2024-11-06T15:35:44.143+0000] {logging_mixin.py:190} INFO - [2024-11-06T15:35:44.143+0000] {dagbag.py:588} INFO - Filling up the DagBag from /opt/airflow/dags/dag_with_postgres.py
[2024-11-06T15:35:44.153+0000] {processor.py:925} INFO - DAG(s) 'dag_with_postgres_operator_v01' retrieved from /opt/airflow/dags/dag_with_postgres.py
[2024-11-06T15:35:44.181+0000] {logging_mixin.py:190} INFO - [2024-11-06T15:35:44.180+0000] {dag.py:3239} INFO - Sync 1 DAGs
[2024-11-06T15:35:44.218+0000] {logging_mixin.py:190} INFO - [2024-11-06T15:35:44.217+0000] {dag.py:4180} INFO - Setting next_dagrun for dag_with_postgres_operator_v01 to 2024-11-06 00:00:00+00:00, run_after=2024-11-07 00:00:00+00:00
[2024-11-06T15:35:44.242+0000] {processor.py:208} INFO - Processing /opt/airflow/dags/dag_with_postgres.py took 0.108 seconds
[2024-11-06T15:36:14.450+0000] {processor.py:186} INFO - Started process (PID=1384) to work on /opt/airflow/dags/dag_with_postgres.py
[2024-11-06T15:36:14.451+0000] {processor.py:914} INFO - Processing file /opt/airflow/dags/dag_with_postgres.py for tasks to queue
[2024-11-06T15:36:14.454+0000] {logging_mixin.py:190} INFO - [2024-11-06T15:36:14.453+0000] {dagbag.py:588} INFO - Filling up the DagBag from /opt/airflow/dags/dag_with_postgres.py
[2024-11-06T15:36:14.464+0000] {processor.py:925} INFO - DAG(s) 'dag_with_postgres_operator_v01' retrieved from /opt/airflow/dags/dag_with_postgres.py
[2024-11-06T15:36:14.491+0000] {logging_mixin.py:190} INFO - [2024-11-06T15:36:14.490+0000] {dag.py:3239} INFO - Sync 1 DAGs
[2024-11-06T15:36:14.519+0000] {logging_mixin.py:190} INFO - [2024-11-06T15:36:14.519+0000] {dag.py:4180} INFO - Setting next_dagrun for dag_with_postgres_operator_v01 to 2024-11-06 00:00:00+00:00, run_after=2024-11-07 00:00:00+00:00
[2024-11-06T15:36:14.553+0000] {processor.py:208} INFO - Processing /opt/airflow/dags/dag_with_postgres.py took 0.109 seconds
[2024-11-06T15:36:44.813+0000] {processor.py:186} INFO - Started process (PID=1410) to work on /opt/airflow/dags/dag_with_postgres.py
[2024-11-06T15:36:44.815+0000] {processor.py:914} INFO - Processing file /opt/airflow/dags/dag_with_postgres.py for tasks to queue
[2024-11-06T15:36:44.823+0000] {logging_mixin.py:190} INFO - [2024-11-06T15:36:44.823+0000] {dagbag.py:588} INFO - Filling up the DagBag from /opt/airflow/dags/dag_with_postgres.py
[2024-11-06T15:36:44.859+0000] {processor.py:925} INFO - DAG(s) 'dag_with_postgres_operator_v01' retrieved from /opt/airflow/dags/dag_with_postgres.py
[2024-11-06T15:36:45.015+0000] {logging_mixin.py:190} INFO - [2024-11-06T15:36:45.014+0000] {dag.py:3239} INFO - Sync 1 DAGs
[2024-11-06T15:36:45.115+0000] {logging_mixin.py:190} INFO - [2024-11-06T15:36:45.114+0000] {dag.py:4180} INFO - Setting next_dagrun for dag_with_postgres_operator_v01 to 2024-11-06 00:00:00+00:00, run_after=2024-11-07 00:00:00+00:00
[2024-11-06T15:36:45.151+0000] {processor.py:208} INFO - Processing /opt/airflow/dags/dag_with_postgres.py took 0.363 seconds
[2024-11-06T15:37:15.488+0000] {processor.py:186} INFO - Started process (PID=1436) to work on /opt/airflow/dags/dag_with_postgres.py
[2024-11-06T15:37:15.490+0000] {processor.py:914} INFO - Processing file /opt/airflow/dags/dag_with_postgres.py for tasks to queue
[2024-11-06T15:37:15.493+0000] {logging_mixin.py:190} INFO - [2024-11-06T15:37:15.492+0000] {dagbag.py:588} INFO - Filling up the DagBag from /opt/airflow/dags/dag_with_postgres.py
[2024-11-06T15:37:15.516+0000] {processor.py:925} INFO - DAG(s) 'dag_with_postgres_operator_v01' retrieved from /opt/airflow/dags/dag_with_postgres.py
[2024-11-06T15:37:15.573+0000] {logging_mixin.py:190} INFO - [2024-11-06T15:37:15.573+0000] {dag.py:3239} INFO - Sync 1 DAGs
[2024-11-06T15:37:15.602+0000] {logging_mixin.py:190} INFO - [2024-11-06T15:37:15.602+0000] {dag.py:4180} INFO - Setting next_dagrun for dag_with_postgres_operator_v01 to 2024-11-06 00:00:00+00:00, run_after=2024-11-07 00:00:00+00:00
[2024-11-06T15:37:15.632+0000] {processor.py:208} INFO - Processing /opt/airflow/dags/dag_with_postgres.py took 0.150 seconds
[2024-11-06T15:37:45.875+0000] {processor.py:186} INFO - Started process (PID=1462) to work on /opt/airflow/dags/dag_with_postgres.py
[2024-11-06T15:37:45.876+0000] {processor.py:914} INFO - Processing file /opt/airflow/dags/dag_with_postgres.py for tasks to queue
[2024-11-06T15:37:45.884+0000] {logging_mixin.py:190} INFO - [2024-11-06T15:37:45.883+0000] {dagbag.py:588} INFO - Filling up the DagBag from /opt/airflow/dags/dag_with_postgres.py
[2024-11-06T15:37:45.893+0000] {processor.py:925} INFO - DAG(s) 'dag_with_postgres_operator_v01' retrieved from /opt/airflow/dags/dag_with_postgres.py
[2024-11-06T15:37:45.919+0000] {logging_mixin.py:190} INFO - [2024-11-06T15:37:45.919+0000] {dag.py:3239} INFO - Sync 1 DAGs
[2024-11-06T15:37:45.949+0000] {logging_mixin.py:190} INFO - [2024-11-06T15:37:45.949+0000] {dag.py:4180} INFO - Setting next_dagrun for dag_with_postgres_operator_v01 to 2024-11-06 00:00:00+00:00, run_after=2024-11-07 00:00:00+00:00
[2024-11-06T15:37:45.985+0000] {processor.py:208} INFO - Processing /opt/airflow/dags/dag_with_postgres.py took 0.116 seconds
[2024-11-06T15:38:16.181+0000] {processor.py:186} INFO - Started process (PID=1489) to work on /opt/airflow/dags/dag_with_postgres.py
[2024-11-06T15:38:16.182+0000] {processor.py:914} INFO - Processing file /opt/airflow/dags/dag_with_postgres.py for tasks to queue
[2024-11-06T15:38:16.184+0000] {logging_mixin.py:190} INFO - [2024-11-06T15:38:16.184+0000] {dagbag.py:588} INFO - Filling up the DagBag from /opt/airflow/dags/dag_with_postgres.py
[2024-11-06T15:38:16.194+0000] {processor.py:925} INFO - DAG(s) 'dag_with_postgres_operator_v01' retrieved from /opt/airflow/dags/dag_with_postgres.py
[2024-11-06T15:38:16.245+0000] {logging_mixin.py:190} INFO - [2024-11-06T15:38:16.245+0000] {dag.py:3239} INFO - Sync 1 DAGs
[2024-11-06T15:38:16.300+0000] {logging_mixin.py:190} INFO - [2024-11-06T15:38:16.300+0000] {dag.py:4180} INFO - Setting next_dagrun for dag_with_postgres_operator_v01 to 2024-11-06 00:00:00+00:00, run_after=2024-11-07 00:00:00+00:00
[2024-11-06T15:38:16.352+0000] {processor.py:208} INFO - Processing /opt/airflow/dags/dag_with_postgres.py took 0.177 seconds
[2024-11-06T15:38:46.557+0000] {processor.py:186} INFO - Started process (PID=1515) to work on /opt/airflow/dags/dag_with_postgres.py
[2024-11-06T15:38:46.558+0000] {processor.py:914} INFO - Processing file /opt/airflow/dags/dag_with_postgres.py for tasks to queue
[2024-11-06T15:38:46.560+0000] {logging_mixin.py:190} INFO - [2024-11-06T15:38:46.560+0000] {dagbag.py:588} INFO - Filling up the DagBag from /opt/airflow/dags/dag_with_postgres.py
[2024-11-06T15:38:46.569+0000] {processor.py:925} INFO - DAG(s) 'dag_with_postgres_operator_v01' retrieved from /opt/airflow/dags/dag_with_postgres.py
[2024-11-06T15:38:46.597+0000] {logging_mixin.py:190} INFO - [2024-11-06T15:38:46.597+0000] {dag.py:3239} INFO - Sync 1 DAGs
[2024-11-06T15:38:46.626+0000] {logging_mixin.py:190} INFO - [2024-11-06T15:38:46.626+0000] {dag.py:4180} INFO - Setting next_dagrun for dag_with_postgres_operator_v01 to 2024-11-06 00:00:00+00:00, run_after=2024-11-07 00:00:00+00:00
[2024-11-06T15:38:46.648+0000] {processor.py:208} INFO - Processing /opt/airflow/dags/dag_with_postgres.py took 0.098 seconds
[2024-11-06T15:39:16.846+0000] {processor.py:186} INFO - Started process (PID=1541) to work on /opt/airflow/dags/dag_with_postgres.py
[2024-11-06T15:39:16.847+0000] {processor.py:914} INFO - Processing file /opt/airflow/dags/dag_with_postgres.py for tasks to queue
[2024-11-06T15:39:16.850+0000] {logging_mixin.py:190} INFO - [2024-11-06T15:39:16.849+0000] {dagbag.py:588} INFO - Filling up the DagBag from /opt/airflow/dags/dag_with_postgres.py
[2024-11-06T15:39:16.860+0000] {processor.py:925} INFO - DAG(s) 'dag_with_postgres_operator_v01' retrieved from /opt/airflow/dags/dag_with_postgres.py
[2024-11-06T15:39:16.888+0000] {logging_mixin.py:190} INFO - [2024-11-06T15:39:16.887+0000] {dag.py:3239} INFO - Sync 1 DAGs
[2024-11-06T15:39:16.916+0000] {logging_mixin.py:190} INFO - [2024-11-06T15:39:16.916+0000] {dag.py:4180} INFO - Setting next_dagrun for dag_with_postgres_operator_v01 to 2024-11-06 00:00:00+00:00, run_after=2024-11-07 00:00:00+00:00
[2024-11-06T15:39:16.937+0000] {processor.py:208} INFO - Processing /opt/airflow/dags/dag_with_postgres.py took 0.096 seconds
[2024-11-06T15:39:47.155+0000] {processor.py:186} INFO - Started process (PID=1568) to work on /opt/airflow/dags/dag_with_postgres.py
[2024-11-06T15:39:47.156+0000] {processor.py:914} INFO - Processing file /opt/airflow/dags/dag_with_postgres.py for tasks to queue
[2024-11-06T15:39:47.159+0000] {logging_mixin.py:190} INFO - [2024-11-06T15:39:47.158+0000] {dagbag.py:588} INFO - Filling up the DagBag from /opt/airflow/dags/dag_with_postgres.py
[2024-11-06T15:39:47.168+0000] {processor.py:925} INFO - DAG(s) 'dag_with_postgres_operator_v01' retrieved from /opt/airflow/dags/dag_with_postgres.py
[2024-11-06T15:39:47.200+0000] {logging_mixin.py:190} INFO - [2024-11-06T15:39:47.199+0000] {dag.py:3239} INFO - Sync 1 DAGs
[2024-11-06T15:39:47.238+0000] {logging_mixin.py:190} INFO - [2024-11-06T15:39:47.238+0000] {dag.py:4180} INFO - Setting next_dagrun for dag_with_postgres_operator_v01 to 2024-11-06 00:00:00+00:00, run_after=2024-11-07 00:00:00+00:00
[2024-11-06T15:39:47.263+0000] {processor.py:208} INFO - Processing /opt/airflow/dags/dag_with_postgres.py took 0.114 seconds
[2024-11-06T15:40:17.475+0000] {processor.py:186} INFO - Started process (PID=1595) to work on /opt/airflow/dags/dag_with_postgres.py
[2024-11-06T15:40:17.485+0000] {processor.py:914} INFO - Processing file /opt/airflow/dags/dag_with_postgres.py for tasks to queue
[2024-11-06T15:40:17.489+0000] {logging_mixin.py:190} INFO - [2024-11-06T15:40:17.489+0000] {dagbag.py:588} INFO - Filling up the DagBag from /opt/airflow/dags/dag_with_postgres.py
[2024-11-06T15:40:17.498+0000] {processor.py:925} INFO - DAG(s) 'dag_with_postgres_operator_v01' retrieved from /opt/airflow/dags/dag_with_postgres.py
[2024-11-06T15:40:17.524+0000] {logging_mixin.py:190} INFO - [2024-11-06T15:40:17.524+0000] {dag.py:3239} INFO - Sync 1 DAGs
[2024-11-06T15:40:17.552+0000] {logging_mixin.py:190} INFO - [2024-11-06T15:40:17.552+0000] {dag.py:4180} INFO - Setting next_dagrun for dag_with_postgres_operator_v01 to 2024-11-06 00:00:00+00:00, run_after=2024-11-07 00:00:00+00:00
[2024-11-06T15:40:17.575+0000] {processor.py:208} INFO - Processing /opt/airflow/dags/dag_with_postgres.py took 0.110 seconds
[2024-11-06T15:40:47.778+0000] {processor.py:186} INFO - Started process (PID=1621) to work on /opt/airflow/dags/dag_with_postgres.py
[2024-11-06T15:40:47.779+0000] {processor.py:914} INFO - Processing file /opt/airflow/dags/dag_with_postgres.py for tasks to queue
[2024-11-06T15:40:47.781+0000] {logging_mixin.py:190} INFO - [2024-11-06T15:40:47.781+0000] {dagbag.py:588} INFO - Filling up the DagBag from /opt/airflow/dags/dag_with_postgres.py
[2024-11-06T15:40:47.796+0000] {processor.py:925} INFO - DAG(s) 'dag_with_postgres_operator_v01' retrieved from /opt/airflow/dags/dag_with_postgres.py
[2024-11-06T15:40:47.824+0000] {logging_mixin.py:190} INFO - [2024-11-06T15:40:47.824+0000] {dag.py:3239} INFO - Sync 1 DAGs
[2024-11-06T15:40:47.852+0000] {logging_mixin.py:190} INFO - [2024-11-06T15:40:47.852+0000] {dag.py:4180} INFO - Setting next_dagrun for dag_with_postgres_operator_v01 to 2024-11-06 00:00:00+00:00, run_after=2024-11-07 00:00:00+00:00
[2024-11-06T15:40:47.874+0000] {processor.py:208} INFO - Processing /opt/airflow/dags/dag_with_postgres.py took 0.102 seconds
[2024-11-06T15:41:18.075+0000] {processor.py:186} INFO - Started process (PID=1647) to work on /opt/airflow/dags/dag_with_postgres.py
[2024-11-06T15:41:18.076+0000] {processor.py:914} INFO - Processing file /opt/airflow/dags/dag_with_postgres.py for tasks to queue
[2024-11-06T15:41:18.078+0000] {logging_mixin.py:190} INFO - [2024-11-06T15:41:18.078+0000] {dagbag.py:588} INFO - Filling up the DagBag from /opt/airflow/dags/dag_with_postgres.py
[2024-11-06T15:41:18.088+0000] {processor.py:925} INFO - DAG(s) 'dag_with_postgres_operator_v01' retrieved from /opt/airflow/dags/dag_with_postgres.py
[2024-11-06T15:41:18.125+0000] {logging_mixin.py:190} INFO - [2024-11-06T15:41:18.125+0000] {dag.py:3239} INFO - Sync 1 DAGs
[2024-11-06T15:41:18.157+0000] {logging_mixin.py:190} INFO - [2024-11-06T15:41:18.157+0000] {dag.py:4180} INFO - Setting next_dagrun for dag_with_postgres_operator_v01 to 2024-11-06 00:00:00+00:00, run_after=2024-11-07 00:00:00+00:00
[2024-11-06T15:41:18.181+0000] {processor.py:208} INFO - Processing /opt/airflow/dags/dag_with_postgres.py took 0.112 seconds
[2024-11-06T15:41:48.379+0000] {processor.py:186} INFO - Started process (PID=1673) to work on /opt/airflow/dags/dag_with_postgres.py
[2024-11-06T15:41:48.380+0000] {processor.py:914} INFO - Processing file /opt/airflow/dags/dag_with_postgres.py for tasks to queue
[2024-11-06T15:41:48.382+0000] {logging_mixin.py:190} INFO - [2024-11-06T15:41:48.382+0000] {dagbag.py:588} INFO - Filling up the DagBag from /opt/airflow/dags/dag_with_postgres.py
[2024-11-06T15:41:48.392+0000] {processor.py:925} INFO - DAG(s) 'dag_with_postgres_operator_v01' retrieved from /opt/airflow/dags/dag_with_postgres.py
[2024-11-06T15:41:48.421+0000] {logging_mixin.py:190} INFO - [2024-11-06T15:41:48.421+0000] {dag.py:3239} INFO - Sync 1 DAGs
[2024-11-06T15:41:48.454+0000] {logging_mixin.py:190} INFO - [2024-11-06T15:41:48.454+0000] {dag.py:4180} INFO - Setting next_dagrun for dag_with_postgres_operator_v01 to 2024-11-06 00:00:00+00:00, run_after=2024-11-07 00:00:00+00:00
[2024-11-06T15:41:48.477+0000] {processor.py:208} INFO - Processing /opt/airflow/dags/dag_with_postgres.py took 0.104 seconds
[2024-11-06T15:42:18.680+0000] {processor.py:186} INFO - Started process (PID=1700) to work on /opt/airflow/dags/dag_with_postgres.py
[2024-11-06T15:42:18.684+0000] {processor.py:914} INFO - Processing file /opt/airflow/dags/dag_with_postgres.py for tasks to queue
[2024-11-06T15:42:18.687+0000] {logging_mixin.py:190} INFO - [2024-11-06T15:42:18.686+0000] {dagbag.py:588} INFO - Filling up the DagBag from /opt/airflow/dags/dag_with_postgres.py
[2024-11-06T15:42:18.698+0000] {processor.py:925} INFO - DAG(s) 'dag_with_postgres_operator_v01' retrieved from /opt/airflow/dags/dag_with_postgres.py
[2024-11-06T15:42:18.738+0000] {logging_mixin.py:190} INFO - [2024-11-06T15:42:18.738+0000] {dag.py:3239} INFO - Sync 1 DAGs
[2024-11-06T15:42:18.768+0000] {logging_mixin.py:190} INFO - [2024-11-06T15:42:18.768+0000] {dag.py:4180} INFO - Setting next_dagrun for dag_with_postgres_operator_v01 to 2024-11-06 00:00:00+00:00, run_after=2024-11-07 00:00:00+00:00
[2024-11-06T15:42:18.789+0000] {processor.py:208} INFO - Processing /opt/airflow/dags/dag_with_postgres.py took 0.115 seconds
[2024-11-06T15:42:49.017+0000] {processor.py:186} INFO - Started process (PID=1726) to work on /opt/airflow/dags/dag_with_postgres.py
[2024-11-06T15:42:49.018+0000] {processor.py:914} INFO - Processing file /opt/airflow/dags/dag_with_postgres.py for tasks to queue
[2024-11-06T15:42:49.020+0000] {logging_mixin.py:190} INFO - [2024-11-06T15:42:49.020+0000] {dagbag.py:588} INFO - Filling up the DagBag from /opt/airflow/dags/dag_with_postgres.py
[2024-11-06T15:42:49.030+0000] {processor.py:925} INFO - DAG(s) 'dag_with_postgres_operator_v01' retrieved from /opt/airflow/dags/dag_with_postgres.py
[2024-11-06T15:42:49.060+0000] {logging_mixin.py:190} INFO - [2024-11-06T15:42:49.060+0000] {dag.py:3239} INFO - Sync 1 DAGs
[2024-11-06T15:42:49.094+0000] {logging_mixin.py:190} INFO - [2024-11-06T15:42:49.093+0000] {dag.py:4180} INFO - Setting next_dagrun for dag_with_postgres_operator_v01 to 2024-11-06 00:00:00+00:00, run_after=2024-11-07 00:00:00+00:00
[2024-11-06T15:42:49.116+0000] {processor.py:208} INFO - Processing /opt/airflow/dags/dag_with_postgres.py took 0.106 seconds
[2024-11-06T15:43:19.383+0000] {processor.py:186} INFO - Started process (PID=1753) to work on /opt/airflow/dags/dag_with_postgres.py
[2024-11-06T15:43:19.387+0000] {processor.py:914} INFO - Processing file /opt/airflow/dags/dag_with_postgres.py for tasks to queue
[2024-11-06T15:43:19.393+0000] {logging_mixin.py:190} INFO - [2024-11-06T15:43:19.393+0000] {dagbag.py:588} INFO - Filling up the DagBag from /opt/airflow/dags/dag_with_postgres.py
[2024-11-06T15:43:19.428+0000] {processor.py:925} INFO - DAG(s) 'dag_with_postgres_operator_v01' retrieved from /opt/airflow/dags/dag_with_postgres.py
[2024-11-06T15:43:19.587+0000] {logging_mixin.py:190} INFO - [2024-11-06T15:43:19.586+0000] {dag.py:3239} INFO - Sync 1 DAGs
[2024-11-06T15:43:19.665+0000] {logging_mixin.py:190} INFO - [2024-11-06T15:43:19.664+0000] {dag.py:4180} INFO - Setting next_dagrun for dag_with_postgres_operator_v01 to 2024-11-06 00:00:00+00:00, run_after=2024-11-07 00:00:00+00:00
[2024-11-06T15:43:19.736+0000] {processor.py:208} INFO - Processing /opt/airflow/dags/dag_with_postgres.py took 0.389 seconds
[2024-11-06T15:43:49.924+0000] {processor.py:186} INFO - Started process (PID=1780) to work on /opt/airflow/dags/dag_with_postgres.py
[2024-11-06T15:43:49.925+0000] {processor.py:914} INFO - Processing file /opt/airflow/dags/dag_with_postgres.py for tasks to queue
[2024-11-06T15:43:49.935+0000] {logging_mixin.py:190} INFO - [2024-11-06T15:43:49.935+0000] {dagbag.py:588} INFO - Filling up the DagBag from /opt/airflow/dags/dag_with_postgres.py
[2024-11-06T15:43:49.960+0000] {processor.py:925} INFO - DAG(s) 'dag_with_postgres_operator_v01' retrieved from /opt/airflow/dags/dag_with_postgres.py
[2024-11-06T15:43:50.009+0000] {logging_mixin.py:190} INFO - [2024-11-06T15:43:50.009+0000] {dag.py:3239} INFO - Sync 1 DAGs
[2024-11-06T15:43:50.066+0000] {logging_mixin.py:190} INFO - [2024-11-06T15:43:50.065+0000] {dag.py:4180} INFO - Setting next_dagrun for dag_with_postgres_operator_v01 to 2024-11-06 00:00:00+00:00, run_after=2024-11-07 00:00:00+00:00
[2024-11-06T15:43:50.108+0000] {processor.py:208} INFO - Processing /opt/airflow/dags/dag_with_postgres.py took 0.191 seconds
