[2024-11-06T15:14:25.355+0000] {processor.py:186} INFO - Started process (PID=197) to work on /opt/airflow/dags/dag_with_taskflow_api.py
[2024-11-06T15:14:25.392+0000] {processor.py:914} INFO - Processing file /opt/airflow/dags/dag_with_taskflow_api.py for tasks to queue
[2024-11-06T15:14:25.461+0000] {logging_mixin.py:190} INFO - [2024-11-06T15:14:25.461+0000] {dagbag.py:588} INFO - Filling up the DagBag from /opt/airflow/dags/dag_with_taskflow_api.py
[2024-11-06T15:14:25.744+0000] {processor.py:925} INFO - DAG(s) 'dag_with_taskflow_api_v03' retrieved from /opt/airflow/dags/dag_with_taskflow_api.py
[2024-11-06T15:14:26.221+0000] {logging_mixin.py:190} INFO - [2024-11-06T15:14:26.221+0000] {dag.py:3239} INFO - Sync 1 DAGs
[2024-11-06T15:14:30.263+0000] {logging_mixin.py:190} INFO - [2024-11-06T15:14:30.137+0000] {dag.py:4180} INFO - Setting next_dagrun for dag_with_taskflow_api_v03 to 2024-11-06 00:00:00+00:00, run_after=2024-11-07 00:00:00+00:00
[2024-11-06T15:14:30.842+0000] {processor.py:208} INFO - Processing /opt/airflow/dags/dag_with_taskflow_api.py took 5.506 seconds
[2024-11-06T15:15:01.701+0000] {processor.py:186} INFO - Started process (PID=292) to work on /opt/airflow/dags/dag_with_taskflow_api.py
[2024-11-06T15:15:01.701+0000] {processor.py:914} INFO - Processing file /opt/airflow/dags/dag_with_taskflow_api.py for tasks to queue
[2024-11-06T15:15:01.703+0000] {logging_mixin.py:190} INFO - [2024-11-06T15:15:01.703+0000] {dagbag.py:588} INFO - Filling up the DagBag from /opt/airflow/dags/dag_with_taskflow_api.py
[2024-11-06T15:15:01.720+0000] {processor.py:925} INFO - DAG(s) 'dag_with_taskflow_api_v03' retrieved from /opt/airflow/dags/dag_with_taskflow_api.py
[2024-11-06T15:15:01.754+0000] {logging_mixin.py:190} INFO - [2024-11-06T15:15:01.753+0000] {dag.py:3239} INFO - Sync 1 DAGs
[2024-11-06T15:15:01.789+0000] {logging_mixin.py:190} INFO - [2024-11-06T15:15:01.788+0000] {dag.py:4180} INFO - Setting next_dagrun for dag_with_taskflow_api_v03 to 2024-11-06 00:00:00+00:00, run_after=2024-11-07 00:00:00+00:00
[2024-11-06T15:15:01.822+0000] {processor.py:208} INFO - Processing /opt/airflow/dags/dag_with_taskflow_api.py took 0.126 seconds
[2024-11-06T15:15:32.649+0000] {processor.py:186} INFO - Started process (PID=318) to work on /opt/airflow/dags/dag_with_taskflow_api.py
[2024-11-06T15:15:32.650+0000] {processor.py:914} INFO - Processing file /opt/airflow/dags/dag_with_taskflow_api.py for tasks to queue
[2024-11-06T15:15:32.651+0000] {logging_mixin.py:190} INFO - [2024-11-06T15:15:32.651+0000] {dagbag.py:588} INFO - Filling up the DagBag from /opt/airflow/dags/dag_with_taskflow_api.py
[2024-11-06T15:15:32.667+0000] {processor.py:925} INFO - DAG(s) 'dag_with_taskflow_api_v03' retrieved from /opt/airflow/dags/dag_with_taskflow_api.py
[2024-11-06T15:15:32.693+0000] {logging_mixin.py:190} INFO - [2024-11-06T15:15:32.692+0000] {dag.py:3239} INFO - Sync 1 DAGs
[2024-11-06T15:15:32.717+0000] {logging_mixin.py:190} INFO - [2024-11-06T15:15:32.716+0000] {dag.py:4180} INFO - Setting next_dagrun for dag_with_taskflow_api_v03 to 2024-11-06 00:00:00+00:00, run_after=2024-11-07 00:00:00+00:00
[2024-11-06T15:15:33.065+0000] {processor.py:208} INFO - Processing /opt/airflow/dags/dag_with_taskflow_api.py took 0.420 seconds
[2024-11-06T15:16:03.142+0000] {processor.py:186} INFO - Started process (PID=345) to work on /opt/airflow/dags/dag_with_taskflow_api.py
[2024-11-06T15:16:03.454+0000] {processor.py:914} INFO - Processing file /opt/airflow/dags/dag_with_taskflow_api.py for tasks to queue
[2024-11-06T15:16:03.457+0000] {logging_mixin.py:190} INFO - [2024-11-06T15:16:03.456+0000] {dagbag.py:588} INFO - Filling up the DagBag from /opt/airflow/dags/dag_with_taskflow_api.py
[2024-11-06T15:16:03.465+0000] {processor.py:925} INFO - DAG(s) 'dag_with_taskflow_api_v03' retrieved from /opt/airflow/dags/dag_with_taskflow_api.py
[2024-11-06T15:16:03.484+0000] {logging_mixin.py:190} INFO - [2024-11-06T15:16:03.484+0000] {dag.py:3239} INFO - Sync 1 DAGs
[2024-11-06T15:16:03.506+0000] {logging_mixin.py:190} INFO - [2024-11-06T15:16:03.506+0000] {dag.py:4180} INFO - Setting next_dagrun for dag_with_taskflow_api_v03 to 2024-11-06 00:00:00+00:00, run_after=2024-11-07 00:00:00+00:00
[2024-11-06T15:16:03.574+0000] {processor.py:208} INFO - Processing /opt/airflow/dags/dag_with_taskflow_api.py took 0.437 seconds
[2024-11-06T15:16:33.650+0000] {processor.py:186} INFO - Started process (PID=371) to work on /opt/airflow/dags/dag_with_taskflow_api.py
[2024-11-06T15:16:33.651+0000] {processor.py:914} INFO - Processing file /opt/airflow/dags/dag_with_taskflow_api.py for tasks to queue
[2024-11-06T15:16:33.654+0000] {logging_mixin.py:190} INFO - [2024-11-06T15:16:33.653+0000] {dagbag.py:588} INFO - Filling up the DagBag from /opt/airflow/dags/dag_with_taskflow_api.py
[2024-11-06T15:16:33.666+0000] {processor.py:925} INFO - DAG(s) 'dag_with_taskflow_api_v03' retrieved from /opt/airflow/dags/dag_with_taskflow_api.py
[2024-11-06T15:16:33.713+0000] {logging_mixin.py:190} INFO - [2024-11-06T15:16:33.713+0000] {dag.py:3239} INFO - Sync 1 DAGs
[2024-11-06T15:16:33.749+0000] {logging_mixin.py:190} INFO - [2024-11-06T15:16:33.749+0000] {dag.py:4180} INFO - Setting next_dagrun for dag_with_taskflow_api_v03 to 2024-11-06 00:00:00+00:00, run_after=2024-11-07 00:00:00+00:00
[2024-11-06T15:16:33.794+0000] {processor.py:208} INFO - Processing /opt/airflow/dags/dag_with_taskflow_api.py took 0.151 seconds
[2024-11-06T15:17:03.946+0000] {processor.py:186} INFO - Started process (PID=397) to work on /opt/airflow/dags/dag_with_taskflow_api.py
[2024-11-06T15:17:03.947+0000] {processor.py:914} INFO - Processing file /opt/airflow/dags/dag_with_taskflow_api.py for tasks to queue
[2024-11-06T15:17:03.949+0000] {logging_mixin.py:190} INFO - [2024-11-06T15:17:03.948+0000] {dagbag.py:588} INFO - Filling up the DagBag from /opt/airflow/dags/dag_with_taskflow_api.py
[2024-11-06T15:17:03.957+0000] {processor.py:925} INFO - DAG(s) 'dag_with_taskflow_api_v03' retrieved from /opt/airflow/dags/dag_with_taskflow_api.py
[2024-11-06T15:17:03.979+0000] {logging_mixin.py:190} INFO - [2024-11-06T15:17:03.979+0000] {dag.py:3239} INFO - Sync 1 DAGs
[2024-11-06T15:17:04.000+0000] {logging_mixin.py:190} INFO - [2024-11-06T15:17:04.000+0000] {dag.py:4180} INFO - Setting next_dagrun for dag_with_taskflow_api_v03 to 2024-11-06 00:00:00+00:00, run_after=2024-11-07 00:00:00+00:00
[2024-11-06T15:17:05.921+0000] {processor.py:208} INFO - Processing /opt/airflow/dags/dag_with_taskflow_api.py took 1.980 seconds
[2024-11-06T15:17:36.225+0000] {processor.py:186} INFO - Started process (PID=424) to work on /opt/airflow/dags/dag_with_taskflow_api.py
[2024-11-06T15:17:36.226+0000] {processor.py:914} INFO - Processing file /opt/airflow/dags/dag_with_taskflow_api.py for tasks to queue
[2024-11-06T15:17:36.228+0000] {logging_mixin.py:190} INFO - [2024-11-06T15:17:36.227+0000] {dagbag.py:588} INFO - Filling up the DagBag from /opt/airflow/dags/dag_with_taskflow_api.py
[2024-11-06T15:17:36.237+0000] {processor.py:925} INFO - DAG(s) 'dag_with_taskflow_api_v03' retrieved from /opt/airflow/dags/dag_with_taskflow_api.py
[2024-11-06T15:17:36.256+0000] {logging_mixin.py:190} INFO - [2024-11-06T15:17:36.255+0000] {dag.py:3239} INFO - Sync 1 DAGs
[2024-11-06T15:17:36.274+0000] {logging_mixin.py:190} INFO - [2024-11-06T15:17:36.274+0000] {dag.py:4180} INFO - Setting next_dagrun for dag_with_taskflow_api_v03 to 2024-11-06 00:00:00+00:00, run_after=2024-11-07 00:00:00+00:00
[2024-11-06T15:17:36.291+0000] {processor.py:208} INFO - Processing /opt/airflow/dags/dag_with_taskflow_api.py took 0.071 seconds
[2024-11-06T15:18:06.567+0000] {processor.py:186} INFO - Started process (PID=449) to work on /opt/airflow/dags/dag_with_taskflow_api.py
[2024-11-06T15:18:06.568+0000] {processor.py:914} INFO - Processing file /opt/airflow/dags/dag_with_taskflow_api.py for tasks to queue
[2024-11-06T15:18:06.570+0000] {logging_mixin.py:190} INFO - [2024-11-06T15:18:06.570+0000] {dagbag.py:588} INFO - Filling up the DagBag from /opt/airflow/dags/dag_with_taskflow_api.py
[2024-11-06T15:18:06.579+0000] {processor.py:925} INFO - DAG(s) 'dag_with_taskflow_api_v03' retrieved from /opt/airflow/dags/dag_with_taskflow_api.py
[2024-11-06T15:18:06.602+0000] {logging_mixin.py:190} INFO - [2024-11-06T15:18:06.602+0000] {dag.py:3239} INFO - Sync 1 DAGs
[2024-11-06T15:18:06.621+0000] {logging_mixin.py:190} INFO - [2024-11-06T15:18:06.621+0000] {dag.py:4180} INFO - Setting next_dagrun for dag_with_taskflow_api_v03 to 2024-11-06 00:00:00+00:00, run_after=2024-11-07 00:00:00+00:00
[2024-11-06T15:18:06.640+0000] {processor.py:208} INFO - Processing /opt/airflow/dags/dag_with_taskflow_api.py took 0.078 seconds
[2024-11-06T15:18:36.868+0000] {processor.py:186} INFO - Started process (PID=476) to work on /opt/airflow/dags/dag_with_taskflow_api.py
[2024-11-06T15:18:36.869+0000] {processor.py:914} INFO - Processing file /opt/airflow/dags/dag_with_taskflow_api.py for tasks to queue
[2024-11-06T15:18:36.872+0000] {logging_mixin.py:190} INFO - [2024-11-06T15:18:36.871+0000] {dagbag.py:588} INFO - Filling up the DagBag from /opt/airflow/dags/dag_with_taskflow_api.py
[2024-11-06T15:18:36.884+0000] {processor.py:925} INFO - DAG(s) 'dag_with_taskflow_api_v03' retrieved from /opt/airflow/dags/dag_with_taskflow_api.py
[2024-11-06T15:18:36.918+0000] {logging_mixin.py:190} INFO - [2024-11-06T15:18:36.917+0000] {dag.py:3239} INFO - Sync 1 DAGs
[2024-11-06T15:18:36.957+0000] {logging_mixin.py:190} INFO - [2024-11-06T15:18:36.957+0000] {dag.py:4180} INFO - Setting next_dagrun for dag_with_taskflow_api_v03 to 2024-11-06 00:00:00+00:00, run_after=2024-11-07 00:00:00+00:00
[2024-11-06T15:18:36.981+0000] {processor.py:208} INFO - Processing /opt/airflow/dags/dag_with_taskflow_api.py took 0.119 seconds
[2024-11-06T15:19:07.169+0000] {processor.py:186} INFO - Started process (PID=503) to work on /opt/airflow/dags/dag_with_taskflow_api.py
[2024-11-06T15:19:07.170+0000] {processor.py:914} INFO - Processing file /opt/airflow/dags/dag_with_taskflow_api.py for tasks to queue
[2024-11-06T15:19:07.172+0000] {logging_mixin.py:190} INFO - [2024-11-06T15:19:07.172+0000] {dagbag.py:588} INFO - Filling up the DagBag from /opt/airflow/dags/dag_with_taskflow_api.py
[2024-11-06T15:19:07.184+0000] {processor.py:925} INFO - DAG(s) 'dag_with_taskflow_api_v03' retrieved from /opt/airflow/dags/dag_with_taskflow_api.py
[2024-11-06T15:19:07.216+0000] {logging_mixin.py:190} INFO - [2024-11-06T15:19:07.215+0000] {dag.py:3239} INFO - Sync 1 DAGs
[2024-11-06T15:19:07.245+0000] {logging_mixin.py:190} INFO - [2024-11-06T15:19:07.245+0000] {dag.py:4180} INFO - Setting next_dagrun for dag_with_taskflow_api_v03 to 2024-11-06 00:00:00+00:00, run_after=2024-11-07 00:00:00+00:00
[2024-11-06T15:19:07.263+0000] {processor.py:208} INFO - Processing /opt/airflow/dags/dag_with_taskflow_api.py took 0.098 seconds
[2024-11-06T15:19:37.659+0000] {processor.py:186} INFO - Started process (PID=529) to work on /opt/airflow/dags/dag_with_taskflow_api.py
[2024-11-06T15:19:37.660+0000] {processor.py:914} INFO - Processing file /opt/airflow/dags/dag_with_taskflow_api.py for tasks to queue
[2024-11-06T15:19:37.662+0000] {logging_mixin.py:190} INFO - [2024-11-06T15:19:37.661+0000] {dagbag.py:588} INFO - Filling up the DagBag from /opt/airflow/dags/dag_with_taskflow_api.py
[2024-11-06T15:19:37.673+0000] {processor.py:925} INFO - DAG(s) 'dag_with_taskflow_api_v03' retrieved from /opt/airflow/dags/dag_with_taskflow_api.py
[2024-11-06T15:19:37.703+0000] {logging_mixin.py:190} INFO - [2024-11-06T15:19:37.703+0000] {dag.py:3239} INFO - Sync 1 DAGs
[2024-11-06T15:19:37.728+0000] {logging_mixin.py:190} INFO - [2024-11-06T15:19:37.728+0000] {dag.py:4180} INFO - Setting next_dagrun for dag_with_taskflow_api_v03 to 2024-11-06 00:00:00+00:00, run_after=2024-11-07 00:00:00+00:00
[2024-11-06T15:19:37.870+0000] {processor.py:208} INFO - Processing /opt/airflow/dags/dag_with_taskflow_api.py took 0.218 seconds
[2024-11-06T15:20:08.109+0000] {processor.py:186} INFO - Started process (PID=555) to work on /opt/airflow/dags/dag_with_taskflow_api.py
[2024-11-06T15:20:08.111+0000] {processor.py:914} INFO - Processing file /opt/airflow/dags/dag_with_taskflow_api.py for tasks to queue
[2024-11-06T15:20:08.114+0000] {logging_mixin.py:190} INFO - [2024-11-06T15:20:08.114+0000] {dagbag.py:588} INFO - Filling up the DagBag from /opt/airflow/dags/dag_with_taskflow_api.py
[2024-11-06T15:20:08.132+0000] {processor.py:925} INFO - DAG(s) 'dag_with_taskflow_api_v03' retrieved from /opt/airflow/dags/dag_with_taskflow_api.py
[2024-11-06T15:20:08.163+0000] {logging_mixin.py:190} INFO - [2024-11-06T15:20:08.163+0000] {dag.py:3239} INFO - Sync 1 DAGs
[2024-11-06T15:20:08.353+0000] {logging_mixin.py:190} INFO - [2024-11-06T15:20:08.353+0000] {dag.py:4180} INFO - Setting next_dagrun for dag_with_taskflow_api_v03 to 2024-11-06 00:00:00+00:00, run_after=2024-11-07 00:00:00+00:00
[2024-11-06T15:20:08.386+0000] {processor.py:208} INFO - Processing /opt/airflow/dags/dag_with_taskflow_api.py took 0.284 seconds
[2024-11-06T15:20:38.596+0000] {processor.py:186} INFO - Started process (PID=581) to work on /opt/airflow/dags/dag_with_taskflow_api.py
[2024-11-06T15:20:38.597+0000] {processor.py:914} INFO - Processing file /opt/airflow/dags/dag_with_taskflow_api.py for tasks to queue
[2024-11-06T15:20:38.599+0000] {logging_mixin.py:190} INFO - [2024-11-06T15:20:38.598+0000] {dagbag.py:588} INFO - Filling up the DagBag from /opt/airflow/dags/dag_with_taskflow_api.py
[2024-11-06T15:20:38.608+0000] {processor.py:925} INFO - DAG(s) 'dag_with_taskflow_api_v03' retrieved from /opt/airflow/dags/dag_with_taskflow_api.py
[2024-11-06T15:20:38.748+0000] {logging_mixin.py:190} INFO - [2024-11-06T15:20:38.747+0000] {dag.py:3239} INFO - Sync 1 DAGs
[2024-11-06T15:20:38.767+0000] {logging_mixin.py:190} INFO - [2024-11-06T15:20:38.767+0000] {dag.py:4180} INFO - Setting next_dagrun for dag_with_taskflow_api_v03 to 2024-11-06 00:00:00+00:00, run_after=2024-11-07 00:00:00+00:00
[2024-11-06T15:20:38.783+0000] {processor.py:208} INFO - Processing /opt/airflow/dags/dag_with_taskflow_api.py took 0.192 seconds
[2024-11-06T15:21:09.048+0000] {processor.py:186} INFO - Started process (PID=608) to work on /opt/airflow/dags/dag_with_taskflow_api.py
[2024-11-06T15:21:09.049+0000] {processor.py:914} INFO - Processing file /opt/airflow/dags/dag_with_taskflow_api.py for tasks to queue
[2024-11-06T15:21:09.051+0000] {logging_mixin.py:190} INFO - [2024-11-06T15:21:09.050+0000] {dagbag.py:588} INFO - Filling up the DagBag from /opt/airflow/dags/dag_with_taskflow_api.py
[2024-11-06T15:21:09.059+0000] {processor.py:925} INFO - DAG(s) 'dag_with_taskflow_api_v03' retrieved from /opt/airflow/dags/dag_with_taskflow_api.py
[2024-11-06T15:21:09.197+0000] {logging_mixin.py:190} INFO - [2024-11-06T15:21:09.197+0000] {dag.py:3239} INFO - Sync 1 DAGs
[2024-11-06T15:21:09.220+0000] {logging_mixin.py:190} INFO - [2024-11-06T15:21:09.220+0000] {dag.py:4180} INFO - Setting next_dagrun for dag_with_taskflow_api_v03 to 2024-11-06 00:00:00+00:00, run_after=2024-11-07 00:00:00+00:00
[2024-11-06T15:21:09.236+0000] {processor.py:208} INFO - Processing /opt/airflow/dags/dag_with_taskflow_api.py took 0.192 seconds
[2024-11-06T15:21:39.424+0000] {processor.py:186} INFO - Started process (PID=635) to work on /opt/airflow/dags/dag_with_taskflow_api.py
[2024-11-06T15:21:39.426+0000] {processor.py:914} INFO - Processing file /opt/airflow/dags/dag_with_taskflow_api.py for tasks to queue
[2024-11-06T15:21:39.428+0000] {logging_mixin.py:190} INFO - [2024-11-06T15:21:39.428+0000] {dagbag.py:588} INFO - Filling up the DagBag from /opt/airflow/dags/dag_with_taskflow_api.py
[2024-11-06T15:21:39.444+0000] {processor.py:925} INFO - DAG(s) 'dag_with_taskflow_api_v03' retrieved from /opt/airflow/dags/dag_with_taskflow_api.py
[2024-11-06T15:21:39.484+0000] {logging_mixin.py:190} INFO - [2024-11-06T15:21:39.483+0000] {dag.py:3239} INFO - Sync 1 DAGs
[2024-11-06T15:21:39.514+0000] {logging_mixin.py:190} INFO - [2024-11-06T15:21:39.514+0000] {dag.py:4180} INFO - Setting next_dagrun for dag_with_taskflow_api_v03 to 2024-11-06 00:00:00+00:00, run_after=2024-11-07 00:00:00+00:00
[2024-11-06T15:21:39.547+0000] {processor.py:208} INFO - Processing /opt/airflow/dags/dag_with_taskflow_api.py took 0.138 seconds
[2024-11-06T15:22:09.688+0000] {processor.py:186} INFO - Started process (PID=661) to work on /opt/airflow/dags/dag_with_taskflow_api.py
[2024-11-06T15:22:09.689+0000] {processor.py:914} INFO - Processing file /opt/airflow/dags/dag_with_taskflow_api.py for tasks to queue
[2024-11-06T15:22:09.691+0000] {logging_mixin.py:190} INFO - [2024-11-06T15:22:09.690+0000] {dagbag.py:588} INFO - Filling up the DagBag from /opt/airflow/dags/dag_with_taskflow_api.py
[2024-11-06T15:22:09.699+0000] {processor.py:925} INFO - DAG(s) 'dag_with_taskflow_api_v03' retrieved from /opt/airflow/dags/dag_with_taskflow_api.py
[2024-11-06T15:22:09.736+0000] {logging_mixin.py:190} INFO - [2024-11-06T15:22:09.736+0000] {dag.py:3239} INFO - Sync 1 DAGs
[2024-11-06T15:22:09.761+0000] {logging_mixin.py:190} INFO - [2024-11-06T15:22:09.761+0000] {dag.py:4180} INFO - Setting next_dagrun for dag_with_taskflow_api_v03 to 2024-11-06 00:00:00+00:00, run_after=2024-11-07 00:00:00+00:00
[2024-11-06T15:22:09.780+0000] {processor.py:208} INFO - Processing /opt/airflow/dags/dag_with_taskflow_api.py took 0.096 seconds
[2024-11-06T15:22:40.026+0000] {processor.py:186} INFO - Started process (PID=688) to work on /opt/airflow/dags/dag_with_taskflow_api.py
[2024-11-06T15:22:40.027+0000] {processor.py:914} INFO - Processing file /opt/airflow/dags/dag_with_taskflow_api.py for tasks to queue
[2024-11-06T15:22:40.028+0000] {logging_mixin.py:190} INFO - [2024-11-06T15:22:40.028+0000] {dagbag.py:588} INFO - Filling up the DagBag from /opt/airflow/dags/dag_with_taskflow_api.py
[2024-11-06T15:22:40.036+0000] {processor.py:925} INFO - DAG(s) 'dag_with_taskflow_api_v03' retrieved from /opt/airflow/dags/dag_with_taskflow_api.py
[2024-11-06T15:22:40.056+0000] {logging_mixin.py:190} INFO - [2024-11-06T15:22:40.055+0000] {dag.py:3239} INFO - Sync 1 DAGs
[2024-11-06T15:22:40.075+0000] {logging_mixin.py:190} INFO - [2024-11-06T15:22:40.074+0000] {dag.py:4180} INFO - Setting next_dagrun for dag_with_taskflow_api_v03 to 2024-11-06 00:00:00+00:00, run_after=2024-11-07 00:00:00+00:00
[2024-11-06T15:22:40.093+0000] {processor.py:208} INFO - Processing /opt/airflow/dags/dag_with_taskflow_api.py took 0.073 seconds
[2024-11-06T15:23:10.446+0000] {processor.py:186} INFO - Started process (PID=714) to work on /opt/airflow/dags/dag_with_taskflow_api.py
[2024-11-06T15:23:10.447+0000] {processor.py:914} INFO - Processing file /opt/airflow/dags/dag_with_taskflow_api.py for tasks to queue
[2024-11-06T15:23:10.449+0000] {logging_mixin.py:190} INFO - [2024-11-06T15:23:10.448+0000] {dagbag.py:588} INFO - Filling up the DagBag from /opt/airflow/dags/dag_with_taskflow_api.py
[2024-11-06T15:23:10.466+0000] {processor.py:925} INFO - DAG(s) 'dag_with_taskflow_api_v03' retrieved from /opt/airflow/dags/dag_with_taskflow_api.py
[2024-11-06T15:23:10.486+0000] {logging_mixin.py:190} INFO - [2024-11-06T15:23:10.486+0000] {dag.py:3239} INFO - Sync 1 DAGs
[2024-11-06T15:23:10.504+0000] {logging_mixin.py:190} INFO - [2024-11-06T15:23:10.504+0000] {dag.py:4180} INFO - Setting next_dagrun for dag_with_taskflow_api_v03 to 2024-11-06 00:00:00+00:00, run_after=2024-11-07 00:00:00+00:00
[2024-11-06T15:23:10.520+0000] {processor.py:208} INFO - Processing /opt/airflow/dags/dag_with_taskflow_api.py took 0.080 seconds
[2024-11-06T15:23:40.859+0000] {processor.py:186} INFO - Started process (PID=741) to work on /opt/airflow/dags/dag_with_taskflow_api.py
[2024-11-06T15:23:40.859+0000] {processor.py:914} INFO - Processing file /opt/airflow/dags/dag_with_taskflow_api.py for tasks to queue
[2024-11-06T15:23:40.861+0000] {logging_mixin.py:190} INFO - [2024-11-06T15:23:40.861+0000] {dagbag.py:588} INFO - Filling up the DagBag from /opt/airflow/dags/dag_with_taskflow_api.py
[2024-11-06T15:23:40.869+0000] {processor.py:925} INFO - DAG(s) 'dag_with_taskflow_api_v03' retrieved from /opt/airflow/dags/dag_with_taskflow_api.py
[2024-11-06T15:23:40.890+0000] {logging_mixin.py:190} INFO - [2024-11-06T15:23:40.890+0000] {dag.py:3239} INFO - Sync 1 DAGs
[2024-11-06T15:23:40.908+0000] {logging_mixin.py:190} INFO - [2024-11-06T15:23:40.908+0000] {dag.py:4180} INFO - Setting next_dagrun for dag_with_taskflow_api_v03 to 2024-11-06 00:00:00+00:00, run_after=2024-11-07 00:00:00+00:00
[2024-11-06T15:23:40.926+0000] {processor.py:208} INFO - Processing /opt/airflow/dags/dag_with_taskflow_api.py took 0.072 seconds
[2024-11-06T15:24:11.213+0000] {processor.py:186} INFO - Started process (PID=768) to work on /opt/airflow/dags/dag_with_taskflow_api.py
[2024-11-06T15:24:11.218+0000] {processor.py:914} INFO - Processing file /opt/airflow/dags/dag_with_taskflow_api.py for tasks to queue
[2024-11-06T15:24:11.226+0000] {logging_mixin.py:190} INFO - [2024-11-06T15:24:11.226+0000] {dagbag.py:588} INFO - Filling up the DagBag from /opt/airflow/dags/dag_with_taskflow_api.py
[2024-11-06T15:24:11.262+0000] {processor.py:925} INFO - DAG(s) 'dag_with_taskflow_api_v03' retrieved from /opt/airflow/dags/dag_with_taskflow_api.py
[2024-11-06T15:24:11.318+0000] {logging_mixin.py:190} INFO - [2024-11-06T15:24:11.318+0000] {dag.py:3239} INFO - Sync 1 DAGs
[2024-11-06T15:24:11.368+0000] {logging_mixin.py:190} INFO - [2024-11-06T15:24:11.367+0000] {dag.py:4180} INFO - Setting next_dagrun for dag_with_taskflow_api_v03 to 2024-11-06 00:00:00+00:00, run_after=2024-11-07 00:00:00+00:00
[2024-11-06T15:24:11.406+0000] {processor.py:208} INFO - Processing /opt/airflow/dags/dag_with_taskflow_api.py took 0.209 seconds
[2024-11-06T15:24:41.664+0000] {processor.py:186} INFO - Started process (PID=795) to work on /opt/airflow/dags/dag_with_taskflow_api.py
[2024-11-06T15:24:41.665+0000] {processor.py:914} INFO - Processing file /opt/airflow/dags/dag_with_taskflow_api.py for tasks to queue
[2024-11-06T15:24:41.666+0000] {logging_mixin.py:190} INFO - [2024-11-06T15:24:41.666+0000] {dagbag.py:588} INFO - Filling up the DagBag from /opt/airflow/dags/dag_with_taskflow_api.py
[2024-11-06T15:24:41.675+0000] {processor.py:925} INFO - DAG(s) 'dag_with_taskflow_api_v03' retrieved from /opt/airflow/dags/dag_with_taskflow_api.py
[2024-11-06T15:24:41.694+0000] {logging_mixin.py:190} INFO - [2024-11-06T15:24:41.694+0000] {dag.py:3239} INFO - Sync 1 DAGs
[2024-11-06T15:24:41.712+0000] {logging_mixin.py:190} INFO - [2024-11-06T15:24:41.712+0000] {dag.py:4180} INFO - Setting next_dagrun for dag_with_taskflow_api_v03 to 2024-11-06 00:00:00+00:00, run_after=2024-11-07 00:00:00+00:00
[2024-11-06T15:24:41.730+0000] {processor.py:208} INFO - Processing /opt/airflow/dags/dag_with_taskflow_api.py took 0.071 seconds
[2024-11-06T15:25:11.939+0000] {processor.py:186} INFO - Started process (PID=821) to work on /opt/airflow/dags/dag_with_taskflow_api.py
[2024-11-06T15:25:11.940+0000] {processor.py:914} INFO - Processing file /opt/airflow/dags/dag_with_taskflow_api.py for tasks to queue
[2024-11-06T15:25:11.942+0000] {logging_mixin.py:190} INFO - [2024-11-06T15:25:11.941+0000] {dagbag.py:588} INFO - Filling up the DagBag from /opt/airflow/dags/dag_with_taskflow_api.py
[2024-11-06T15:25:11.951+0000] {processor.py:925} INFO - DAG(s) 'dag_with_taskflow_api_v03' retrieved from /opt/airflow/dags/dag_with_taskflow_api.py
[2024-11-06T15:25:11.970+0000] {logging_mixin.py:190} INFO - [2024-11-06T15:25:11.970+0000] {dag.py:3239} INFO - Sync 1 DAGs
[2024-11-06T15:25:11.989+0000] {logging_mixin.py:190} INFO - [2024-11-06T15:25:11.988+0000] {dag.py:4180} INFO - Setting next_dagrun for dag_with_taskflow_api_v03 to 2024-11-06 00:00:00+00:00, run_after=2024-11-07 00:00:00+00:00
[2024-11-06T15:25:12.006+0000] {processor.py:208} INFO - Processing /opt/airflow/dags/dag_with_taskflow_api.py took 0.071 seconds
[2024-11-06T15:25:42.229+0000] {processor.py:186} INFO - Started process (PID=848) to work on /opt/airflow/dags/dag_with_taskflow_api.py
[2024-11-06T15:25:42.230+0000] {processor.py:914} INFO - Processing file /opt/airflow/dags/dag_with_taskflow_api.py for tasks to queue
[2024-11-06T15:25:42.232+0000] {logging_mixin.py:190} INFO - [2024-11-06T15:25:42.231+0000] {dagbag.py:588} INFO - Filling up the DagBag from /opt/airflow/dags/dag_with_taskflow_api.py
[2024-11-06T15:25:42.242+0000] {processor.py:925} INFO - DAG(s) 'dag_with_taskflow_api_v03' retrieved from /opt/airflow/dags/dag_with_taskflow_api.py
[2024-11-06T15:25:42.263+0000] {logging_mixin.py:190} INFO - [2024-11-06T15:25:42.263+0000] {dag.py:3239} INFO - Sync 1 DAGs
[2024-11-06T15:25:42.281+0000] {logging_mixin.py:190} INFO - [2024-11-06T15:25:42.281+0000] {dag.py:4180} INFO - Setting next_dagrun for dag_with_taskflow_api_v03 to 2024-11-06 00:00:00+00:00, run_after=2024-11-07 00:00:00+00:00
[2024-11-06T15:25:42.299+0000] {processor.py:208} INFO - Processing /opt/airflow/dags/dag_with_taskflow_api.py took 0.074 seconds
[2024-11-06T15:26:12.515+0000] {processor.py:186} INFO - Started process (PID=874) to work on /opt/airflow/dags/dag_with_taskflow_api.py
[2024-11-06T15:26:12.516+0000] {processor.py:914} INFO - Processing file /opt/airflow/dags/dag_with_taskflow_api.py for tasks to queue
[2024-11-06T15:26:12.517+0000] {logging_mixin.py:190} INFO - [2024-11-06T15:26:12.517+0000] {dagbag.py:588} INFO - Filling up the DagBag from /opt/airflow/dags/dag_with_taskflow_api.py
[2024-11-06T15:26:12.526+0000] {processor.py:925} INFO - DAG(s) 'dag_with_taskflow_api_v03' retrieved from /opt/airflow/dags/dag_with_taskflow_api.py
[2024-11-06T15:26:12.545+0000] {logging_mixin.py:190} INFO - [2024-11-06T15:26:12.545+0000] {dag.py:3239} INFO - Sync 1 DAGs
[2024-11-06T15:26:12.563+0000] {logging_mixin.py:190} INFO - [2024-11-06T15:26:12.563+0000] {dag.py:4180} INFO - Setting next_dagrun for dag_with_taskflow_api_v03 to 2024-11-06 00:00:00+00:00, run_after=2024-11-07 00:00:00+00:00
[2024-11-06T15:26:12.580+0000] {processor.py:208} INFO - Processing /opt/airflow/dags/dag_with_taskflow_api.py took 0.070 seconds
[2024-11-06T15:26:42.801+0000] {processor.py:186} INFO - Started process (PID=899) to work on /opt/airflow/dags/dag_with_taskflow_api.py
[2024-11-06T15:26:42.801+0000] {processor.py:914} INFO - Processing file /opt/airflow/dags/dag_with_taskflow_api.py for tasks to queue
[2024-11-06T15:26:42.803+0000] {logging_mixin.py:190} INFO - [2024-11-06T15:26:42.803+0000] {dagbag.py:588} INFO - Filling up the DagBag from /opt/airflow/dags/dag_with_taskflow_api.py
[2024-11-06T15:26:42.812+0000] {processor.py:925} INFO - DAG(s) 'dag_with_taskflow_api_v03' retrieved from /opt/airflow/dags/dag_with_taskflow_api.py
[2024-11-06T15:26:42.832+0000] {logging_mixin.py:190} INFO - [2024-11-06T15:26:42.831+0000] {dag.py:3239} INFO - Sync 1 DAGs
[2024-11-06T15:26:42.850+0000] {logging_mixin.py:190} INFO - [2024-11-06T15:26:42.850+0000] {dag.py:4180} INFO - Setting next_dagrun for dag_with_taskflow_api_v03 to 2024-11-06 00:00:00+00:00, run_after=2024-11-07 00:00:00+00:00
[2024-11-06T15:26:42.868+0000] {processor.py:208} INFO - Processing /opt/airflow/dags/dag_with_taskflow_api.py took 0.073 seconds
[2024-11-06T15:27:13.220+0000] {processor.py:186} INFO - Started process (PID=925) to work on /opt/airflow/dags/dag_with_taskflow_api.py
[2024-11-06T15:27:13.220+0000] {processor.py:914} INFO - Processing file /opt/airflow/dags/dag_with_taskflow_api.py for tasks to queue
[2024-11-06T15:27:13.222+0000] {logging_mixin.py:190} INFO - [2024-11-06T15:27:13.222+0000] {dagbag.py:588} INFO - Filling up the DagBag from /opt/airflow/dags/dag_with_taskflow_api.py
[2024-11-06T15:27:13.230+0000] {processor.py:925} INFO - DAG(s) 'dag_with_taskflow_api_v03' retrieved from /opt/airflow/dags/dag_with_taskflow_api.py
[2024-11-06T15:27:13.250+0000] {logging_mixin.py:190} INFO - [2024-11-06T15:27:13.250+0000] {dag.py:3239} INFO - Sync 1 DAGs
[2024-11-06T15:27:13.268+0000] {logging_mixin.py:190} INFO - [2024-11-06T15:27:13.268+0000] {dag.py:4180} INFO - Setting next_dagrun for dag_with_taskflow_api_v03 to 2024-11-06 00:00:00+00:00, run_after=2024-11-07 00:00:00+00:00
[2024-11-06T15:27:13.290+0000] {processor.py:208} INFO - Processing /opt/airflow/dags/dag_with_taskflow_api.py took 0.075 seconds
[2024-11-06T15:27:43.533+0000] {processor.py:186} INFO - Started process (PID=951) to work on /opt/airflow/dags/dag_with_taskflow_api.py
[2024-11-06T15:27:43.534+0000] {processor.py:914} INFO - Processing file /opt/airflow/dags/dag_with_taskflow_api.py for tasks to queue
[2024-11-06T15:27:43.537+0000] {logging_mixin.py:190} INFO - [2024-11-06T15:27:43.536+0000] {dagbag.py:588} INFO - Filling up the DagBag from /opt/airflow/dags/dag_with_taskflow_api.py
[2024-11-06T15:27:43.549+0000] {processor.py:925} INFO - DAG(s) 'dag_with_taskflow_api_v03' retrieved from /opt/airflow/dags/dag_with_taskflow_api.py
[2024-11-06T15:27:43.579+0000] {logging_mixin.py:190} INFO - [2024-11-06T15:27:43.579+0000] {dag.py:3239} INFO - Sync 1 DAGs
[2024-11-06T15:27:43.609+0000] {logging_mixin.py:190} INFO - [2024-11-06T15:27:43.609+0000] {dag.py:4180} INFO - Setting next_dagrun for dag_with_taskflow_api_v03 to 2024-11-06 00:00:00+00:00, run_after=2024-11-07 00:00:00+00:00
[2024-11-06T15:27:43.667+0000] {processor.py:208} INFO - Processing /opt/airflow/dags/dag_with_taskflow_api.py took 0.148 seconds
[2024-11-06T15:28:13.918+0000] {processor.py:186} INFO - Started process (PID=977) to work on /opt/airflow/dags/dag_with_taskflow_api.py
[2024-11-06T15:28:13.919+0000] {processor.py:914} INFO - Processing file /opt/airflow/dags/dag_with_taskflow_api.py for tasks to queue
[2024-11-06T15:28:13.921+0000] {logging_mixin.py:190} INFO - [2024-11-06T15:28:13.921+0000] {dagbag.py:588} INFO - Filling up the DagBag from /opt/airflow/dags/dag_with_taskflow_api.py
[2024-11-06T15:28:13.929+0000] {processor.py:925} INFO - DAG(s) 'dag_with_taskflow_api_v03' retrieved from /opt/airflow/dags/dag_with_taskflow_api.py
[2024-11-06T15:28:13.949+0000] {logging_mixin.py:190} INFO - [2024-11-06T15:28:13.948+0000] {dag.py:3239} INFO - Sync 1 DAGs
[2024-11-06T15:28:13.968+0000] {logging_mixin.py:190} INFO - [2024-11-06T15:28:13.968+0000] {dag.py:4180} INFO - Setting next_dagrun for dag_with_taskflow_api_v03 to 2024-11-06 00:00:00+00:00, run_after=2024-11-07 00:00:00+00:00
[2024-11-06T15:28:13.986+0000] {processor.py:208} INFO - Processing /opt/airflow/dags/dag_with_taskflow_api.py took 0.072 seconds
[2024-11-06T15:28:44.473+0000] {processor.py:186} INFO - Started process (PID=1004) to work on /opt/airflow/dags/dag_with_taskflow_api.py
[2024-11-06T15:28:44.474+0000] {processor.py:914} INFO - Processing file /opt/airflow/dags/dag_with_taskflow_api.py for tasks to queue
[2024-11-06T15:28:44.476+0000] {logging_mixin.py:190} INFO - [2024-11-06T15:28:44.475+0000] {dagbag.py:588} INFO - Filling up the DagBag from /opt/airflow/dags/dag_with_taskflow_api.py
[2024-11-06T15:28:44.485+0000] {processor.py:925} INFO - DAG(s) 'dag_with_taskflow_api_v03' retrieved from /opt/airflow/dags/dag_with_taskflow_api.py
[2024-11-06T15:28:44.504+0000] {logging_mixin.py:190} INFO - [2024-11-06T15:28:44.503+0000] {dag.py:3239} INFO - Sync 1 DAGs
[2024-11-06T15:28:44.521+0000] {logging_mixin.py:190} INFO - [2024-11-06T15:28:44.521+0000] {dag.py:4180} INFO - Setting next_dagrun for dag_with_taskflow_api_v03 to 2024-11-06 00:00:00+00:00, run_after=2024-11-07 00:00:00+00:00
[2024-11-06T15:28:44.539+0000] {processor.py:208} INFO - Processing /opt/airflow/dags/dag_with_taskflow_api.py took 0.070 seconds
[2024-11-06T15:29:14.770+0000] {processor.py:186} INFO - Started process (PID=1030) to work on /opt/airflow/dags/dag_with_taskflow_api.py
[2024-11-06T15:29:14.771+0000] {processor.py:914} INFO - Processing file /opt/airflow/dags/dag_with_taskflow_api.py for tasks to queue
[2024-11-06T15:29:14.774+0000] {logging_mixin.py:190} INFO - [2024-11-06T15:29:14.774+0000] {dagbag.py:588} INFO - Filling up the DagBag from /opt/airflow/dags/dag_with_taskflow_api.py
[2024-11-06T15:29:14.786+0000] {processor.py:925} INFO - DAG(s) 'dag_with_taskflow_api_v03' retrieved from /opt/airflow/dags/dag_with_taskflow_api.py
[2024-11-06T15:29:14.822+0000] {logging_mixin.py:190} INFO - [2024-11-06T15:29:14.822+0000] {dag.py:3239} INFO - Sync 1 DAGs
[2024-11-06T15:29:14.861+0000] {logging_mixin.py:190} INFO - [2024-11-06T15:29:14.860+0000] {dag.py:4180} INFO - Setting next_dagrun for dag_with_taskflow_api_v03 to 2024-11-06 00:00:00+00:00, run_after=2024-11-07 00:00:00+00:00
[2024-11-06T15:29:14.896+0000] {processor.py:208} INFO - Processing /opt/airflow/dags/dag_with_taskflow_api.py took 0.144 seconds
[2024-11-06T15:29:45.187+0000] {processor.py:186} INFO - Started process (PID=1057) to work on /opt/airflow/dags/dag_with_taskflow_api.py
[2024-11-06T15:29:45.188+0000] {processor.py:914} INFO - Processing file /opt/airflow/dags/dag_with_taskflow_api.py for tasks to queue
[2024-11-06T15:29:45.190+0000] {logging_mixin.py:190} INFO - [2024-11-06T15:29:45.190+0000] {dagbag.py:588} INFO - Filling up the DagBag from /opt/airflow/dags/dag_with_taskflow_api.py
[2024-11-06T15:29:45.198+0000] {processor.py:925} INFO - DAG(s) 'dag_with_taskflow_api_v03' retrieved from /opt/airflow/dags/dag_with_taskflow_api.py
[2024-11-06T15:29:45.225+0000] {logging_mixin.py:190} INFO - [2024-11-06T15:29:45.225+0000] {dag.py:3239} INFO - Sync 1 DAGs
[2024-11-06T15:29:45.251+0000] {logging_mixin.py:190} INFO - [2024-11-06T15:29:45.251+0000] {dag.py:4180} INFO - Setting next_dagrun for dag_with_taskflow_api_v03 to 2024-11-06 00:00:00+00:00, run_after=2024-11-07 00:00:00+00:00
[2024-11-06T15:29:45.274+0000] {processor.py:208} INFO - Processing /opt/airflow/dags/dag_with_taskflow_api.py took 0.091 seconds
[2024-11-06T15:30:15.650+0000] {processor.py:186} INFO - Started process (PID=1083) to work on /opt/airflow/dags/dag_with_taskflow_api.py
[2024-11-06T15:30:15.651+0000] {processor.py:914} INFO - Processing file /opt/airflow/dags/dag_with_taskflow_api.py for tasks to queue
[2024-11-06T15:30:15.652+0000] {logging_mixin.py:190} INFO - [2024-11-06T15:30:15.652+0000] {dagbag.py:588} INFO - Filling up the DagBag from /opt/airflow/dags/dag_with_taskflow_api.py
[2024-11-06T15:30:15.660+0000] {processor.py:925} INFO - DAG(s) 'dag_with_taskflow_api_v03' retrieved from /opt/airflow/dags/dag_with_taskflow_api.py
[2024-11-06T15:30:15.681+0000] {logging_mixin.py:190} INFO - [2024-11-06T15:30:15.680+0000] {dag.py:3239} INFO - Sync 1 DAGs
[2024-11-06T15:30:15.699+0000] {logging_mixin.py:190} INFO - [2024-11-06T15:30:15.699+0000] {dag.py:4180} INFO - Setting next_dagrun for dag_with_taskflow_api_v03 to 2024-11-06 00:00:00+00:00, run_after=2024-11-07 00:00:00+00:00
[2024-11-06T15:30:15.720+0000] {processor.py:208} INFO - Processing /opt/airflow/dags/dag_with_taskflow_api.py took 0.076 seconds
[2024-11-06T15:30:45.939+0000] {processor.py:186} INFO - Started process (PID=1110) to work on /opt/airflow/dags/dag_with_taskflow_api.py
[2024-11-06T15:30:45.939+0000] {processor.py:914} INFO - Processing file /opt/airflow/dags/dag_with_taskflow_api.py for tasks to queue
[2024-11-06T15:30:45.941+0000] {logging_mixin.py:190} INFO - [2024-11-06T15:30:45.941+0000] {dagbag.py:588} INFO - Filling up the DagBag from /opt/airflow/dags/dag_with_taskflow_api.py
[2024-11-06T15:30:45.949+0000] {processor.py:925} INFO - DAG(s) 'dag_with_taskflow_api_v03' retrieved from /opt/airflow/dags/dag_with_taskflow_api.py
[2024-11-06T15:30:45.969+0000] {logging_mixin.py:190} INFO - [2024-11-06T15:30:45.968+0000] {dag.py:3239} INFO - Sync 1 DAGs
[2024-11-06T15:30:45.989+0000] {logging_mixin.py:190} INFO - [2024-11-06T15:30:45.989+0000] {dag.py:4180} INFO - Setting next_dagrun for dag_with_taskflow_api_v03 to 2024-11-06 00:00:00+00:00, run_after=2024-11-07 00:00:00+00:00
[2024-11-06T15:30:46.007+0000] {processor.py:208} INFO - Processing /opt/airflow/dags/dag_with_taskflow_api.py took 0.074 seconds
[2024-11-06T15:31:16.234+0000] {processor.py:186} INFO - Started process (PID=1136) to work on /opt/airflow/dags/dag_with_taskflow_api.py
[2024-11-06T15:31:16.235+0000] {processor.py:914} INFO - Processing file /opt/airflow/dags/dag_with_taskflow_api.py for tasks to queue
[2024-11-06T15:31:16.237+0000] {logging_mixin.py:190} INFO - [2024-11-06T15:31:16.237+0000] {dagbag.py:588} INFO - Filling up the DagBag from /opt/airflow/dags/dag_with_taskflow_api.py
[2024-11-06T15:31:16.250+0000] {processor.py:925} INFO - DAG(s) 'dag_with_taskflow_api_v03' retrieved from /opt/airflow/dags/dag_with_taskflow_api.py
[2024-11-06T15:31:16.278+0000] {logging_mixin.py:190} INFO - [2024-11-06T15:31:16.278+0000] {dag.py:3239} INFO - Sync 1 DAGs
[2024-11-06T15:31:16.328+0000] {logging_mixin.py:190} INFO - [2024-11-06T15:31:16.328+0000] {dag.py:4180} INFO - Setting next_dagrun for dag_with_taskflow_api_v03 to 2024-11-06 00:00:00+00:00, run_after=2024-11-07 00:00:00+00:00
[2024-11-06T15:31:16.369+0000] {processor.py:208} INFO - Processing /opt/airflow/dags/dag_with_taskflow_api.py took 0.147 seconds
[2024-11-06T15:31:46.495+0000] {processor.py:186} INFO - Started process (PID=1162) to work on /opt/airflow/dags/dag_with_taskflow_api.py
[2024-11-06T15:31:46.496+0000] {processor.py:914} INFO - Processing file /opt/airflow/dags/dag_with_taskflow_api.py for tasks to queue
[2024-11-06T15:31:46.504+0000] {logging_mixin.py:190} INFO - [2024-11-06T15:31:46.503+0000] {dagbag.py:588} INFO - Filling up the DagBag from /opt/airflow/dags/dag_with_taskflow_api.py
[2024-11-06T15:31:46.517+0000] {processor.py:925} INFO - DAG(s) 'dag_with_taskflow_api_v03' retrieved from /opt/airflow/dags/dag_with_taskflow_api.py
[2024-11-06T15:31:46.559+0000] {logging_mixin.py:190} INFO - [2024-11-06T15:31:46.559+0000] {dag.py:3239} INFO - Sync 1 DAGs
[2024-11-06T15:31:46.605+0000] {logging_mixin.py:190} INFO - [2024-11-06T15:31:46.604+0000] {dag.py:4180} INFO - Setting next_dagrun for dag_with_taskflow_api_v03 to 2024-11-06 00:00:00+00:00, run_after=2024-11-07 00:00:00+00:00
[2024-11-06T15:31:46.638+0000] {processor.py:208} INFO - Processing /opt/airflow/dags/dag_with_taskflow_api.py took 0.149 seconds
[2024-11-06T15:32:17.222+0000] {processor.py:186} INFO - Started process (PID=1189) to work on /opt/airflow/dags/dag_with_taskflow_api.py
[2024-11-06T15:32:17.223+0000] {processor.py:914} INFO - Processing file /opt/airflow/dags/dag_with_taskflow_api.py for tasks to queue
[2024-11-06T15:32:17.226+0000] {logging_mixin.py:190} INFO - [2024-11-06T15:32:17.226+0000] {dagbag.py:588} INFO - Filling up the DagBag from /opt/airflow/dags/dag_with_taskflow_api.py
[2024-11-06T15:32:17.238+0000] {processor.py:925} INFO - DAG(s) 'dag_with_taskflow_api_v03' retrieved from /opt/airflow/dags/dag_with_taskflow_api.py
[2024-11-06T15:32:17.258+0000] {logging_mixin.py:190} INFO - [2024-11-06T15:32:17.258+0000] {dag.py:3239} INFO - Sync 1 DAGs
[2024-11-06T15:32:17.279+0000] {logging_mixin.py:190} INFO - [2024-11-06T15:32:17.278+0000] {dag.py:4180} INFO - Setting next_dagrun for dag_with_taskflow_api_v03 to 2024-11-06 00:00:00+00:00, run_after=2024-11-07 00:00:00+00:00
[2024-11-06T15:32:17.296+0000] {processor.py:208} INFO - Processing /opt/airflow/dags/dag_with_taskflow_api.py took 0.080 seconds
[2024-11-06T15:32:47.580+0000] {processor.py:186} INFO - Started process (PID=1215) to work on /opt/airflow/dags/dag_with_taskflow_api.py
[2024-11-06T15:32:47.581+0000] {processor.py:914} INFO - Processing file /opt/airflow/dags/dag_with_taskflow_api.py for tasks to queue
[2024-11-06T15:32:47.583+0000] {logging_mixin.py:190} INFO - [2024-11-06T15:32:47.583+0000] {dagbag.py:588} INFO - Filling up the DagBag from /opt/airflow/dags/dag_with_taskflow_api.py
[2024-11-06T15:32:47.592+0000] {processor.py:925} INFO - DAG(s) 'dag_with_taskflow_api_v03' retrieved from /opt/airflow/dags/dag_with_taskflow_api.py
[2024-11-06T15:32:47.610+0000] {logging_mixin.py:190} INFO - [2024-11-06T15:32:47.610+0000] {dag.py:3239} INFO - Sync 1 DAGs
[2024-11-06T15:32:47.628+0000] {logging_mixin.py:190} INFO - [2024-11-06T15:32:47.628+0000] {dag.py:4180} INFO - Setting next_dagrun for dag_with_taskflow_api_v03 to 2024-11-06 00:00:00+00:00, run_after=2024-11-07 00:00:00+00:00
[2024-11-06T15:32:47.645+0000] {processor.py:208} INFO - Processing /opt/airflow/dags/dag_with_taskflow_api.py took 0.072 seconds
[2024-11-06T15:33:17.835+0000] {processor.py:186} INFO - Started process (PID=1241) to work on /opt/airflow/dags/dag_with_taskflow_api.py
[2024-11-06T15:33:17.836+0000] {processor.py:914} INFO - Processing file /opt/airflow/dags/dag_with_taskflow_api.py for tasks to queue
[2024-11-06T15:33:17.838+0000] {logging_mixin.py:190} INFO - [2024-11-06T15:33:17.838+0000] {dagbag.py:588} INFO - Filling up the DagBag from /opt/airflow/dags/dag_with_taskflow_api.py
[2024-11-06T15:33:17.847+0000] {processor.py:925} INFO - DAG(s) 'dag_with_taskflow_api_v03' retrieved from /opt/airflow/dags/dag_with_taskflow_api.py
[2024-11-06T15:33:17.866+0000] {logging_mixin.py:190} INFO - [2024-11-06T15:33:17.866+0000] {dag.py:3239} INFO - Sync 1 DAGs
[2024-11-06T15:33:17.885+0000] {logging_mixin.py:190} INFO - [2024-11-06T15:33:17.884+0000] {dag.py:4180} INFO - Setting next_dagrun for dag_with_taskflow_api_v03 to 2024-11-06 00:00:00+00:00, run_after=2024-11-07 00:00:00+00:00
[2024-11-06T15:33:17.903+0000] {processor.py:208} INFO - Processing /opt/airflow/dags/dag_with_taskflow_api.py took 0.073 seconds
[2024-11-06T15:33:48.136+0000] {processor.py:186} INFO - Started process (PID=1267) to work on /opt/airflow/dags/dag_with_taskflow_api.py
[2024-11-06T15:33:48.136+0000] {processor.py:914} INFO - Processing file /opt/airflow/dags/dag_with_taskflow_api.py for tasks to queue
[2024-11-06T15:33:48.138+0000] {logging_mixin.py:190} INFO - [2024-11-06T15:33:48.137+0000] {dagbag.py:588} INFO - Filling up the DagBag from /opt/airflow/dags/dag_with_taskflow_api.py
[2024-11-06T15:33:48.146+0000] {processor.py:925} INFO - DAG(s) 'dag_with_taskflow_api_v03' retrieved from /opt/airflow/dags/dag_with_taskflow_api.py
[2024-11-06T15:33:48.166+0000] {logging_mixin.py:190} INFO - [2024-11-06T15:33:48.166+0000] {dag.py:3239} INFO - Sync 1 DAGs
[2024-11-06T15:33:48.187+0000] {logging_mixin.py:190} INFO - [2024-11-06T15:33:48.186+0000] {dag.py:4180} INFO - Setting next_dagrun for dag_with_taskflow_api_v03 to 2024-11-06 00:00:00+00:00, run_after=2024-11-07 00:00:00+00:00
[2024-11-06T15:33:48.204+0000] {processor.py:208} INFO - Processing /opt/airflow/dags/dag_with_taskflow_api.py took 0.074 seconds
[2024-11-06T15:34:18.413+0000] {processor.py:186} INFO - Started process (PID=1293) to work on /opt/airflow/dags/dag_with_taskflow_api.py
[2024-11-06T15:34:18.414+0000] {processor.py:914} INFO - Processing file /opt/airflow/dags/dag_with_taskflow_api.py for tasks to queue
[2024-11-06T15:34:18.416+0000] {logging_mixin.py:190} INFO - [2024-11-06T15:34:18.416+0000] {dagbag.py:588} INFO - Filling up the DagBag from /opt/airflow/dags/dag_with_taskflow_api.py
[2024-11-06T15:34:18.424+0000] {processor.py:925} INFO - DAG(s) 'dag_with_taskflow_api_v03' retrieved from /opt/airflow/dags/dag_with_taskflow_api.py
[2024-11-06T15:34:18.443+0000] {logging_mixin.py:190} INFO - [2024-11-06T15:34:18.443+0000] {dag.py:3239} INFO - Sync 1 DAGs
[2024-11-06T15:34:18.461+0000] {logging_mixin.py:190} INFO - [2024-11-06T15:34:18.461+0000] {dag.py:4180} INFO - Setting next_dagrun for dag_with_taskflow_api_v03 to 2024-11-06 00:00:00+00:00, run_after=2024-11-07 00:00:00+00:00
[2024-11-06T15:34:18.479+0000] {processor.py:208} INFO - Processing /opt/airflow/dags/dag_with_taskflow_api.py took 0.070 seconds
[2024-11-06T15:34:48.707+0000] {processor.py:186} INFO - Started process (PID=1319) to work on /opt/airflow/dags/dag_with_taskflow_api.py
[2024-11-06T15:34:48.708+0000] {processor.py:914} INFO - Processing file /opt/airflow/dags/dag_with_taskflow_api.py for tasks to queue
[2024-11-06T15:34:48.709+0000] {logging_mixin.py:190} INFO - [2024-11-06T15:34:48.709+0000] {dagbag.py:588} INFO - Filling up the DagBag from /opt/airflow/dags/dag_with_taskflow_api.py
[2024-11-06T15:34:48.717+0000] {processor.py:925} INFO - DAG(s) 'dag_with_taskflow_api_v03' retrieved from /opt/airflow/dags/dag_with_taskflow_api.py
[2024-11-06T15:34:48.745+0000] {logging_mixin.py:190} INFO - [2024-11-06T15:34:48.744+0000] {dag.py:3239} INFO - Sync 1 DAGs
[2024-11-06T15:34:48.766+0000] {logging_mixin.py:190} INFO - [2024-11-06T15:34:48.766+0000] {dag.py:4180} INFO - Setting next_dagrun for dag_with_taskflow_api_v03 to 2024-11-06 00:00:00+00:00, run_after=2024-11-07 00:00:00+00:00
[2024-11-06T15:34:48.791+0000] {processor.py:208} INFO - Processing /opt/airflow/dags/dag_with_taskflow_api.py took 0.089 seconds
[2024-11-06T15:35:18.987+0000] {processor.py:186} INFO - Started process (PID=1346) to work on /opt/airflow/dags/dag_with_taskflow_api.py
[2024-11-06T15:35:18.988+0000] {processor.py:914} INFO - Processing file /opt/airflow/dags/dag_with_taskflow_api.py for tasks to queue
[2024-11-06T15:35:18.990+0000] {logging_mixin.py:190} INFO - [2024-11-06T15:35:18.989+0000] {dagbag.py:588} INFO - Filling up the DagBag from /opt/airflow/dags/dag_with_taskflow_api.py
[2024-11-06T15:35:18.999+0000] {processor.py:925} INFO - DAG(s) 'dag_with_taskflow_api_v03' retrieved from /opt/airflow/dags/dag_with_taskflow_api.py
[2024-11-06T15:35:19.038+0000] {logging_mixin.py:190} INFO - [2024-11-06T15:35:19.037+0000] {dag.py:3239} INFO - Sync 1 DAGs
[2024-11-06T15:35:19.059+0000] {logging_mixin.py:190} INFO - [2024-11-06T15:35:19.059+0000] {dag.py:4180} INFO - Setting next_dagrun for dag_with_taskflow_api_v03 to 2024-11-06 00:00:00+00:00, run_after=2024-11-07 00:00:00+00:00
[2024-11-06T15:35:19.132+0000] {processor.py:208} INFO - Processing /opt/airflow/dags/dag_with_taskflow_api.py took 0.150 seconds
[2024-11-06T15:35:49.300+0000] {processor.py:186} INFO - Started process (PID=1372) to work on /opt/airflow/dags/dag_with_taskflow_api.py
[2024-11-06T15:35:49.301+0000] {processor.py:914} INFO - Processing file /opt/airflow/dags/dag_with_taskflow_api.py for tasks to queue
[2024-11-06T15:35:49.303+0000] {logging_mixin.py:190} INFO - [2024-11-06T15:35:49.302+0000] {dagbag.py:588} INFO - Filling up the DagBag from /opt/airflow/dags/dag_with_taskflow_api.py
[2024-11-06T15:35:49.314+0000] {processor.py:925} INFO - DAG(s) 'dag_with_taskflow_api_v03' retrieved from /opt/airflow/dags/dag_with_taskflow_api.py
[2024-11-06T15:35:49.344+0000] {logging_mixin.py:190} INFO - [2024-11-06T15:35:49.343+0000] {dag.py:3239} INFO - Sync 1 DAGs
[2024-11-06T15:35:49.374+0000] {logging_mixin.py:190} INFO - [2024-11-06T15:35:49.374+0000] {dag.py:4180} INFO - Setting next_dagrun for dag_with_taskflow_api_v03 to 2024-11-06 00:00:00+00:00, run_after=2024-11-07 00:00:00+00:00
[2024-11-06T15:35:49.394+0000] {processor.py:208} INFO - Processing /opt/airflow/dags/dag_with_taskflow_api.py took 0.098 seconds
[2024-11-06T15:36:19.642+0000] {processor.py:186} INFO - Started process (PID=1399) to work on /opt/airflow/dags/dag_with_taskflow_api.py
[2024-11-06T15:36:19.650+0000] {processor.py:914} INFO - Processing file /opt/airflow/dags/dag_with_taskflow_api.py for tasks to queue
[2024-11-06T15:36:19.653+0000] {logging_mixin.py:190} INFO - [2024-11-06T15:36:19.652+0000] {dagbag.py:588} INFO - Filling up the DagBag from /opt/airflow/dags/dag_with_taskflow_api.py
[2024-11-06T15:36:19.678+0000] {processor.py:925} INFO - DAG(s) 'dag_with_taskflow_api_v03' retrieved from /opt/airflow/dags/dag_with_taskflow_api.py
[2024-11-06T15:36:19.733+0000] {logging_mixin.py:190} INFO - [2024-11-06T15:36:19.732+0000] {dag.py:3239} INFO - Sync 1 DAGs
[2024-11-06T15:36:19.765+0000] {logging_mixin.py:190} INFO - [2024-11-06T15:36:19.764+0000] {dag.py:4180} INFO - Setting next_dagrun for dag_with_taskflow_api_v03 to 2024-11-06 00:00:00+00:00, run_after=2024-11-07 00:00:00+00:00
[2024-11-06T15:36:19.790+0000] {processor.py:208} INFO - Processing /opt/airflow/dags/dag_with_taskflow_api.py took 0.173 seconds
[2024-11-06T15:36:50.281+0000] {processor.py:186} INFO - Started process (PID=1425) to work on /opt/airflow/dags/dag_with_taskflow_api.py
[2024-11-06T15:36:50.281+0000] {processor.py:914} INFO - Processing file /opt/airflow/dags/dag_with_taskflow_api.py for tasks to queue
[2024-11-06T15:36:50.284+0000] {logging_mixin.py:190} INFO - [2024-11-06T15:36:50.283+0000] {dagbag.py:588} INFO - Filling up the DagBag from /opt/airflow/dags/dag_with_taskflow_api.py
[2024-11-06T15:36:50.292+0000] {processor.py:925} INFO - DAG(s) 'dag_with_taskflow_api_v03' retrieved from /opt/airflow/dags/dag_with_taskflow_api.py
[2024-11-06T15:36:50.312+0000] {logging_mixin.py:190} INFO - [2024-11-06T15:36:50.312+0000] {dag.py:3239} INFO - Sync 1 DAGs
[2024-11-06T15:36:50.331+0000] {logging_mixin.py:190} INFO - [2024-11-06T15:36:50.331+0000] {dag.py:4180} INFO - Setting next_dagrun for dag_with_taskflow_api_v03 to 2024-11-06 00:00:00+00:00, run_after=2024-11-07 00:00:00+00:00
[2024-11-06T15:36:50.348+0000] {processor.py:208} INFO - Processing /opt/airflow/dags/dag_with_taskflow_api.py took 0.072 seconds
[2024-11-06T15:37:20.719+0000] {processor.py:186} INFO - Started process (PID=1451) to work on /opt/airflow/dags/dag_with_taskflow_api.py
[2024-11-06T15:37:20.720+0000] {processor.py:914} INFO - Processing file /opt/airflow/dags/dag_with_taskflow_api.py for tasks to queue
[2024-11-06T15:37:20.722+0000] {logging_mixin.py:190} INFO - [2024-11-06T15:37:20.721+0000] {dagbag.py:588} INFO - Filling up the DagBag from /opt/airflow/dags/dag_with_taskflow_api.py
[2024-11-06T15:37:20.730+0000] {processor.py:925} INFO - DAG(s) 'dag_with_taskflow_api_v03' retrieved from /opt/airflow/dags/dag_with_taskflow_api.py
[2024-11-06T15:37:20.750+0000] {logging_mixin.py:190} INFO - [2024-11-06T15:37:20.749+0000] {dag.py:3239} INFO - Sync 1 DAGs
[2024-11-06T15:37:20.769+0000] {logging_mixin.py:190} INFO - [2024-11-06T15:37:20.768+0000] {dag.py:4180} INFO - Setting next_dagrun for dag_with_taskflow_api_v03 to 2024-11-06 00:00:00+00:00, run_after=2024-11-07 00:00:00+00:00
[2024-11-06T15:37:20.788+0000] {processor.py:208} INFO - Processing /opt/airflow/dags/dag_with_taskflow_api.py took 0.073 seconds
[2024-11-06T15:37:51.044+0000] {processor.py:186} INFO - Started process (PID=1477) to work on /opt/airflow/dags/dag_with_taskflow_api.py
[2024-11-06T15:37:51.044+0000] {processor.py:914} INFO - Processing file /opt/airflow/dags/dag_with_taskflow_api.py for tasks to queue
[2024-11-06T15:37:51.046+0000] {logging_mixin.py:190} INFO - [2024-11-06T15:37:51.046+0000] {dagbag.py:588} INFO - Filling up the DagBag from /opt/airflow/dags/dag_with_taskflow_api.py
[2024-11-06T15:37:51.056+0000] {processor.py:925} INFO - DAG(s) 'dag_with_taskflow_api_v03' retrieved from /opt/airflow/dags/dag_with_taskflow_api.py
[2024-11-06T15:37:51.075+0000] {logging_mixin.py:190} INFO - [2024-11-06T15:37:51.075+0000] {dag.py:3239} INFO - Sync 1 DAGs
[2024-11-06T15:37:51.094+0000] {logging_mixin.py:190} INFO - [2024-11-06T15:37:51.094+0000] {dag.py:4180} INFO - Setting next_dagrun for dag_with_taskflow_api_v03 to 2024-11-06 00:00:00+00:00, run_after=2024-11-07 00:00:00+00:00
[2024-11-06T15:37:51.112+0000] {processor.py:208} INFO - Processing /opt/airflow/dags/dag_with_taskflow_api.py took 0.073 seconds
[2024-11-06T15:38:21.419+0000] {processor.py:186} INFO - Started process (PID=1504) to work on /opt/airflow/dags/dag_with_taskflow_api.py
[2024-11-06T15:38:21.420+0000] {processor.py:914} INFO - Processing file /opt/airflow/dags/dag_with_taskflow_api.py for tasks to queue
[2024-11-06T15:38:21.427+0000] {logging_mixin.py:190} INFO - [2024-11-06T15:38:21.427+0000] {dagbag.py:588} INFO - Filling up the DagBag from /opt/airflow/dags/dag_with_taskflow_api.py
[2024-11-06T15:38:21.440+0000] {processor.py:925} INFO - DAG(s) 'dag_with_taskflow_api_v03' retrieved from /opt/airflow/dags/dag_with_taskflow_api.py
[2024-11-06T15:38:21.469+0000] {logging_mixin.py:190} INFO - [2024-11-06T15:38:21.469+0000] {dag.py:3239} INFO - Sync 1 DAGs
[2024-11-06T15:38:21.498+0000] {logging_mixin.py:190} INFO - [2024-11-06T15:38:21.498+0000] {dag.py:4180} INFO - Setting next_dagrun for dag_with_taskflow_api_v03 to 2024-11-06 00:00:00+00:00, run_after=2024-11-07 00:00:00+00:00
[2024-11-06T15:38:21.524+0000] {processor.py:208} INFO - Processing /opt/airflow/dags/dag_with_taskflow_api.py took 0.111 seconds
[2024-11-06T15:38:51.744+0000] {processor.py:186} INFO - Started process (PID=1530) to work on /opt/airflow/dags/dag_with_taskflow_api.py
[2024-11-06T15:38:51.745+0000] {processor.py:914} INFO - Processing file /opt/airflow/dags/dag_with_taskflow_api.py for tasks to queue
[2024-11-06T15:38:51.748+0000] {logging_mixin.py:190} INFO - [2024-11-06T15:38:51.747+0000] {dagbag.py:588} INFO - Filling up the DagBag from /opt/airflow/dags/dag_with_taskflow_api.py
[2024-11-06T15:38:51.766+0000] {processor.py:925} INFO - DAG(s) 'dag_with_taskflow_api_v03' retrieved from /opt/airflow/dags/dag_with_taskflow_api.py
[2024-11-06T15:38:51.796+0000] {logging_mixin.py:190} INFO - [2024-11-06T15:38:51.796+0000] {dag.py:3239} INFO - Sync 1 DAGs
[2024-11-06T15:38:51.827+0000] {logging_mixin.py:190} INFO - [2024-11-06T15:38:51.826+0000] {dag.py:4180} INFO - Setting next_dagrun for dag_with_taskflow_api_v03 to 2024-11-06 00:00:00+00:00, run_after=2024-11-07 00:00:00+00:00
[2024-11-06T15:38:51.853+0000] {processor.py:208} INFO - Processing /opt/airflow/dags/dag_with_taskflow_api.py took 0.124 seconds
[2024-11-06T15:39:21.996+0000] {processor.py:186} INFO - Started process (PID=1556) to work on /opt/airflow/dags/dag_with_taskflow_api.py
[2024-11-06T15:39:21.997+0000] {processor.py:914} INFO - Processing file /opt/airflow/dags/dag_with_taskflow_api.py for tasks to queue
[2024-11-06T15:39:21.999+0000] {logging_mixin.py:190} INFO - [2024-11-06T15:39:21.998+0000] {dagbag.py:588} INFO - Filling up the DagBag from /opt/airflow/dags/dag_with_taskflow_api.py
[2024-11-06T15:39:22.008+0000] {processor.py:925} INFO - DAG(s) 'dag_with_taskflow_api_v03' retrieved from /opt/airflow/dags/dag_with_taskflow_api.py
[2024-11-06T15:39:22.033+0000] {logging_mixin.py:190} INFO - [2024-11-06T15:39:22.033+0000] {dag.py:3239} INFO - Sync 1 DAGs
[2024-11-06T15:39:22.054+0000] {logging_mixin.py:190} INFO - [2024-11-06T15:39:22.054+0000] {dag.py:4180} INFO - Setting next_dagrun for dag_with_taskflow_api_v03 to 2024-11-06 00:00:00+00:00, run_after=2024-11-07 00:00:00+00:00
[2024-11-06T15:39:22.072+0000] {processor.py:208} INFO - Processing /opt/airflow/dags/dag_with_taskflow_api.py took 0.081 seconds
[2024-11-06T15:39:52.311+0000] {processor.py:186} INFO - Started process (PID=1583) to work on /opt/airflow/dags/dag_with_taskflow_api.py
[2024-11-06T15:39:52.312+0000] {processor.py:914} INFO - Processing file /opt/airflow/dags/dag_with_taskflow_api.py for tasks to queue
[2024-11-06T15:39:52.314+0000] {logging_mixin.py:190} INFO - [2024-11-06T15:39:52.313+0000] {dagbag.py:588} INFO - Filling up the DagBag from /opt/airflow/dags/dag_with_taskflow_api.py
[2024-11-06T15:39:52.322+0000] {processor.py:925} INFO - DAG(s) 'dag_with_taskflow_api_v03' retrieved from /opt/airflow/dags/dag_with_taskflow_api.py
[2024-11-06T15:39:52.343+0000] {logging_mixin.py:190} INFO - [2024-11-06T15:39:52.343+0000] {dag.py:3239} INFO - Sync 1 DAGs
[2024-11-06T15:39:52.362+0000] {logging_mixin.py:190} INFO - [2024-11-06T15:39:52.362+0000] {dag.py:4180} INFO - Setting next_dagrun for dag_with_taskflow_api_v03 to 2024-11-06 00:00:00+00:00, run_after=2024-11-07 00:00:00+00:00
[2024-11-06T15:39:52.380+0000] {processor.py:208} INFO - Processing /opt/airflow/dags/dag_with_taskflow_api.py took 0.074 seconds
[2024-11-06T15:40:22.629+0000] {processor.py:186} INFO - Started process (PID=1610) to work on /opt/airflow/dags/dag_with_taskflow_api.py
[2024-11-06T15:40:22.630+0000] {processor.py:914} INFO - Processing file /opt/airflow/dags/dag_with_taskflow_api.py for tasks to queue
[2024-11-06T15:40:22.632+0000] {logging_mixin.py:190} INFO - [2024-11-06T15:40:22.631+0000] {dagbag.py:588} INFO - Filling up the DagBag from /opt/airflow/dags/dag_with_taskflow_api.py
[2024-11-06T15:40:22.641+0000] {processor.py:925} INFO - DAG(s) 'dag_with_taskflow_api_v03' retrieved from /opt/airflow/dags/dag_with_taskflow_api.py
[2024-11-06T15:40:22.661+0000] {logging_mixin.py:190} INFO - [2024-11-06T15:40:22.661+0000] {dag.py:3239} INFO - Sync 1 DAGs
[2024-11-06T15:40:22.679+0000] {logging_mixin.py:190} INFO - [2024-11-06T15:40:22.679+0000] {dag.py:4180} INFO - Setting next_dagrun for dag_with_taskflow_api_v03 to 2024-11-06 00:00:00+00:00, run_after=2024-11-07 00:00:00+00:00
[2024-11-06T15:40:22.698+0000] {processor.py:208} INFO - Processing /opt/airflow/dags/dag_with_taskflow_api.py took 0.073 seconds
[2024-11-06T15:40:52.966+0000] {processor.py:186} INFO - Started process (PID=1636) to work on /opt/airflow/dags/dag_with_taskflow_api.py
[2024-11-06T15:40:52.967+0000] {processor.py:914} INFO - Processing file /opt/airflow/dags/dag_with_taskflow_api.py for tasks to queue
[2024-11-06T15:40:52.978+0000] {logging_mixin.py:190} INFO - [2024-11-06T15:40:52.969+0000] {dagbag.py:588} INFO - Filling up the DagBag from /opt/airflow/dags/dag_with_taskflow_api.py
[2024-11-06T15:40:53.004+0000] {processor.py:925} INFO - DAG(s) 'dag_with_taskflow_api_v03' retrieved from /opt/airflow/dags/dag_with_taskflow_api.py
[2024-11-06T15:40:53.035+0000] {logging_mixin.py:190} INFO - [2024-11-06T15:40:53.035+0000] {dag.py:3239} INFO - Sync 1 DAGs
[2024-11-06T15:40:53.059+0000] {logging_mixin.py:190} INFO - [2024-11-06T15:40:53.059+0000] {dag.py:4180} INFO - Setting next_dagrun for dag_with_taskflow_api_v03 to 2024-11-06 00:00:00+00:00, run_after=2024-11-07 00:00:00+00:00
[2024-11-06T15:40:53.080+0000] {processor.py:208} INFO - Processing /opt/airflow/dags/dag_with_taskflow_api.py took 0.130 seconds
[2024-11-06T15:41:23.262+0000] {processor.py:186} INFO - Started process (PID=1668) to work on /opt/airflow/dags/dag_with_taskflow_api.py
[2024-11-06T15:41:23.266+0000] {processor.py:914} INFO - Processing file /opt/airflow/dags/dag_with_taskflow_api.py for tasks to queue
[2024-11-06T15:41:23.270+0000] {logging_mixin.py:190} INFO - [2024-11-06T15:41:23.269+0000] {dagbag.py:588} INFO - Filling up the DagBag from /opt/airflow/dags/dag_with_taskflow_api.py
[2024-11-06T15:41:23.291+0000] {processor.py:925} INFO - DAG(s) 'dag_with_taskflow_api_v03' retrieved from /opt/airflow/dags/dag_with_taskflow_api.py
[2024-11-06T15:41:23.341+0000] {logging_mixin.py:190} INFO - [2024-11-06T15:41:23.341+0000] {dag.py:3239} INFO - Sync 1 DAGs
[2024-11-06T15:41:23.374+0000] {logging_mixin.py:190} INFO - [2024-11-06T15:41:23.374+0000] {dag.py:4180} INFO - Setting next_dagrun for dag_with_taskflow_api_v03 to 2024-11-06 00:00:00+00:00, run_after=2024-11-07 00:00:00+00:00
[2024-11-06T15:41:23.410+0000] {processor.py:208} INFO - Processing /opt/airflow/dags/dag_with_taskflow_api.py took 0.172 seconds
[2024-11-06T15:41:53.537+0000] {processor.py:186} INFO - Started process (PID=1695) to work on /opt/airflow/dags/dag_with_taskflow_api.py
[2024-11-06T15:41:53.538+0000] {processor.py:914} INFO - Processing file /opt/airflow/dags/dag_with_taskflow_api.py for tasks to queue
[2024-11-06T15:41:53.541+0000] {logging_mixin.py:190} INFO - [2024-11-06T15:41:53.541+0000] {dagbag.py:588} INFO - Filling up the DagBag from /opt/airflow/dags/dag_with_taskflow_api.py
[2024-11-06T15:41:53.553+0000] {processor.py:925} INFO - DAG(s) 'dag_with_taskflow_api_v03' retrieved from /opt/airflow/dags/dag_with_taskflow_api.py
[2024-11-06T15:41:53.579+0000] {logging_mixin.py:190} INFO - [2024-11-06T15:41:53.579+0000] {dag.py:3239} INFO - Sync 1 DAGs
[2024-11-06T15:41:53.598+0000] {logging_mixin.py:190} INFO - [2024-11-06T15:41:53.598+0000] {dag.py:4180} INFO - Setting next_dagrun for dag_with_taskflow_api_v03 to 2024-11-06 00:00:00+00:00, run_after=2024-11-07 00:00:00+00:00
[2024-11-06T15:41:53.616+0000] {processor.py:208} INFO - Processing /opt/airflow/dags/dag_with_taskflow_api.py took 0.086 seconds
[2024-11-06T15:42:23.877+0000] {processor.py:186} INFO - Started process (PID=1721) to work on /opt/airflow/dags/dag_with_taskflow_api.py
[2024-11-06T15:42:23.877+0000] {processor.py:914} INFO - Processing file /opt/airflow/dags/dag_with_taskflow_api.py for tasks to queue
[2024-11-06T15:42:23.879+0000] {logging_mixin.py:190} INFO - [2024-11-06T15:42:23.879+0000] {dagbag.py:588} INFO - Filling up the DagBag from /opt/airflow/dags/dag_with_taskflow_api.py
[2024-11-06T15:42:23.888+0000] {processor.py:925} INFO - DAG(s) 'dag_with_taskflow_api_v03' retrieved from /opt/airflow/dags/dag_with_taskflow_api.py
[2024-11-06T15:42:23.908+0000] {logging_mixin.py:190} INFO - [2024-11-06T15:42:23.907+0000] {dag.py:3239} INFO - Sync 1 DAGs
[2024-11-06T15:42:23.926+0000] {logging_mixin.py:190} INFO - [2024-11-06T15:42:23.926+0000] {dag.py:4180} INFO - Setting next_dagrun for dag_with_taskflow_api_v03 to 2024-11-06 00:00:00+00:00, run_after=2024-11-07 00:00:00+00:00
[2024-11-06T15:42:23.945+0000] {processor.py:208} INFO - Processing /opt/airflow/dags/dag_with_taskflow_api.py took 0.073 seconds
[2024-11-06T15:42:54.201+0000] {processor.py:186} INFO - Started process (PID=1748) to work on /opt/airflow/dags/dag_with_taskflow_api.py
[2024-11-06T15:42:54.202+0000] {processor.py:914} INFO - Processing file /opt/airflow/dags/dag_with_taskflow_api.py for tasks to queue
[2024-11-06T15:42:54.205+0000] {logging_mixin.py:190} INFO - [2024-11-06T15:42:54.204+0000] {dagbag.py:588} INFO - Filling up the DagBag from /opt/airflow/dags/dag_with_taskflow_api.py
[2024-11-06T15:42:54.217+0000] {processor.py:925} INFO - DAG(s) 'dag_with_taskflow_api_v03' retrieved from /opt/airflow/dags/dag_with_taskflow_api.py
[2024-11-06T15:42:54.257+0000] {logging_mixin.py:190} INFO - [2024-11-06T15:42:54.257+0000] {dag.py:3239} INFO - Sync 1 DAGs
[2024-11-06T15:42:54.288+0000] {logging_mixin.py:190} INFO - [2024-11-06T15:42:54.288+0000] {dag.py:4180} INFO - Setting next_dagrun for dag_with_taskflow_api_v03 to 2024-11-06 00:00:00+00:00, run_after=2024-11-07 00:00:00+00:00
[2024-11-06T15:42:54.313+0000] {processor.py:208} INFO - Processing /opt/airflow/dags/dag_with_taskflow_api.py took 0.124 seconds
[2024-11-06T15:43:24.783+0000] {processor.py:186} INFO - Started process (PID=1775) to work on /opt/airflow/dags/dag_with_taskflow_api.py
[2024-11-06T15:43:24.784+0000] {processor.py:914} INFO - Processing file /opt/airflow/dags/dag_with_taskflow_api.py for tasks to queue
[2024-11-06T15:43:24.786+0000] {logging_mixin.py:190} INFO - [2024-11-06T15:43:24.785+0000] {dagbag.py:588} INFO - Filling up the DagBag from /opt/airflow/dags/dag_with_taskflow_api.py
[2024-11-06T15:43:24.794+0000] {processor.py:925} INFO - DAG(s) 'dag_with_taskflow_api_v03' retrieved from /opt/airflow/dags/dag_with_taskflow_api.py
[2024-11-06T15:43:24.818+0000] {logging_mixin.py:190} INFO - [2024-11-06T15:43:24.818+0000] {dag.py:3239} INFO - Sync 1 DAGs
[2024-11-06T15:43:24.838+0000] {logging_mixin.py:190} INFO - [2024-11-06T15:43:24.837+0000] {dag.py:4180} INFO - Setting next_dagrun for dag_with_taskflow_api_v03 to 2024-11-06 00:00:00+00:00, run_after=2024-11-07 00:00:00+00:00
[2024-11-06T15:43:24.855+0000] {processor.py:208} INFO - Processing /opt/airflow/dags/dag_with_taskflow_api.py took 0.078 seconds
