[2024-11-06T15:14:25.681+0000] {processor.py:186} INFO - Started process (PID=205) to work on /opt/airflow/dags/our_first_dag.py
[2024-11-06T15:14:25.695+0000] {processor.py:914} INFO - Processing file /opt/airflow/dags/our_first_dag.py for tasks to queue
[2024-11-06T15:14:25.718+0000] {logging_mixin.py:190} INFO - [2024-11-06T15:14:25.718+0000] {dagbag.py:588} INFO - Filling up the DagBag from /opt/airflow/dags/our_first_dag.py
[2024-11-06T15:14:25.765+0000] {processor.py:927} WARNING - No viable dags retrieved from /opt/airflow/dags/our_first_dag.py
[2024-11-06T15:14:25.911+0000] {processor.py:208} INFO - Processing /opt/airflow/dags/our_first_dag.py took 0.316 seconds
[2024-11-06T15:14:56.661+0000] {processor.py:186} INFO - Started process (PID=287) to work on /opt/airflow/dags/our_first_dag.py
[2024-11-06T15:14:56.661+0000] {processor.py:914} INFO - Processing file /opt/airflow/dags/our_first_dag.py for tasks to queue
[2024-11-06T15:14:56.663+0000] {logging_mixin.py:190} INFO - [2024-11-06T15:14:56.663+0000] {dagbag.py:588} INFO - Filling up the DagBag from /opt/airflow/dags/our_first_dag.py
[2024-11-06T15:14:56.666+0000] {processor.py:927} WARNING - No viable dags retrieved from /opt/airflow/dags/our_first_dag.py
[2024-11-06T15:14:56.679+0000] {processor.py:208} INFO - Processing /opt/airflow/dags/our_first_dag.py took 0.023 seconds
[2024-11-06T15:15:27.615+0000] {processor.py:186} INFO - Started process (PID=313) to work on /opt/airflow/dags/our_first_dag.py
[2024-11-06T15:15:27.618+0000] {processor.py:914} INFO - Processing file /opt/airflow/dags/our_first_dag.py for tasks to queue
[2024-11-06T15:15:27.620+0000] {logging_mixin.py:190} INFO - [2024-11-06T15:15:27.620+0000] {dagbag.py:588} INFO - Filling up the DagBag from /opt/airflow/dags/our_first_dag.py
[2024-11-06T15:15:27.622+0000] {processor.py:927} WARNING - No viable dags retrieved from /opt/airflow/dags/our_first_dag.py
[2024-11-06T15:15:27.637+0000] {processor.py:208} INFO - Processing /opt/airflow/dags/our_first_dag.py took 0.035 seconds
[2024-11-06T15:15:58.072+0000] {processor.py:186} INFO - Started process (PID=338) to work on /opt/airflow/dags/our_first_dag.py
[2024-11-06T15:15:58.081+0000] {processor.py:914} INFO - Processing file /opt/airflow/dags/our_first_dag.py for tasks to queue
[2024-11-06T15:15:58.109+0000] {logging_mixin.py:190} INFO - [2024-11-06T15:15:58.108+0000] {dagbag.py:588} INFO - Filling up the DagBag from /opt/airflow/dags/our_first_dag.py
[2024-11-06T15:15:58.126+0000] {processor.py:927} WARNING - No viable dags retrieved from /opt/airflow/dags/our_first_dag.py
[2024-11-06T15:15:58.162+0000] {processor.py:208} INFO - Processing /opt/airflow/dags/our_first_dag.py took 0.125 seconds
[2024-11-06T15:16:30.604+0000] {processor.py:186} INFO - Started process (PID=366) to work on /opt/airflow/dags/our_first_dag.py
[2024-11-06T15:16:30.605+0000] {processor.py:914} INFO - Processing file /opt/airflow/dags/our_first_dag.py for tasks to queue
[2024-11-06T15:16:30.606+0000] {logging_mixin.py:190} INFO - [2024-11-06T15:16:30.606+0000] {dagbag.py:588} INFO - Filling up the DagBag from /opt/airflow/dags/our_first_dag.py
[2024-11-06T15:16:30.608+0000] {processor.py:927} WARNING - No viable dags retrieved from /opt/airflow/dags/our_first_dag.py
[2024-11-06T15:16:30.617+0000] {processor.py:208} INFO - Processing /opt/airflow/dags/our_first_dag.py took 0.020 seconds
[2024-11-06T15:17:00.918+0000] {processor.py:186} INFO - Started process (PID=391) to work on /opt/airflow/dags/our_first_dag.py
[2024-11-06T15:17:00.919+0000] {processor.py:914} INFO - Processing file /opt/airflow/dags/our_first_dag.py for tasks to queue
[2024-11-06T15:17:00.921+0000] {logging_mixin.py:190} INFO - [2024-11-06T15:17:00.921+0000] {dagbag.py:588} INFO - Filling up the DagBag from /opt/airflow/dags/our_first_dag.py
[2024-11-06T15:17:00.922+0000] {processor.py:927} WARNING - No viable dags retrieved from /opt/airflow/dags/our_first_dag.py
[2024-11-06T15:17:00.931+0000] {processor.py:208} INFO - Processing /opt/airflow/dags/our_first_dag.py took 0.018 seconds
[2024-11-06T15:17:31.198+0000] {processor.py:186} INFO - Started process (PID=419) to work on /opt/airflow/dags/our_first_dag.py
[2024-11-06T15:17:31.198+0000] {processor.py:914} INFO - Processing file /opt/airflow/dags/our_first_dag.py for tasks to queue
[2024-11-06T15:17:31.200+0000] {logging_mixin.py:190} INFO - [2024-11-06T15:17:31.200+0000] {dagbag.py:588} INFO - Filling up the DagBag from /opt/airflow/dags/our_first_dag.py
[2024-11-06T15:17:31.201+0000] {processor.py:927} WARNING - No viable dags retrieved from /opt/airflow/dags/our_first_dag.py
[2024-11-06T15:17:31.211+0000] {processor.py:208} INFO - Processing /opt/airflow/dags/our_first_dag.py took 0.017 seconds
[2024-11-06T15:18:01.528+0000] {processor.py:186} INFO - Started process (PID=442) to work on /opt/airflow/dags/our_first_dag.py
[2024-11-06T15:18:01.529+0000] {processor.py:914} INFO - Processing file /opt/airflow/dags/our_first_dag.py for tasks to queue
[2024-11-06T15:18:01.531+0000] {logging_mixin.py:190} INFO - [2024-11-06T15:18:01.531+0000] {dagbag.py:588} INFO - Filling up the DagBag from /opt/airflow/dags/our_first_dag.py
[2024-11-06T15:18:01.533+0000] {processor.py:927} WARNING - No viable dags retrieved from /opt/airflow/dags/our_first_dag.py
[2024-11-06T15:18:01.542+0000] {processor.py:208} INFO - Processing /opt/airflow/dags/our_first_dag.py took 0.020 seconds
[2024-11-06T15:18:31.834+0000] {processor.py:186} INFO - Started process (PID=471) to work on /opt/airflow/dags/our_first_dag.py
[2024-11-06T15:18:31.835+0000] {processor.py:914} INFO - Processing file /opt/airflow/dags/our_first_dag.py for tasks to queue
[2024-11-06T15:18:31.836+0000] {logging_mixin.py:190} INFO - [2024-11-06T15:18:31.836+0000] {dagbag.py:588} INFO - Filling up the DagBag from /opt/airflow/dags/our_first_dag.py
[2024-11-06T15:18:31.838+0000] {processor.py:927} WARNING - No viable dags retrieved from /opt/airflow/dags/our_first_dag.py
[2024-11-06T15:18:31.846+0000] {processor.py:208} INFO - Processing /opt/airflow/dags/our_first_dag.py took 0.017 seconds
[2024-11-06T15:19:02.138+0000] {processor.py:186} INFO - Started process (PID=498) to work on /opt/airflow/dags/our_first_dag.py
[2024-11-06T15:19:02.139+0000] {processor.py:914} INFO - Processing file /opt/airflow/dags/our_first_dag.py for tasks to queue
[2024-11-06T15:19:02.140+0000] {logging_mixin.py:190} INFO - [2024-11-06T15:19:02.140+0000] {dagbag.py:588} INFO - Filling up the DagBag from /opt/airflow/dags/our_first_dag.py
[2024-11-06T15:19:02.141+0000] {processor.py:927} WARNING - No viable dags retrieved from /opt/airflow/dags/our_first_dag.py
[2024-11-06T15:19:02.150+0000] {processor.py:208} INFO - Processing /opt/airflow/dags/our_first_dag.py took 0.018 seconds
[2024-11-06T15:19:32.627+0000] {processor.py:186} INFO - Started process (PID=522) to work on /opt/airflow/dags/our_first_dag.py
[2024-11-06T15:19:32.627+0000] {processor.py:914} INFO - Processing file /opt/airflow/dags/our_first_dag.py for tasks to queue
[2024-11-06T15:19:32.629+0000] {logging_mixin.py:190} INFO - [2024-11-06T15:19:32.629+0000] {dagbag.py:588} INFO - Filling up the DagBag from /opt/airflow/dags/our_first_dag.py
[2024-11-06T15:19:32.631+0000] {processor.py:927} WARNING - No viable dags retrieved from /opt/airflow/dags/our_first_dag.py
[2024-11-06T15:19:32.642+0000] {processor.py:208} INFO - Processing /opt/airflow/dags/our_first_dag.py took 0.021 seconds
[2024-11-06T15:20:03.076+0000] {processor.py:186} INFO - Started process (PID=550) to work on /opt/airflow/dags/our_first_dag.py
[2024-11-06T15:20:03.077+0000] {processor.py:914} INFO - Processing file /opt/airflow/dags/our_first_dag.py for tasks to queue
[2024-11-06T15:20:03.078+0000] {logging_mixin.py:190} INFO - [2024-11-06T15:20:03.078+0000] {dagbag.py:588} INFO - Filling up the DagBag from /opt/airflow/dags/our_first_dag.py
[2024-11-06T15:20:03.080+0000] {processor.py:927} WARNING - No viable dags retrieved from /opt/airflow/dags/our_first_dag.py
[2024-11-06T15:20:03.089+0000] {processor.py:208} INFO - Processing /opt/airflow/dags/our_first_dag.py took 0.018 seconds
[2024-11-06T15:20:33.564+0000] {processor.py:186} INFO - Started process (PID=576) to work on /opt/airflow/dags/our_first_dag.py
[2024-11-06T15:20:33.565+0000] {processor.py:914} INFO - Processing file /opt/airflow/dags/our_first_dag.py for tasks to queue
[2024-11-06T15:20:33.566+0000] {logging_mixin.py:190} INFO - [2024-11-06T15:20:33.566+0000] {dagbag.py:588} INFO - Filling up the DagBag from /opt/airflow/dags/our_first_dag.py
[2024-11-06T15:20:33.567+0000] {processor.py:927} WARNING - No viable dags retrieved from /opt/airflow/dags/our_first_dag.py
[2024-11-06T15:20:33.576+0000] {processor.py:208} INFO - Processing /opt/airflow/dags/our_first_dag.py took 0.018 seconds
[2024-11-06T15:21:04.021+0000] {processor.py:186} INFO - Started process (PID=603) to work on /opt/airflow/dags/our_first_dag.py
[2024-11-06T15:21:04.021+0000] {processor.py:914} INFO - Processing file /opt/airflow/dags/our_first_dag.py for tasks to queue
[2024-11-06T15:21:04.023+0000] {logging_mixin.py:190} INFO - [2024-11-06T15:21:04.023+0000] {dagbag.py:588} INFO - Filling up the DagBag from /opt/airflow/dags/our_first_dag.py
[2024-11-06T15:21:04.024+0000] {processor.py:927} WARNING - No viable dags retrieved from /opt/airflow/dags/our_first_dag.py
[2024-11-06T15:21:04.034+0000] {processor.py:208} INFO - Processing /opt/airflow/dags/our_first_dag.py took 0.017 seconds
[2024-11-06T15:21:34.338+0000] {processor.py:186} INFO - Started process (PID=628) to work on /opt/airflow/dags/our_first_dag.py
[2024-11-06T15:21:34.339+0000] {processor.py:914} INFO - Processing file /opt/airflow/dags/our_first_dag.py for tasks to queue
[2024-11-06T15:21:34.341+0000] {logging_mixin.py:190} INFO - [2024-11-06T15:21:34.341+0000] {dagbag.py:588} INFO - Filling up the DagBag from /opt/airflow/dags/our_first_dag.py
[2024-11-06T15:21:34.343+0000] {processor.py:927} WARNING - No viable dags retrieved from /opt/airflow/dags/our_first_dag.py
[2024-11-06T15:21:34.354+0000] {processor.py:208} INFO - Processing /opt/airflow/dags/our_first_dag.py took 0.022 seconds
[2024-11-06T15:22:04.669+0000] {processor.py:186} INFO - Started process (PID=656) to work on /opt/airflow/dags/our_first_dag.py
[2024-11-06T15:22:04.669+0000] {processor.py:914} INFO - Processing file /opt/airflow/dags/our_first_dag.py for tasks to queue
[2024-11-06T15:22:04.672+0000] {logging_mixin.py:190} INFO - [2024-11-06T15:22:04.671+0000] {dagbag.py:588} INFO - Filling up the DagBag from /opt/airflow/dags/our_first_dag.py
[2024-11-06T15:22:04.674+0000] {processor.py:927} WARNING - No viable dags retrieved from /opt/airflow/dags/our_first_dag.py
[2024-11-06T15:22:04.688+0000] {processor.py:208} INFO - Processing /opt/airflow/dags/our_first_dag.py took 0.028 seconds
[2024-11-06T15:22:34.975+0000] {processor.py:186} INFO - Started process (PID=681) to work on /opt/airflow/dags/our_first_dag.py
[2024-11-06T15:22:34.976+0000] {processor.py:914} INFO - Processing file /opt/airflow/dags/our_first_dag.py for tasks to queue
[2024-11-06T15:22:34.979+0000] {logging_mixin.py:190} INFO - [2024-11-06T15:22:34.978+0000] {dagbag.py:588} INFO - Filling up the DagBag from /opt/airflow/dags/our_first_dag.py
[2024-11-06T15:22:34.980+0000] {processor.py:927} WARNING - No viable dags retrieved from /opt/airflow/dags/our_first_dag.py
[2024-11-06T15:22:34.992+0000] {processor.py:208} INFO - Processing /opt/airflow/dags/our_first_dag.py took 0.023 seconds
[2024-11-06T15:23:05.415+0000] {processor.py:186} INFO - Started process (PID=709) to work on /opt/airflow/dags/our_first_dag.py
[2024-11-06T15:23:05.416+0000] {processor.py:914} INFO - Processing file /opt/airflow/dags/our_first_dag.py for tasks to queue
[2024-11-06T15:23:05.418+0000] {logging_mixin.py:190} INFO - [2024-11-06T15:23:05.418+0000] {dagbag.py:588} INFO - Filling up the DagBag from /opt/airflow/dags/our_first_dag.py
[2024-11-06T15:23:05.420+0000] {processor.py:927} WARNING - No viable dags retrieved from /opt/airflow/dags/our_first_dag.py
[2024-11-06T15:23:05.432+0000] {processor.py:208} INFO - Processing /opt/airflow/dags/our_first_dag.py took 0.024 seconds
[2024-11-06T15:23:35.833+0000] {processor.py:186} INFO - Started process (PID=736) to work on /opt/airflow/dags/our_first_dag.py
[2024-11-06T15:23:35.834+0000] {processor.py:914} INFO - Processing file /opt/airflow/dags/our_first_dag.py for tasks to queue
[2024-11-06T15:23:35.836+0000] {logging_mixin.py:190} INFO - [2024-11-06T15:23:35.836+0000] {dagbag.py:588} INFO - Filling up the DagBag from /opt/airflow/dags/our_first_dag.py
[2024-11-06T15:23:35.838+0000] {processor.py:927} WARNING - No viable dags retrieved from /opt/airflow/dags/our_first_dag.py
[2024-11-06T15:23:35.856+0000] {processor.py:208} INFO - Processing /opt/airflow/dags/our_first_dag.py took 0.030 seconds
[2024-11-06T15:24:06.135+0000] {processor.py:186} INFO - Started process (PID=763) to work on /opt/airflow/dags/our_first_dag.py
[2024-11-06T15:24:06.135+0000] {processor.py:914} INFO - Processing file /opt/airflow/dags/our_first_dag.py for tasks to queue
[2024-11-06T15:24:06.137+0000] {logging_mixin.py:190} INFO - [2024-11-06T15:24:06.137+0000] {dagbag.py:588} INFO - Filling up the DagBag from /opt/airflow/dags/our_first_dag.py
[2024-11-06T15:24:06.138+0000] {processor.py:927} WARNING - No viable dags retrieved from /opt/airflow/dags/our_first_dag.py
[2024-11-06T15:24:06.147+0000] {processor.py:208} INFO - Processing /opt/airflow/dags/our_first_dag.py took 0.017 seconds
[2024-11-06T15:24:36.595+0000] {processor.py:186} INFO - Started process (PID=788) to work on /opt/airflow/dags/our_first_dag.py
[2024-11-06T15:24:36.597+0000] {processor.py:914} INFO - Processing file /opt/airflow/dags/our_first_dag.py for tasks to queue
[2024-11-06T15:24:36.602+0000] {logging_mixin.py:190} INFO - [2024-11-06T15:24:36.601+0000] {dagbag.py:588} INFO - Filling up the DagBag from /opt/airflow/dags/our_first_dag.py
[2024-11-06T15:24:36.604+0000] {processor.py:927} WARNING - No viable dags retrieved from /opt/airflow/dags/our_first_dag.py
[2024-11-06T15:24:36.626+0000] {processor.py:208} INFO - Processing /opt/airflow/dags/our_first_dag.py took 0.038 seconds
[2024-11-06T15:25:06.910+0000] {processor.py:186} INFO - Started process (PID=816) to work on /opt/airflow/dags/our_first_dag.py
[2024-11-06T15:25:06.910+0000] {processor.py:914} INFO - Processing file /opt/airflow/dags/our_first_dag.py for tasks to queue
[2024-11-06T15:25:06.912+0000] {logging_mixin.py:190} INFO - [2024-11-06T15:25:06.912+0000] {dagbag.py:588} INFO - Filling up the DagBag from /opt/airflow/dags/our_first_dag.py
[2024-11-06T15:25:06.913+0000] {processor.py:927} WARNING - No viable dags retrieved from /opt/airflow/dags/our_first_dag.py
[2024-11-06T15:25:06.923+0000] {processor.py:208} INFO - Processing /opt/airflow/dags/our_first_dag.py took 0.017 seconds
[2024-11-06T15:25:37.203+0000] {processor.py:186} INFO - Started process (PID=843) to work on /opt/airflow/dags/our_first_dag.py
[2024-11-06T15:25:37.204+0000] {processor.py:914} INFO - Processing file /opt/airflow/dags/our_first_dag.py for tasks to queue
[2024-11-06T15:25:37.205+0000] {logging_mixin.py:190} INFO - [2024-11-06T15:25:37.205+0000] {dagbag.py:588} INFO - Filling up the DagBag from /opt/airflow/dags/our_first_dag.py
[2024-11-06T15:25:37.206+0000] {processor.py:927} WARNING - No viable dags retrieved from /opt/airflow/dags/our_first_dag.py
[2024-11-06T15:25:37.215+0000] {processor.py:208} INFO - Processing /opt/airflow/dags/our_first_dag.py took 0.017 seconds
[2024-11-06T15:26:07.487+0000] {processor.py:186} INFO - Started process (PID=869) to work on /opt/airflow/dags/our_first_dag.py
[2024-11-06T15:26:07.487+0000] {processor.py:914} INFO - Processing file /opt/airflow/dags/our_first_dag.py for tasks to queue
[2024-11-06T15:26:07.489+0000] {logging_mixin.py:190} INFO - [2024-11-06T15:26:07.489+0000] {dagbag.py:588} INFO - Filling up the DagBag from /opt/airflow/dags/our_first_dag.py
[2024-11-06T15:26:07.490+0000] {processor.py:927} WARNING - No viable dags retrieved from /opt/airflow/dags/our_first_dag.py
[2024-11-06T15:26:07.499+0000] {processor.py:208} INFO - Processing /opt/airflow/dags/our_first_dag.py took 0.017 seconds
[2024-11-06T15:26:37.769+0000] {processor.py:186} INFO - Started process (PID=894) to work on /opt/airflow/dags/our_first_dag.py
[2024-11-06T15:26:37.770+0000] {processor.py:914} INFO - Processing file /opt/airflow/dags/our_first_dag.py for tasks to queue
[2024-11-06T15:26:37.772+0000] {logging_mixin.py:190} INFO - [2024-11-06T15:26:37.771+0000] {dagbag.py:588} INFO - Filling up the DagBag from /opt/airflow/dags/our_first_dag.py
[2024-11-06T15:26:37.773+0000] {processor.py:927} WARNING - No viable dags retrieved from /opt/airflow/dags/our_first_dag.py
[2024-11-06T15:26:37.781+0000] {processor.py:208} INFO - Processing /opt/airflow/dags/our_first_dag.py took 0.017 seconds
[2024-11-06T15:27:08.200+0000] {processor.py:186} INFO - Started process (PID=920) to work on /opt/airflow/dags/our_first_dag.py
[2024-11-06T15:27:08.201+0000] {processor.py:914} INFO - Processing file /opt/airflow/dags/our_first_dag.py for tasks to queue
[2024-11-06T15:27:08.209+0000] {logging_mixin.py:190} INFO - [2024-11-06T15:27:08.208+0000] {dagbag.py:588} INFO - Filling up the DagBag from /opt/airflow/dags/our_first_dag.py
[2024-11-06T15:27:08.216+0000] {processor.py:927} WARNING - No viable dags retrieved from /opt/airflow/dags/our_first_dag.py
[2024-11-06T15:27:08.265+0000] {processor.py:208} INFO - Processing /opt/airflow/dags/our_first_dag.py took 0.075 seconds
[2024-11-06T15:27:38.492+0000] {processor.py:186} INFO - Started process (PID=944) to work on /opt/airflow/dags/our_first_dag.py
[2024-11-06T15:27:38.493+0000] {processor.py:914} INFO - Processing file /opt/airflow/dags/our_first_dag.py for tasks to queue
[2024-11-06T15:27:38.495+0000] {logging_mixin.py:190} INFO - [2024-11-06T15:27:38.494+0000] {dagbag.py:588} INFO - Filling up the DagBag from /opt/airflow/dags/our_first_dag.py
[2024-11-06T15:27:38.496+0000] {processor.py:927} WARNING - No viable dags retrieved from /opt/airflow/dags/our_first_dag.py
[2024-11-06T15:27:38.508+0000] {processor.py:208} INFO - Processing /opt/airflow/dags/our_first_dag.py took 0.022 seconds
[2024-11-06T15:28:08.898+0000] {processor.py:186} INFO - Started process (PID=970) to work on /opt/airflow/dags/our_first_dag.py
[2024-11-06T15:28:08.899+0000] {processor.py:914} INFO - Processing file /opt/airflow/dags/our_first_dag.py for tasks to queue
[2024-11-06T15:28:08.902+0000] {logging_mixin.py:190} INFO - [2024-11-06T15:28:08.902+0000] {dagbag.py:588} INFO - Filling up the DagBag from /opt/airflow/dags/our_first_dag.py
[2024-11-06T15:28:08.904+0000] {processor.py:927} WARNING - No viable dags retrieved from /opt/airflow/dags/our_first_dag.py
[2024-11-06T15:28:08.916+0000] {processor.py:208} INFO - Processing /opt/airflow/dags/our_first_dag.py took 0.025 seconds
[2024-11-06T15:28:39.391+0000] {processor.py:186} INFO - Started process (PID=997) to work on /opt/airflow/dags/our_first_dag.py
[2024-11-06T15:28:39.391+0000] {processor.py:914} INFO - Processing file /opt/airflow/dags/our_first_dag.py for tasks to queue
[2024-11-06T15:28:39.394+0000] {logging_mixin.py:190} INFO - [2024-11-06T15:28:39.394+0000] {dagbag.py:588} INFO - Filling up the DagBag from /opt/airflow/dags/our_first_dag.py
[2024-11-06T15:28:39.396+0000] {processor.py:927} WARNING - No viable dags retrieved from /opt/airflow/dags/our_first_dag.py
[2024-11-06T15:28:39.413+0000] {processor.py:208} INFO - Processing /opt/airflow/dags/our_first_dag.py took 0.030 seconds
[2024-11-06T15:29:09.720+0000] {processor.py:186} INFO - Started process (PID=1025) to work on /opt/airflow/dags/our_first_dag.py
[2024-11-06T15:29:09.721+0000] {processor.py:914} INFO - Processing file /opt/airflow/dags/our_first_dag.py for tasks to queue
[2024-11-06T15:29:09.723+0000] {logging_mixin.py:190} INFO - [2024-11-06T15:29:09.723+0000] {dagbag.py:588} INFO - Filling up the DagBag from /opt/airflow/dags/our_first_dag.py
[2024-11-06T15:29:09.724+0000] {processor.py:927} WARNING - No viable dags retrieved from /opt/airflow/dags/our_first_dag.py
[2024-11-06T15:29:09.733+0000] {processor.py:208} INFO - Processing /opt/airflow/dags/our_first_dag.py took 0.017 seconds
[2024-11-06T15:29:40.167+0000] {processor.py:186} INFO - Started process (PID=1050) to work on /opt/airflow/dags/our_first_dag.py
[2024-11-06T15:29:40.174+0000] {processor.py:914} INFO - Processing file /opt/airflow/dags/our_first_dag.py for tasks to queue
[2024-11-06T15:29:40.176+0000] {logging_mixin.py:190} INFO - [2024-11-06T15:29:40.176+0000] {dagbag.py:588} INFO - Filling up the DagBag from /opt/airflow/dags/our_first_dag.py
[2024-11-06T15:29:40.180+0000] {processor.py:927} WARNING - No viable dags retrieved from /opt/airflow/dags/our_first_dag.py
[2024-11-06T15:29:40.193+0000] {processor.py:208} INFO - Processing /opt/airflow/dags/our_first_dag.py took 0.036 seconds
[2024-11-06T15:30:10.573+0000] {processor.py:186} INFO - Started process (PID=1076) to work on /opt/airflow/dags/our_first_dag.py
[2024-11-06T15:30:10.574+0000] {processor.py:914} INFO - Processing file /opt/airflow/dags/our_first_dag.py for tasks to queue
[2024-11-06T15:30:10.577+0000] {logging_mixin.py:190} INFO - [2024-11-06T15:30:10.577+0000] {dagbag.py:588} INFO - Filling up the DagBag from /opt/airflow/dags/our_first_dag.py
[2024-11-06T15:30:10.586+0000] {processor.py:927} WARNING - No viable dags retrieved from /opt/airflow/dags/our_first_dag.py
[2024-11-06T15:30:10.602+0000] {processor.py:208} INFO - Processing /opt/airflow/dags/our_first_dag.py took 0.036 seconds
[2024-11-06T15:30:40.900+0000] {processor.py:186} INFO - Started process (PID=1105) to work on /opt/airflow/dags/our_first_dag.py
[2024-11-06T15:30:40.900+0000] {processor.py:914} INFO - Processing file /opt/airflow/dags/our_first_dag.py for tasks to queue
[2024-11-06T15:30:40.902+0000] {logging_mixin.py:190} INFO - [2024-11-06T15:30:40.902+0000] {dagbag.py:588} INFO - Filling up the DagBag from /opt/airflow/dags/our_first_dag.py
[2024-11-06T15:30:40.903+0000] {processor.py:927} WARNING - No viable dags retrieved from /opt/airflow/dags/our_first_dag.py
[2024-11-06T15:30:40.912+0000] {processor.py:208} INFO - Processing /opt/airflow/dags/our_first_dag.py took 0.018 seconds
[2024-11-06T15:31:11.189+0000] {processor.py:186} INFO - Started process (PID=1131) to work on /opt/airflow/dags/our_first_dag.py
[2024-11-06T15:31:11.189+0000] {processor.py:914} INFO - Processing file /opt/airflow/dags/our_first_dag.py for tasks to queue
[2024-11-06T15:31:11.191+0000] {logging_mixin.py:190} INFO - [2024-11-06T15:31:11.191+0000] {dagbag.py:588} INFO - Filling up the DagBag from /opt/airflow/dags/our_first_dag.py
[2024-11-06T15:31:11.192+0000] {processor.py:927} WARNING - No viable dags retrieved from /opt/airflow/dags/our_first_dag.py
[2024-11-06T15:31:11.202+0000] {processor.py:208} INFO - Processing /opt/airflow/dags/our_first_dag.py took 0.019 seconds
[2024-11-06T15:31:41.463+0000] {processor.py:186} INFO - Started process (PID=1157) to work on /opt/airflow/dags/our_first_dag.py
[2024-11-06T15:31:41.463+0000] {processor.py:914} INFO - Processing file /opt/airflow/dags/our_first_dag.py for tasks to queue
[2024-11-06T15:31:41.465+0000] {logging_mixin.py:190} INFO - [2024-11-06T15:31:41.465+0000] {dagbag.py:588} INFO - Filling up the DagBag from /opt/airflow/dags/our_first_dag.py
[2024-11-06T15:31:41.466+0000] {processor.py:927} WARNING - No viable dags retrieved from /opt/airflow/dags/our_first_dag.py
[2024-11-06T15:31:41.475+0000] {processor.py:208} INFO - Processing /opt/airflow/dags/our_first_dag.py took 0.017 seconds
[2024-11-06T15:32:12.201+0000] {processor.py:186} INFO - Started process (PID=1184) to work on /opt/airflow/dags/our_first_dag.py
[2024-11-06T15:32:12.202+0000] {processor.py:914} INFO - Processing file /opt/airflow/dags/our_first_dag.py for tasks to queue
[2024-11-06T15:32:12.204+0000] {logging_mixin.py:190} INFO - [2024-11-06T15:32:12.204+0000] {dagbag.py:588} INFO - Filling up the DagBag from /opt/airflow/dags/our_first_dag.py
[2024-11-06T15:32:12.206+0000] {processor.py:927} WARNING - No viable dags retrieved from /opt/airflow/dags/our_first_dag.py
[2024-11-06T15:32:12.221+0000] {processor.py:208} INFO - Processing /opt/airflow/dags/our_first_dag.py took 0.027 seconds
[2024-11-06T15:32:42.513+0000] {processor.py:186} INFO - Started process (PID=1208) to work on /opt/airflow/dags/our_first_dag.py
[2024-11-06T15:32:42.514+0000] {processor.py:914} INFO - Processing file /opt/airflow/dags/our_first_dag.py for tasks to queue
[2024-11-06T15:32:42.516+0000] {logging_mixin.py:190} INFO - [2024-11-06T15:32:42.516+0000] {dagbag.py:588} INFO - Filling up the DagBag from /opt/airflow/dags/our_first_dag.py
[2024-11-06T15:32:42.518+0000] {processor.py:927} WARNING - No viable dags retrieved from /opt/airflow/dags/our_first_dag.py
[2024-11-06T15:32:42.526+0000] {processor.py:208} INFO - Processing /opt/airflow/dags/our_first_dag.py took 0.019 seconds
[2024-11-06T15:33:12.809+0000] {processor.py:186} INFO - Started process (PID=1236) to work on /opt/airflow/dags/our_first_dag.py
[2024-11-06T15:33:12.810+0000] {processor.py:914} INFO - Processing file /opt/airflow/dags/our_first_dag.py for tasks to queue
[2024-11-06T15:33:12.812+0000] {logging_mixin.py:190} INFO - [2024-11-06T15:33:12.812+0000] {dagbag.py:588} INFO - Filling up the DagBag from /opt/airflow/dags/our_first_dag.py
[2024-11-06T15:33:12.813+0000] {processor.py:927} WARNING - No viable dags retrieved from /opt/airflow/dags/our_first_dag.py
[2024-11-06T15:33:12.822+0000] {processor.py:208} INFO - Processing /opt/airflow/dags/our_first_dag.py took 0.017 seconds
[2024-11-06T15:33:43.093+0000] {processor.py:186} INFO - Started process (PID=1260) to work on /opt/airflow/dags/our_first_dag.py
[2024-11-06T15:33:43.094+0000] {processor.py:914} INFO - Processing file /opt/airflow/dags/our_first_dag.py for tasks to queue
[2024-11-06T15:33:43.096+0000] {logging_mixin.py:190} INFO - [2024-11-06T15:33:43.096+0000] {dagbag.py:588} INFO - Filling up the DagBag from /opt/airflow/dags/our_first_dag.py
[2024-11-06T15:33:43.098+0000] {processor.py:927} WARNING - No viable dags retrieved from /opt/airflow/dags/our_first_dag.py
[2024-11-06T15:33:43.106+0000] {processor.py:208} INFO - Processing /opt/airflow/dags/our_first_dag.py took 0.020 seconds
[2024-11-06T15:34:13.380+0000] {processor.py:186} INFO - Started process (PID=1288) to work on /opt/airflow/dags/our_first_dag.py
[2024-11-06T15:34:13.380+0000] {processor.py:914} INFO - Processing file /opt/airflow/dags/our_first_dag.py for tasks to queue
[2024-11-06T15:34:13.382+0000] {logging_mixin.py:190} INFO - [2024-11-06T15:34:13.382+0000] {dagbag.py:588} INFO - Filling up the DagBag from /opt/airflow/dags/our_first_dag.py
[2024-11-06T15:34:13.383+0000] {processor.py:927} WARNING - No viable dags retrieved from /opt/airflow/dags/our_first_dag.py
[2024-11-06T15:34:13.392+0000] {processor.py:208} INFO - Processing /opt/airflow/dags/our_first_dag.py took 0.018 seconds
[2024-11-06T15:34:43.680+0000] {processor.py:186} INFO - Started process (PID=1314) to work on /opt/airflow/dags/our_first_dag.py
[2024-11-06T15:34:43.680+0000] {processor.py:914} INFO - Processing file /opt/airflow/dags/our_first_dag.py for tasks to queue
[2024-11-06T15:34:43.683+0000] {logging_mixin.py:190} INFO - [2024-11-06T15:34:43.683+0000] {dagbag.py:588} INFO - Filling up the DagBag from /opt/airflow/dags/our_first_dag.py
[2024-11-06T15:34:43.685+0000] {processor.py:927} WARNING - No viable dags retrieved from /opt/airflow/dags/our_first_dag.py
[2024-11-06T15:34:43.695+0000] {processor.py:208} INFO - Processing /opt/airflow/dags/our_first_dag.py took 0.022 seconds
[2024-11-06T15:35:13.961+0000] {processor.py:186} INFO - Started process (PID=1341) to work on /opt/airflow/dags/our_first_dag.py
[2024-11-06T15:35:13.961+0000] {processor.py:914} INFO - Processing file /opt/airflow/dags/our_first_dag.py for tasks to queue
[2024-11-06T15:35:13.963+0000] {logging_mixin.py:190} INFO - [2024-11-06T15:35:13.963+0000] {dagbag.py:588} INFO - Filling up the DagBag from /opt/airflow/dags/our_first_dag.py
[2024-11-06T15:35:13.965+0000] {processor.py:927} WARNING - No viable dags retrieved from /opt/airflow/dags/our_first_dag.py
[2024-11-06T15:35:13.974+0000] {processor.py:208} INFO - Processing /opt/airflow/dags/our_first_dag.py took 0.018 seconds
[2024-11-06T15:35:44.267+0000] {processor.py:186} INFO - Started process (PID=1367) to work on /opt/airflow/dags/our_first_dag.py
[2024-11-06T15:35:44.268+0000] {processor.py:914} INFO - Processing file /opt/airflow/dags/our_first_dag.py for tasks to queue
[2024-11-06T15:35:44.270+0000] {logging_mixin.py:190} INFO - [2024-11-06T15:35:44.270+0000] {dagbag.py:588} INFO - Filling up the DagBag from /opt/airflow/dags/our_first_dag.py
[2024-11-06T15:35:44.272+0000] {processor.py:927} WARNING - No viable dags retrieved from /opt/airflow/dags/our_first_dag.py
[2024-11-06T15:35:44.282+0000] {processor.py:208} INFO - Processing /opt/airflow/dags/our_first_dag.py took 0.020 seconds
[2024-11-06T15:36:14.578+0000] {processor.py:186} INFO - Started process (PID=1394) to work on /opt/airflow/dags/our_first_dag.py
[2024-11-06T15:36:14.579+0000] {processor.py:914} INFO - Processing file /opt/airflow/dags/our_first_dag.py for tasks to queue
[2024-11-06T15:36:14.580+0000] {logging_mixin.py:190} INFO - [2024-11-06T15:36:14.580+0000] {dagbag.py:588} INFO - Filling up the DagBag from /opt/airflow/dags/our_first_dag.py
[2024-11-06T15:36:14.582+0000] {processor.py:927} WARNING - No viable dags retrieved from /opt/airflow/dags/our_first_dag.py
[2024-11-06T15:36:14.591+0000] {processor.py:208} INFO - Processing /opt/airflow/dags/our_first_dag.py took 0.018 seconds
[2024-11-06T15:36:45.260+0000] {processor.py:186} INFO - Started process (PID=1420) to work on /opt/airflow/dags/our_first_dag.py
[2024-11-06T15:36:45.261+0000] {processor.py:914} INFO - Processing file /opt/airflow/dags/our_first_dag.py for tasks to queue
[2024-11-06T15:36:45.263+0000] {logging_mixin.py:190} INFO - [2024-11-06T15:36:45.263+0000] {dagbag.py:588} INFO - Filling up the DagBag from /opt/airflow/dags/our_first_dag.py
[2024-11-06T15:36:45.265+0000] {processor.py:927} WARNING - No viable dags retrieved from /opt/airflow/dags/our_first_dag.py
[2024-11-06T15:36:45.306+0000] {processor.py:208} INFO - Processing /opt/airflow/dags/our_first_dag.py took 0.057 seconds
[2024-11-06T15:37:15.699+0000] {processor.py:186} INFO - Started process (PID=1444) to work on /opt/airflow/dags/our_first_dag.py
[2024-11-06T15:37:15.700+0000] {processor.py:914} INFO - Processing file /opt/airflow/dags/our_first_dag.py for tasks to queue
[2024-11-06T15:37:15.703+0000] {logging_mixin.py:190} INFO - [2024-11-06T15:37:15.703+0000] {dagbag.py:588} INFO - Filling up the DagBag from /opt/airflow/dags/our_first_dag.py
[2024-11-06T15:37:15.705+0000] {processor.py:927} WARNING - No viable dags retrieved from /opt/airflow/dags/our_first_dag.py
[2024-11-06T15:37:15.718+0000] {processor.py:208} INFO - Processing /opt/airflow/dags/our_first_dag.py took 0.026 seconds
[2024-11-06T15:37:46.012+0000] {processor.py:186} INFO - Started process (PID=1472) to work on /opt/airflow/dags/our_first_dag.py
[2024-11-06T15:37:46.012+0000] {processor.py:914} INFO - Processing file /opt/airflow/dags/our_first_dag.py for tasks to queue
[2024-11-06T15:37:46.014+0000] {logging_mixin.py:190} INFO - [2024-11-06T15:37:46.014+0000] {dagbag.py:588} INFO - Filling up the DagBag from /opt/airflow/dags/our_first_dag.py
[2024-11-06T15:37:46.015+0000] {processor.py:927} WARNING - No viable dags retrieved from /opt/airflow/dags/our_first_dag.py
[2024-11-06T15:37:46.024+0000] {processor.py:208} INFO - Processing /opt/airflow/dags/our_first_dag.py took 0.017 seconds
[2024-11-06T15:38:16.363+0000] {processor.py:186} INFO - Started process (PID=1497) to work on /opt/airflow/dags/our_first_dag.py
[2024-11-06T15:38:16.372+0000] {processor.py:914} INFO - Processing file /opt/airflow/dags/our_first_dag.py for tasks to queue
[2024-11-06T15:38:16.379+0000] {logging_mixin.py:190} INFO - [2024-11-06T15:38:16.379+0000] {dagbag.py:588} INFO - Filling up the DagBag from /opt/airflow/dags/our_first_dag.py
[2024-11-06T15:38:16.381+0000] {processor.py:927} WARNING - No viable dags retrieved from /opt/airflow/dags/our_first_dag.py
[2024-11-06T15:38:16.393+0000] {processor.py:208} INFO - Processing /opt/airflow/dags/our_first_dag.py took 0.038 seconds
[2024-11-06T15:38:46.674+0000] {processor.py:186} INFO - Started process (PID=1523) to work on /opt/airflow/dags/our_first_dag.py
[2024-11-06T15:38:46.674+0000] {processor.py:914} INFO - Processing file /opt/airflow/dags/our_first_dag.py for tasks to queue
[2024-11-06T15:38:46.677+0000] {logging_mixin.py:190} INFO - [2024-11-06T15:38:46.676+0000] {dagbag.py:588} INFO - Filling up the DagBag from /opt/airflow/dags/our_first_dag.py
[2024-11-06T15:38:46.678+0000] {processor.py:927} WARNING - No viable dags retrieved from /opt/airflow/dags/our_first_dag.py
[2024-11-06T15:38:46.686+0000] {processor.py:208} INFO - Processing /opt/airflow/dags/our_first_dag.py took 0.019 seconds
[2024-11-06T15:39:16.966+0000] {processor.py:186} INFO - Started process (PID=1551) to work on /opt/airflow/dags/our_first_dag.py
[2024-11-06T15:39:16.966+0000] {processor.py:914} INFO - Processing file /opt/airflow/dags/our_first_dag.py for tasks to queue
[2024-11-06T15:39:16.968+0000] {logging_mixin.py:190} INFO - [2024-11-06T15:39:16.968+0000] {dagbag.py:588} INFO - Filling up the DagBag from /opt/airflow/dags/our_first_dag.py
[2024-11-06T15:39:16.969+0000] {processor.py:927} WARNING - No viable dags retrieved from /opt/airflow/dags/our_first_dag.py
[2024-11-06T15:39:16.978+0000] {processor.py:208} INFO - Processing /opt/airflow/dags/our_first_dag.py took 0.017 seconds
[2024-11-06T15:39:47.283+0000] {processor.py:186} INFO - Started process (PID=1578) to work on /opt/airflow/dags/our_first_dag.py
[2024-11-06T15:39:47.283+0000] {processor.py:914} INFO - Processing file /opt/airflow/dags/our_first_dag.py for tasks to queue
[2024-11-06T15:39:47.286+0000] {logging_mixin.py:190} INFO - [2024-11-06T15:39:47.285+0000] {dagbag.py:588} INFO - Filling up the DagBag from /opt/airflow/dags/our_first_dag.py
[2024-11-06T15:39:47.287+0000] {processor.py:927} WARNING - No viable dags retrieved from /opt/airflow/dags/our_first_dag.py
[2024-11-06T15:39:47.297+0000] {processor.py:208} INFO - Processing /opt/airflow/dags/our_first_dag.py took 0.018 seconds
[2024-11-06T15:40:17.601+0000] {processor.py:186} INFO - Started process (PID=1605) to work on /opt/airflow/dags/our_first_dag.py
[2024-11-06T15:40:17.602+0000] {processor.py:914} INFO - Processing file /opt/airflow/dags/our_first_dag.py for tasks to queue
[2024-11-06T15:40:17.604+0000] {logging_mixin.py:190} INFO - [2024-11-06T15:40:17.603+0000] {dagbag.py:588} INFO - Filling up the DagBag from /opt/airflow/dags/our_first_dag.py
[2024-11-06T15:40:17.605+0000] {processor.py:927} WARNING - No viable dags retrieved from /opt/airflow/dags/our_first_dag.py
[2024-11-06T15:40:17.615+0000] {processor.py:208} INFO - Processing /opt/airflow/dags/our_first_dag.py took 0.019 seconds
[2024-11-06T15:40:47.900+0000] {processor.py:186} INFO - Started process (PID=1631) to work on /opt/airflow/dags/our_first_dag.py
[2024-11-06T15:40:47.901+0000] {processor.py:914} INFO - Processing file /opt/airflow/dags/our_first_dag.py for tasks to queue
[2024-11-06T15:40:47.902+0000] {logging_mixin.py:190} INFO - [2024-11-06T15:40:47.902+0000] {dagbag.py:588} INFO - Filling up the DagBag from /opt/airflow/dags/our_first_dag.py
[2024-11-06T15:40:47.903+0000] {processor.py:927} WARNING - No viable dags retrieved from /opt/airflow/dags/our_first_dag.py
[2024-11-06T15:40:47.912+0000] {processor.py:208} INFO - Processing /opt/airflow/dags/our_first_dag.py took 0.018 seconds
[2024-11-06T15:41:18.203+0000] {processor.py:186} INFO - Started process (PID=1657) to work on /opt/airflow/dags/our_first_dag.py
[2024-11-06T15:41:18.203+0000] {processor.py:914} INFO - Processing file /opt/airflow/dags/our_first_dag.py for tasks to queue
[2024-11-06T15:41:18.205+0000] {logging_mixin.py:190} INFO - [2024-11-06T15:41:18.205+0000] {dagbag.py:588} INFO - Filling up the DagBag from /opt/airflow/dags/our_first_dag.py
[2024-11-06T15:41:18.206+0000] {processor.py:927} WARNING - No viable dags retrieved from /opt/airflow/dags/our_first_dag.py
[2024-11-06T15:41:18.216+0000] {processor.py:208} INFO - Processing /opt/airflow/dags/our_first_dag.py took 0.018 seconds
[2024-11-06T15:41:48.504+0000] {processor.py:186} INFO - Started process (PID=1683) to work on /opt/airflow/dags/our_first_dag.py
[2024-11-06T15:41:48.504+0000] {processor.py:914} INFO - Processing file /opt/airflow/dags/our_first_dag.py for tasks to queue
[2024-11-06T15:41:48.507+0000] {logging_mixin.py:190} INFO - [2024-11-06T15:41:48.506+0000] {dagbag.py:588} INFO - Filling up the DagBag from /opt/airflow/dags/our_first_dag.py
[2024-11-06T15:41:48.508+0000] {processor.py:927} WARNING - No viable dags retrieved from /opt/airflow/dags/our_first_dag.py
[2024-11-06T15:41:48.518+0000] {processor.py:208} INFO - Processing /opt/airflow/dags/our_first_dag.py took 0.018 seconds
[2024-11-06T15:42:18.810+0000] {processor.py:186} INFO - Started process (PID=1708) to work on /opt/airflow/dags/our_first_dag.py
[2024-11-06T15:42:18.811+0000] {processor.py:914} INFO - Processing file /opt/airflow/dags/our_first_dag.py for tasks to queue
[2024-11-06T15:42:18.814+0000] {logging_mixin.py:190} INFO - [2024-11-06T15:42:18.814+0000] {dagbag.py:588} INFO - Filling up the DagBag from /opt/airflow/dags/our_first_dag.py
[2024-11-06T15:42:18.816+0000] {processor.py:927} WARNING - No viable dags retrieved from /opt/airflow/dags/our_first_dag.py
[2024-11-06T15:42:18.840+0000] {processor.py:208} INFO - Processing /opt/airflow/dags/our_first_dag.py took 0.035 seconds
[2024-11-06T15:42:49.156+0000] {processor.py:186} INFO - Started process (PID=1736) to work on /opt/airflow/dags/our_first_dag.py
[2024-11-06T15:42:49.156+0000] {processor.py:914} INFO - Processing file /opt/airflow/dags/our_first_dag.py for tasks to queue
[2024-11-06T15:42:49.158+0000] {logging_mixin.py:190} INFO - [2024-11-06T15:42:49.158+0000] {dagbag.py:588} INFO - Filling up the DagBag from /opt/airflow/dags/our_first_dag.py
[2024-11-06T15:42:49.159+0000] {processor.py:927} WARNING - No viable dags retrieved from /opt/airflow/dags/our_first_dag.py
[2024-11-06T15:42:49.169+0000] {processor.py:208} INFO - Processing /opt/airflow/dags/our_first_dag.py took 0.020 seconds
[2024-11-06T15:43:19.690+0000] {processor.py:186} INFO - Started process (PID=1761) to work on /opt/airflow/dags/our_first_dag.py
[2024-11-06T15:43:19.692+0000] {processor.py:914} INFO - Processing file /opt/airflow/dags/our_first_dag.py for tasks to queue
[2024-11-06T15:43:19.702+0000] {logging_mixin.py:190} INFO - [2024-11-06T15:43:19.701+0000] {dagbag.py:588} INFO - Filling up the DagBag from /opt/airflow/dags/our_first_dag.py
[2024-11-06T15:43:19.707+0000] {processor.py:927} WARNING - No viable dags retrieved from /opt/airflow/dags/our_first_dag.py
[2024-11-06T15:43:19.724+0000] {processor.py:208} INFO - Processing /opt/airflow/dags/our_first_dag.py took 0.055 seconds
[2024-11-06T15:43:50.156+0000] {processor.py:186} INFO - Started process (PID=1788) to work on /opt/airflow/dags/our_first_dag.py
[2024-11-06T15:43:50.157+0000] {processor.py:914} INFO - Processing file /opt/airflow/dags/our_first_dag.py for tasks to queue
[2024-11-06T15:43:50.160+0000] {logging_mixin.py:190} INFO - [2024-11-06T15:43:50.159+0000] {dagbag.py:588} INFO - Filling up the DagBag from /opt/airflow/dags/our_first_dag.py
[2024-11-06T15:43:50.162+0000] {processor.py:927} WARNING - No viable dags retrieved from /opt/airflow/dags/our_first_dag.py
[2024-11-06T15:43:50.176+0000] {processor.py:208} INFO - Processing /opt/airflow/dags/our_first_dag.py took 0.026 seconds
