[2024-10-13T22:31:46.200+0000] {local_task_job_runner.py:123} INFO - ::group::Pre task execution logs
[2024-10-13T22:31:46.379+0000] {taskinstance.py:2612} INFO - Dependencies all met for dep_context=non-requeueable deps ti=<TaskInstance: our_first_dag.first_task scheduled__2024-10-06T00:00:00+00:00 [queued]>
[2024-10-13T22:31:46.502+0000] {taskinstance.py:2612} INFO - Dependencies all met for dep_context=requeueable deps ti=<TaskInstance: our_first_dag.first_task scheduled__2024-10-06T00:00:00+00:00 [queued]>
[2024-10-13T22:31:46.503+0000] {taskinstance.py:2865} INFO - Starting attempt 1 of 6
[2024-10-13T22:31:46.595+0000] {taskinstance.py:2888} INFO - Executing <Task(BashOperator): first_task> on 2024-10-06 00:00:00+00:00
[2024-10-13T22:31:46.661+0000] {logging_mixin.py:190} WARNING - /home/***/.local/lib/python3.12/site-packages/***/task/task_runner/standard_task_runner.py:70 DeprecationWarning: This process (pid=409) is multi-threaded, use of fork() may lead to deadlocks in the child.
[2024-10-13T22:31:46.662+0000] {standard_task_runner.py:72} INFO - Started process 421 to run task
[2024-10-13T22:31:46.648+0000] {standard_task_runner.py:104} INFO - Running: ['***', 'tasks', 'run', 'our_first_dag', 'first_task', 'scheduled__2024-10-06T00:00:00+00:00', '--job-id', '32', '--raw', '--subdir', 'DAGS_FOLDER/our_first_dag.py', '--cfg-path', '/tmp/tmpnf09h5j_']
[2024-10-13T22:31:46.663+0000] {standard_task_runner.py:105} INFO - Job 32: Subtask first_task
[2024-10-13T22:31:47.052+0000] {task_command.py:467} INFO - Running <TaskInstance: our_first_dag.first_task scheduled__2024-10-06T00:00:00+00:00 [running]> on host ffede1ed6037
[2024-10-13T22:31:47.677+0000] {taskinstance.py:3131} INFO - Exporting env vars: AIRFLOW_CTX_DAG_OWNER='johnwell' AIRFLOW_CTX_DAG_ID='our_first_dag' AIRFLOW_CTX_TASK_ID='first_task' AIRFLOW_CTX_EXECUTION_DATE='2024-10-06T00:00:00+00:00' AIRFLOW_CTX_TRY_NUMBER='1' AIRFLOW_CTX_DAG_RUN_ID='scheduled__2024-10-06T00:00:00+00:00'
[2024-10-13T22:31:47.677+0000] {taskinstance.py:731} INFO - ::endgroup::
[2024-10-13T22:31:47.744+0000] {subprocess.py:63} INFO - Tmp dir root location: /tmp
[2024-10-13T22:31:47.754+0000] {subprocess.py:75} INFO - Running command: ['/usr/bin/bash', '-c', 'echo hello world, this is th first task!']
[2024-10-13T22:31:47.812+0000] {subprocess.py:86} INFO - Output:
[2024-10-13T22:31:47.827+0000] {subprocess.py:93} INFO - hello world, this is th first task!
[2024-10-13T22:31:47.830+0000] {subprocess.py:97} INFO - Command exited with return code 0
[2024-10-13T22:31:47.913+0000] {taskinstance.py:340} INFO - ::group::Post task execution logs
[2024-10-13T22:31:47.919+0000] {taskinstance.py:352} INFO - Marking task as SUCCESS. dag_id=our_first_dag, task_id=first_task, run_id=scheduled__2024-10-06T00:00:00+00:00, execution_date=20241006T000000, start_date=20241013T223146, end_date=20241013T223147
[2024-10-13T22:31:47.956+0000] {local_task_job_runner.py:266} INFO - Task exited with return code 0
[2024-10-13T22:31:47.977+0000] {taskinstance.py:3900} INFO - 0 downstream tasks scheduled from follow-on schedule check
[2024-10-13T22:31:47.988+0000] {local_task_job_runner.py:245} INFO - ::endgroup::
