[2024-11-01T09:41:28.736+0000] {local_task_job_runner.py:123} INFO - ::group::Pre task execution logs
[2024-11-01T09:41:28.773+0000] {taskinstance.py:2612} INFO - Dependencies all met for dep_context=non-requeueable deps ti=<TaskInstance: our_first_dag_v3.first_task scheduled__2024-10-31T00:00:00+00:00 [queued]>
[2024-11-01T09:41:28.786+0000] {taskinstance.py:2612} INFO - Dependencies all met for dep_context=requeueable deps ti=<TaskInstance: our_first_dag_v3.first_task scheduled__2024-10-31T00:00:00+00:00 [queued]>
[2024-11-01T09:41:28.786+0000] {taskinstance.py:2865} INFO - Starting attempt 1 of 6
[2024-11-01T09:41:28.836+0000] {taskinstance.py:2888} INFO - Executing <Task(BashOperator): first_task> on 2024-10-31 00:00:00+00:00
[2024-11-01T09:41:28.859+0000] {logging_mixin.py:190} WARNING - /home/***/.local/lib/python3.12/site-packages/***/task/task_runner/standard_task_runner.py:70 DeprecationWarning: This process (pid=192) is multi-threaded, use of fork() may lead to deadlocks in the child.
[2024-11-01T09:41:28.851+0000] {standard_task_runner.py:104} INFO - Running: ['***', 'tasks', 'run', 'our_first_dag_v3', 'first_task', 'scheduled__2024-10-31T00:00:00+00:00', '--job-id', '106', '--raw', '--subdir', 'DAGS_FOLDER/our_first_dag.py', '--cfg-path', '/tmp/tmp1lpr9sv5']
[2024-11-01T09:41:28.860+0000] {standard_task_runner.py:72} INFO - Started process 193 to run task
[2024-11-01T09:41:28.860+0000] {standard_task_runner.py:105} INFO - Job 106: Subtask first_task
[2024-11-01T09:41:29.064+0000] {task_command.py:467} INFO - Running <TaskInstance: our_first_dag_v3.first_task scheduled__2024-10-31T00:00:00+00:00 [running]> on host 2d730dc1e71d
[2024-11-01T09:41:29.391+0000] {taskinstance.py:3131} INFO - Exporting env vars: AIRFLOW_CTX_DAG_OWNER='johnwell' AIRFLOW_CTX_DAG_ID='our_first_dag_v3' AIRFLOW_CTX_TASK_ID='first_task' AIRFLOW_CTX_EXECUTION_DATE='2024-10-31T00:00:00+00:00' AIRFLOW_CTX_TRY_NUMBER='1' AIRFLOW_CTX_DAG_RUN_ID='scheduled__2024-10-31T00:00:00+00:00'
[2024-11-01T09:41:29.394+0000] {taskinstance.py:731} INFO - ::endgroup::
[2024-11-01T09:41:29.437+0000] {subprocess.py:63} INFO - Tmp dir root location: /tmp
[2024-11-01T09:41:29.438+0000] {subprocess.py:75} INFO - Running command: ['/usr/bin/bash', '-c', 'echo hello world, this is the first task!']
[2024-11-01T09:41:29.466+0000] {subprocess.py:86} INFO - Output:
[2024-11-01T09:41:29.470+0000] {subprocess.py:93} INFO - hello world, this is the first task!
[2024-11-01T09:41:29.477+0000] {subprocess.py:97} INFO - Command exited with return code 0
[2024-11-01T09:41:29.595+0000] {taskinstance.py:340} INFO - ::group::Post task execution logs
[2024-11-01T09:41:29.608+0000] {taskinstance.py:352} INFO - Marking task as SUCCESS. dag_id=our_first_dag_v3, task_id=first_task, run_id=scheduled__2024-10-31T00:00:00+00:00, execution_date=20241031T000000, start_date=20241101T094128, end_date=20241101T094129
[2024-11-01T09:41:29.686+0000] {local_task_job_runner.py:266} INFO - Task exited with return code 0
[2024-11-01T09:41:29.714+0000] {taskinstance.py:3900} INFO - 2 downstream tasks scheduled from follow-on schedule check
[2024-11-01T09:41:29.732+0000] {local_task_job_runner.py:245} INFO - ::endgroup::
