[2024-10-27T17:08:53.359+0000] {local_task_job_runner.py:123} INFO - ::group::Pre task execution logs
[2024-10-27T17:08:53.370+0000] {taskinstance.py:2612} INFO - Dependencies all met for dep_context=non-requeueable deps ti=<TaskInstance: our_first_dag_v3.third_task manual__2024-10-27T17:06:51.042508+00:00 [queued]>
[2024-10-27T17:08:53.377+0000] {taskinstance.py:2612} INFO - Dependencies all met for dep_context=requeueable deps ti=<TaskInstance: our_first_dag_v3.third_task manual__2024-10-27T17:06:51.042508+00:00 [queued]>
[2024-10-27T17:08:53.377+0000] {taskinstance.py:2865} INFO - Starting attempt 2 of 6
[2024-10-27T17:08:53.391+0000] {taskinstance.py:2888} INFO - Executing <Task(BashOperator): third_task> on 2024-10-27 17:06:51.042508+00:00
[2024-10-27T17:08:53.398+0000] {standard_task_runner.py:104} INFO - Running: ['***', 'tasks', 'run', 'our_first_dag_v3', 'third_task', 'manual__2024-10-27T17:06:51.042508+00:00', '--job-id', '81', '--raw', '--subdir', 'DAGS_FOLDER/our_first_dag.py', '--cfg-path', '/tmp/tmp0u13ogji']
[2024-10-27T17:08:53.400+0000] {standard_task_runner.py:105} INFO - Job 81: Subtask third_task
[2024-10-27T17:08:53.402+0000] {logging_mixin.py:190} WARNING - /home/***/.local/lib/python3.12/site-packages/***/task/task_runner/standard_task_runner.py:70 DeprecationWarning: This process (pid=769) is multi-threaded, use of fork() may lead to deadlocks in the child.
[2024-10-27T17:08:53.403+0000] {standard_task_runner.py:72} INFO - Started process 770 to run task
[2024-10-27T17:08:53.440+0000] {task_command.py:467} INFO - Running <TaskInstance: our_first_dag_v3.third_task manual__2024-10-27T17:06:51.042508+00:00 [running]> on host 2d730dc1e71d
[2024-10-27T17:08:53.511+0000] {taskinstance.py:3131} INFO - Exporting env vars: AIRFLOW_CTX_DAG_OWNER='johnwell' AIRFLOW_CTX_DAG_ID='our_first_dag_v3' AIRFLOW_CTX_TASK_ID='third_task' AIRFLOW_CTX_EXECUTION_DATE='2024-10-27T17:06:51.042508+00:00' AIRFLOW_CTX_TRY_NUMBER='2' AIRFLOW_CTX_DAG_RUN_ID='manual__2024-10-27T17:06:51.042508+00:00'
[2024-10-27T17:08:53.511+0000] {taskinstance.py:731} INFO - ::endgroup::
[2024-10-27T17:08:53.524+0000] {subprocess.py:63} INFO - Tmp dir root location: /tmp
[2024-10-27T17:08:53.525+0000] {subprocess.py:75} INFO - Running command: ['/usr/bin/bash', '-c', 'echo this is task 3']
[2024-10-27T17:08:53.536+0000] {subprocess.py:86} INFO - Output:
[2024-10-27T17:08:53.538+0000] {subprocess.py:93} INFO - this is task 3
[2024-10-27T17:08:53.539+0000] {subprocess.py:97} INFO - Command exited with return code 0
[2024-10-27T17:08:53.605+0000] {taskinstance.py:340} INFO - ::group::Post task execution logs
[2024-10-27T17:08:53.605+0000] {taskinstance.py:352} INFO - Marking task as SUCCESS. dag_id=our_first_dag_v3, task_id=third_task, run_id=manual__2024-10-27T17:06:51.042508+00:00, execution_date=20241027T170651, start_date=20241027T170853, end_date=20241027T170853
[2024-10-27T17:08:53.667+0000] {local_task_job_runner.py:266} INFO - Task exited with return code 0
[2024-10-27T17:08:53.680+0000] {taskinstance.py:3900} INFO - 0 downstream tasks scheduled from follow-on schedule check
[2024-10-27T17:08:53.687+0000] {local_task_job_runner.py:245} INFO - ::endgroup::
