[2024-10-11T00:15:17.926+0000] {processor.py:186} INFO - Started process (PID=43159) to work on /usr/local/python/3.12.1/lib/python3.12/site-packages/airflow/example_dags/example_latest_only.py
[2024-10-11T00:15:17.927+0000] {processor.py:914} INFO - Processing file /usr/local/python/3.12.1/lib/python3.12/site-packages/airflow/example_dags/example_latest_only.py for tasks to queue
[2024-10-11T00:15:17.930+0000] {logging_mixin.py:190} INFO - [2024-10-11T00:15:17.929+0000] {dagbag.py:588} INFO - Filling up the DagBag from /usr/local/python/3.12.1/lib/python3.12/site-packages/airflow/example_dags/example_latest_only.py
[2024-10-11T00:15:17.936+0000] {processor.py:925} INFO - DAG(s) 'latest_only' retrieved from /usr/local/python/3.12.1/lib/python3.12/site-packages/airflow/example_dags/example_latest_only.py
[2024-10-11T00:15:18.095+0000] {logging_mixin.py:190} INFO - [2024-10-11T00:15:18.094+0000] {override.py:1900} INFO - Created Permission View: can delete on DAG:latest_only
[2024-10-11T00:15:18.129+0000] {logging_mixin.py:190} INFO - [2024-10-11T00:15:18.129+0000] {override.py:1900} INFO - Created Permission View: can edit on DAG:latest_only
[2024-10-11T00:15:18.165+0000] {logging_mixin.py:190} INFO - [2024-10-11T00:15:18.164+0000] {override.py:1900} INFO - Created Permission View: can read on DAG:latest_only
[2024-10-11T00:15:18.243+0000] {logging_mixin.py:190} INFO - [2024-10-11T00:15:18.243+0000] {override.py:1900} INFO - Created Permission View: can delete on DAG Run:latest_only
[2024-10-11T00:15:18.280+0000] {logging_mixin.py:190} INFO - [2024-10-11T00:15:18.279+0000] {override.py:1900} INFO - Created Permission View: can create on DAG Run:latest_only
[2024-10-11T00:15:18.314+0000] {logging_mixin.py:190} INFO - [2024-10-11T00:15:18.314+0000] {override.py:1900} INFO - Created Permission View: can read on DAG Run:latest_only
[2024-10-11T00:15:18.339+0000] {logging_mixin.py:190} INFO - [2024-10-11T00:15:18.338+0000] {override.py:1900} INFO - Created Permission View: menu access on DAG Run:latest_only
[2024-10-11T00:15:18.339+0000] {logging_mixin.py:190} INFO - [2024-10-11T00:15:18.339+0000] {dag.py:3239} INFO - Sync 1 DAGs
[2024-10-11T00:15:18.347+0000] {logging_mixin.py:190} INFO - [2024-10-11T00:15:18.347+0000] {dag.py:3262} INFO - Creating ORM DAG for latest_only
[2024-10-11T00:15:18.353+0000] {logging_mixin.py:190} INFO - [2024-10-11T00:15:18.353+0000] {dag.py:4180} INFO - Setting next_dagrun for latest_only to 2024-10-10 20:00:00+00:00, run_after=2024-10-11 00:00:00+00:00
[2024-10-11T00:15:18.397+0000] {processor.py:208} INFO - Processing /usr/local/python/3.12.1/lib/python3.12/site-packages/airflow/example_dags/example_latest_only.py took 0.477 seconds
[2024-10-11T00:16:18.968+0000] {processor.py:186} INFO - Started process (PID=43825) to work on /usr/local/python/3.12.1/lib/python3.12/site-packages/airflow/example_dags/example_latest_only.py
[2024-10-11T00:16:18.969+0000] {processor.py:914} INFO - Processing file /usr/local/python/3.12.1/lib/python3.12/site-packages/airflow/example_dags/example_latest_only.py for tasks to queue
[2024-10-11T00:16:18.970+0000] {logging_mixin.py:190} INFO - [2024-10-11T00:16:18.970+0000] {dagbag.py:588} INFO - Filling up the DagBag from /usr/local/python/3.12.1/lib/python3.12/site-packages/airflow/example_dags/example_latest_only.py
[2024-10-11T00:16:18.975+0000] {processor.py:925} INFO - DAG(s) 'latest_only' retrieved from /usr/local/python/3.12.1/lib/python3.12/site-packages/airflow/example_dags/example_latest_only.py
[2024-10-11T00:16:18.980+0000] {logging_mixin.py:190} INFO - [2024-10-11T00:16:18.980+0000] {dag.py:3239} INFO - Sync 1 DAGs
[2024-10-11T00:16:18.996+0000] {logging_mixin.py:190} INFO - [2024-10-11T00:16:18.996+0000] {dag.py:4180} INFO - Setting next_dagrun for latest_only to 2024-10-10 20:00:00+00:00, run_after=2024-10-11 00:00:00+00:00
[2024-10-11T00:16:19.041+0000] {processor.py:208} INFO - Processing /usr/local/python/3.12.1/lib/python3.12/site-packages/airflow/example_dags/example_latest_only.py took 0.077 seconds
[2024-10-11T00:17:38.333+0000] {processor.py:186} INFO - Started process (PID=44698) to work on /usr/local/python/3.12.1/lib/python3.12/site-packages/airflow/example_dags/example_latest_only.py
[2024-10-11T00:17:38.333+0000] {processor.py:914} INFO - Processing file /usr/local/python/3.12.1/lib/python3.12/site-packages/airflow/example_dags/example_latest_only.py for tasks to queue
[2024-10-11T00:17:38.335+0000] {logging_mixin.py:190} INFO - [2024-10-11T00:17:38.335+0000] {dagbag.py:588} INFO - Filling up the DagBag from /usr/local/python/3.12.1/lib/python3.12/site-packages/airflow/example_dags/example_latest_only.py
[2024-10-11T00:17:38.341+0000] {processor.py:925} INFO - DAG(s) 'latest_only' retrieved from /usr/local/python/3.12.1/lib/python3.12/site-packages/airflow/example_dags/example_latest_only.py
[2024-10-11T00:17:38.417+0000] {logging_mixin.py:190} INFO - [2024-10-11T00:17:38.416+0000] {dag.py:3239} INFO - Sync 1 DAGs
[2024-10-11T00:17:38.429+0000] {logging_mixin.py:190} INFO - [2024-10-11T00:17:38.429+0000] {dag.py:4180} INFO - Setting next_dagrun for latest_only to 2024-10-10 20:00:00+00:00, run_after=2024-10-11 00:00:00+00:00
[2024-10-11T00:17:38.489+0000] {processor.py:208} INFO - Processing /usr/local/python/3.12.1/lib/python3.12/site-packages/airflow/example_dags/example_latest_only.py took 0.162 seconds
[2024-10-11T00:18:39.033+0000] {processor.py:186} INFO - Started process (PID=45364) to work on /usr/local/python/3.12.1/lib/python3.12/site-packages/airflow/example_dags/example_latest_only.py
[2024-10-11T00:18:39.034+0000] {processor.py:914} INFO - Processing file /usr/local/python/3.12.1/lib/python3.12/site-packages/airflow/example_dags/example_latest_only.py for tasks to queue
[2024-10-11T00:18:39.035+0000] {logging_mixin.py:190} INFO - [2024-10-11T00:18:39.035+0000] {dagbag.py:588} INFO - Filling up the DagBag from /usr/local/python/3.12.1/lib/python3.12/site-packages/airflow/example_dags/example_latest_only.py
[2024-10-11T00:18:39.040+0000] {processor.py:925} INFO - DAG(s) 'latest_only' retrieved from /usr/local/python/3.12.1/lib/python3.12/site-packages/airflow/example_dags/example_latest_only.py
[2024-10-11T00:18:39.046+0000] {logging_mixin.py:190} INFO - [2024-10-11T00:18:39.045+0000] {dag.py:3239} INFO - Sync 1 DAGs
[2024-10-11T00:18:39.060+0000] {logging_mixin.py:190} INFO - [2024-10-11T00:18:39.060+0000] {dag.py:4180} INFO - Setting next_dagrun for latest_only to 2024-10-10 20:00:00+00:00, run_after=2024-10-11 00:00:00+00:00
[2024-10-11T00:18:39.096+0000] {processor.py:208} INFO - Processing /usr/local/python/3.12.1/lib/python3.12/site-packages/airflow/example_dags/example_latest_only.py took 0.067 seconds
[2024-10-11T00:19:38.526+0000] {processor.py:186} INFO - Started process (PID=46048) to work on /usr/local/python/3.12.1/lib/python3.12/site-packages/airflow/example_dags/example_latest_only.py
[2024-10-11T00:19:38.527+0000] {processor.py:914} INFO - Processing file /usr/local/python/3.12.1/lib/python3.12/site-packages/airflow/example_dags/example_latest_only.py for tasks to queue
[2024-10-11T00:19:38.529+0000] {logging_mixin.py:190} INFO - [2024-10-11T00:19:38.528+0000] {dagbag.py:588} INFO - Filling up the DagBag from /usr/local/python/3.12.1/lib/python3.12/site-packages/airflow/example_dags/example_latest_only.py
[2024-10-11T00:19:38.536+0000] {processor.py:925} INFO - DAG(s) 'latest_only' retrieved from /usr/local/python/3.12.1/lib/python3.12/site-packages/airflow/example_dags/example_latest_only.py
[2024-10-11T00:19:38.605+0000] {logging_mixin.py:190} INFO - [2024-10-11T00:19:38.605+0000] {dag.py:3239} INFO - Sync 1 DAGs
[2024-10-11T00:19:38.618+0000] {logging_mixin.py:190} INFO - [2024-10-11T00:19:38.618+0000] {dag.py:4180} INFO - Setting next_dagrun for latest_only to 2024-10-10 20:00:00+00:00, run_after=2024-10-11 00:00:00+00:00
[2024-10-11T00:19:38.657+0000] {processor.py:208} INFO - Processing /usr/local/python/3.12.1/lib/python3.12/site-packages/airflow/example_dags/example_latest_only.py took 0.136 seconds
[2024-10-11T00:21:03.745+0000] {processor.py:186} INFO - Started process (PID=46984) to work on /usr/local/python/3.12.1/lib/python3.12/site-packages/airflow/example_dags/example_latest_only.py
[2024-10-11T00:21:03.745+0000] {processor.py:914} INFO - Processing file /usr/local/python/3.12.1/lib/python3.12/site-packages/airflow/example_dags/example_latest_only.py for tasks to queue
[2024-10-11T00:21:03.747+0000] {logging_mixin.py:190} INFO - [2024-10-11T00:21:03.747+0000] {dagbag.py:588} INFO - Filling up the DagBag from /usr/local/python/3.12.1/lib/python3.12/site-packages/airflow/example_dags/example_latest_only.py
[2024-10-11T00:21:03.752+0000] {processor.py:925} INFO - DAG(s) 'latest_only' retrieved from /usr/local/python/3.12.1/lib/python3.12/site-packages/airflow/example_dags/example_latest_only.py
[2024-10-11T00:21:03.758+0000] {logging_mixin.py:190} INFO - [2024-10-11T00:21:03.758+0000] {dag.py:3239} INFO - Sync 1 DAGs
[2024-10-11T00:21:03.773+0000] {logging_mixin.py:190} INFO - [2024-10-11T00:21:03.773+0000] {dag.py:4180} INFO - Setting next_dagrun for latest_only to 2024-10-10 20:00:00+00:00, run_after=2024-10-11 00:00:00+00:00
[2024-10-11T00:21:03.824+0000] {processor.py:208} INFO - Processing /usr/local/python/3.12.1/lib/python3.12/site-packages/airflow/example_dags/example_latest_only.py took 0.084 seconds
[2024-10-11T00:22:27.366+0000] {processor.py:186} INFO - Started process (PID=47898) to work on /usr/local/python/3.12.1/lib/python3.12/site-packages/airflow/example_dags/example_latest_only.py
[2024-10-11T00:22:27.367+0000] {processor.py:914} INFO - Processing file /usr/local/python/3.12.1/lib/python3.12/site-packages/airflow/example_dags/example_latest_only.py for tasks to queue
[2024-10-11T00:22:27.368+0000] {logging_mixin.py:190} INFO - [2024-10-11T00:22:27.368+0000] {dagbag.py:588} INFO - Filling up the DagBag from /usr/local/python/3.12.1/lib/python3.12/site-packages/airflow/example_dags/example_latest_only.py
[2024-10-11T00:22:27.373+0000] {processor.py:925} INFO - DAG(s) 'latest_only' retrieved from /usr/local/python/3.12.1/lib/python3.12/site-packages/airflow/example_dags/example_latest_only.py
[2024-10-11T00:22:27.445+0000] {logging_mixin.py:190} INFO - [2024-10-11T00:22:27.445+0000] {dag.py:3239} INFO - Sync 1 DAGs
[2024-10-11T00:22:27.466+0000] {logging_mixin.py:190} INFO - [2024-10-11T00:22:27.465+0000] {dag.py:4180} INFO - Setting next_dagrun for latest_only to 2024-10-10 20:00:00+00:00, run_after=2024-10-11 00:00:00+00:00
[2024-10-11T00:22:27.506+0000] {processor.py:208} INFO - Processing /usr/local/python/3.12.1/lib/python3.12/site-packages/airflow/example_dags/example_latest_only.py took 0.144 seconds
[2024-10-11T00:23:27.496+0000] {processor.py:186} INFO - Started process (PID=48560) to work on /usr/local/python/3.12.1/lib/python3.12/site-packages/airflow/example_dags/example_latest_only.py
[2024-10-11T00:23:27.497+0000] {processor.py:914} INFO - Processing file /usr/local/python/3.12.1/lib/python3.12/site-packages/airflow/example_dags/example_latest_only.py for tasks to queue
[2024-10-11T00:23:27.499+0000] {logging_mixin.py:190} INFO - [2024-10-11T00:23:27.499+0000] {dagbag.py:588} INFO - Filling up the DagBag from /usr/local/python/3.12.1/lib/python3.12/site-packages/airflow/example_dags/example_latest_only.py
[2024-10-11T00:23:27.506+0000] {processor.py:925} INFO - DAG(s) 'latest_only' retrieved from /usr/local/python/3.12.1/lib/python3.12/site-packages/airflow/example_dags/example_latest_only.py
[2024-10-11T00:23:27.521+0000] {logging_mixin.py:190} INFO - [2024-10-11T00:23:27.520+0000] {dag.py:3239} INFO - Sync 1 DAGs
[2024-10-11T00:23:27.542+0000] {logging_mixin.py:190} INFO - [2024-10-11T00:23:27.542+0000] {dag.py:4180} INFO - Setting next_dagrun for latest_only to 2024-10-10 20:00:00+00:00, run_after=2024-10-11 00:00:00+00:00
[2024-10-11T00:23:27.597+0000] {processor.py:208} INFO - Processing /usr/local/python/3.12.1/lib/python3.12/site-packages/airflow/example_dags/example_latest_only.py took 0.106 seconds
[2024-10-11T00:24:57.758+0000] {processor.py:186} INFO - Started process (PID=49571) to work on /usr/local/python/3.12.1/lib/python3.12/site-packages/airflow/example_dags/example_latest_only.py
[2024-10-11T00:24:57.759+0000] {processor.py:914} INFO - Processing file /usr/local/python/3.12.1/lib/python3.12/site-packages/airflow/example_dags/example_latest_only.py for tasks to queue
[2024-10-11T00:24:57.761+0000] {logging_mixin.py:190} INFO - [2024-10-11T00:24:57.761+0000] {dagbag.py:588} INFO - Filling up the DagBag from /usr/local/python/3.12.1/lib/python3.12/site-packages/airflow/example_dags/example_latest_only.py
[2024-10-11T00:24:57.770+0000] {processor.py:925} INFO - DAG(s) 'latest_only' retrieved from /usr/local/python/3.12.1/lib/python3.12/site-packages/airflow/example_dags/example_latest_only.py
[2024-10-11T00:24:57.900+0000] {logging_mixin.py:190} INFO - [2024-10-11T00:24:57.900+0000] {dag.py:3239} INFO - Sync 1 DAGs
[2024-10-11T00:24:57.922+0000] {logging_mixin.py:190} INFO - [2024-10-11T00:24:57.922+0000] {dag.py:4180} INFO - Setting next_dagrun for latest_only to 2024-10-10 20:00:00+00:00, run_after=2024-10-11 00:00:00+00:00
[2024-10-11T00:24:57.966+0000] {processor.py:208} INFO - Processing /usr/local/python/3.12.1/lib/python3.12/site-packages/airflow/example_dags/example_latest_only.py took 0.214 seconds
[2024-10-11T00:25:54.646+0000] {processor.py:186} INFO - Started process (PID=50220) to work on /usr/local/python/3.12.1/lib/python3.12/site-packages/airflow/example_dags/example_latest_only.py
[2024-10-11T00:25:54.646+0000] {processor.py:914} INFO - Processing file /usr/local/python/3.12.1/lib/python3.12/site-packages/airflow/example_dags/example_latest_only.py for tasks to queue
[2024-10-11T00:25:54.648+0000] {logging_mixin.py:190} INFO - [2024-10-11T00:25:54.647+0000] {dagbag.py:588} INFO - Filling up the DagBag from /usr/local/python/3.12.1/lib/python3.12/site-packages/airflow/example_dags/example_latest_only.py
[2024-10-11T00:25:54.654+0000] {processor.py:925} INFO - DAG(s) 'latest_only' retrieved from /usr/local/python/3.12.1/lib/python3.12/site-packages/airflow/example_dags/example_latest_only.py
[2024-10-11T00:25:54.661+0000] {logging_mixin.py:190} INFO - [2024-10-11T00:25:54.661+0000] {dag.py:3239} INFO - Sync 1 DAGs
[2024-10-11T00:25:54.683+0000] {logging_mixin.py:190} INFO - [2024-10-11T00:25:54.683+0000] {dag.py:4180} INFO - Setting next_dagrun for latest_only to 2024-10-10 20:00:00+00:00, run_after=2024-10-11 00:00:00+00:00
[2024-10-11T00:25:54.724+0000] {processor.py:208} INFO - Processing /usr/local/python/3.12.1/lib/python3.12/site-packages/airflow/example_dags/example_latest_only.py took 0.083 seconds
[2024-10-11T00:27:19.116+0000] {processor.py:186} INFO - Started process (PID=51145) to work on /usr/local/python/3.12.1/lib/python3.12/site-packages/airflow/example_dags/example_latest_only.py
[2024-10-11T00:27:19.117+0000] {processor.py:914} INFO - Processing file /usr/local/python/3.12.1/lib/python3.12/site-packages/airflow/example_dags/example_latest_only.py for tasks to queue
[2024-10-11T00:27:19.119+0000] {logging_mixin.py:190} INFO - [2024-10-11T00:27:19.118+0000] {dagbag.py:588} INFO - Filling up the DagBag from /usr/local/python/3.12.1/lib/python3.12/site-packages/airflow/example_dags/example_latest_only.py
[2024-10-11T00:27:19.125+0000] {processor.py:925} INFO - DAG(s) 'latest_only' retrieved from /usr/local/python/3.12.1/lib/python3.12/site-packages/airflow/example_dags/example_latest_only.py
[2024-10-11T00:27:19.233+0000] {logging_mixin.py:190} INFO - [2024-10-11T00:27:19.233+0000] {dag.py:3239} INFO - Sync 1 DAGs
[2024-10-11T00:27:19.253+0000] {logging_mixin.py:190} INFO - [2024-10-11T00:27:19.252+0000] {dag.py:4180} INFO - Setting next_dagrun for latest_only to 2024-10-10 20:00:00+00:00, run_after=2024-10-11 00:00:00+00:00
[2024-10-11T00:27:19.297+0000] {processor.py:208} INFO - Processing /usr/local/python/3.12.1/lib/python3.12/site-packages/airflow/example_dags/example_latest_only.py took 0.186 seconds
[2024-10-11T00:28:42.728+0000] {processor.py:186} INFO - Started process (PID=52053) to work on /usr/local/python/3.12.1/lib/python3.12/site-packages/airflow/example_dags/example_latest_only.py
[2024-10-11T00:28:42.728+0000] {processor.py:914} INFO - Processing file /usr/local/python/3.12.1/lib/python3.12/site-packages/airflow/example_dags/example_latest_only.py for tasks to queue
[2024-10-11T00:28:42.730+0000] {logging_mixin.py:190} INFO - [2024-10-11T00:28:42.729+0000] {dagbag.py:588} INFO - Filling up the DagBag from /usr/local/python/3.12.1/lib/python3.12/site-packages/airflow/example_dags/example_latest_only.py
[2024-10-11T00:28:42.736+0000] {processor.py:925} INFO - DAG(s) 'latest_only' retrieved from /usr/local/python/3.12.1/lib/python3.12/site-packages/airflow/example_dags/example_latest_only.py
[2024-10-11T00:28:42.807+0000] {logging_mixin.py:190} INFO - [2024-10-11T00:28:42.806+0000] {dag.py:3239} INFO - Sync 1 DAGs
[2024-10-11T00:28:42.820+0000] {logging_mixin.py:190} INFO - [2024-10-11T00:28:42.820+0000] {dag.py:4180} INFO - Setting next_dagrun for latest_only to 2024-10-10 20:00:00+00:00, run_after=2024-10-11 00:00:00+00:00
[2024-10-11T00:28:42.862+0000] {processor.py:208} INFO - Processing /usr/local/python/3.12.1/lib/python3.12/site-packages/airflow/example_dags/example_latest_only.py took 0.138 seconds
[2024-10-11T00:30:02.723+0000] {processor.py:186} INFO - Started process (PID=52986) to work on /usr/local/python/3.12.1/lib/python3.12/site-packages/airflow/example_dags/example_latest_only.py
[2024-10-11T00:30:02.724+0000] {processor.py:914} INFO - Processing file /usr/local/python/3.12.1/lib/python3.12/site-packages/airflow/example_dags/example_latest_only.py for tasks to queue
[2024-10-11T00:30:02.725+0000] {logging_mixin.py:190} INFO - [2024-10-11T00:30:02.725+0000] {dagbag.py:588} INFO - Filling up the DagBag from /usr/local/python/3.12.1/lib/python3.12/site-packages/airflow/example_dags/example_latest_only.py
[2024-10-11T00:30:02.730+0000] {processor.py:925} INFO - DAG(s) 'latest_only' retrieved from /usr/local/python/3.12.1/lib/python3.12/site-packages/airflow/example_dags/example_latest_only.py
[2024-10-11T00:30:02.891+0000] {logging_mixin.py:190} INFO - [2024-10-11T00:30:02.890+0000] {dag.py:3239} INFO - Sync 1 DAGs
[2024-10-11T00:30:02.904+0000] {logging_mixin.py:190} INFO - [2024-10-11T00:30:02.904+0000] {dag.py:4180} INFO - Setting next_dagrun for latest_only to 2024-10-10 20:00:00+00:00, run_after=2024-10-11 00:00:00+00:00
[2024-10-11T00:30:02.955+0000] {processor.py:208} INFO - Processing /usr/local/python/3.12.1/lib/python3.12/site-packages/airflow/example_dags/example_latest_only.py took 0.235 seconds
[2024-10-11T00:31:02.347+0000] {processor.py:186} INFO - Started process (PID=53651) to work on /usr/local/python/3.12.1/lib/python3.12/site-packages/airflow/example_dags/example_latest_only.py
[2024-10-11T00:31:02.347+0000] {processor.py:914} INFO - Processing file /usr/local/python/3.12.1/lib/python3.12/site-packages/airflow/example_dags/example_latest_only.py for tasks to queue
[2024-10-11T00:31:02.350+0000] {logging_mixin.py:190} INFO - [2024-10-11T00:31:02.350+0000] {dagbag.py:588} INFO - Filling up the DagBag from /usr/local/python/3.12.1/lib/python3.12/site-packages/airflow/example_dags/example_latest_only.py
[2024-10-11T00:31:02.357+0000] {processor.py:925} INFO - DAG(s) 'latest_only' retrieved from /usr/local/python/3.12.1/lib/python3.12/site-packages/airflow/example_dags/example_latest_only.py
[2024-10-11T00:31:02.364+0000] {logging_mixin.py:190} INFO - [2024-10-11T00:31:02.364+0000] {dag.py:3239} INFO - Sync 1 DAGs
[2024-10-11T00:31:02.386+0000] {logging_mixin.py:190} INFO - [2024-10-11T00:31:02.386+0000] {dag.py:4180} INFO - Setting next_dagrun for latest_only to 2024-10-10 20:00:00+00:00, run_after=2024-10-11 00:00:00+00:00
[2024-10-11T00:31:02.422+0000] {processor.py:208} INFO - Processing /usr/local/python/3.12.1/lib/python3.12/site-packages/airflow/example_dags/example_latest_only.py took 0.079 seconds
[2024-10-11T00:32:25.658+0000] {processor.py:186} INFO - Started process (PID=54559) to work on /usr/local/python/3.12.1/lib/python3.12/site-packages/airflow/example_dags/example_latest_only.py
[2024-10-11T00:32:25.659+0000] {processor.py:914} INFO - Processing file /usr/local/python/3.12.1/lib/python3.12/site-packages/airflow/example_dags/example_latest_only.py for tasks to queue
[2024-10-11T00:32:25.660+0000] {logging_mixin.py:190} INFO - [2024-10-11T00:32:25.660+0000] {dagbag.py:588} INFO - Filling up the DagBag from /usr/local/python/3.12.1/lib/python3.12/site-packages/airflow/example_dags/example_latest_only.py
[2024-10-11T00:32:25.665+0000] {processor.py:925} INFO - DAG(s) 'latest_only' retrieved from /usr/local/python/3.12.1/lib/python3.12/site-packages/airflow/example_dags/example_latest_only.py
[2024-10-11T00:32:25.741+0000] {logging_mixin.py:190} INFO - [2024-10-11T00:32:25.741+0000] {dag.py:3239} INFO - Sync 1 DAGs
[2024-10-11T00:32:25.757+0000] {logging_mixin.py:190} INFO - [2024-10-11T00:32:25.756+0000] {dag.py:4180} INFO - Setting next_dagrun for latest_only to 2024-10-10 20:00:00+00:00, run_after=2024-10-11 00:00:00+00:00
[2024-10-11T00:32:25.797+0000] {processor.py:208} INFO - Processing /usr/local/python/3.12.1/lib/python3.12/site-packages/airflow/example_dags/example_latest_only.py took 0.143 seconds
[2024-10-11T00:33:51.031+0000] {processor.py:186} INFO - Started process (PID=55506) to work on /usr/local/python/3.12.1/lib/python3.12/site-packages/airflow/example_dags/example_latest_only.py
[2024-10-11T00:33:51.032+0000] {processor.py:914} INFO - Processing file /usr/local/python/3.12.1/lib/python3.12/site-packages/airflow/example_dags/example_latest_only.py for tasks to queue
[2024-10-11T00:33:51.034+0000] {logging_mixin.py:190} INFO - [2024-10-11T00:33:51.033+0000] {dagbag.py:588} INFO - Filling up the DagBag from /usr/local/python/3.12.1/lib/python3.12/site-packages/airflow/example_dags/example_latest_only.py
[2024-10-11T00:33:51.039+0000] {processor.py:925} INFO - DAG(s) 'latest_only' retrieved from /usr/local/python/3.12.1/lib/python3.12/site-packages/airflow/example_dags/example_latest_only.py
[2024-10-11T00:33:51.109+0000] {logging_mixin.py:190} INFO - [2024-10-11T00:33:51.109+0000] {dag.py:3239} INFO - Sync 1 DAGs
[2024-10-11T00:33:51.122+0000] {logging_mixin.py:190} INFO - [2024-10-11T00:33:51.122+0000] {dag.py:4180} INFO - Setting next_dagrun for latest_only to 2024-10-10 20:00:00+00:00, run_after=2024-10-11 00:00:00+00:00
[2024-10-11T00:33:51.184+0000] {processor.py:208} INFO - Processing /usr/local/python/3.12.1/lib/python3.12/site-packages/airflow/example_dags/example_latest_only.py took 0.157 seconds
[2024-10-11T00:34:46.983+0000] {processor.py:186} INFO - Started process (PID=56140) to work on /usr/local/python/3.12.1/lib/python3.12/site-packages/airflow/example_dags/example_latest_only.py
[2024-10-11T00:34:46.983+0000] {processor.py:914} INFO - Processing file /usr/local/python/3.12.1/lib/python3.12/site-packages/airflow/example_dags/example_latest_only.py for tasks to queue
[2024-10-11T00:34:46.985+0000] {logging_mixin.py:190} INFO - [2024-10-11T00:34:46.984+0000] {dagbag.py:588} INFO - Filling up the DagBag from /usr/local/python/3.12.1/lib/python3.12/site-packages/airflow/example_dags/example_latest_only.py
[2024-10-11T00:34:46.990+0000] {processor.py:925} INFO - DAG(s) 'latest_only' retrieved from /usr/local/python/3.12.1/lib/python3.12/site-packages/airflow/example_dags/example_latest_only.py
[2024-10-11T00:34:46.995+0000] {logging_mixin.py:190} INFO - [2024-10-11T00:34:46.995+0000] {dag.py:3239} INFO - Sync 1 DAGs
[2024-10-11T00:34:47.010+0000] {logging_mixin.py:190} INFO - [2024-10-11T00:34:47.009+0000] {dag.py:4180} INFO - Setting next_dagrun for latest_only to 2024-10-10 20:00:00+00:00, run_after=2024-10-11 00:00:00+00:00
[2024-10-11T00:34:47.049+0000] {processor.py:208} INFO - Processing /usr/local/python/3.12.1/lib/python3.12/site-packages/airflow/example_dags/example_latest_only.py took 0.071 seconds
[2024-10-11T00:36:10.468+0000] {processor.py:186} INFO - Started process (PID=57080) to work on /usr/local/python/3.12.1/lib/python3.12/site-packages/airflow/example_dags/example_latest_only.py
[2024-10-11T00:36:10.473+0000] {processor.py:914} INFO - Processing file /usr/local/python/3.12.1/lib/python3.12/site-packages/airflow/example_dags/example_latest_only.py for tasks to queue
[2024-10-11T00:36:10.475+0000] {logging_mixin.py:190} INFO - [2024-10-11T00:36:10.475+0000] {dagbag.py:588} INFO - Filling up the DagBag from /usr/local/python/3.12.1/lib/python3.12/site-packages/airflow/example_dags/example_latest_only.py
[2024-10-11T00:36:10.493+0000] {processor.py:925} INFO - DAG(s) 'latest_only' retrieved from /usr/local/python/3.12.1/lib/python3.12/site-packages/airflow/example_dags/example_latest_only.py
[2024-10-11T00:36:10.586+0000] {logging_mixin.py:190} INFO - [2024-10-11T00:36:10.585+0000] {dag.py:3239} INFO - Sync 1 DAGs
[2024-10-11T00:36:10.686+0000] {logging_mixin.py:190} INFO - [2024-10-11T00:36:10.686+0000] {dag.py:4180} INFO - Setting next_dagrun for latest_only to 2024-10-10 20:00:00+00:00, run_after=2024-10-11 00:00:00+00:00
[2024-10-11T00:36:10.734+0000] {processor.py:208} INFO - Processing /usr/local/python/3.12.1/lib/python3.12/site-packages/airflow/example_dags/example_latest_only.py took 0.274 seconds
[2024-10-11T00:37:31.587+0000] {processor.py:186} INFO - Started process (PID=57964) to work on /usr/local/python/3.12.1/lib/python3.12/site-packages/airflow/example_dags/example_latest_only.py
[2024-10-11T00:37:31.588+0000] {processor.py:914} INFO - Processing file /usr/local/python/3.12.1/lib/python3.12/site-packages/airflow/example_dags/example_latest_only.py for tasks to queue
[2024-10-11T00:37:31.589+0000] {logging_mixin.py:190} INFO - [2024-10-11T00:37:31.589+0000] {dagbag.py:588} INFO - Filling up the DagBag from /usr/local/python/3.12.1/lib/python3.12/site-packages/airflow/example_dags/example_latest_only.py
[2024-10-11T00:37:31.594+0000] {processor.py:925} INFO - DAG(s) 'latest_only' retrieved from /usr/local/python/3.12.1/lib/python3.12/site-packages/airflow/example_dags/example_latest_only.py
[2024-10-11T00:37:31.605+0000] {logging_mixin.py:190} INFO - [2024-10-11T00:37:31.604+0000] {dag.py:3239} INFO - Sync 1 DAGs
[2024-10-11T00:37:31.618+0000] {logging_mixin.py:190} INFO - [2024-10-11T00:37:31.618+0000] {dag.py:4180} INFO - Setting next_dagrun for latest_only to 2024-10-10 20:00:00+00:00, run_after=2024-10-11 00:00:00+00:00
[2024-10-11T00:37:31.666+0000] {processor.py:208} INFO - Processing /usr/local/python/3.12.1/lib/python3.12/site-packages/airflow/example_dags/example_latest_only.py took 0.082 seconds
[2024-10-11T00:38:57.452+0000] {processor.py:186} INFO - Started process (PID=58902) to work on /usr/local/python/3.12.1/lib/python3.12/site-packages/airflow/example_dags/example_latest_only.py
[2024-10-11T00:38:57.453+0000] {processor.py:914} INFO - Processing file /usr/local/python/3.12.1/lib/python3.12/site-packages/airflow/example_dags/example_latest_only.py for tasks to queue
[2024-10-11T00:38:57.455+0000] {logging_mixin.py:190} INFO - [2024-10-11T00:38:57.455+0000] {dagbag.py:588} INFO - Filling up the DagBag from /usr/local/python/3.12.1/lib/python3.12/site-packages/airflow/example_dags/example_latest_only.py
[2024-10-11T00:38:57.463+0000] {processor.py:925} INFO - DAG(s) 'latest_only' retrieved from /usr/local/python/3.12.1/lib/python3.12/site-packages/airflow/example_dags/example_latest_only.py
[2024-10-11T00:38:57.541+0000] {logging_mixin.py:190} INFO - [2024-10-11T00:38:57.541+0000] {dag.py:3239} INFO - Sync 1 DAGs
[2024-10-11T00:38:57.554+0000] {logging_mixin.py:190} INFO - [2024-10-11T00:38:57.554+0000] {dag.py:4180} INFO - Setting next_dagrun for latest_only to 2024-10-10 20:00:00+00:00, run_after=2024-10-11 00:00:00+00:00
[2024-10-11T00:38:57.747+0000] {processor.py:208} INFO - Processing /usr/local/python/3.12.1/lib/python3.12/site-packages/airflow/example_dags/example_latest_only.py took 0.300 seconds
[2024-10-11T00:39:59.474+0000] {processor.py:186} INFO - Started process (PID=59610) to work on /usr/local/python/3.12.1/lib/python3.12/site-packages/airflow/example_dags/example_latest_only.py
[2024-10-11T00:39:59.475+0000] {processor.py:914} INFO - Processing file /usr/local/python/3.12.1/lib/python3.12/site-packages/airflow/example_dags/example_latest_only.py for tasks to queue
[2024-10-11T00:39:59.476+0000] {logging_mixin.py:190} INFO - [2024-10-11T00:39:59.476+0000] {dagbag.py:588} INFO - Filling up the DagBag from /usr/local/python/3.12.1/lib/python3.12/site-packages/airflow/example_dags/example_latest_only.py
[2024-10-11T00:39:59.483+0000] {processor.py:925} INFO - DAG(s) 'latest_only' retrieved from /usr/local/python/3.12.1/lib/python3.12/site-packages/airflow/example_dags/example_latest_only.py
[2024-10-11T00:39:59.497+0000] {logging_mixin.py:190} INFO - [2024-10-11T00:39:59.497+0000] {dag.py:3239} INFO - Sync 1 DAGs
[2024-10-11T00:39:59.519+0000] {logging_mixin.py:190} INFO - [2024-10-11T00:39:59.518+0000] {dag.py:4180} INFO - Setting next_dagrun for latest_only to 2024-10-10 20:00:00+00:00, run_after=2024-10-11 00:00:00+00:00
[2024-10-11T00:39:59.556+0000] {processor.py:208} INFO - Processing /usr/local/python/3.12.1/lib/python3.12/site-packages/airflow/example_dags/example_latest_only.py took 0.086 seconds
[2024-10-11T00:41:01.880+0000] {processor.py:186} INFO - Started process (PID=60298) to work on /usr/local/python/3.12.1/lib/python3.12/site-packages/airflow/example_dags/example_latest_only.py
[2024-10-11T00:41:01.880+0000] {processor.py:914} INFO - Processing file /usr/local/python/3.12.1/lib/python3.12/site-packages/airflow/example_dags/example_latest_only.py for tasks to queue
[2024-10-11T00:41:01.882+0000] {logging_mixin.py:190} INFO - [2024-10-11T00:41:01.881+0000] {dagbag.py:588} INFO - Filling up the DagBag from /usr/local/python/3.12.1/lib/python3.12/site-packages/airflow/example_dags/example_latest_only.py
[2024-10-11T00:41:01.887+0000] {processor.py:925} INFO - DAG(s) 'latest_only' retrieved from /usr/local/python/3.12.1/lib/python3.12/site-packages/airflow/example_dags/example_latest_only.py
[2024-10-11T00:41:01.892+0000] {logging_mixin.py:190} INFO - [2024-10-11T00:41:01.892+0000] {dag.py:3239} INFO - Sync 1 DAGs
[2024-10-11T00:41:01.907+0000] {logging_mixin.py:190} INFO - [2024-10-11T00:41:01.907+0000] {dag.py:4180} INFO - Setting next_dagrun for latest_only to 2024-10-10 20:00:00+00:00, run_after=2024-10-11 00:00:00+00:00
[2024-10-11T00:41:01.949+0000] {processor.py:208} INFO - Processing /usr/local/python/3.12.1/lib/python3.12/site-packages/airflow/example_dags/example_latest_only.py took 0.074 seconds
[2024-10-11T00:42:02.237+0000] {processor.py:186} INFO - Started process (PID=60965) to work on /usr/local/python/3.12.1/lib/python3.12/site-packages/airflow/example_dags/example_latest_only.py
[2024-10-11T00:42:02.238+0000] {processor.py:914} INFO - Processing file /usr/local/python/3.12.1/lib/python3.12/site-packages/airflow/example_dags/example_latest_only.py for tasks to queue
[2024-10-11T00:42:02.239+0000] {logging_mixin.py:190} INFO - [2024-10-11T00:42:02.239+0000] {dagbag.py:588} INFO - Filling up the DagBag from /usr/local/python/3.12.1/lib/python3.12/site-packages/airflow/example_dags/example_latest_only.py
[2024-10-11T00:42:02.244+0000] {processor.py:925} INFO - DAG(s) 'latest_only' retrieved from /usr/local/python/3.12.1/lib/python3.12/site-packages/airflow/example_dags/example_latest_only.py
[2024-10-11T00:42:02.311+0000] {logging_mixin.py:190} INFO - [2024-10-11T00:42:02.311+0000] {dag.py:3239} INFO - Sync 1 DAGs
[2024-10-11T00:42:02.324+0000] {logging_mixin.py:190} INFO - [2024-10-11T00:42:02.324+0000] {dag.py:4180} INFO - Setting next_dagrun for latest_only to 2024-10-10 20:00:00+00:00, run_after=2024-10-11 00:00:00+00:00
[2024-10-11T00:42:02.452+0000] {processor.py:208} INFO - Processing /usr/local/python/3.12.1/lib/python3.12/site-packages/airflow/example_dags/example_latest_only.py took 0.219 seconds
[2024-10-11T00:43:07.768+0000] {processor.py:186} INFO - Started process (PID=61689) to work on /usr/local/python/3.12.1/lib/python3.12/site-packages/airflow/example_dags/example_latest_only.py
[2024-10-11T00:43:07.768+0000] {processor.py:914} INFO - Processing file /usr/local/python/3.12.1/lib/python3.12/site-packages/airflow/example_dags/example_latest_only.py for tasks to queue
[2024-10-11T00:43:07.771+0000] {logging_mixin.py:190} INFO - [2024-10-11T00:43:07.770+0000] {dagbag.py:588} INFO - Filling up the DagBag from /usr/local/python/3.12.1/lib/python3.12/site-packages/airflow/example_dags/example_latest_only.py
[2024-10-11T00:43:07.778+0000] {processor.py:925} INFO - DAG(s) 'latest_only' retrieved from /usr/local/python/3.12.1/lib/python3.12/site-packages/airflow/example_dags/example_latest_only.py
[2024-10-11T00:43:07.785+0000] {logging_mixin.py:190} INFO - [2024-10-11T00:43:07.785+0000] {dag.py:3239} INFO - Sync 1 DAGs
[2024-10-11T00:43:07.807+0000] {logging_mixin.py:190} INFO - [2024-10-11T00:43:07.807+0000] {dag.py:4180} INFO - Setting next_dagrun for latest_only to 2024-10-10 20:00:00+00:00, run_after=2024-10-11 00:00:00+00:00
[2024-10-11T00:43:07.847+0000] {processor.py:208} INFO - Processing /usr/local/python/3.12.1/lib/python3.12/site-packages/airflow/example_dags/example_latest_only.py took 0.085 seconds
[2024-10-11T00:44:13.779+0000] {processor.py:186} INFO - Started process (PID=62426) to work on /usr/local/python/3.12.1/lib/python3.12/site-packages/airflow/example_dags/example_latest_only.py
[2024-10-11T00:44:13.779+0000] {processor.py:914} INFO - Processing file /usr/local/python/3.12.1/lib/python3.12/site-packages/airflow/example_dags/example_latest_only.py for tasks to queue
[2024-10-11T00:44:13.781+0000] {logging_mixin.py:190} INFO - [2024-10-11T00:44:13.780+0000] {dagbag.py:588} INFO - Filling up the DagBag from /usr/local/python/3.12.1/lib/python3.12/site-packages/airflow/example_dags/example_latest_only.py
[2024-10-11T00:44:13.786+0000] {processor.py:925} INFO - DAG(s) 'latest_only' retrieved from /usr/local/python/3.12.1/lib/python3.12/site-packages/airflow/example_dags/example_latest_only.py
[2024-10-11T00:44:13.946+0000] {logging_mixin.py:190} INFO - [2024-10-11T00:44:13.946+0000] {dag.py:3239} INFO - Sync 1 DAGs
[2024-10-11T00:44:13.957+0000] {logging_mixin.py:190} INFO - [2024-10-11T00:44:13.957+0000] {dag.py:4180} INFO - Setting next_dagrun for latest_only to 2024-10-10 20:00:00+00:00, run_after=2024-10-11 00:00:00+00:00
[2024-10-11T00:44:14.004+0000] {processor.py:208} INFO - Processing /usr/local/python/3.12.1/lib/python3.12/site-packages/airflow/example_dags/example_latest_only.py took 0.230 seconds
[2024-10-11T00:45:44.107+0000] {processor.py:186} INFO - Started process (PID=63430) to work on /usr/local/python/3.12.1/lib/python3.12/site-packages/airflow/example_dags/example_latest_only.py
[2024-10-11T00:45:44.107+0000] {processor.py:914} INFO - Processing file /usr/local/python/3.12.1/lib/python3.12/site-packages/airflow/example_dags/example_latest_only.py for tasks to queue
[2024-10-11T00:45:44.116+0000] {logging_mixin.py:190} INFO - [2024-10-11T00:45:44.115+0000] {dagbag.py:588} INFO - Filling up the DagBag from /usr/local/python/3.12.1/lib/python3.12/site-packages/airflow/example_dags/example_latest_only.py
[2024-10-11T00:45:44.131+0000] {processor.py:925} INFO - DAG(s) 'latest_only' retrieved from /usr/local/python/3.12.1/lib/python3.12/site-packages/airflow/example_dags/example_latest_only.py
[2024-10-11T00:45:44.144+0000] {logging_mixin.py:190} INFO - [2024-10-11T00:45:44.144+0000] {dag.py:3239} INFO - Sync 1 DAGs
[2024-10-11T00:45:44.198+0000] {logging_mixin.py:190} INFO - [2024-10-11T00:45:44.198+0000] {dag.py:4180} INFO - Setting next_dagrun for latest_only to 2024-10-10 20:00:00+00:00, run_after=2024-10-11 00:00:00+00:00
[2024-10-11T00:45:44.267+0000] {processor.py:208} INFO - Processing /usr/local/python/3.12.1/lib/python3.12/site-packages/airflow/example_dags/example_latest_only.py took 0.174 seconds
[2024-10-11T00:46:47.539+0000] {processor.py:186} INFO - Started process (PID=64105) to work on /usr/local/python/3.12.1/lib/python3.12/site-packages/airflow/example_dags/example_latest_only.py
[2024-10-11T00:46:47.539+0000] {processor.py:914} INFO - Processing file /usr/local/python/3.12.1/lib/python3.12/site-packages/airflow/example_dags/example_latest_only.py for tasks to queue
[2024-10-11T00:46:47.541+0000] {logging_mixin.py:190} INFO - [2024-10-11T00:46:47.540+0000] {dagbag.py:588} INFO - Filling up the DagBag from /usr/local/python/3.12.1/lib/python3.12/site-packages/airflow/example_dags/example_latest_only.py
[2024-10-11T00:46:47.546+0000] {processor.py:925} INFO - DAG(s) 'latest_only' retrieved from /usr/local/python/3.12.1/lib/python3.12/site-packages/airflow/example_dags/example_latest_only.py
[2024-10-11T00:46:47.700+0000] {logging_mixin.py:190} INFO - [2024-10-11T00:46:47.700+0000] {dag.py:3239} INFO - Sync 1 DAGs
[2024-10-11T00:46:47.712+0000] {logging_mixin.py:190} INFO - [2024-10-11T00:46:47.712+0000] {dag.py:4180} INFO - Setting next_dagrun for latest_only to 2024-10-10 20:00:00+00:00, run_after=2024-10-11 00:00:00+00:00
[2024-10-11T00:46:47.756+0000] {processor.py:208} INFO - Processing /usr/local/python/3.12.1/lib/python3.12/site-packages/airflow/example_dags/example_latest_only.py took 0.221 seconds
[2024-10-11T00:47:49.674+0000] {processor.py:186} INFO - Started process (PID=64787) to work on /usr/local/python/3.12.1/lib/python3.12/site-packages/airflow/example_dags/example_latest_only.py
[2024-10-11T00:47:49.686+0000] {processor.py:914} INFO - Processing file /usr/local/python/3.12.1/lib/python3.12/site-packages/airflow/example_dags/example_latest_only.py for tasks to queue
[2024-10-11T00:47:49.689+0000] {logging_mixin.py:190} INFO - [2024-10-11T00:47:49.688+0000] {dagbag.py:588} INFO - Filling up the DagBag from /usr/local/python/3.12.1/lib/python3.12/site-packages/airflow/example_dags/example_latest_only.py
[2024-10-11T00:47:49.697+0000] {processor.py:925} INFO - DAG(s) 'latest_only' retrieved from /usr/local/python/3.12.1/lib/python3.12/site-packages/airflow/example_dags/example_latest_only.py
[2024-10-11T00:47:49.711+0000] {logging_mixin.py:190} INFO - [2024-10-11T00:47:49.711+0000] {dag.py:3239} INFO - Sync 1 DAGs
[2024-10-11T00:47:49.733+0000] {logging_mixin.py:190} INFO - [2024-10-11T00:47:49.732+0000] {dag.py:4180} INFO - Setting next_dagrun for latest_only to 2024-10-10 20:00:00+00:00, run_after=2024-10-11 00:00:00+00:00
[2024-10-11T00:47:49.776+0000] {processor.py:208} INFO - Processing /usr/local/python/3.12.1/lib/python3.12/site-packages/airflow/example_dags/example_latest_only.py took 0.108 seconds
[2024-10-11T00:48:57.920+0000] {processor.py:186} INFO - Started process (PID=65528) to work on /usr/local/python/3.12.1/lib/python3.12/site-packages/airflow/example_dags/example_latest_only.py
[2024-10-11T00:48:57.921+0000] {processor.py:914} INFO - Processing file /usr/local/python/3.12.1/lib/python3.12/site-packages/airflow/example_dags/example_latest_only.py for tasks to queue
[2024-10-11T00:48:57.922+0000] {logging_mixin.py:190} INFO - [2024-10-11T00:48:57.922+0000] {dagbag.py:588} INFO - Filling up the DagBag from /usr/local/python/3.12.1/lib/python3.12/site-packages/airflow/example_dags/example_latest_only.py
[2024-10-11T00:48:57.927+0000] {processor.py:925} INFO - DAG(s) 'latest_only' retrieved from /usr/local/python/3.12.1/lib/python3.12/site-packages/airflow/example_dags/example_latest_only.py
[2024-10-11T00:48:58.088+0000] {logging_mixin.py:190} INFO - [2024-10-11T00:48:58.088+0000] {dag.py:3239} INFO - Sync 1 DAGs
[2024-10-11T00:48:58.100+0000] {logging_mixin.py:190} INFO - [2024-10-11T00:48:58.100+0000] {dag.py:4180} INFO - Setting next_dagrun for latest_only to 2024-10-10 20:00:00+00:00, run_after=2024-10-11 00:00:00+00:00
[2024-10-11T00:48:58.143+0000] {processor.py:208} INFO - Processing /usr/local/python/3.12.1/lib/python3.12/site-packages/airflow/example_dags/example_latest_only.py took 0.227 seconds
[2024-10-11T00:49:59.599+0000] {processor.py:186} INFO - Started process (PID=66227) to work on /usr/local/python/3.12.1/lib/python3.12/site-packages/airflow/example_dags/example_latest_only.py
[2024-10-11T00:49:59.600+0000] {processor.py:914} INFO - Processing file /usr/local/python/3.12.1/lib/python3.12/site-packages/airflow/example_dags/example_latest_only.py for tasks to queue
[2024-10-11T00:49:59.601+0000] {logging_mixin.py:190} INFO - [2024-10-11T00:49:59.601+0000] {dagbag.py:588} INFO - Filling up the DagBag from /usr/local/python/3.12.1/lib/python3.12/site-packages/airflow/example_dags/example_latest_only.py
[2024-10-11T00:49:59.606+0000] {processor.py:925} INFO - DAG(s) 'latest_only' retrieved from /usr/local/python/3.12.1/lib/python3.12/site-packages/airflow/example_dags/example_latest_only.py
[2024-10-11T00:49:59.612+0000] {logging_mixin.py:190} INFO - [2024-10-11T00:49:59.612+0000] {dag.py:3239} INFO - Sync 1 DAGs
[2024-10-11T00:49:59.627+0000] {logging_mixin.py:190} INFO - [2024-10-11T00:49:59.627+0000] {dag.py:4180} INFO - Setting next_dagrun for latest_only to 2024-10-10 20:00:00+00:00, run_after=2024-10-11 00:00:00+00:00
[2024-10-11T00:49:59.780+0000] {processor.py:208} INFO - Processing /usr/local/python/3.12.1/lib/python3.12/site-packages/airflow/example_dags/example_latest_only.py took 0.185 seconds
[2024-10-11T00:51:02.486+0000] {processor.py:186} INFO - Started process (PID=66924) to work on /usr/local/python/3.12.1/lib/python3.12/site-packages/airflow/example_dags/example_latest_only.py
[2024-10-11T00:51:02.486+0000] {processor.py:914} INFO - Processing file /usr/local/python/3.12.1/lib/python3.12/site-packages/airflow/example_dags/example_latest_only.py for tasks to queue
[2024-10-11T00:51:02.488+0000] {logging_mixin.py:190} INFO - [2024-10-11T00:51:02.488+0000] {dagbag.py:588} INFO - Filling up the DagBag from /usr/local/python/3.12.1/lib/python3.12/site-packages/airflow/example_dags/example_latest_only.py
[2024-10-11T00:51:02.493+0000] {processor.py:925} INFO - DAG(s) 'latest_only' retrieved from /usr/local/python/3.12.1/lib/python3.12/site-packages/airflow/example_dags/example_latest_only.py
[2024-10-11T00:51:02.566+0000] {logging_mixin.py:190} INFO - [2024-10-11T00:51:02.566+0000] {dag.py:3239} INFO - Sync 1 DAGs
[2024-10-11T00:51:02.579+0000] {logging_mixin.py:190} INFO - [2024-10-11T00:51:02.579+0000] {dag.py:4180} INFO - Setting next_dagrun for latest_only to 2024-10-10 20:00:00+00:00, run_after=2024-10-11 00:00:00+00:00
[2024-10-11T00:51:02.618+0000] {processor.py:208} INFO - Processing /usr/local/python/3.12.1/lib/python3.12/site-packages/airflow/example_dags/example_latest_only.py took 0.136 seconds
[2024-10-11T00:52:30.060+0000] {processor.py:186} INFO - Started process (PID=67889) to work on /usr/local/python/3.12.1/lib/python3.12/site-packages/airflow/example_dags/example_latest_only.py
[2024-10-11T00:52:30.060+0000] {processor.py:914} INFO - Processing file /usr/local/python/3.12.1/lib/python3.12/site-packages/airflow/example_dags/example_latest_only.py for tasks to queue
[2024-10-11T00:52:30.062+0000] {logging_mixin.py:190} INFO - [2024-10-11T00:52:30.061+0000] {dagbag.py:588} INFO - Filling up the DagBag from /usr/local/python/3.12.1/lib/python3.12/site-packages/airflow/example_dags/example_latest_only.py
[2024-10-11T00:52:30.067+0000] {processor.py:925} INFO - DAG(s) 'latest_only' retrieved from /usr/local/python/3.12.1/lib/python3.12/site-packages/airflow/example_dags/example_latest_only.py
[2024-10-11T00:52:30.072+0000] {logging_mixin.py:190} INFO - [2024-10-11T00:52:30.072+0000] {dag.py:3239} INFO - Sync 1 DAGs
[2024-10-11T00:52:30.086+0000] {logging_mixin.py:190} INFO - [2024-10-11T00:52:30.086+0000] {dag.py:4180} INFO - Setting next_dagrun for latest_only to 2024-10-10 20:00:00+00:00, run_after=2024-10-11 00:00:00+00:00
[2024-10-11T00:52:30.133+0000] {processor.py:208} INFO - Processing /usr/local/python/3.12.1/lib/python3.12/site-packages/airflow/example_dags/example_latest_only.py took 0.077 seconds
[2024-10-11T00:53:49.868+0000] {processor.py:186} INFO - Started process (PID=68761) to work on /usr/local/python/3.12.1/lib/python3.12/site-packages/airflow/example_dags/example_latest_only.py
[2024-10-11T00:53:49.869+0000] {processor.py:914} INFO - Processing file /usr/local/python/3.12.1/lib/python3.12/site-packages/airflow/example_dags/example_latest_only.py for tasks to queue
[2024-10-11T00:53:49.871+0000] {logging_mixin.py:190} INFO - [2024-10-11T00:53:49.870+0000] {dagbag.py:588} INFO - Filling up the DagBag from /usr/local/python/3.12.1/lib/python3.12/site-packages/airflow/example_dags/example_latest_only.py
[2024-10-11T00:53:49.876+0000] {processor.py:925} INFO - DAG(s) 'latest_only' retrieved from /usr/local/python/3.12.1/lib/python3.12/site-packages/airflow/example_dags/example_latest_only.py
[2024-10-11T00:53:49.944+0000] {logging_mixin.py:190} INFO - [2024-10-11T00:53:49.943+0000] {dag.py:3239} INFO - Sync 1 DAGs
[2024-10-11T00:53:49.956+0000] {logging_mixin.py:190} INFO - [2024-10-11T00:53:49.956+0000] {dag.py:4180} INFO - Setting next_dagrun for latest_only to 2024-10-10 20:00:00+00:00, run_after=2024-10-11 00:00:00+00:00
[2024-10-11T00:53:49.998+0000] {processor.py:208} INFO - Processing /usr/local/python/3.12.1/lib/python3.12/site-packages/airflow/example_dags/example_latest_only.py took 0.133 seconds
[2024-10-11T00:54:47.662+0000] {processor.py:186} INFO - Started process (PID=69417) to work on /usr/local/python/3.12.1/lib/python3.12/site-packages/airflow/example_dags/example_latest_only.py
[2024-10-11T00:54:47.663+0000] {processor.py:914} INFO - Processing file /usr/local/python/3.12.1/lib/python3.12/site-packages/airflow/example_dags/example_latest_only.py for tasks to queue
[2024-10-11T00:54:47.665+0000] {logging_mixin.py:190} INFO - [2024-10-11T00:54:47.664+0000] {dagbag.py:588} INFO - Filling up the DagBag from /usr/local/python/3.12.1/lib/python3.12/site-packages/airflow/example_dags/example_latest_only.py
[2024-10-11T00:54:47.670+0000] {processor.py:925} INFO - DAG(s) 'latest_only' retrieved from /usr/local/python/3.12.1/lib/python3.12/site-packages/airflow/example_dags/example_latest_only.py
[2024-10-11T00:54:47.680+0000] {logging_mixin.py:190} INFO - [2024-10-11T00:54:47.680+0000] {dag.py:3239} INFO - Sync 1 DAGs
[2024-10-11T00:54:47.694+0000] {logging_mixin.py:190} INFO - [2024-10-11T00:54:47.694+0000] {dag.py:4180} INFO - Setting next_dagrun for latest_only to 2024-10-10 20:00:00+00:00, run_after=2024-10-11 00:00:00+00:00
[2024-10-11T00:54:47.748+0000] {processor.py:208} INFO - Processing /usr/local/python/3.12.1/lib/python3.12/site-packages/airflow/example_dags/example_latest_only.py took 0.089 seconds
[2024-10-11T00:56:12.327+0000] {processor.py:186} INFO - Started process (PID=70365) to work on /usr/local/python/3.12.1/lib/python3.12/site-packages/airflow/example_dags/example_latest_only.py
[2024-10-11T00:56:12.327+0000] {processor.py:914} INFO - Processing file /usr/local/python/3.12.1/lib/python3.12/site-packages/airflow/example_dags/example_latest_only.py for tasks to queue
[2024-10-11T00:56:12.329+0000] {logging_mixin.py:190} INFO - [2024-10-11T00:56:12.329+0000] {dagbag.py:588} INFO - Filling up the DagBag from /usr/local/python/3.12.1/lib/python3.12/site-packages/airflow/example_dags/example_latest_only.py
[2024-10-11T00:56:12.334+0000] {processor.py:925} INFO - DAG(s) 'latest_only' retrieved from /usr/local/python/3.12.1/lib/python3.12/site-packages/airflow/example_dags/example_latest_only.py
[2024-10-11T00:56:12.410+0000] {logging_mixin.py:190} INFO - [2024-10-11T00:56:12.410+0000] {dag.py:3239} INFO - Sync 1 DAGs
[2024-10-11T00:56:12.426+0000] {logging_mixin.py:190} INFO - [2024-10-11T00:56:12.425+0000] {dag.py:4180} INFO - Setting next_dagrun for latest_only to 2024-10-10 20:00:00+00:00, run_after=2024-10-11 00:00:00+00:00
[2024-10-11T00:56:12.470+0000] {processor.py:208} INFO - Processing /usr/local/python/3.12.1/lib/python3.12/site-packages/airflow/example_dags/example_latest_only.py took 0.147 seconds
[2024-10-11T00:57:11.066+0000] {processor.py:186} INFO - Started process (PID=71005) to work on /usr/local/python/3.12.1/lib/python3.12/site-packages/airflow/example_dags/example_latest_only.py
[2024-10-11T00:57:11.067+0000] {processor.py:914} INFO - Processing file /usr/local/python/3.12.1/lib/python3.12/site-packages/airflow/example_dags/example_latest_only.py for tasks to queue
[2024-10-11T00:57:11.068+0000] {logging_mixin.py:190} INFO - [2024-10-11T00:57:11.068+0000] {dagbag.py:588} INFO - Filling up the DagBag from /usr/local/python/3.12.1/lib/python3.12/site-packages/airflow/example_dags/example_latest_only.py
[2024-10-11T00:57:11.073+0000] {processor.py:925} INFO - DAG(s) 'latest_only' retrieved from /usr/local/python/3.12.1/lib/python3.12/site-packages/airflow/example_dags/example_latest_only.py
[2024-10-11T00:57:11.084+0000] {logging_mixin.py:190} INFO - [2024-10-11T00:57:11.083+0000] {dag.py:3239} INFO - Sync 1 DAGs
[2024-10-11T00:57:11.098+0000] {logging_mixin.py:190} INFO - [2024-10-11T00:57:11.098+0000] {dag.py:4180} INFO - Setting next_dagrun for latest_only to 2024-10-10 20:00:00+00:00, run_after=2024-10-11 00:00:00+00:00
[2024-10-11T00:57:11.137+0000] {processor.py:208} INFO - Processing /usr/local/python/3.12.1/lib/python3.12/site-packages/airflow/example_dags/example_latest_only.py took 0.074 seconds
[2024-10-11T00:58:11.337+0000] {processor.py:186} INFO - Started process (PID=71656) to work on /usr/local/python/3.12.1/lib/python3.12/site-packages/airflow/example_dags/example_latest_only.py
[2024-10-11T00:58:11.338+0000] {processor.py:914} INFO - Processing file /usr/local/python/3.12.1/lib/python3.12/site-packages/airflow/example_dags/example_latest_only.py for tasks to queue
[2024-10-11T00:58:11.340+0000] {logging_mixin.py:190} INFO - [2024-10-11T00:58:11.339+0000] {dagbag.py:588} INFO - Filling up the DagBag from /usr/local/python/3.12.1/lib/python3.12/site-packages/airflow/example_dags/example_latest_only.py
[2024-10-11T00:58:11.350+0000] {processor.py:925} INFO - DAG(s) 'latest_only' retrieved from /usr/local/python/3.12.1/lib/python3.12/site-packages/airflow/example_dags/example_latest_only.py
[2024-10-11T00:58:11.424+0000] {logging_mixin.py:190} INFO - [2024-10-11T00:58:11.423+0000] {dag.py:3239} INFO - Sync 1 DAGs
[2024-10-11T00:58:11.437+0000] {logging_mixin.py:190} INFO - [2024-10-11T00:58:11.437+0000] {dag.py:4180} INFO - Setting next_dagrun for latest_only to 2024-10-10 20:00:00+00:00, run_after=2024-10-11 00:00:00+00:00
[2024-10-11T00:58:11.511+0000] {processor.py:208} INFO - Processing /usr/local/python/3.12.1/lib/python3.12/site-packages/airflow/example_dags/example_latest_only.py took 0.181 seconds
[2024-10-11T00:59:07.774+0000] {processor.py:186} INFO - Started process (PID=72296) to work on /usr/local/python/3.12.1/lib/python3.12/site-packages/airflow/example_dags/example_latest_only.py
[2024-10-11T00:59:07.775+0000] {processor.py:914} INFO - Processing file /usr/local/python/3.12.1/lib/python3.12/site-packages/airflow/example_dags/example_latest_only.py for tasks to queue
[2024-10-11T00:59:07.776+0000] {logging_mixin.py:190} INFO - [2024-10-11T00:59:07.776+0000] {dagbag.py:588} INFO - Filling up the DagBag from /usr/local/python/3.12.1/lib/python3.12/site-packages/airflow/example_dags/example_latest_only.py
[2024-10-11T00:59:07.781+0000] {processor.py:925} INFO - DAG(s) 'latest_only' retrieved from /usr/local/python/3.12.1/lib/python3.12/site-packages/airflow/example_dags/example_latest_only.py
[2024-10-11T00:59:07.792+0000] {logging_mixin.py:190} INFO - [2024-10-11T00:59:07.792+0000] {dag.py:3239} INFO - Sync 1 DAGs
[2024-10-11T00:59:07.806+0000] {logging_mixin.py:190} INFO - [2024-10-11T00:59:07.806+0000] {dag.py:4180} INFO - Setting next_dagrun for latest_only to 2024-10-10 20:00:00+00:00, run_after=2024-10-11 00:00:00+00:00
[2024-10-11T00:59:07.842+0000] {processor.py:208} INFO - Processing /usr/local/python/3.12.1/lib/python3.12/site-packages/airflow/example_dags/example_latest_only.py took 0.073 seconds
[2024-10-11T01:00:30.811+0000] {processor.py:186} INFO - Started process (PID=73211) to work on /usr/local/python/3.12.1/lib/python3.12/site-packages/airflow/example_dags/example_latest_only.py
[2024-10-11T01:00:30.811+0000] {processor.py:914} INFO - Processing file /usr/local/python/3.12.1/lib/python3.12/site-packages/airflow/example_dags/example_latest_only.py for tasks to queue
[2024-10-11T01:00:30.814+0000] {logging_mixin.py:190} INFO - [2024-10-11T01:00:30.813+0000] {dagbag.py:588} INFO - Filling up the DagBag from /usr/local/python/3.12.1/lib/python3.12/site-packages/airflow/example_dags/example_latest_only.py
[2024-10-11T01:00:30.821+0000] {processor.py:925} INFO - DAG(s) 'latest_only' retrieved from /usr/local/python/3.12.1/lib/python3.12/site-packages/airflow/example_dags/example_latest_only.py
[2024-10-11T01:00:30.929+0000] {logging_mixin.py:190} INFO - [2024-10-11T01:00:30.928+0000] {dag.py:3239} INFO - Sync 1 DAGs
[2024-10-11T01:00:30.976+0000] {logging_mixin.py:190} INFO - [2024-10-11T01:00:30.976+0000] {dag.py:4180} INFO - Setting next_dagrun for latest_only to 2024-10-10 20:00:00+00:00, run_after=2024-10-11 00:00:00+00:00
[2024-10-11T01:00:31.023+0000] {processor.py:208} INFO - Processing /usr/local/python/3.12.1/lib/python3.12/site-packages/airflow/example_dags/example_latest_only.py took 0.218 seconds
[2024-10-11T01:01:29.320+0000] {processor.py:186} INFO - Started process (PID=73850) to work on /usr/local/python/3.12.1/lib/python3.12/site-packages/airflow/example_dags/example_latest_only.py
[2024-10-11T01:01:29.320+0000] {processor.py:914} INFO - Processing file /usr/local/python/3.12.1/lib/python3.12/site-packages/airflow/example_dags/example_latest_only.py for tasks to queue
[2024-10-11T01:01:29.322+0000] {logging_mixin.py:190} INFO - [2024-10-11T01:01:29.322+0000] {dagbag.py:588} INFO - Filling up the DagBag from /usr/local/python/3.12.1/lib/python3.12/site-packages/airflow/example_dags/example_latest_only.py
[2024-10-11T01:01:29.327+0000] {processor.py:925} INFO - DAG(s) 'latest_only' retrieved from /usr/local/python/3.12.1/lib/python3.12/site-packages/airflow/example_dags/example_latest_only.py
[2024-10-11T01:01:29.338+0000] {logging_mixin.py:190} INFO - [2024-10-11T01:01:29.338+0000] {dag.py:3239} INFO - Sync 1 DAGs
[2024-10-11T01:01:29.353+0000] {logging_mixin.py:190} INFO - [2024-10-11T01:01:29.352+0000] {dag.py:4180} INFO - Setting next_dagrun for latest_only to 2024-10-10 20:00:00+00:00, run_after=2024-10-11 00:00:00+00:00
[2024-10-11T01:01:29.386+0000] {processor.py:208} INFO - Processing /usr/local/python/3.12.1/lib/python3.12/site-packages/airflow/example_dags/example_latest_only.py took 0.070 seconds
[2024-10-11T01:02:26.929+0000] {processor.py:186} INFO - Started process (PID=74479) to work on /usr/local/python/3.12.1/lib/python3.12/site-packages/airflow/example_dags/example_latest_only.py
[2024-10-11T01:02:26.930+0000] {processor.py:914} INFO - Processing file /usr/local/python/3.12.1/lib/python3.12/site-packages/airflow/example_dags/example_latest_only.py for tasks to queue
[2024-10-11T01:02:26.932+0000] {logging_mixin.py:190} INFO - [2024-10-11T01:02:26.931+0000] {dagbag.py:588} INFO - Filling up the DagBag from /usr/local/python/3.12.1/lib/python3.12/site-packages/airflow/example_dags/example_latest_only.py
[2024-10-11T01:02:26.937+0000] {processor.py:925} INFO - DAG(s) 'latest_only' retrieved from /usr/local/python/3.12.1/lib/python3.12/site-packages/airflow/example_dags/example_latest_only.py
[2024-10-11T01:02:27.005+0000] {logging_mixin.py:190} INFO - [2024-10-11T01:02:27.004+0000] {dag.py:3239} INFO - Sync 1 DAGs
[2024-10-11T01:02:27.017+0000] {logging_mixin.py:190} INFO - [2024-10-11T01:02:27.017+0000] {dag.py:4180} INFO - Setting next_dagrun for latest_only to 2024-10-10 20:00:00+00:00, run_after=2024-10-11 00:00:00+00:00
[2024-10-11T01:02:27.076+0000] {processor.py:208} INFO - Processing /usr/local/python/3.12.1/lib/python3.12/site-packages/airflow/example_dags/example_latest_only.py took 0.150 seconds
[2024-10-11T01:03:47.071+0000] {processor.py:186} INFO - Started process (PID=75353) to work on /usr/local/python/3.12.1/lib/python3.12/site-packages/airflow/example_dags/example_latest_only.py
[2024-10-11T01:03:47.072+0000] {processor.py:914} INFO - Processing file /usr/local/python/3.12.1/lib/python3.12/site-packages/airflow/example_dags/example_latest_only.py for tasks to queue
[2024-10-11T01:03:47.073+0000] {logging_mixin.py:190} INFO - [2024-10-11T01:03:47.073+0000] {dagbag.py:588} INFO - Filling up the DagBag from /usr/local/python/3.12.1/lib/python3.12/site-packages/airflow/example_dags/example_latest_only.py
[2024-10-11T01:03:47.078+0000] {processor.py:925} INFO - DAG(s) 'latest_only' retrieved from /usr/local/python/3.12.1/lib/python3.12/site-packages/airflow/example_dags/example_latest_only.py
[2024-10-11T01:03:47.089+0000] {logging_mixin.py:190} INFO - [2024-10-11T01:03:47.088+0000] {dag.py:3239} INFO - Sync 1 DAGs
[2024-10-11T01:03:47.103+0000] {logging_mixin.py:190} INFO - [2024-10-11T01:03:47.103+0000] {dag.py:4180} INFO - Setting next_dagrun for latest_only to 2024-10-10 20:00:00+00:00, run_after=2024-10-11 00:00:00+00:00
[2024-10-11T01:03:47.140+0000] {processor.py:208} INFO - Processing /usr/local/python/3.12.1/lib/python3.12/site-packages/airflow/example_dags/example_latest_only.py took 0.073 seconds
[2024-10-11T01:05:10.943+0000] {processor.py:186} INFO - Started process (PID=76322) to work on /usr/local/python/3.12.1/lib/python3.12/site-packages/airflow/example_dags/example_latest_only.py
[2024-10-11T01:05:10.943+0000] {processor.py:914} INFO - Processing file /usr/local/python/3.12.1/lib/python3.12/site-packages/airflow/example_dags/example_latest_only.py for tasks to queue
[2024-10-11T01:05:10.945+0000] {logging_mixin.py:190} INFO - [2024-10-11T01:05:10.944+0000] {dagbag.py:588} INFO - Filling up the DagBag from /usr/local/python/3.12.1/lib/python3.12/site-packages/airflow/example_dags/example_latest_only.py
[2024-10-11T01:05:10.950+0000] {processor.py:925} INFO - DAG(s) 'latest_only' retrieved from /usr/local/python/3.12.1/lib/python3.12/site-packages/airflow/example_dags/example_latest_only.py
[2024-10-11T01:05:11.017+0000] {logging_mixin.py:190} INFO - [2024-10-11T01:05:11.017+0000] {dag.py:3239} INFO - Sync 1 DAGs
[2024-10-11T01:05:11.030+0000] {logging_mixin.py:190} INFO - [2024-10-11T01:05:11.030+0000] {dag.py:4180} INFO - Setting next_dagrun for latest_only to 2024-10-10 20:00:00+00:00, run_after=2024-10-11 00:00:00+00:00
[2024-10-11T01:05:11.077+0000] {processor.py:208} INFO - Processing /usr/local/python/3.12.1/lib/python3.12/site-packages/airflow/example_dags/example_latest_only.py took 0.139 seconds
[2024-10-11T01:06:09.868+0000] {processor.py:186} INFO - Started process (PID=76973) to work on /usr/local/python/3.12.1/lib/python3.12/site-packages/airflow/example_dags/example_latest_only.py
[2024-10-11T01:06:09.869+0000] {processor.py:914} INFO - Processing file /usr/local/python/3.12.1/lib/python3.12/site-packages/airflow/example_dags/example_latest_only.py for tasks to queue
[2024-10-11T01:06:09.870+0000] {logging_mixin.py:190} INFO - [2024-10-11T01:06:09.870+0000] {dagbag.py:588} INFO - Filling up the DagBag from /usr/local/python/3.12.1/lib/python3.12/site-packages/airflow/example_dags/example_latest_only.py
[2024-10-11T01:06:09.875+0000] {processor.py:925} INFO - DAG(s) 'latest_only' retrieved from /usr/local/python/3.12.1/lib/python3.12/site-packages/airflow/example_dags/example_latest_only.py
[2024-10-11T01:06:09.886+0000] {logging_mixin.py:190} INFO - [2024-10-11T01:06:09.886+0000] {dag.py:3239} INFO - Sync 1 DAGs
[2024-10-11T01:06:09.900+0000] {logging_mixin.py:190} INFO - [2024-10-11T01:06:09.900+0000] {dag.py:4180} INFO - Setting next_dagrun for latest_only to 2024-10-10 20:00:00+00:00, run_after=2024-10-11 00:00:00+00:00
[2024-10-11T01:06:09.949+0000] {processor.py:208} INFO - Processing /usr/local/python/3.12.1/lib/python3.12/site-packages/airflow/example_dags/example_latest_only.py took 0.085 seconds
[2024-10-11T01:07:29.903+0000] {processor.py:186} INFO - Started process (PID=77826) to work on /usr/local/python/3.12.1/lib/python3.12/site-packages/airflow/example_dags/example_latest_only.py
[2024-10-11T01:07:29.904+0000] {processor.py:914} INFO - Processing file /usr/local/python/3.12.1/lib/python3.12/site-packages/airflow/example_dags/example_latest_only.py for tasks to queue
[2024-10-11T01:07:29.905+0000] {logging_mixin.py:190} INFO - [2024-10-11T01:07:29.905+0000] {dagbag.py:588} INFO - Filling up the DagBag from /usr/local/python/3.12.1/lib/python3.12/site-packages/airflow/example_dags/example_latest_only.py
[2024-10-11T01:07:29.910+0000] {processor.py:925} INFO - DAG(s) 'latest_only' retrieved from /usr/local/python/3.12.1/lib/python3.12/site-packages/airflow/example_dags/example_latest_only.py
[2024-10-11T01:07:30.004+0000] {logging_mixin.py:190} INFO - [2024-10-11T01:07:30.003+0000] {dag.py:3239} INFO - Sync 1 DAGs
[2024-10-11T01:07:30.039+0000] {logging_mixin.py:190} INFO - [2024-10-11T01:07:30.039+0000] {dag.py:4180} INFO - Setting next_dagrun for latest_only to 2024-10-10 20:00:00+00:00, run_after=2024-10-11 00:00:00+00:00
[2024-10-11T01:07:30.116+0000] {processor.py:208} INFO - Processing /usr/local/python/3.12.1/lib/python3.12/site-packages/airflow/example_dags/example_latest_only.py took 0.217 seconds
[2024-10-11T01:08:27.283+0000] {processor.py:186} INFO - Started process (PID=78459) to work on /usr/local/python/3.12.1/lib/python3.12/site-packages/airflow/example_dags/example_latest_only.py
[2024-10-11T01:08:27.284+0000] {processor.py:914} INFO - Processing file /usr/local/python/3.12.1/lib/python3.12/site-packages/airflow/example_dags/example_latest_only.py for tasks to queue
[2024-10-11T01:08:27.285+0000] {logging_mixin.py:190} INFO - [2024-10-11T01:08:27.285+0000] {dagbag.py:588} INFO - Filling up the DagBag from /usr/local/python/3.12.1/lib/python3.12/site-packages/airflow/example_dags/example_latest_only.py
[2024-10-11T01:08:27.290+0000] {processor.py:925} INFO - DAG(s) 'latest_only' retrieved from /usr/local/python/3.12.1/lib/python3.12/site-packages/airflow/example_dags/example_latest_only.py
[2024-10-11T01:08:27.301+0000] {logging_mixin.py:190} INFO - [2024-10-11T01:08:27.301+0000] {dag.py:3239} INFO - Sync 1 DAGs
[2024-10-11T01:08:27.315+0000] {logging_mixin.py:190} INFO - [2024-10-11T01:08:27.315+0000] {dag.py:4180} INFO - Setting next_dagrun for latest_only to 2024-10-10 20:00:00+00:00, run_after=2024-10-11 00:00:00+00:00
[2024-10-11T01:08:27.370+0000] {processor.py:208} INFO - Processing /usr/local/python/3.12.1/lib/python3.12/site-packages/airflow/example_dags/example_latest_only.py took 0.091 seconds
[2024-10-11T01:09:25.650+0000] {processor.py:186} INFO - Started process (PID=79136) to work on /usr/local/python/3.12.1/lib/python3.12/site-packages/airflow/example_dags/example_latest_only.py
[2024-10-11T01:09:25.651+0000] {processor.py:914} INFO - Processing file /usr/local/python/3.12.1/lib/python3.12/site-packages/airflow/example_dags/example_latest_only.py for tasks to queue
[2024-10-11T01:09:25.652+0000] {logging_mixin.py:190} INFO - [2024-10-11T01:09:25.652+0000] {dagbag.py:588} INFO - Filling up the DagBag from /usr/local/python/3.12.1/lib/python3.12/site-packages/airflow/example_dags/example_latest_only.py
[2024-10-11T01:09:25.657+0000] {processor.py:925} INFO - DAG(s) 'latest_only' retrieved from /usr/local/python/3.12.1/lib/python3.12/site-packages/airflow/example_dags/example_latest_only.py
[2024-10-11T01:09:25.663+0000] {logging_mixin.py:190} INFO - [2024-10-11T01:09:25.663+0000] {dag.py:3239} INFO - Sync 1 DAGs
[2024-10-11T01:09:25.678+0000] {logging_mixin.py:190} INFO - [2024-10-11T01:09:25.678+0000] {dag.py:4180} INFO - Setting next_dagrun for latest_only to 2024-10-10 20:00:00+00:00, run_after=2024-10-11 00:00:00+00:00
[2024-10-11T01:09:25.717+0000] {processor.py:208} INFO - Processing /usr/local/python/3.12.1/lib/python3.12/site-packages/airflow/example_dags/example_latest_only.py took 0.070 seconds
[2024-10-11T01:10:44.875+0000] {processor.py:186} INFO - Started process (PID=80020) to work on /usr/local/python/3.12.1/lib/python3.12/site-packages/airflow/example_dags/example_latest_only.py
[2024-10-11T01:10:44.876+0000] {processor.py:914} INFO - Processing file /usr/local/python/3.12.1/lib/python3.12/site-packages/airflow/example_dags/example_latest_only.py for tasks to queue
[2024-10-11T01:10:44.877+0000] {logging_mixin.py:190} INFO - [2024-10-11T01:10:44.877+0000] {dagbag.py:588} INFO - Filling up the DagBag from /usr/local/python/3.12.1/lib/python3.12/site-packages/airflow/example_dags/example_latest_only.py
[2024-10-11T01:10:44.882+0000] {processor.py:925} INFO - DAG(s) 'latest_only' retrieved from /usr/local/python/3.12.1/lib/python3.12/site-packages/airflow/example_dags/example_latest_only.py
[2024-10-11T01:10:44.960+0000] {logging_mixin.py:190} INFO - [2024-10-11T01:10:44.960+0000] {dag.py:3239} INFO - Sync 1 DAGs
[2024-10-11T01:10:44.979+0000] {logging_mixin.py:190} INFO - [2024-10-11T01:10:44.979+0000] {dag.py:4180} INFO - Setting next_dagrun for latest_only to 2024-10-10 20:00:00+00:00, run_after=2024-10-11 00:00:00+00:00
[2024-10-11T01:10:45.027+0000] {processor.py:208} INFO - Processing /usr/local/python/3.12.1/lib/python3.12/site-packages/airflow/example_dags/example_latest_only.py took 0.156 seconds
[2024-10-11T01:11:42.977+0000] {processor.py:186} INFO - Started process (PID=80630) to work on /usr/local/python/3.12.1/lib/python3.12/site-packages/airflow/example_dags/example_latest_only.py
[2024-10-11T01:11:42.977+0000] {processor.py:914} INFO - Processing file /usr/local/python/3.12.1/lib/python3.12/site-packages/airflow/example_dags/example_latest_only.py for tasks to queue
[2024-10-11T01:11:42.979+0000] {logging_mixin.py:190} INFO - [2024-10-11T01:11:42.978+0000] {dagbag.py:588} INFO - Filling up the DagBag from /usr/local/python/3.12.1/lib/python3.12/site-packages/airflow/example_dags/example_latest_only.py
[2024-10-11T01:11:42.984+0000] {processor.py:925} INFO - DAG(s) 'latest_only' retrieved from /usr/local/python/3.12.1/lib/python3.12/site-packages/airflow/example_dags/example_latest_only.py
[2024-10-11T01:11:42.992+0000] {logging_mixin.py:190} INFO - [2024-10-11T01:11:42.992+0000] {dag.py:3239} INFO - Sync 1 DAGs
[2024-10-11T01:11:43.010+0000] {logging_mixin.py:190} INFO - [2024-10-11T01:11:43.010+0000] {dag.py:4180} INFO - Setting next_dagrun for latest_only to 2024-10-10 20:00:00+00:00, run_after=2024-10-11 00:00:00+00:00
[2024-10-11T01:11:43.044+0000] {processor.py:208} INFO - Processing /usr/local/python/3.12.1/lib/python3.12/site-packages/airflow/example_dags/example_latest_only.py took 0.073 seconds
[2024-10-11T01:13:07.012+0000] {processor.py:186} INFO - Started process (PID=81574) to work on /usr/local/python/3.12.1/lib/python3.12/site-packages/airflow/example_dags/example_latest_only.py
[2024-10-11T01:13:07.013+0000] {processor.py:914} INFO - Processing file /usr/local/python/3.12.1/lib/python3.12/site-packages/airflow/example_dags/example_latest_only.py for tasks to queue
[2024-10-11T01:13:07.015+0000] {logging_mixin.py:190} INFO - [2024-10-11T01:13:07.014+0000] {dagbag.py:588} INFO - Filling up the DagBag from /usr/local/python/3.12.1/lib/python3.12/site-packages/airflow/example_dags/example_latest_only.py
[2024-10-11T01:13:07.020+0000] {processor.py:925} INFO - DAG(s) 'latest_only' retrieved from /usr/local/python/3.12.1/lib/python3.12/site-packages/airflow/example_dags/example_latest_only.py
[2024-10-11T01:13:07.089+0000] {logging_mixin.py:190} INFO - [2024-10-11T01:13:07.089+0000] {dag.py:3239} INFO - Sync 1 DAGs
[2024-10-11T01:13:07.101+0000] {logging_mixin.py:190} INFO - [2024-10-11T01:13:07.101+0000] {dag.py:4180} INFO - Setting next_dagrun for latest_only to 2024-10-10 20:00:00+00:00, run_after=2024-10-11 00:00:00+00:00
[2024-10-11T01:13:07.138+0000] {processor.py:208} INFO - Processing /usr/local/python/3.12.1/lib/python3.12/site-packages/airflow/example_dags/example_latest_only.py took 0.129 seconds
[2024-10-11T01:14:04.439+0000] {processor.py:186} INFO - Started process (PID=82201) to work on /usr/local/python/3.12.1/lib/python3.12/site-packages/airflow/example_dags/example_latest_only.py
[2024-10-11T01:14:04.439+0000] {processor.py:914} INFO - Processing file /usr/local/python/3.12.1/lib/python3.12/site-packages/airflow/example_dags/example_latest_only.py for tasks to queue
[2024-10-11T01:14:04.441+0000] {logging_mixin.py:190} INFO - [2024-10-11T01:14:04.441+0000] {dagbag.py:588} INFO - Filling up the DagBag from /usr/local/python/3.12.1/lib/python3.12/site-packages/airflow/example_dags/example_latest_only.py
[2024-10-11T01:14:04.446+0000] {processor.py:925} INFO - DAG(s) 'latest_only' retrieved from /usr/local/python/3.12.1/lib/python3.12/site-packages/airflow/example_dags/example_latest_only.py
[2024-10-11T01:14:04.456+0000] {logging_mixin.py:190} INFO - [2024-10-11T01:14:04.456+0000] {dag.py:3239} INFO - Sync 1 DAGs
[2024-10-11T01:14:04.471+0000] {logging_mixin.py:190} INFO - [2024-10-11T01:14:04.471+0000] {dag.py:4180} INFO - Setting next_dagrun for latest_only to 2024-10-10 20:00:00+00:00, run_after=2024-10-11 00:00:00+00:00
[2024-10-11T01:14:04.508+0000] {processor.py:208} INFO - Processing /usr/local/python/3.12.1/lib/python3.12/site-packages/airflow/example_dags/example_latest_only.py took 0.073 seconds
[2024-10-11T01:15:24.580+0000] {processor.py:186} INFO - Started process (PID=83111) to work on /usr/local/python/3.12.1/lib/python3.12/site-packages/airflow/example_dags/example_latest_only.py
[2024-10-11T01:15:24.581+0000] {processor.py:914} INFO - Processing file /usr/local/python/3.12.1/lib/python3.12/site-packages/airflow/example_dags/example_latest_only.py for tasks to queue
[2024-10-11T01:15:24.583+0000] {logging_mixin.py:190} INFO - [2024-10-11T01:15:24.582+0000] {dagbag.py:588} INFO - Filling up the DagBag from /usr/local/python/3.12.1/lib/python3.12/site-packages/airflow/example_dags/example_latest_only.py
[2024-10-11T01:15:24.588+0000] {processor.py:925} INFO - DAG(s) 'latest_only' retrieved from /usr/local/python/3.12.1/lib/python3.12/site-packages/airflow/example_dags/example_latest_only.py
[2024-10-11T01:15:24.656+0000] {logging_mixin.py:190} INFO - [2024-10-11T01:15:24.656+0000] {dag.py:3239} INFO - Sync 1 DAGs
[2024-10-11T01:15:24.669+0000] {logging_mixin.py:190} INFO - [2024-10-11T01:15:24.669+0000] {dag.py:4180} INFO - Setting next_dagrun for latest_only to 2024-10-10 20:00:00+00:00, run_after=2024-10-11 00:00:00+00:00
[2024-10-11T01:15:24.713+0000] {processor.py:208} INFO - Processing /usr/local/python/3.12.1/lib/python3.12/site-packages/airflow/example_dags/example_latest_only.py took 0.136 seconds
[2024-10-11T01:16:20.642+0000] {processor.py:186} INFO - Started process (PID=83743) to work on /usr/local/python/3.12.1/lib/python3.12/site-packages/airflow/example_dags/example_latest_only.py
[2024-10-11T01:16:20.642+0000] {processor.py:914} INFO - Processing file /usr/local/python/3.12.1/lib/python3.12/site-packages/airflow/example_dags/example_latest_only.py for tasks to queue
[2024-10-11T01:16:20.644+0000] {logging_mixin.py:190} INFO - [2024-10-11T01:16:20.643+0000] {dagbag.py:588} INFO - Filling up the DagBag from /usr/local/python/3.12.1/lib/python3.12/site-packages/airflow/example_dags/example_latest_only.py
[2024-10-11T01:16:20.649+0000] {processor.py:925} INFO - DAG(s) 'latest_only' retrieved from /usr/local/python/3.12.1/lib/python3.12/site-packages/airflow/example_dags/example_latest_only.py
[2024-10-11T01:16:20.660+0000] {logging_mixin.py:190} INFO - [2024-10-11T01:16:20.659+0000] {dag.py:3239} INFO - Sync 1 DAGs
[2024-10-11T01:16:20.674+0000] {logging_mixin.py:190} INFO - [2024-10-11T01:16:20.674+0000] {dag.py:4180} INFO - Setting next_dagrun for latest_only to 2024-10-10 20:00:00+00:00, run_after=2024-10-11 00:00:00+00:00
[2024-10-11T01:16:20.717+0000] {processor.py:208} INFO - Processing /usr/local/python/3.12.1/lib/python3.12/site-packages/airflow/example_dags/example_latest_only.py took 0.079 seconds
[2024-10-11T01:17:37.308+0000] {processor.py:186} INFO - Started process (PID=84572) to work on /usr/local/python/3.12.1/lib/python3.12/site-packages/airflow/example_dags/example_latest_only.py
[2024-10-11T01:17:37.309+0000] {processor.py:914} INFO - Processing file /usr/local/python/3.12.1/lib/python3.12/site-packages/airflow/example_dags/example_latest_only.py for tasks to queue
[2024-10-11T01:17:37.310+0000] {logging_mixin.py:190} INFO - [2024-10-11T01:17:37.310+0000] {dagbag.py:588} INFO - Filling up the DagBag from /usr/local/python/3.12.1/lib/python3.12/site-packages/airflow/example_dags/example_latest_only.py
[2024-10-11T01:17:37.316+0000] {processor.py:925} INFO - DAG(s) 'latest_only' retrieved from /usr/local/python/3.12.1/lib/python3.12/site-packages/airflow/example_dags/example_latest_only.py
[2024-10-11T01:17:37.396+0000] {logging_mixin.py:190} INFO - [2024-10-11T01:17:37.396+0000] {dag.py:3239} INFO - Sync 1 DAGs
[2024-10-11T01:17:37.415+0000] {logging_mixin.py:190} INFO - [2024-10-11T01:17:37.414+0000] {dag.py:4180} INFO - Setting next_dagrun for latest_only to 2024-10-10 20:00:00+00:00, run_after=2024-10-11 00:00:00+00:00
[2024-10-11T01:17:37.449+0000] {processor.py:208} INFO - Processing /usr/local/python/3.12.1/lib/python3.12/site-packages/airflow/example_dags/example_latest_only.py took 0.146 seconds
[2024-10-11T01:19:00.341+0000] {processor.py:186} INFO - Started process (PID=85475) to work on /usr/local/python/3.12.1/lib/python3.12/site-packages/airflow/example_dags/example_latest_only.py
[2024-10-11T01:19:00.342+0000] {processor.py:914} INFO - Processing file /usr/local/python/3.12.1/lib/python3.12/site-packages/airflow/example_dags/example_latest_only.py for tasks to queue
[2024-10-11T01:19:00.343+0000] {logging_mixin.py:190} INFO - [2024-10-11T01:19:00.343+0000] {dagbag.py:588} INFO - Filling up the DagBag from /usr/local/python/3.12.1/lib/python3.12/site-packages/airflow/example_dags/example_latest_only.py
[2024-10-11T01:19:00.349+0000] {processor.py:925} INFO - DAG(s) 'latest_only' retrieved from /usr/local/python/3.12.1/lib/python3.12/site-packages/airflow/example_dags/example_latest_only.py
[2024-10-11T01:19:00.416+0000] {logging_mixin.py:190} INFO - [2024-10-11T01:19:00.416+0000] {dag.py:3239} INFO - Sync 1 DAGs
[2024-10-11T01:19:00.429+0000] {logging_mixin.py:190} INFO - [2024-10-11T01:19:00.429+0000] {dag.py:4180} INFO - Setting next_dagrun for latest_only to 2024-10-10 20:00:00+00:00, run_after=2024-10-11 00:00:00+00:00
[2024-10-11T01:19:00.490+0000] {processor.py:208} INFO - Processing /usr/local/python/3.12.1/lib/python3.12/site-packages/airflow/example_dags/example_latest_only.py took 0.153 seconds
[2024-10-11T01:19:58.114+0000] {processor.py:186} INFO - Started process (PID=86137) to work on /usr/local/python/3.12.1/lib/python3.12/site-packages/airflow/example_dags/example_latest_only.py
[2024-10-11T01:19:58.114+0000] {processor.py:914} INFO - Processing file /usr/local/python/3.12.1/lib/python3.12/site-packages/airflow/example_dags/example_latest_only.py for tasks to queue
[2024-10-11T01:19:58.116+0000] {logging_mixin.py:190} INFO - [2024-10-11T01:19:58.116+0000] {dagbag.py:588} INFO - Filling up the DagBag from /usr/local/python/3.12.1/lib/python3.12/site-packages/airflow/example_dags/example_latest_only.py
[2024-10-11T01:19:58.121+0000] {processor.py:925} INFO - DAG(s) 'latest_only' retrieved from /usr/local/python/3.12.1/lib/python3.12/site-packages/airflow/example_dags/example_latest_only.py
[2024-10-11T01:19:58.132+0000] {logging_mixin.py:190} INFO - [2024-10-11T01:19:58.131+0000] {dag.py:3239} INFO - Sync 1 DAGs
[2024-10-11T01:19:58.146+0000] {logging_mixin.py:190} INFO - [2024-10-11T01:19:58.146+0000] {dag.py:4180} INFO - Setting next_dagrun for latest_only to 2024-10-10 20:00:00+00:00, run_after=2024-10-11 00:00:00+00:00
[2024-10-11T01:19:58.181+0000] {processor.py:208} INFO - Processing /usr/local/python/3.12.1/lib/python3.12/site-packages/airflow/example_dags/example_latest_only.py took 0.072 seconds
[2024-10-11T01:21:18.805+0000] {processor.py:186} INFO - Started process (PID=87029) to work on /usr/local/python/3.12.1/lib/python3.12/site-packages/airflow/example_dags/example_latest_only.py
[2024-10-11T01:21:18.806+0000] {processor.py:914} INFO - Processing file /usr/local/python/3.12.1/lib/python3.12/site-packages/airflow/example_dags/example_latest_only.py for tasks to queue
[2024-10-11T01:21:18.807+0000] {logging_mixin.py:190} INFO - [2024-10-11T01:21:18.807+0000] {dagbag.py:588} INFO - Filling up the DagBag from /usr/local/python/3.12.1/lib/python3.12/site-packages/airflow/example_dags/example_latest_only.py
[2024-10-11T01:21:18.812+0000] {processor.py:925} INFO - DAG(s) 'latest_only' retrieved from /usr/local/python/3.12.1/lib/python3.12/site-packages/airflow/example_dags/example_latest_only.py
[2024-10-11T01:21:18.881+0000] {logging_mixin.py:190} INFO - [2024-10-11T01:21:18.881+0000] {dag.py:3239} INFO - Sync 1 DAGs
[2024-10-11T01:21:18.893+0000] {logging_mixin.py:190} INFO - [2024-10-11T01:21:18.893+0000] {dag.py:4180} INFO - Setting next_dagrun for latest_only to 2024-10-10 20:00:00+00:00, run_after=2024-10-11 00:00:00+00:00
[2024-10-11T01:21:18.929+0000] {processor.py:208} INFO - Processing /usr/local/python/3.12.1/lib/python3.12/site-packages/airflow/example_dags/example_latest_only.py took 0.128 seconds
[2024-10-11T01:22:36.884+0000] {processor.py:186} INFO - Started process (PID=87896) to work on /usr/local/python/3.12.1/lib/python3.12/site-packages/airflow/example_dags/example_latest_only.py
[2024-10-11T01:22:36.884+0000] {processor.py:914} INFO - Processing file /usr/local/python/3.12.1/lib/python3.12/site-packages/airflow/example_dags/example_latest_only.py for tasks to queue
[2024-10-11T01:22:36.886+0000] {logging_mixin.py:190} INFO - [2024-10-11T01:22:36.885+0000] {dagbag.py:588} INFO - Filling up the DagBag from /usr/local/python/3.12.1/lib/python3.12/site-packages/airflow/example_dags/example_latest_only.py
[2024-10-11T01:22:36.892+0000] {processor.py:925} INFO - DAG(s) 'latest_only' retrieved from /usr/local/python/3.12.1/lib/python3.12/site-packages/airflow/example_dags/example_latest_only.py
[2024-10-11T01:22:36.965+0000] {logging_mixin.py:190} INFO - [2024-10-11T01:22:36.965+0000] {dag.py:3239} INFO - Sync 1 DAGs
[2024-10-11T01:22:36.977+0000] {logging_mixin.py:190} INFO - [2024-10-11T01:22:36.977+0000] {dag.py:4180} INFO - Setting next_dagrun for latest_only to 2024-10-10 20:00:00+00:00, run_after=2024-10-11 00:00:00+00:00
[2024-10-11T01:22:37.027+0000] {processor.py:208} INFO - Processing /usr/local/python/3.12.1/lib/python3.12/site-packages/airflow/example_dags/example_latest_only.py took 0.148 seconds
[2024-10-11T01:24:00.632+0000] {processor.py:186} INFO - Started process (PID=88803) to work on /usr/local/python/3.12.1/lib/python3.12/site-packages/airflow/example_dags/example_latest_only.py
[2024-10-11T01:24:00.632+0000] {processor.py:914} INFO - Processing file /usr/local/python/3.12.1/lib/python3.12/site-packages/airflow/example_dags/example_latest_only.py for tasks to queue
[2024-10-11T01:24:00.634+0000] {logging_mixin.py:190} INFO - [2024-10-11T01:24:00.634+0000] {dagbag.py:588} INFO - Filling up the DagBag from /usr/local/python/3.12.1/lib/python3.12/site-packages/airflow/example_dags/example_latest_only.py
[2024-10-11T01:24:00.639+0000] {processor.py:925} INFO - DAG(s) 'latest_only' retrieved from /usr/local/python/3.12.1/lib/python3.12/site-packages/airflow/example_dags/example_latest_only.py
[2024-10-11T01:24:00.706+0000] {logging_mixin.py:190} INFO - [2024-10-11T01:24:00.706+0000] {dag.py:3239} INFO - Sync 1 DAGs
[2024-10-11T01:24:00.718+0000] {logging_mixin.py:190} INFO - [2024-10-11T01:24:00.718+0000] {dag.py:4180} INFO - Setting next_dagrun for latest_only to 2024-10-10 20:00:00+00:00, run_after=2024-10-11 00:00:00+00:00
[2024-10-11T01:24:00.765+0000] {processor.py:208} INFO - Processing /usr/local/python/3.12.1/lib/python3.12/site-packages/airflow/example_dags/example_latest_only.py took 0.137 seconds
[2024-10-11T01:25:27.829+0000] {processor.py:186} INFO - Started process (PID=89784) to work on /usr/local/python/3.12.1/lib/python3.12/site-packages/airflow/example_dags/example_latest_only.py
[2024-10-11T01:25:27.830+0000] {processor.py:914} INFO - Processing file /usr/local/python/3.12.1/lib/python3.12/site-packages/airflow/example_dags/example_latest_only.py for tasks to queue
[2024-10-11T01:25:27.832+0000] {logging_mixin.py:190} INFO - [2024-10-11T01:25:27.831+0000] {dagbag.py:588} INFO - Filling up the DagBag from /usr/local/python/3.12.1/lib/python3.12/site-packages/airflow/example_dags/example_latest_only.py
[2024-10-11T01:25:27.839+0000] {processor.py:925} INFO - DAG(s) 'latest_only' retrieved from /usr/local/python/3.12.1/lib/python3.12/site-packages/airflow/example_dags/example_latest_only.py
[2024-10-11T01:25:27.960+0000] {logging_mixin.py:190} INFO - [2024-10-11T01:25:27.958+0000] {dag.py:3239} INFO - Sync 1 DAGs
[2024-10-11T01:25:27.991+0000] {logging_mixin.py:190} INFO - [2024-10-11T01:25:27.991+0000] {dag.py:4180} INFO - Setting next_dagrun for latest_only to 2024-10-10 20:00:00+00:00, run_after=2024-10-11 00:00:00+00:00
[2024-10-11T01:25:28.061+0000] {processor.py:208} INFO - Processing /usr/local/python/3.12.1/lib/python3.12/site-packages/airflow/example_dags/example_latest_only.py took 0.238 seconds
[2024-10-11T01:26:25.774+0000] {processor.py:186} INFO - Started process (PID=90420) to work on /usr/local/python/3.12.1/lib/python3.12/site-packages/airflow/example_dags/example_latest_only.py
[2024-10-11T01:26:25.775+0000] {processor.py:914} INFO - Processing file /usr/local/python/3.12.1/lib/python3.12/site-packages/airflow/example_dags/example_latest_only.py for tasks to queue
[2024-10-11T01:26:25.777+0000] {logging_mixin.py:190} INFO - [2024-10-11T01:26:25.776+0000] {dagbag.py:588} INFO - Filling up the DagBag from /usr/local/python/3.12.1/lib/python3.12/site-packages/airflow/example_dags/example_latest_only.py
[2024-10-11T01:26:25.782+0000] {processor.py:925} INFO - DAG(s) 'latest_only' retrieved from /usr/local/python/3.12.1/lib/python3.12/site-packages/airflow/example_dags/example_latest_only.py
[2024-10-11T01:26:25.792+0000] {logging_mixin.py:190} INFO - [2024-10-11T01:26:25.792+0000] {dag.py:3239} INFO - Sync 1 DAGs
[2024-10-11T01:26:25.806+0000] {logging_mixin.py:190} INFO - [2024-10-11T01:26:25.806+0000] {dag.py:4180} INFO - Setting next_dagrun for latest_only to 2024-10-10 20:00:00+00:00, run_after=2024-10-11 00:00:00+00:00
[2024-10-11T01:26:25.845+0000] {processor.py:208} INFO - Processing /usr/local/python/3.12.1/lib/python3.12/site-packages/airflow/example_dags/example_latest_only.py took 0.076 seconds
[2024-10-11T01:27:47.921+0000] {processor.py:186} INFO - Started process (PID=91311) to work on /usr/local/python/3.12.1/lib/python3.12/site-packages/airflow/example_dags/example_latest_only.py
[2024-10-11T01:27:47.921+0000] {processor.py:914} INFO - Processing file /usr/local/python/3.12.1/lib/python3.12/site-packages/airflow/example_dags/example_latest_only.py for tasks to queue
[2024-10-11T01:27:47.923+0000] {logging_mixin.py:190} INFO - [2024-10-11T01:27:47.922+0000] {dagbag.py:588} INFO - Filling up the DagBag from /usr/local/python/3.12.1/lib/python3.12/site-packages/airflow/example_dags/example_latest_only.py
[2024-10-11T01:27:47.928+0000] {processor.py:925} INFO - DAG(s) 'latest_only' retrieved from /usr/local/python/3.12.1/lib/python3.12/site-packages/airflow/example_dags/example_latest_only.py
[2024-10-11T01:27:48.023+0000] {logging_mixin.py:190} INFO - [2024-10-11T01:27:48.023+0000] {dag.py:3239} INFO - Sync 1 DAGs
[2024-10-11T01:27:48.035+0000] {logging_mixin.py:190} INFO - [2024-10-11T01:27:48.035+0000] {dag.py:4180} INFO - Setting next_dagrun for latest_only to 2024-10-10 20:00:00+00:00, run_after=2024-10-11 00:00:00+00:00
[2024-10-11T01:27:48.084+0000] {processor.py:208} INFO - Processing /usr/local/python/3.12.1/lib/python3.12/site-packages/airflow/example_dags/example_latest_only.py took 0.168 seconds
[2024-10-11T01:29:11.021+0000] {processor.py:186} INFO - Started process (PID=92252) to work on /usr/local/python/3.12.1/lib/python3.12/site-packages/airflow/example_dags/example_latest_only.py
[2024-10-11T01:29:11.021+0000] {processor.py:914} INFO - Processing file /usr/local/python/3.12.1/lib/python3.12/site-packages/airflow/example_dags/example_latest_only.py for tasks to queue
[2024-10-11T01:29:11.023+0000] {logging_mixin.py:190} INFO - [2024-10-11T01:29:11.023+0000] {dagbag.py:588} INFO - Filling up the DagBag from /usr/local/python/3.12.1/lib/python3.12/site-packages/airflow/example_dags/example_latest_only.py
[2024-10-11T01:29:11.028+0000] {processor.py:925} INFO - DAG(s) 'latest_only' retrieved from /usr/local/python/3.12.1/lib/python3.12/site-packages/airflow/example_dags/example_latest_only.py
[2024-10-11T01:29:11.033+0000] {logging_mixin.py:190} INFO - [2024-10-11T01:29:11.033+0000] {dag.py:3239} INFO - Sync 1 DAGs
[2024-10-11T01:29:11.048+0000] {logging_mixin.py:190} INFO - [2024-10-11T01:29:11.048+0000] {dag.py:4180} INFO - Setting next_dagrun for latest_only to 2024-10-10 20:00:00+00:00, run_after=2024-10-11 00:00:00+00:00
[2024-10-11T01:29:11.086+0000] {processor.py:208} INFO - Processing /usr/local/python/3.12.1/lib/python3.12/site-packages/airflow/example_dags/example_latest_only.py took 0.069 seconds
