[2024-10-11T00:15:15.579+0000] {processor.py:186} INFO - Started process (PID=43136) to work on /usr/local/python/3.12.1/lib/python3.12/site-packages/airflow/example_dags/example_branch_labels.py
[2024-10-11T00:15:15.580+0000] {processor.py:914} INFO - Processing file /usr/local/python/3.12.1/lib/python3.12/site-packages/airflow/example_dags/example_branch_labels.py for tasks to queue
[2024-10-11T00:15:15.582+0000] {logging_mixin.py:190} INFO - [2024-10-11T00:15:15.581+0000] {dagbag.py:588} INFO - Filling up the DagBag from /usr/local/python/3.12.1/lib/python3.12/site-packages/airflow/example_dags/example_branch_labels.py
[2024-10-11T00:15:15.592+0000] {processor.py:925} INFO - DAG(s) 'example_branch_labels' retrieved from /usr/local/python/3.12.1/lib/python3.12/site-packages/airflow/example_dags/example_branch_labels.py
[2024-10-11T00:15:15.727+0000] {logging_mixin.py:190} INFO - [2024-10-11T00:15:15.727+0000] {override.py:1900} INFO - Created Permission View: can delete on DAG:example_branch_labels
[2024-10-11T00:15:15.763+0000] {logging_mixin.py:190} INFO - [2024-10-11T00:15:15.762+0000] {override.py:1900} INFO - Created Permission View: can edit on DAG:example_branch_labels
[2024-10-11T00:15:15.799+0000] {logging_mixin.py:190} INFO - [2024-10-11T00:15:15.799+0000] {override.py:1900} INFO - Created Permission View: can read on DAG:example_branch_labels
[2024-10-11T00:15:15.873+0000] {logging_mixin.py:190} INFO - [2024-10-11T00:15:15.872+0000] {override.py:1900} INFO - Created Permission View: can delete on DAG Run:example_branch_labels
[2024-10-11T00:15:15.905+0000] {logging_mixin.py:190} INFO - [2024-10-11T00:15:15.905+0000] {override.py:1900} INFO - Created Permission View: can create on DAG Run:example_branch_labels
[2024-10-11T00:15:15.955+0000] {logging_mixin.py:190} INFO - [2024-10-11T00:15:15.955+0000] {override.py:1900} INFO - Created Permission View: can read on DAG Run:example_branch_labels
[2024-10-11T00:15:15.989+0000] {logging_mixin.py:190} INFO - [2024-10-11T00:15:15.988+0000] {override.py:1900} INFO - Created Permission View: menu access on DAG Run:example_branch_labels
[2024-10-11T00:15:15.989+0000] {logging_mixin.py:190} INFO - [2024-10-11T00:15:15.989+0000] {dag.py:3239} INFO - Sync 1 DAGs
[2024-10-11T00:15:15.997+0000] {logging_mixin.py:190} INFO - [2024-10-11T00:15:15.997+0000] {dag.py:3262} INFO - Creating ORM DAG for example_branch_labels
[2024-10-11T00:15:16.004+0000] {logging_mixin.py:190} INFO - [2024-10-11T00:15:16.004+0000] {dag.py:4180} INFO - Setting next_dagrun for example_branch_labels to 2024-10-10 00:00:00+00:00, run_after=2024-10-11 00:00:00+00:00
[2024-10-11T00:15:16.055+0000] {processor.py:208} INFO - Processing /usr/local/python/3.12.1/lib/python3.12/site-packages/airflow/example_dags/example_branch_labels.py took 0.481 seconds
[2024-10-11T00:16:16.652+0000] {processor.py:186} INFO - Started process (PID=43804) to work on /usr/local/python/3.12.1/lib/python3.12/site-packages/airflow/example_dags/example_branch_labels.py
[2024-10-11T00:16:16.653+0000] {processor.py:914} INFO - Processing file /usr/local/python/3.12.1/lib/python3.12/site-packages/airflow/example_dags/example_branch_labels.py for tasks to queue
[2024-10-11T00:16:16.655+0000] {logging_mixin.py:190} INFO - [2024-10-11T00:16:16.655+0000] {dagbag.py:588} INFO - Filling up the DagBag from /usr/local/python/3.12.1/lib/python3.12/site-packages/airflow/example_dags/example_branch_labels.py
[2024-10-11T00:16:16.664+0000] {processor.py:925} INFO - DAG(s) 'example_branch_labels' retrieved from /usr/local/python/3.12.1/lib/python3.12/site-packages/airflow/example_dags/example_branch_labels.py
[2024-10-11T00:16:16.723+0000] {logging_mixin.py:190} INFO - [2024-10-11T00:16:16.723+0000] {dag.py:3239} INFO - Sync 1 DAGs
[2024-10-11T00:16:16.739+0000] {logging_mixin.py:190} INFO - [2024-10-11T00:16:16.739+0000] {dag.py:4180} INFO - Setting next_dagrun for example_branch_labels to 2024-10-10 00:00:00+00:00, run_after=2024-10-11 00:00:00+00:00
[2024-10-11T00:16:16.793+0000] {processor.py:208} INFO - Processing /usr/local/python/3.12.1/lib/python3.12/site-packages/airflow/example_dags/example_branch_labels.py took 0.146 seconds
[2024-10-11T00:17:14.463+0000] {processor.py:186} INFO - Started process (PID=44452) to work on /usr/local/python/3.12.1/lib/python3.12/site-packages/airflow/example_dags/example_branch_labels.py
[2024-10-11T00:17:14.464+0000] {processor.py:914} INFO - Processing file /usr/local/python/3.12.1/lib/python3.12/site-packages/airflow/example_dags/example_branch_labels.py for tasks to queue
[2024-10-11T00:17:14.466+0000] {logging_mixin.py:190} INFO - [2024-10-11T00:17:14.465+0000] {dagbag.py:588} INFO - Filling up the DagBag from /usr/local/python/3.12.1/lib/python3.12/site-packages/airflow/example_dags/example_branch_labels.py
[2024-10-11T00:17:14.473+0000] {processor.py:925} INFO - DAG(s) 'example_branch_labels' retrieved from /usr/local/python/3.12.1/lib/python3.12/site-packages/airflow/example_dags/example_branch_labels.py
[2024-10-11T00:17:14.541+0000] {logging_mixin.py:190} INFO - [2024-10-11T00:17:14.541+0000] {dag.py:3239} INFO - Sync 1 DAGs
[2024-10-11T00:17:14.554+0000] {logging_mixin.py:190} INFO - [2024-10-11T00:17:14.554+0000] {dag.py:4180} INFO - Setting next_dagrun for example_branch_labels to 2024-10-10 00:00:00+00:00, run_after=2024-10-11 00:00:00+00:00
[2024-10-11T00:17:14.595+0000] {processor.py:208} INFO - Processing /usr/local/python/3.12.1/lib/python3.12/site-packages/airflow/example_dags/example_branch_labels.py took 0.135 seconds
[2024-10-11T00:18:36.665+0000] {processor.py:186} INFO - Started process (PID=45340) to work on /usr/local/python/3.12.1/lib/python3.12/site-packages/airflow/example_dags/example_branch_labels.py
[2024-10-11T00:18:36.665+0000] {processor.py:914} INFO - Processing file /usr/local/python/3.12.1/lib/python3.12/site-packages/airflow/example_dags/example_branch_labels.py for tasks to queue
[2024-10-11T00:18:36.667+0000] {logging_mixin.py:190} INFO - [2024-10-11T00:18:36.667+0000] {dagbag.py:588} INFO - Filling up the DagBag from /usr/local/python/3.12.1/lib/python3.12/site-packages/airflow/example_dags/example_branch_labels.py
[2024-10-11T00:18:36.674+0000] {processor.py:925} INFO - DAG(s) 'example_branch_labels' retrieved from /usr/local/python/3.12.1/lib/python3.12/site-packages/airflow/example_dags/example_branch_labels.py
[2024-10-11T00:18:36.741+0000] {logging_mixin.py:190} INFO - [2024-10-11T00:18:36.741+0000] {dag.py:3239} INFO - Sync 1 DAGs
[2024-10-11T00:18:36.758+0000] {logging_mixin.py:190} INFO - [2024-10-11T00:18:36.758+0000] {dag.py:4180} INFO - Setting next_dagrun for example_branch_labels to 2024-10-10 00:00:00+00:00, run_after=2024-10-11 00:00:00+00:00
[2024-10-11T00:18:36.802+0000] {processor.py:208} INFO - Processing /usr/local/python/3.12.1/lib/python3.12/site-packages/airflow/example_dags/example_branch_labels.py took 0.141 seconds
[2024-10-11T00:19:36.433+0000] {processor.py:186} INFO - Started process (PID=46020) to work on /usr/local/python/3.12.1/lib/python3.12/site-packages/airflow/example_dags/example_branch_labels.py
[2024-10-11T00:19:36.433+0000] {processor.py:914} INFO - Processing file /usr/local/python/3.12.1/lib/python3.12/site-packages/airflow/example_dags/example_branch_labels.py for tasks to queue
[2024-10-11T00:19:36.436+0000] {logging_mixin.py:190} INFO - [2024-10-11T00:19:36.435+0000] {dagbag.py:588} INFO - Filling up the DagBag from /usr/local/python/3.12.1/lib/python3.12/site-packages/airflow/example_dags/example_branch_labels.py
[2024-10-11T00:19:36.446+0000] {processor.py:925} INFO - DAG(s) 'example_branch_labels' retrieved from /usr/local/python/3.12.1/lib/python3.12/site-packages/airflow/example_dags/example_branch_labels.py
[2024-10-11T00:19:36.460+0000] {logging_mixin.py:190} INFO - [2024-10-11T00:19:36.460+0000] {dag.py:3239} INFO - Sync 1 DAGs
[2024-10-11T00:19:36.475+0000] {logging_mixin.py:190} INFO - [2024-10-11T00:19:36.475+0000] {dag.py:4180} INFO - Setting next_dagrun for example_branch_labels to 2024-10-10 00:00:00+00:00, run_after=2024-10-11 00:00:00+00:00
[2024-10-11T00:19:36.513+0000] {processor.py:208} INFO - Processing /usr/local/python/3.12.1/lib/python3.12/site-packages/airflow/example_dags/example_branch_labels.py took 0.086 seconds
[2024-10-11T00:21:02.020+0000] {processor.py:186} INFO - Started process (PID=46974) to work on /usr/local/python/3.12.1/lib/python3.12/site-packages/airflow/example_dags/example_branch_labels.py
[2024-10-11T00:21:02.021+0000] {processor.py:914} INFO - Processing file /usr/local/python/3.12.1/lib/python3.12/site-packages/airflow/example_dags/example_branch_labels.py for tasks to queue
[2024-10-11T00:21:02.022+0000] {logging_mixin.py:190} INFO - [2024-10-11T00:21:02.022+0000] {dagbag.py:588} INFO - Filling up the DagBag from /usr/local/python/3.12.1/lib/python3.12/site-packages/airflow/example_dags/example_branch_labels.py
[2024-10-11T00:21:02.029+0000] {processor.py:925} INFO - DAG(s) 'example_branch_labels' retrieved from /usr/local/python/3.12.1/lib/python3.12/site-packages/airflow/example_dags/example_branch_labels.py
[2024-10-11T00:21:02.098+0000] {logging_mixin.py:190} INFO - [2024-10-11T00:21:02.098+0000] {dag.py:3239} INFO - Sync 1 DAGs
[2024-10-11T00:21:02.112+0000] {logging_mixin.py:190} INFO - [2024-10-11T00:21:02.111+0000] {dag.py:4180} INFO - Setting next_dagrun for example_branch_labels to 2024-10-10 00:00:00+00:00, run_after=2024-10-11 00:00:00+00:00
[2024-10-11T00:21:02.158+0000] {processor.py:208} INFO - Processing /usr/local/python/3.12.1/lib/python3.12/site-packages/airflow/example_dags/example_branch_labels.py took 0.142 seconds
[2024-10-11T00:21:57.643+0000] {processor.py:186} INFO - Started process (PID=47576) to work on /usr/local/python/3.12.1/lib/python3.12/site-packages/airflow/example_dags/example_branch_labels.py
[2024-10-11T00:21:57.644+0000] {processor.py:914} INFO - Processing file /usr/local/python/3.12.1/lib/python3.12/site-packages/airflow/example_dags/example_branch_labels.py for tasks to queue
[2024-10-11T00:21:57.645+0000] {logging_mixin.py:190} INFO - [2024-10-11T00:21:57.645+0000] {dagbag.py:588} INFO - Filling up the DagBag from /usr/local/python/3.12.1/lib/python3.12/site-packages/airflow/example_dags/example_branch_labels.py
[2024-10-11T00:21:57.652+0000] {processor.py:925} INFO - DAG(s) 'example_branch_labels' retrieved from /usr/local/python/3.12.1/lib/python3.12/site-packages/airflow/example_dags/example_branch_labels.py
[2024-10-11T00:21:57.658+0000] {logging_mixin.py:190} INFO - [2024-10-11T00:21:57.658+0000] {dag.py:3239} INFO - Sync 1 DAGs
[2024-10-11T00:21:57.673+0000] {logging_mixin.py:190} INFO - [2024-10-11T00:21:57.673+0000] {dag.py:4180} INFO - Setting next_dagrun for example_branch_labels to 2024-10-10 00:00:00+00:00, run_after=2024-10-11 00:00:00+00:00
[2024-10-11T00:21:57.709+0000] {processor.py:208} INFO - Processing /usr/local/python/3.12.1/lib/python3.12/site-packages/airflow/example_dags/example_branch_labels.py took 0.070 seconds
[2024-10-11T00:22:57.360+0000] {processor.py:186} INFO - Started process (PID=48222) to work on /usr/local/python/3.12.1/lib/python3.12/site-packages/airflow/example_dags/example_branch_labels.py
[2024-10-11T00:22:57.361+0000] {processor.py:914} INFO - Processing file /usr/local/python/3.12.1/lib/python3.12/site-packages/airflow/example_dags/example_branch_labels.py for tasks to queue
[2024-10-11T00:22:57.362+0000] {logging_mixin.py:190} INFO - [2024-10-11T00:22:57.362+0000] {dagbag.py:588} INFO - Filling up the DagBag from /usr/local/python/3.12.1/lib/python3.12/site-packages/airflow/example_dags/example_branch_labels.py
[2024-10-11T00:22:57.369+0000] {processor.py:925} INFO - DAG(s) 'example_branch_labels' retrieved from /usr/local/python/3.12.1/lib/python3.12/site-packages/airflow/example_dags/example_branch_labels.py
[2024-10-11T00:22:57.437+0000] {logging_mixin.py:190} INFO - [2024-10-11T00:22:57.437+0000] {dag.py:3239} INFO - Sync 1 DAGs
[2024-10-11T00:22:57.450+0000] {logging_mixin.py:190} INFO - [2024-10-11T00:22:57.450+0000] {dag.py:4180} INFO - Setting next_dagrun for example_branch_labels to 2024-10-10 00:00:00+00:00, run_after=2024-10-11 00:00:00+00:00
[2024-10-11T00:22:57.513+0000] {processor.py:208} INFO - Processing /usr/local/python/3.12.1/lib/python3.12/site-packages/airflow/example_dags/example_branch_labels.py took 0.157 seconds
[2024-10-11T00:23:54.118+0000] {processor.py:186} INFO - Started process (PID=48851) to work on /usr/local/python/3.12.1/lib/python3.12/site-packages/airflow/example_dags/example_branch_labels.py
[2024-10-11T00:23:54.118+0000] {processor.py:914} INFO - Processing file /usr/local/python/3.12.1/lib/python3.12/site-packages/airflow/example_dags/example_branch_labels.py for tasks to queue
[2024-10-11T00:23:54.120+0000] {logging_mixin.py:190} INFO - [2024-10-11T00:23:54.119+0000] {dagbag.py:588} INFO - Filling up the DagBag from /usr/local/python/3.12.1/lib/python3.12/site-packages/airflow/example_dags/example_branch_labels.py
[2024-10-11T00:23:54.127+0000] {processor.py:925} INFO - DAG(s) 'example_branch_labels' retrieved from /usr/local/python/3.12.1/lib/python3.12/site-packages/airflow/example_dags/example_branch_labels.py
[2024-10-11T00:23:54.132+0000] {logging_mixin.py:190} INFO - [2024-10-11T00:23:54.132+0000] {dag.py:3239} INFO - Sync 1 DAGs
[2024-10-11T00:23:54.148+0000] {logging_mixin.py:190} INFO - [2024-10-11T00:23:54.148+0000] {dag.py:4180} INFO - Setting next_dagrun for example_branch_labels to 2024-10-10 00:00:00+00:00, run_after=2024-10-11 00:00:00+00:00
[2024-10-11T00:23:54.210+0000] {processor.py:208} INFO - Processing /usr/local/python/3.12.1/lib/python3.12/site-packages/airflow/example_dags/example_branch_labels.py took 0.096 seconds
[2024-10-11T00:24:56.151+0000] {processor.py:186} INFO - Started process (PID=49554) to work on /usr/local/python/3.12.1/lib/python3.12/site-packages/airflow/example_dags/example_branch_labels.py
[2024-10-11T00:24:56.152+0000] {processor.py:914} INFO - Processing file /usr/local/python/3.12.1/lib/python3.12/site-packages/airflow/example_dags/example_branch_labels.py for tasks to queue
[2024-10-11T00:24:56.153+0000] {logging_mixin.py:190} INFO - [2024-10-11T00:24:56.153+0000] {dagbag.py:588} INFO - Filling up the DagBag from /usr/local/python/3.12.1/lib/python3.12/site-packages/airflow/example_dags/example_branch_labels.py
[2024-10-11T00:24:56.160+0000] {processor.py:925} INFO - DAG(s) 'example_branch_labels' retrieved from /usr/local/python/3.12.1/lib/python3.12/site-packages/airflow/example_dags/example_branch_labels.py
[2024-10-11T00:24:56.228+0000] {logging_mixin.py:190} INFO - [2024-10-11T00:24:56.228+0000] {dag.py:3239} INFO - Sync 1 DAGs
[2024-10-11T00:24:56.242+0000] {logging_mixin.py:190} INFO - [2024-10-11T00:24:56.241+0000] {dag.py:4180} INFO - Setting next_dagrun for example_branch_labels to 2024-10-10 00:00:00+00:00, run_after=2024-10-11 00:00:00+00:00
[2024-10-11T00:24:56.304+0000] {processor.py:208} INFO - Processing /usr/local/python/3.12.1/lib/python3.12/site-packages/airflow/example_dags/example_branch_labels.py took 0.157 seconds
[2024-10-11T00:25:52.132+0000] {processor.py:186} INFO - Started process (PID=50204) to work on /usr/local/python/3.12.1/lib/python3.12/site-packages/airflow/example_dags/example_branch_labels.py
[2024-10-11T00:25:52.133+0000] {processor.py:914} INFO - Processing file /usr/local/python/3.12.1/lib/python3.12/site-packages/airflow/example_dags/example_branch_labels.py for tasks to queue
[2024-10-11T00:25:52.135+0000] {logging_mixin.py:190} INFO - [2024-10-11T00:25:52.134+0000] {dagbag.py:588} INFO - Filling up the DagBag from /usr/local/python/3.12.1/lib/python3.12/site-packages/airflow/example_dags/example_branch_labels.py
[2024-10-11T00:25:52.142+0000] {processor.py:925} INFO - DAG(s) 'example_branch_labels' retrieved from /usr/local/python/3.12.1/lib/python3.12/site-packages/airflow/example_dags/example_branch_labels.py
[2024-10-11T00:25:52.156+0000] {logging_mixin.py:190} INFO - [2024-10-11T00:25:52.155+0000] {dag.py:3239} INFO - Sync 1 DAGs
[2024-10-11T00:25:52.177+0000] {logging_mixin.py:190} INFO - [2024-10-11T00:25:52.177+0000] {dag.py:4180} INFO - Setting next_dagrun for example_branch_labels to 2024-10-10 00:00:00+00:00, run_after=2024-10-11 00:00:00+00:00
[2024-10-11T00:25:52.227+0000] {processor.py:208} INFO - Processing /usr/local/python/3.12.1/lib/python3.12/site-packages/airflow/example_dags/example_branch_labels.py took 0.099 seconds
[2024-10-11T00:26:48.607+0000] {processor.py:186} INFO - Started process (PID=50811) to work on /usr/local/python/3.12.1/lib/python3.12/site-packages/airflow/example_dags/example_branch_labels.py
[2024-10-11T00:26:48.608+0000] {processor.py:914} INFO - Processing file /usr/local/python/3.12.1/lib/python3.12/site-packages/airflow/example_dags/example_branch_labels.py for tasks to queue
[2024-10-11T00:26:48.610+0000] {logging_mixin.py:190} INFO - [2024-10-11T00:26:48.609+0000] {dagbag.py:588} INFO - Filling up the DagBag from /usr/local/python/3.12.1/lib/python3.12/site-packages/airflow/example_dags/example_branch_labels.py
[2024-10-11T00:26:48.617+0000] {processor.py:925} INFO - DAG(s) 'example_branch_labels' retrieved from /usr/local/python/3.12.1/lib/python3.12/site-packages/airflow/example_dags/example_branch_labels.py
[2024-10-11T00:26:48.686+0000] {logging_mixin.py:190} INFO - [2024-10-11T00:26:48.686+0000] {dag.py:3239} INFO - Sync 1 DAGs
[2024-10-11T00:26:48.699+0000] {logging_mixin.py:190} INFO - [2024-10-11T00:26:48.699+0000] {dag.py:4180} INFO - Setting next_dagrun for example_branch_labels to 2024-10-10 00:00:00+00:00, run_after=2024-10-11 00:00:00+00:00
[2024-10-11T00:26:48.752+0000] {processor.py:208} INFO - Processing /usr/local/python/3.12.1/lib/python3.12/site-packages/airflow/example_dags/example_branch_labels.py took 0.149 seconds
[2024-10-11T00:27:44.367+0000] {processor.py:186} INFO - Started process (PID=51426) to work on /usr/local/python/3.12.1/lib/python3.12/site-packages/airflow/example_dags/example_branch_labels.py
[2024-10-11T00:27:44.367+0000] {processor.py:914} INFO - Processing file /usr/local/python/3.12.1/lib/python3.12/site-packages/airflow/example_dags/example_branch_labels.py for tasks to queue
[2024-10-11T00:27:44.369+0000] {logging_mixin.py:190} INFO - [2024-10-11T00:27:44.369+0000] {dagbag.py:588} INFO - Filling up the DagBag from /usr/local/python/3.12.1/lib/python3.12/site-packages/airflow/example_dags/example_branch_labels.py
[2024-10-11T00:27:44.376+0000] {processor.py:925} INFO - DAG(s) 'example_branch_labels' retrieved from /usr/local/python/3.12.1/lib/python3.12/site-packages/airflow/example_dags/example_branch_labels.py
[2024-10-11T00:27:44.381+0000] {logging_mixin.py:190} INFO - [2024-10-11T00:27:44.381+0000] {dag.py:3239} INFO - Sync 1 DAGs
[2024-10-11T00:27:44.396+0000] {logging_mixin.py:190} INFO - [2024-10-11T00:27:44.396+0000] {dag.py:4180} INFO - Setting next_dagrun for example_branch_labels to 2024-10-10 00:00:00+00:00, run_after=2024-10-11 00:00:00+00:00
[2024-10-11T00:27:44.454+0000] {processor.py:208} INFO - Processing /usr/local/python/3.12.1/lib/python3.12/site-packages/airflow/example_dags/example_branch_labels.py took 0.093 seconds
[2024-10-11T00:28:41.120+0000] {processor.py:186} INFO - Started process (PID=52037) to work on /usr/local/python/3.12.1/lib/python3.12/site-packages/airflow/example_dags/example_branch_labels.py
[2024-10-11T00:28:41.120+0000] {processor.py:914} INFO - Processing file /usr/local/python/3.12.1/lib/python3.12/site-packages/airflow/example_dags/example_branch_labels.py for tasks to queue
[2024-10-11T00:28:41.122+0000] {logging_mixin.py:190} INFO - [2024-10-11T00:28:41.122+0000] {dagbag.py:588} INFO - Filling up the DagBag from /usr/local/python/3.12.1/lib/python3.12/site-packages/airflow/example_dags/example_branch_labels.py
[2024-10-11T00:28:41.129+0000] {processor.py:925} INFO - DAG(s) 'example_branch_labels' retrieved from /usr/local/python/3.12.1/lib/python3.12/site-packages/airflow/example_dags/example_branch_labels.py
[2024-10-11T00:28:41.205+0000] {logging_mixin.py:190} INFO - [2024-10-11T00:28:41.204+0000] {dag.py:3239} INFO - Sync 1 DAGs
[2024-10-11T00:28:41.218+0000] {logging_mixin.py:190} INFO - [2024-10-11T00:28:41.217+0000] {dag.py:4180} INFO - Setting next_dagrun for example_branch_labels to 2024-10-10 00:00:00+00:00, run_after=2024-10-11 00:00:00+00:00
[2024-10-11T00:28:41.255+0000] {processor.py:208} INFO - Processing /usr/local/python/3.12.1/lib/python3.12/site-packages/airflow/example_dags/example_branch_labels.py took 0.139 seconds
[2024-10-11T00:30:01.061+0000] {processor.py:186} INFO - Started process (PID=52971) to work on /usr/local/python/3.12.1/lib/python3.12/site-packages/airflow/example_dags/example_branch_labels.py
[2024-10-11T00:30:01.062+0000] {processor.py:914} INFO - Processing file /usr/local/python/3.12.1/lib/python3.12/site-packages/airflow/example_dags/example_branch_labels.py for tasks to queue
[2024-10-11T00:30:01.063+0000] {logging_mixin.py:190} INFO - [2024-10-11T00:30:01.063+0000] {dagbag.py:588} INFO - Filling up the DagBag from /usr/local/python/3.12.1/lib/python3.12/site-packages/airflow/example_dags/example_branch_labels.py
[2024-10-11T00:30:01.070+0000] {processor.py:925} INFO - DAG(s) 'example_branch_labels' retrieved from /usr/local/python/3.12.1/lib/python3.12/site-packages/airflow/example_dags/example_branch_labels.py
[2024-10-11T00:30:01.075+0000] {logging_mixin.py:190} INFO - [2024-10-11T00:30:01.075+0000] {dag.py:3239} INFO - Sync 1 DAGs
[2024-10-11T00:30:01.090+0000] {logging_mixin.py:190} INFO - [2024-10-11T00:30:01.090+0000] {dag.py:4180} INFO - Setting next_dagrun for example_branch_labels to 2024-10-10 00:00:00+00:00, run_after=2024-10-11 00:00:00+00:00
[2024-10-11T00:30:01.152+0000] {processor.py:208} INFO - Processing /usr/local/python/3.12.1/lib/python3.12/site-packages/airflow/example_dags/example_branch_labels.py took 0.095 seconds
[2024-10-11T00:30:59.754+0000] {processor.py:186} INFO - Started process (PID=53628) to work on /usr/local/python/3.12.1/lib/python3.12/site-packages/airflow/example_dags/example_branch_labels.py
[2024-10-11T00:30:59.755+0000] {processor.py:914} INFO - Processing file /usr/local/python/3.12.1/lib/python3.12/site-packages/airflow/example_dags/example_branch_labels.py for tasks to queue
[2024-10-11T00:30:59.757+0000] {logging_mixin.py:190} INFO - [2024-10-11T00:30:59.756+0000] {dagbag.py:588} INFO - Filling up the DagBag from /usr/local/python/3.12.1/lib/python3.12/site-packages/airflow/example_dags/example_branch_labels.py
[2024-10-11T00:30:59.767+0000] {processor.py:925} INFO - DAG(s) 'example_branch_labels' retrieved from /usr/local/python/3.12.1/lib/python3.12/site-packages/airflow/example_dags/example_branch_labels.py
[2024-10-11T00:30:59.889+0000] {logging_mixin.py:190} INFO - [2024-10-11T00:30:59.889+0000] {dag.py:3239} INFO - Sync 1 DAGs
[2024-10-11T00:30:59.909+0000] {logging_mixin.py:190} INFO - [2024-10-11T00:30:59.909+0000] {dag.py:4180} INFO - Setting next_dagrun for example_branch_labels to 2024-10-10 00:00:00+00:00, run_after=2024-10-11 00:00:00+00:00
[2024-10-11T00:30:59.948+0000] {processor.py:208} INFO - Processing /usr/local/python/3.12.1/lib/python3.12/site-packages/airflow/example_dags/example_branch_labels.py took 0.200 seconds
[2024-10-11T00:32:23.138+0000] {processor.py:186} INFO - Started process (PID=54543) to work on /usr/local/python/3.12.1/lib/python3.12/site-packages/airflow/example_dags/example_branch_labels.py
[2024-10-11T00:32:23.139+0000] {processor.py:914} INFO - Processing file /usr/local/python/3.12.1/lib/python3.12/site-packages/airflow/example_dags/example_branch_labels.py for tasks to queue
[2024-10-11T00:32:23.141+0000] {logging_mixin.py:190} INFO - [2024-10-11T00:32:23.140+0000] {dagbag.py:588} INFO - Filling up the DagBag from /usr/local/python/3.12.1/lib/python3.12/site-packages/airflow/example_dags/example_branch_labels.py
[2024-10-11T00:32:23.151+0000] {processor.py:925} INFO - DAG(s) 'example_branch_labels' retrieved from /usr/local/python/3.12.1/lib/python3.12/site-packages/airflow/example_dags/example_branch_labels.py
[2024-10-11T00:32:23.167+0000] {logging_mixin.py:190} INFO - [2024-10-11T00:32:23.167+0000] {dag.py:3239} INFO - Sync 1 DAGs
[2024-10-11T00:32:23.222+0000] {logging_mixin.py:190} INFO - [2024-10-11T00:32:23.222+0000] {dag.py:4180} INFO - Setting next_dagrun for example_branch_labels to 2024-10-10 00:00:00+00:00, run_after=2024-10-11 00:00:00+00:00
[2024-10-11T00:32:23.265+0000] {processor.py:208} INFO - Processing /usr/local/python/3.12.1/lib/python3.12/site-packages/airflow/example_dags/example_branch_labels.py took 0.132 seconds
[2024-10-11T00:33:20.228+0000] {processor.py:186} INFO - Started process (PID=55168) to work on /usr/local/python/3.12.1/lib/python3.12/site-packages/airflow/example_dags/example_branch_labels.py
[2024-10-11T00:33:20.229+0000] {processor.py:914} INFO - Processing file /usr/local/python/3.12.1/lib/python3.12/site-packages/airflow/example_dags/example_branch_labels.py for tasks to queue
[2024-10-11T00:33:20.230+0000] {logging_mixin.py:190} INFO - [2024-10-11T00:33:20.230+0000] {dagbag.py:588} INFO - Filling up the DagBag from /usr/local/python/3.12.1/lib/python3.12/site-packages/airflow/example_dags/example_branch_labels.py
[2024-10-11T00:33:20.238+0000] {processor.py:925} INFO - DAG(s) 'example_branch_labels' retrieved from /usr/local/python/3.12.1/lib/python3.12/site-packages/airflow/example_dags/example_branch_labels.py
[2024-10-11T00:33:20.306+0000] {logging_mixin.py:190} INFO - [2024-10-11T00:33:20.305+0000] {dag.py:3239} INFO - Sync 1 DAGs
[2024-10-11T00:33:20.319+0000] {logging_mixin.py:190} INFO - [2024-10-11T00:33:20.319+0000] {dag.py:4180} INFO - Setting next_dagrun for example_branch_labels to 2024-10-10 00:00:00+00:00, run_after=2024-10-11 00:00:00+00:00
[2024-10-11T00:33:20.357+0000] {processor.py:208} INFO - Processing /usr/local/python/3.12.1/lib/python3.12/site-packages/airflow/example_dags/example_branch_labels.py took 0.132 seconds
[2024-10-11T00:34:18.226+0000] {processor.py:186} INFO - Started process (PID=55821) to work on /usr/local/python/3.12.1/lib/python3.12/site-packages/airflow/example_dags/example_branch_labels.py
[2024-10-11T00:34:18.227+0000] {processor.py:914} INFO - Processing file /usr/local/python/3.12.1/lib/python3.12/site-packages/airflow/example_dags/example_branch_labels.py for tasks to queue
[2024-10-11T00:34:18.229+0000] {logging_mixin.py:190} INFO - [2024-10-11T00:34:18.229+0000] {dagbag.py:588} INFO - Filling up the DagBag from /usr/local/python/3.12.1/lib/python3.12/site-packages/airflow/example_dags/example_branch_labels.py
[2024-10-11T00:34:18.239+0000] {processor.py:925} INFO - DAG(s) 'example_branch_labels' retrieved from /usr/local/python/3.12.1/lib/python3.12/site-packages/airflow/example_dags/example_branch_labels.py
[2024-10-11T00:34:18.256+0000] {logging_mixin.py:190} INFO - [2024-10-11T00:34:18.256+0000] {dag.py:3239} INFO - Sync 1 DAGs
[2024-10-11T00:34:18.311+0000] {logging_mixin.py:190} INFO - [2024-10-11T00:34:18.311+0000] {dag.py:4180} INFO - Setting next_dagrun for example_branch_labels to 2024-10-10 00:00:00+00:00, run_after=2024-10-11 00:00:00+00:00
[2024-10-11T00:34:18.353+0000] {processor.py:208} INFO - Processing /usr/local/python/3.12.1/lib/python3.12/site-packages/airflow/example_dags/example_branch_labels.py took 0.132 seconds
[2024-10-11T00:35:39.093+0000] {processor.py:186} INFO - Started process (PID=56734) to work on /usr/local/python/3.12.1/lib/python3.12/site-packages/airflow/example_dags/example_branch_labels.py
[2024-10-11T00:35:39.094+0000] {processor.py:914} INFO - Processing file /usr/local/python/3.12.1/lib/python3.12/site-packages/airflow/example_dags/example_branch_labels.py for tasks to queue
[2024-10-11T00:35:39.095+0000] {logging_mixin.py:190} INFO - [2024-10-11T00:35:39.095+0000] {dagbag.py:588} INFO - Filling up the DagBag from /usr/local/python/3.12.1/lib/python3.12/site-packages/airflow/example_dags/example_branch_labels.py
[2024-10-11T00:35:39.102+0000] {processor.py:925} INFO - DAG(s) 'example_branch_labels' retrieved from /usr/local/python/3.12.1/lib/python3.12/site-packages/airflow/example_dags/example_branch_labels.py
[2024-10-11T00:35:39.171+0000] {logging_mixin.py:190} INFO - [2024-10-11T00:35:39.171+0000] {dag.py:3239} INFO - Sync 1 DAGs
[2024-10-11T00:35:39.184+0000] {logging_mixin.py:190} INFO - [2024-10-11T00:35:39.184+0000] {dag.py:4180} INFO - Setting next_dagrun for example_branch_labels to 2024-10-10 00:00:00+00:00, run_after=2024-10-11 00:00:00+00:00
[2024-10-11T00:35:39.222+0000] {processor.py:208} INFO - Processing /usr/local/python/3.12.1/lib/python3.12/site-packages/airflow/example_dags/example_branch_labels.py took 0.133 seconds
[2024-10-11T00:36:36.586+0000] {processor.py:186} INFO - Started process (PID=57364) to work on /usr/local/python/3.12.1/lib/python3.12/site-packages/airflow/example_dags/example_branch_labels.py
[2024-10-11T00:36:36.587+0000] {processor.py:914} INFO - Processing file /usr/local/python/3.12.1/lib/python3.12/site-packages/airflow/example_dags/example_branch_labels.py for tasks to queue
[2024-10-11T00:36:36.588+0000] {logging_mixin.py:190} INFO - [2024-10-11T00:36:36.588+0000] {dagbag.py:588} INFO - Filling up the DagBag from /usr/local/python/3.12.1/lib/python3.12/site-packages/airflow/example_dags/example_branch_labels.py
[2024-10-11T00:36:36.596+0000] {processor.py:925} INFO - DAG(s) 'example_branch_labels' retrieved from /usr/local/python/3.12.1/lib/python3.12/site-packages/airflow/example_dags/example_branch_labels.py
[2024-10-11T00:36:36.601+0000] {logging_mixin.py:190} INFO - [2024-10-11T00:36:36.601+0000] {dag.py:3239} INFO - Sync 1 DAGs
[2024-10-11T00:36:36.616+0000] {logging_mixin.py:190} INFO - [2024-10-11T00:36:36.616+0000] {dag.py:4180} INFO - Setting next_dagrun for example_branch_labels to 2024-10-10 00:00:00+00:00, run_after=2024-10-11 00:00:00+00:00
[2024-10-11T00:36:36.669+0000] {processor.py:208} INFO - Processing /usr/local/python/3.12.1/lib/python3.12/site-packages/airflow/example_dags/example_branch_labels.py took 0.087 seconds
[2024-10-11T00:37:57.546+0000] {processor.py:186} INFO - Started process (PID=58246) to work on /usr/local/python/3.12.1/lib/python3.12/site-packages/airflow/example_dags/example_branch_labels.py
[2024-10-11T00:37:57.547+0000] {processor.py:914} INFO - Processing file /usr/local/python/3.12.1/lib/python3.12/site-packages/airflow/example_dags/example_branch_labels.py for tasks to queue
[2024-10-11T00:37:57.549+0000] {logging_mixin.py:190} INFO - [2024-10-11T00:37:57.548+0000] {dagbag.py:588} INFO - Filling up the DagBag from /usr/local/python/3.12.1/lib/python3.12/site-packages/airflow/example_dags/example_branch_labels.py
[2024-10-11T00:37:57.558+0000] {processor.py:925} INFO - DAG(s) 'example_branch_labels' retrieved from /usr/local/python/3.12.1/lib/python3.12/site-packages/airflow/example_dags/example_branch_labels.py
[2024-10-11T00:37:57.628+0000] {logging_mixin.py:190} INFO - [2024-10-11T00:37:57.628+0000] {dag.py:3239} INFO - Sync 1 DAGs
[2024-10-11T00:37:57.740+0000] {logging_mixin.py:190} INFO - [2024-10-11T00:37:57.740+0000] {dag.py:4180} INFO - Setting next_dagrun for example_branch_labels to 2024-10-10 00:00:00+00:00, run_after=2024-10-11 00:00:00+00:00
[2024-10-11T00:37:57.777+0000] {processor.py:208} INFO - Processing /usr/local/python/3.12.1/lib/python3.12/site-packages/airflow/example_dags/example_branch_labels.py took 0.235 seconds
[2024-10-11T00:38:55.136+0000] {processor.py:186} INFO - Started process (PID=58886) to work on /usr/local/python/3.12.1/lib/python3.12/site-packages/airflow/example_dags/example_branch_labels.py
[2024-10-11T00:38:55.137+0000] {processor.py:914} INFO - Processing file /usr/local/python/3.12.1/lib/python3.12/site-packages/airflow/example_dags/example_branch_labels.py for tasks to queue
[2024-10-11T00:38:55.138+0000] {logging_mixin.py:190} INFO - [2024-10-11T00:38:55.138+0000] {dagbag.py:588} INFO - Filling up the DagBag from /usr/local/python/3.12.1/lib/python3.12/site-packages/airflow/example_dags/example_branch_labels.py
[2024-10-11T00:38:55.145+0000] {processor.py:925} INFO - DAG(s) 'example_branch_labels' retrieved from /usr/local/python/3.12.1/lib/python3.12/site-packages/airflow/example_dags/example_branch_labels.py
[2024-10-11T00:38:55.151+0000] {logging_mixin.py:190} INFO - [2024-10-11T00:38:55.150+0000] {dag.py:3239} INFO - Sync 1 DAGs
[2024-10-11T00:38:55.166+0000] {logging_mixin.py:190} INFO - [2024-10-11T00:38:55.166+0000] {dag.py:4180} INFO - Setting next_dagrun for example_branch_labels to 2024-10-10 00:00:00+00:00, run_after=2024-10-11 00:00:00+00:00
[2024-10-11T00:38:55.208+0000] {processor.py:208} INFO - Processing /usr/local/python/3.12.1/lib/python3.12/site-packages/airflow/example_dags/example_branch_labels.py took 0.076 seconds
[2024-10-11T00:39:57.191+0000] {processor.py:186} INFO - Started process (PID=59594) to work on /usr/local/python/3.12.1/lib/python3.12/site-packages/airflow/example_dags/example_branch_labels.py
[2024-10-11T00:39:57.192+0000] {processor.py:914} INFO - Processing file /usr/local/python/3.12.1/lib/python3.12/site-packages/airflow/example_dags/example_branch_labels.py for tasks to queue
[2024-10-11T00:39:57.199+0000] {logging_mixin.py:190} INFO - [2024-10-11T00:39:57.198+0000] {dagbag.py:588} INFO - Filling up the DagBag from /usr/local/python/3.12.1/lib/python3.12/site-packages/airflow/example_dags/example_branch_labels.py
[2024-10-11T00:39:57.209+0000] {processor.py:925} INFO - DAG(s) 'example_branch_labels' retrieved from /usr/local/python/3.12.1/lib/python3.12/site-packages/airflow/example_dags/example_branch_labels.py
[2024-10-11T00:39:57.370+0000] {logging_mixin.py:190} INFO - [2024-10-11T00:39:57.370+0000] {dag.py:3239} INFO - Sync 1 DAGs
[2024-10-11T00:39:57.389+0000] {logging_mixin.py:190} INFO - [2024-10-11T00:39:57.389+0000] {dag.py:4180} INFO - Setting next_dagrun for example_branch_labels to 2024-10-10 00:00:00+00:00, run_after=2024-10-11 00:00:00+00:00
[2024-10-11T00:39:57.436+0000] {processor.py:208} INFO - Processing /usr/local/python/3.12.1/lib/python3.12/site-packages/airflow/example_dags/example_branch_labels.py took 0.254 seconds
[2024-10-11T00:40:59.620+0000] {processor.py:186} INFO - Started process (PID=60282) to work on /usr/local/python/3.12.1/lib/python3.12/site-packages/airflow/example_dags/example_branch_labels.py
[2024-10-11T00:40:59.621+0000] {processor.py:914} INFO - Processing file /usr/local/python/3.12.1/lib/python3.12/site-packages/airflow/example_dags/example_branch_labels.py for tasks to queue
[2024-10-11T00:40:59.623+0000] {logging_mixin.py:190} INFO - [2024-10-11T00:40:59.622+0000] {dagbag.py:588} INFO - Filling up the DagBag from /usr/local/python/3.12.1/lib/python3.12/site-packages/airflow/example_dags/example_branch_labels.py
[2024-10-11T00:40:59.630+0000] {processor.py:925} INFO - DAG(s) 'example_branch_labels' retrieved from /usr/local/python/3.12.1/lib/python3.12/site-packages/airflow/example_dags/example_branch_labels.py
[2024-10-11T00:40:59.641+0000] {logging_mixin.py:190} INFO - [2024-10-11T00:40:59.641+0000] {dag.py:3239} INFO - Sync 1 DAGs
[2024-10-11T00:40:59.656+0000] {logging_mixin.py:190} INFO - [2024-10-11T00:40:59.656+0000] {dag.py:4180} INFO - Setting next_dagrun for example_branch_labels to 2024-10-10 00:00:00+00:00, run_after=2024-10-11 00:00:00+00:00
[2024-10-11T00:40:59.697+0000] {processor.py:208} INFO - Processing /usr/local/python/3.12.1/lib/python3.12/site-packages/airflow/example_dags/example_branch_labels.py took 0.080 seconds
[2024-10-11T00:41:59.771+0000] {processor.py:186} INFO - Started process (PID=60937) to work on /usr/local/python/3.12.1/lib/python3.12/site-packages/airflow/example_dags/example_branch_labels.py
[2024-10-11T00:41:59.771+0000] {processor.py:914} INFO - Processing file /usr/local/python/3.12.1/lib/python3.12/site-packages/airflow/example_dags/example_branch_labels.py for tasks to queue
[2024-10-11T00:41:59.773+0000] {logging_mixin.py:190} INFO - [2024-10-11T00:41:59.772+0000] {dagbag.py:588} INFO - Filling up the DagBag from /usr/local/python/3.12.1/lib/python3.12/site-packages/airflow/example_dags/example_branch_labels.py
[2024-10-11T00:41:59.780+0000] {processor.py:925} INFO - DAG(s) 'example_branch_labels' retrieved from /usr/local/python/3.12.1/lib/python3.12/site-packages/airflow/example_dags/example_branch_labels.py
[2024-10-11T00:41:59.847+0000] {logging_mixin.py:190} INFO - [2024-10-11T00:41:59.847+0000] {dag.py:3239} INFO - Sync 1 DAGs
[2024-10-11T00:41:59.866+0000] {logging_mixin.py:190} INFO - [2024-10-11T00:41:59.865+0000] {dag.py:4180} INFO - Setting next_dagrun for example_branch_labels to 2024-10-10 00:00:00+00:00, run_after=2024-10-11 00:00:00+00:00
[2024-10-11T00:42:00.017+0000] {processor.py:208} INFO - Processing /usr/local/python/3.12.1/lib/python3.12/site-packages/airflow/example_dags/example_branch_labels.py took 0.250 seconds
[2024-10-11T00:43:05.145+0000] {processor.py:186} INFO - Started process (PID=61645) to work on /usr/local/python/3.12.1/lib/python3.12/site-packages/airflow/example_dags/example_branch_labels.py
[2024-10-11T00:43:05.146+0000] {processor.py:914} INFO - Processing file /usr/local/python/3.12.1/lib/python3.12/site-packages/airflow/example_dags/example_branch_labels.py for tasks to queue
[2024-10-11T00:43:05.147+0000] {logging_mixin.py:190} INFO - [2024-10-11T00:43:05.147+0000] {dagbag.py:588} INFO - Filling up the DagBag from /usr/local/python/3.12.1/lib/python3.12/site-packages/airflow/example_dags/example_branch_labels.py
[2024-10-11T00:43:05.154+0000] {processor.py:925} INFO - DAG(s) 'example_branch_labels' retrieved from /usr/local/python/3.12.1/lib/python3.12/site-packages/airflow/example_dags/example_branch_labels.py
[2024-10-11T00:43:05.159+0000] {logging_mixin.py:190} INFO - [2024-10-11T00:43:05.159+0000] {dag.py:3239} INFO - Sync 1 DAGs
[2024-10-11T00:43:05.174+0000] {logging_mixin.py:190} INFO - [2024-10-11T00:43:05.174+0000] {dag.py:4180} INFO - Setting next_dagrun for example_branch_labels to 2024-10-10 00:00:00+00:00, run_after=2024-10-11 00:00:00+00:00
[2024-10-11T00:43:05.222+0000] {processor.py:208} INFO - Processing /usr/local/python/3.12.1/lib/python3.12/site-packages/airflow/example_dags/example_branch_labels.py took 0.081 seconds
[2024-10-11T00:44:11.314+0000] {processor.py:186} INFO - Started process (PID=62397) to work on /usr/local/python/3.12.1/lib/python3.12/site-packages/airflow/example_dags/example_branch_labels.py
[2024-10-11T00:44:11.315+0000] {processor.py:914} INFO - Processing file /usr/local/python/3.12.1/lib/python3.12/site-packages/airflow/example_dags/example_branch_labels.py for tasks to queue
[2024-10-11T00:44:11.316+0000] {logging_mixin.py:190} INFO - [2024-10-11T00:44:11.316+0000] {dagbag.py:588} INFO - Filling up the DagBag from /usr/local/python/3.12.1/lib/python3.12/site-packages/airflow/example_dags/example_branch_labels.py
[2024-10-11T00:44:11.323+0000] {processor.py:925} INFO - DAG(s) 'example_branch_labels' retrieved from /usr/local/python/3.12.1/lib/python3.12/site-packages/airflow/example_dags/example_branch_labels.py
[2024-10-11T00:44:11.481+0000] {logging_mixin.py:190} INFO - [2024-10-11T00:44:11.481+0000] {dag.py:3239} INFO - Sync 1 DAGs
[2024-10-11T00:44:11.499+0000] {logging_mixin.py:190} INFO - [2024-10-11T00:44:11.499+0000] {dag.py:4180} INFO - Setting next_dagrun for example_branch_labels to 2024-10-10 00:00:00+00:00, run_after=2024-10-11 00:00:00+00:00
[2024-10-11T00:44:11.549+0000] {processor.py:208} INFO - Processing /usr/local/python/3.12.1/lib/python3.12/site-packages/airflow/example_dags/example_branch_labels.py took 0.239 seconds
[2024-10-11T00:45:41.508+0000] {processor.py:186} INFO - Started process (PID=63401) to work on /usr/local/python/3.12.1/lib/python3.12/site-packages/airflow/example_dags/example_branch_labels.py
[2024-10-11T00:45:41.509+0000] {processor.py:914} INFO - Processing file /usr/local/python/3.12.1/lib/python3.12/site-packages/airflow/example_dags/example_branch_labels.py for tasks to queue
[2024-10-11T00:45:41.510+0000] {logging_mixin.py:190} INFO - [2024-10-11T00:45:41.510+0000] {dagbag.py:588} INFO - Filling up the DagBag from /usr/local/python/3.12.1/lib/python3.12/site-packages/airflow/example_dags/example_branch_labels.py
[2024-10-11T00:45:41.518+0000] {processor.py:925} INFO - DAG(s) 'example_branch_labels' retrieved from /usr/local/python/3.12.1/lib/python3.12/site-packages/airflow/example_dags/example_branch_labels.py
[2024-10-11T00:45:41.523+0000] {logging_mixin.py:190} INFO - [2024-10-11T00:45:41.523+0000] {dag.py:3239} INFO - Sync 1 DAGs
[2024-10-11T00:45:41.538+0000] {logging_mixin.py:190} INFO - [2024-10-11T00:45:41.538+0000] {dag.py:4180} INFO - Setting next_dagrun for example_branch_labels to 2024-10-10 00:00:00+00:00, run_after=2024-10-11 00:00:00+00:00
[2024-10-11T00:45:41.582+0000] {processor.py:208} INFO - Processing /usr/local/python/3.12.1/lib/python3.12/site-packages/airflow/example_dags/example_branch_labels.py took 0.078 seconds
[2024-10-11T00:46:45.202+0000] {processor.py:186} INFO - Started process (PID=64089) to work on /usr/local/python/3.12.1/lib/python3.12/site-packages/airflow/example_dags/example_branch_labels.py
[2024-10-11T00:46:45.202+0000] {processor.py:914} INFO - Processing file /usr/local/python/3.12.1/lib/python3.12/site-packages/airflow/example_dags/example_branch_labels.py for tasks to queue
[2024-10-11T00:46:45.204+0000] {logging_mixin.py:190} INFO - [2024-10-11T00:46:45.203+0000] {dagbag.py:588} INFO - Filling up the DagBag from /usr/local/python/3.12.1/lib/python3.12/site-packages/airflow/example_dags/example_branch_labels.py
[2024-10-11T00:46:45.211+0000] {processor.py:925} INFO - DAG(s) 'example_branch_labels' retrieved from /usr/local/python/3.12.1/lib/python3.12/site-packages/airflow/example_dags/example_branch_labels.py
[2024-10-11T00:46:45.364+0000] {logging_mixin.py:190} INFO - [2024-10-11T00:46:45.364+0000] {dag.py:3239} INFO - Sync 1 DAGs
[2024-10-11T00:46:45.377+0000] {logging_mixin.py:190} INFO - [2024-10-11T00:46:45.377+0000] {dag.py:4180} INFO - Setting next_dagrun for example_branch_labels to 2024-10-10 00:00:00+00:00, run_after=2024-10-11 00:00:00+00:00
[2024-10-11T00:46:45.413+0000] {processor.py:208} INFO - Processing /usr/local/python/3.12.1/lib/python3.12/site-packages/airflow/example_dags/example_branch_labels.py took 0.215 seconds
[2024-10-11T00:47:47.204+0000] {processor.py:186} INFO - Started process (PID=64759) to work on /usr/local/python/3.12.1/lib/python3.12/site-packages/airflow/example_dags/example_branch_labels.py
[2024-10-11T00:47:47.204+0000] {processor.py:914} INFO - Processing file /usr/local/python/3.12.1/lib/python3.12/site-packages/airflow/example_dags/example_branch_labels.py for tasks to queue
[2024-10-11T00:47:47.206+0000] {logging_mixin.py:190} INFO - [2024-10-11T00:47:47.205+0000] {dagbag.py:588} INFO - Filling up the DagBag from /usr/local/python/3.12.1/lib/python3.12/site-packages/airflow/example_dags/example_branch_labels.py
[2024-10-11T00:47:47.213+0000] {processor.py:925} INFO - DAG(s) 'example_branch_labels' retrieved from /usr/local/python/3.12.1/lib/python3.12/site-packages/airflow/example_dags/example_branch_labels.py
[2024-10-11T00:47:47.224+0000] {logging_mixin.py:190} INFO - [2024-10-11T00:47:47.223+0000] {dag.py:3239} INFO - Sync 1 DAGs
[2024-10-11T00:47:47.238+0000] {logging_mixin.py:190} INFO - [2024-10-11T00:47:47.238+0000] {dag.py:4180} INFO - Setting next_dagrun for example_branch_labels to 2024-10-10 00:00:00+00:00, run_after=2024-10-11 00:00:00+00:00
[2024-10-11T00:47:47.286+0000] {processor.py:208} INFO - Processing /usr/local/python/3.12.1/lib/python3.12/site-packages/airflow/example_dags/example_branch_labels.py took 0.087 seconds
[2024-10-11T00:48:55.743+0000] {processor.py:186} INFO - Started process (PID=65512) to work on /usr/local/python/3.12.1/lib/python3.12/site-packages/airflow/example_dags/example_branch_labels.py
[2024-10-11T00:48:55.743+0000] {processor.py:914} INFO - Processing file /usr/local/python/3.12.1/lib/python3.12/site-packages/airflow/example_dags/example_branch_labels.py for tasks to queue
[2024-10-11T00:48:55.745+0000] {logging_mixin.py:190} INFO - [2024-10-11T00:48:55.745+0000] {dagbag.py:588} INFO - Filling up the DagBag from /usr/local/python/3.12.1/lib/python3.12/site-packages/airflow/example_dags/example_branch_labels.py
[2024-10-11T00:48:55.752+0000] {processor.py:925} INFO - DAG(s) 'example_branch_labels' retrieved from /usr/local/python/3.12.1/lib/python3.12/site-packages/airflow/example_dags/example_branch_labels.py
[2024-10-11T00:48:55.906+0000] {logging_mixin.py:190} INFO - [2024-10-11T00:48:55.906+0000] {dag.py:3239} INFO - Sync 1 DAGs
[2024-10-11T00:48:55.919+0000] {logging_mixin.py:190} INFO - [2024-10-11T00:48:55.919+0000] {dag.py:4180} INFO - Setting next_dagrun for example_branch_labels to 2024-10-10 00:00:00+00:00, run_after=2024-10-11 00:00:00+00:00
[2024-10-11T00:48:55.957+0000] {processor.py:208} INFO - Processing /usr/local/python/3.12.1/lib/python3.12/site-packages/airflow/example_dags/example_branch_labels.py took 0.218 seconds
[2024-10-11T00:49:58.228+0000] {processor.py:186} INFO - Started process (PID=66212) to work on /usr/local/python/3.12.1/lib/python3.12/site-packages/airflow/example_dags/example_branch_labels.py
[2024-10-11T00:49:58.229+0000] {processor.py:914} INFO - Processing file /usr/local/python/3.12.1/lib/python3.12/site-packages/airflow/example_dags/example_branch_labels.py for tasks to queue
[2024-10-11T00:49:58.230+0000] {logging_mixin.py:190} INFO - [2024-10-11T00:49:58.230+0000] {dagbag.py:588} INFO - Filling up the DagBag from /usr/local/python/3.12.1/lib/python3.12/site-packages/airflow/example_dags/example_branch_labels.py
[2024-10-11T00:49:58.238+0000] {processor.py:925} INFO - DAG(s) 'example_branch_labels' retrieved from /usr/local/python/3.12.1/lib/python3.12/site-packages/airflow/example_dags/example_branch_labels.py
[2024-10-11T00:49:58.243+0000] {logging_mixin.py:190} INFO - [2024-10-11T00:49:58.243+0000] {dag.py:3239} INFO - Sync 1 DAGs
[2024-10-11T00:49:58.259+0000] {logging_mixin.py:190} INFO - [2024-10-11T00:49:58.259+0000] {dag.py:4180} INFO - Setting next_dagrun for example_branch_labels to 2024-10-10 00:00:00+00:00, run_after=2024-10-11 00:00:00+00:00
[2024-10-11T00:49:58.411+0000] {processor.py:208} INFO - Processing /usr/local/python/3.12.1/lib/python3.12/site-packages/airflow/example_dags/example_branch_labels.py took 0.186 seconds
[2024-10-11T00:51:00.254+0000] {processor.py:186} INFO - Started process (PID=66908) to work on /usr/local/python/3.12.1/lib/python3.12/site-packages/airflow/example_dags/example_branch_labels.py
[2024-10-11T00:51:00.255+0000] {processor.py:914} INFO - Processing file /usr/local/python/3.12.1/lib/python3.12/site-packages/airflow/example_dags/example_branch_labels.py for tasks to queue
[2024-10-11T00:51:00.257+0000] {logging_mixin.py:190} INFO - [2024-10-11T00:51:00.256+0000] {dagbag.py:588} INFO - Filling up the DagBag from /usr/local/python/3.12.1/lib/python3.12/site-packages/airflow/example_dags/example_branch_labels.py
[2024-10-11T00:51:00.264+0000] {processor.py:925} INFO - DAG(s) 'example_branch_labels' retrieved from /usr/local/python/3.12.1/lib/python3.12/site-packages/airflow/example_dags/example_branch_labels.py
[2024-10-11T00:51:00.332+0000] {logging_mixin.py:190} INFO - [2024-10-11T00:51:00.332+0000] {dag.py:3239} INFO - Sync 1 DAGs
[2024-10-11T00:51:00.345+0000] {logging_mixin.py:190} INFO - [2024-10-11T00:51:00.345+0000] {dag.py:4180} INFO - Setting next_dagrun for example_branch_labels to 2024-10-10 00:00:00+00:00, run_after=2024-10-11 00:00:00+00:00
[2024-10-11T00:51:00.391+0000] {processor.py:208} INFO - Processing /usr/local/python/3.12.1/lib/python3.12/site-packages/airflow/example_dags/example_branch_labels.py took 0.141 seconds
[2024-10-11T00:52:00.121+0000] {processor.py:186} INFO - Started process (PID=67563) to work on /usr/local/python/3.12.1/lib/python3.12/site-packages/airflow/example_dags/example_branch_labels.py
[2024-10-11T00:52:00.121+0000] {processor.py:914} INFO - Processing file /usr/local/python/3.12.1/lib/python3.12/site-packages/airflow/example_dags/example_branch_labels.py for tasks to queue
[2024-10-11T00:52:00.123+0000] {logging_mixin.py:190} INFO - [2024-10-11T00:52:00.123+0000] {dagbag.py:588} INFO - Filling up the DagBag from /usr/local/python/3.12.1/lib/python3.12/site-packages/airflow/example_dags/example_branch_labels.py
[2024-10-11T00:52:00.133+0000] {processor.py:925} INFO - DAG(s) 'example_branch_labels' retrieved from /usr/local/python/3.12.1/lib/python3.12/site-packages/airflow/example_dags/example_branch_labels.py
[2024-10-11T00:52:00.149+0000] {logging_mixin.py:190} INFO - [2024-10-11T00:52:00.149+0000] {dag.py:3239} INFO - Sync 1 DAGs
[2024-10-11T00:52:00.171+0000] {logging_mixin.py:190} INFO - [2024-10-11T00:52:00.171+0000] {dag.py:4180} INFO - Setting next_dagrun for example_branch_labels to 2024-10-10 00:00:00+00:00, run_after=2024-10-11 00:00:00+00:00
[2024-10-11T00:52:00.224+0000] {processor.py:208} INFO - Processing /usr/local/python/3.12.1/lib/python3.12/site-packages/airflow/example_dags/example_branch_labels.py took 0.107 seconds
[2024-10-11T00:52:57.560+0000] {processor.py:186} INFO - Started process (PID=68205) to work on /usr/local/python/3.12.1/lib/python3.12/site-packages/airflow/example_dags/example_branch_labels.py
[2024-10-11T00:52:57.561+0000] {processor.py:914} INFO - Processing file /usr/local/python/3.12.1/lib/python3.12/site-packages/airflow/example_dags/example_branch_labels.py for tasks to queue
[2024-10-11T00:52:57.562+0000] {logging_mixin.py:190} INFO - [2024-10-11T00:52:57.562+0000] {dagbag.py:588} INFO - Filling up the DagBag from /usr/local/python/3.12.1/lib/python3.12/site-packages/airflow/example_dags/example_branch_labels.py
[2024-10-11T00:52:57.569+0000] {processor.py:925} INFO - DAG(s) 'example_branch_labels' retrieved from /usr/local/python/3.12.1/lib/python3.12/site-packages/airflow/example_dags/example_branch_labels.py
[2024-10-11T00:52:57.575+0000] {logging_mixin.py:190} INFO - [2024-10-11T00:52:57.574+0000] {dag.py:3239} INFO - Sync 1 DAGs
[2024-10-11T00:52:57.591+0000] {logging_mixin.py:190} INFO - [2024-10-11T00:52:57.591+0000] {dag.py:4180} INFO - Setting next_dagrun for example_branch_labels to 2024-10-10 00:00:00+00:00, run_after=2024-10-11 00:00:00+00:00
[2024-10-11T00:52:57.660+0000] {processor.py:208} INFO - Processing /usr/local/python/3.12.1/lib/python3.12/site-packages/airflow/example_dags/example_branch_labels.py took 0.103 seconds
[2024-10-11T00:54:18.704+0000] {processor.py:186} INFO - Started process (PID=69114) to work on /usr/local/python/3.12.1/lib/python3.12/site-packages/airflow/example_dags/example_branch_labels.py
[2024-10-11T00:54:18.705+0000] {processor.py:914} INFO - Processing file /usr/local/python/3.12.1/lib/python3.12/site-packages/airflow/example_dags/example_branch_labels.py for tasks to queue
[2024-10-11T00:54:18.707+0000] {logging_mixin.py:190} INFO - [2024-10-11T00:54:18.707+0000] {dagbag.py:588} INFO - Filling up the DagBag from /usr/local/python/3.12.1/lib/python3.12/site-packages/airflow/example_dags/example_branch_labels.py
[2024-10-11T00:54:18.717+0000] {processor.py:925} INFO - DAG(s) 'example_branch_labels' retrieved from /usr/local/python/3.12.1/lib/python3.12/site-packages/airflow/example_dags/example_branch_labels.py
[2024-10-11T00:54:18.825+0000] {logging_mixin.py:190} INFO - [2024-10-11T00:54:18.825+0000] {dag.py:3239} INFO - Sync 1 DAGs
[2024-10-11T00:54:18.857+0000] {logging_mixin.py:190} INFO - [2024-10-11T00:54:18.857+0000] {dag.py:4180} INFO - Setting next_dagrun for example_branch_labels to 2024-10-10 00:00:00+00:00, run_after=2024-10-11 00:00:00+00:00
[2024-10-11T00:54:19.058+0000] {processor.py:208} INFO - Processing /usr/local/python/3.12.1/lib/python3.12/site-packages/airflow/example_dags/example_branch_labels.py took 0.359 seconds
[2024-10-11T00:55:15.395+0000] {processor.py:186} INFO - Started process (PID=69744) to work on /usr/local/python/3.12.1/lib/python3.12/site-packages/airflow/example_dags/example_branch_labels.py
[2024-10-11T00:55:15.395+0000] {processor.py:914} INFO - Processing file /usr/local/python/3.12.1/lib/python3.12/site-packages/airflow/example_dags/example_branch_labels.py for tasks to queue
[2024-10-11T00:55:15.397+0000] {logging_mixin.py:190} INFO - [2024-10-11T00:55:15.397+0000] {dagbag.py:588} INFO - Filling up the DagBag from /usr/local/python/3.12.1/lib/python3.12/site-packages/airflow/example_dags/example_branch_labels.py
[2024-10-11T00:55:15.404+0000] {processor.py:925} INFO - DAG(s) 'example_branch_labels' retrieved from /usr/local/python/3.12.1/lib/python3.12/site-packages/airflow/example_dags/example_branch_labels.py
[2024-10-11T00:55:15.415+0000] {logging_mixin.py:190} INFO - [2024-10-11T00:55:15.415+0000] {dag.py:3239} INFO - Sync 1 DAGs
[2024-10-11T00:55:15.430+0000] {logging_mixin.py:190} INFO - [2024-10-11T00:55:15.430+0000] {dag.py:4180} INFO - Setting next_dagrun for example_branch_labels to 2024-10-10 00:00:00+00:00, run_after=2024-10-11 00:00:00+00:00
[2024-10-11T00:55:15.471+0000] {processor.py:208} INFO - Processing /usr/local/python/3.12.1/lib/python3.12/site-packages/airflow/example_dags/example_branch_labels.py took 0.080 seconds
[2024-10-11T00:56:10.941+0000] {processor.py:186} INFO - Started process (PID=70357) to work on /usr/local/python/3.12.1/lib/python3.12/site-packages/airflow/example_dags/example_branch_labels.py
[2024-10-11T00:56:10.942+0000] {processor.py:914} INFO - Processing file /usr/local/python/3.12.1/lib/python3.12/site-packages/airflow/example_dags/example_branch_labels.py for tasks to queue
[2024-10-11T00:56:10.943+0000] {logging_mixin.py:190} INFO - [2024-10-11T00:56:10.943+0000] {dagbag.py:588} INFO - Filling up the DagBag from /usr/local/python/3.12.1/lib/python3.12/site-packages/airflow/example_dags/example_branch_labels.py
[2024-10-11T00:56:10.951+0000] {processor.py:925} INFO - DAG(s) 'example_branch_labels' retrieved from /usr/local/python/3.12.1/lib/python3.12/site-packages/airflow/example_dags/example_branch_labels.py
[2024-10-11T00:56:11.086+0000] {logging_mixin.py:190} INFO - [2024-10-11T00:56:11.085+0000] {dag.py:3239} INFO - Sync 1 DAGs
[2024-10-11T00:56:11.098+0000] {logging_mixin.py:190} INFO - [2024-10-11T00:56:11.098+0000] {dag.py:4180} INFO - Setting next_dagrun for example_branch_labels to 2024-10-10 00:00:00+00:00, run_after=2024-10-11 00:00:00+00:00
[2024-10-11T00:56:11.136+0000] {processor.py:208} INFO - Processing /usr/local/python/3.12.1/lib/python3.12/site-packages/airflow/example_dags/example_branch_labels.py took 0.199 seconds
[2024-10-11T00:57:09.835+0000] {processor.py:186} INFO - Started process (PID=70977) to work on /usr/local/python/3.12.1/lib/python3.12/site-packages/airflow/example_dags/example_branch_labels.py
[2024-10-11T00:57:09.836+0000] {processor.py:914} INFO - Processing file /usr/local/python/3.12.1/lib/python3.12/site-packages/airflow/example_dags/example_branch_labels.py for tasks to queue
[2024-10-11T00:57:09.837+0000] {logging_mixin.py:190} INFO - [2024-10-11T00:57:09.837+0000] {dagbag.py:588} INFO - Filling up the DagBag from /usr/local/python/3.12.1/lib/python3.12/site-packages/airflow/example_dags/example_branch_labels.py
[2024-10-11T00:57:09.845+0000] {processor.py:925} INFO - DAG(s) 'example_branch_labels' retrieved from /usr/local/python/3.12.1/lib/python3.12/site-packages/airflow/example_dags/example_branch_labels.py
[2024-10-11T00:57:09.850+0000] {logging_mixin.py:190} INFO - [2024-10-11T00:57:09.850+0000] {dag.py:3239} INFO - Sync 1 DAGs
[2024-10-11T00:57:09.866+0000] {logging_mixin.py:190} INFO - [2024-10-11T00:57:09.865+0000] {dag.py:4180} INFO - Setting next_dagrun for example_branch_labels to 2024-10-10 00:00:00+00:00, run_after=2024-10-11 00:00:00+00:00
[2024-10-11T00:57:09.931+0000] {processor.py:208} INFO - Processing /usr/local/python/3.12.1/lib/python3.12/site-packages/airflow/example_dags/example_branch_labels.py took 0.100 seconds
[2024-10-11T00:58:10.090+0000] {processor.py:186} INFO - Started process (PID=71630) to work on /usr/local/python/3.12.1/lib/python3.12/site-packages/airflow/example_dags/example_branch_labels.py
[2024-10-11T00:58:10.091+0000] {processor.py:914} INFO - Processing file /usr/local/python/3.12.1/lib/python3.12/site-packages/airflow/example_dags/example_branch_labels.py for tasks to queue
[2024-10-11T00:58:10.092+0000] {logging_mixin.py:190} INFO - [2024-10-11T00:58:10.092+0000] {dagbag.py:588} INFO - Filling up the DagBag from /usr/local/python/3.12.1/lib/python3.12/site-packages/airflow/example_dags/example_branch_labels.py
[2024-10-11T00:58:10.099+0000] {processor.py:925} INFO - DAG(s) 'example_branch_labels' retrieved from /usr/local/python/3.12.1/lib/python3.12/site-packages/airflow/example_dags/example_branch_labels.py
[2024-10-11T00:58:10.174+0000] {logging_mixin.py:190} INFO - [2024-10-11T00:58:10.174+0000] {dag.py:3239} INFO - Sync 1 DAGs
[2024-10-11T00:58:10.187+0000] {logging_mixin.py:190} INFO - [2024-10-11T00:58:10.187+0000] {dag.py:4180} INFO - Setting next_dagrun for example_branch_labels to 2024-10-10 00:00:00+00:00, run_after=2024-10-11 00:00:00+00:00
[2024-10-11T00:58:10.237+0000] {processor.py:208} INFO - Processing /usr/local/python/3.12.1/lib/python3.12/site-packages/airflow/example_dags/example_branch_labels.py took 0.151 seconds
[2024-10-11T00:59:06.634+0000] {processor.py:186} INFO - Started process (PID=72287) to work on /usr/local/python/3.12.1/lib/python3.12/site-packages/airflow/example_dags/example_branch_labels.py
[2024-10-11T00:59:06.635+0000] {processor.py:914} INFO - Processing file /usr/local/python/3.12.1/lib/python3.12/site-packages/airflow/example_dags/example_branch_labels.py for tasks to queue
[2024-10-11T00:59:06.637+0000] {logging_mixin.py:190} INFO - [2024-10-11T00:59:06.636+0000] {dagbag.py:588} INFO - Filling up the DagBag from /usr/local/python/3.12.1/lib/python3.12/site-packages/airflow/example_dags/example_branch_labels.py
[2024-10-11T00:59:06.647+0000] {processor.py:925} INFO - DAG(s) 'example_branch_labels' retrieved from /usr/local/python/3.12.1/lib/python3.12/site-packages/airflow/example_dags/example_branch_labels.py
[2024-10-11T00:59:06.654+0000] {logging_mixin.py:190} INFO - [2024-10-11T00:59:06.653+0000] {dag.py:3239} INFO - Sync 1 DAGs
[2024-10-11T00:59:06.669+0000] {logging_mixin.py:190} INFO - [2024-10-11T00:59:06.669+0000] {dag.py:4180} INFO - Setting next_dagrun for example_branch_labels to 2024-10-10 00:00:00+00:00, run_after=2024-10-11 00:00:00+00:00
[2024-10-11T00:59:06.712+0000] {processor.py:208} INFO - Processing /usr/local/python/3.12.1/lib/python3.12/site-packages/airflow/example_dags/example_branch_labels.py took 0.081 seconds
[2024-10-11T01:00:29.440+0000] {processor.py:186} INFO - Started process (PID=73203) to work on /usr/local/python/3.12.1/lib/python3.12/site-packages/airflow/example_dags/example_branch_labels.py
[2024-10-11T01:00:29.441+0000] {processor.py:914} INFO - Processing file /usr/local/python/3.12.1/lib/python3.12/site-packages/airflow/example_dags/example_branch_labels.py for tasks to queue
[2024-10-11T01:00:29.443+0000] {logging_mixin.py:190} INFO - [2024-10-11T01:00:29.442+0000] {dagbag.py:588} INFO - Filling up the DagBag from /usr/local/python/3.12.1/lib/python3.12/site-packages/airflow/example_dags/example_branch_labels.py
[2024-10-11T01:00:29.453+0000] {processor.py:925} INFO - DAG(s) 'example_branch_labels' retrieved from /usr/local/python/3.12.1/lib/python3.12/site-packages/airflow/example_dags/example_branch_labels.py
[2024-10-11T01:00:29.608+0000] {logging_mixin.py:190} INFO - [2024-10-11T01:00:29.607+0000] {dag.py:3239} INFO - Sync 1 DAGs
[2024-10-11T01:00:29.626+0000] {logging_mixin.py:190} INFO - [2024-10-11T01:00:29.625+0000] {dag.py:4180} INFO - Setting next_dagrun for example_branch_labels to 2024-10-10 00:00:00+00:00, run_after=2024-10-11 00:00:00+00:00
[2024-10-11T01:00:29.681+0000] {processor.py:208} INFO - Processing /usr/local/python/3.12.1/lib/python3.12/site-packages/airflow/example_dags/example_branch_labels.py took 0.246 seconds
[2024-10-11T01:01:28.191+0000] {processor.py:186} INFO - Started process (PID=73839) to work on /usr/local/python/3.12.1/lib/python3.12/site-packages/airflow/example_dags/example_branch_labels.py
[2024-10-11T01:01:28.192+0000] {processor.py:914} INFO - Processing file /usr/local/python/3.12.1/lib/python3.12/site-packages/airflow/example_dags/example_branch_labels.py for tasks to queue
[2024-10-11T01:01:28.195+0000] {logging_mixin.py:190} INFO - [2024-10-11T01:01:28.194+0000] {dagbag.py:588} INFO - Filling up the DagBag from /usr/local/python/3.12.1/lib/python3.12/site-packages/airflow/example_dags/example_branch_labels.py
[2024-10-11T01:01:28.205+0000] {processor.py:925} INFO - DAG(s) 'example_branch_labels' retrieved from /usr/local/python/3.12.1/lib/python3.12/site-packages/airflow/example_dags/example_branch_labels.py
[2024-10-11T01:01:28.212+0000] {logging_mixin.py:190} INFO - [2024-10-11T01:01:28.211+0000] {dag.py:3239} INFO - Sync 1 DAGs
[2024-10-11T01:01:28.227+0000] {logging_mixin.py:190} INFO - [2024-10-11T01:01:28.227+0000] {dag.py:4180} INFO - Setting next_dagrun for example_branch_labels to 2024-10-10 00:00:00+00:00, run_after=2024-10-11 00:00:00+00:00
[2024-10-11T01:01:28.263+0000] {processor.py:208} INFO - Processing /usr/local/python/3.12.1/lib/python3.12/site-packages/airflow/example_dags/example_branch_labels.py took 0.077 seconds
[2024-10-11T01:02:25.592+0000] {processor.py:186} INFO - Started process (PID=74464) to work on /usr/local/python/3.12.1/lib/python3.12/site-packages/airflow/example_dags/example_branch_labels.py
[2024-10-11T01:02:25.593+0000] {processor.py:914} INFO - Processing file /usr/local/python/3.12.1/lib/python3.12/site-packages/airflow/example_dags/example_branch_labels.py for tasks to queue
[2024-10-11T01:02:25.594+0000] {logging_mixin.py:190} INFO - [2024-10-11T01:02:25.594+0000] {dagbag.py:588} INFO - Filling up the DagBag from /usr/local/python/3.12.1/lib/python3.12/site-packages/airflow/example_dags/example_branch_labels.py
[2024-10-11T01:02:25.603+0000] {processor.py:925} INFO - DAG(s) 'example_branch_labels' retrieved from /usr/local/python/3.12.1/lib/python3.12/site-packages/airflow/example_dags/example_branch_labels.py
[2024-10-11T01:02:25.706+0000] {logging_mixin.py:190} INFO - [2024-10-11T01:02:25.706+0000] {dag.py:3239} INFO - Sync 1 DAGs
[2024-10-11T01:02:25.728+0000] {logging_mixin.py:190} INFO - [2024-10-11T01:02:25.728+0000] {dag.py:4180} INFO - Setting next_dagrun for example_branch_labels to 2024-10-10 00:00:00+00:00, run_after=2024-10-11 00:00:00+00:00
[2024-10-11T01:02:25.817+0000] {processor.py:208} INFO - Processing /usr/local/python/3.12.1/lib/python3.12/site-packages/airflow/example_dags/example_branch_labels.py took 0.229 seconds
[2024-10-11T01:03:21.442+0000] {processor.py:186} INFO - Started process (PID=75069) to work on /usr/local/python/3.12.1/lib/python3.12/site-packages/airflow/example_dags/example_branch_labels.py
[2024-10-11T01:03:21.443+0000] {processor.py:914} INFO - Processing file /usr/local/python/3.12.1/lib/python3.12/site-packages/airflow/example_dags/example_branch_labels.py for tasks to queue
[2024-10-11T01:03:21.444+0000] {logging_mixin.py:190} INFO - [2024-10-11T01:03:21.444+0000] {dagbag.py:588} INFO - Filling up the DagBag from /usr/local/python/3.12.1/lib/python3.12/site-packages/airflow/example_dags/example_branch_labels.py
[2024-10-11T01:03:21.452+0000] {processor.py:925} INFO - DAG(s) 'example_branch_labels' retrieved from /usr/local/python/3.12.1/lib/python3.12/site-packages/airflow/example_dags/example_branch_labels.py
[2024-10-11T01:03:21.457+0000] {logging_mixin.py:190} INFO - [2024-10-11T01:03:21.457+0000] {dag.py:3239} INFO - Sync 1 DAGs
[2024-10-11T01:03:21.474+0000] {logging_mixin.py:190} INFO - [2024-10-11T01:03:21.473+0000] {dag.py:4180} INFO - Setting next_dagrun for example_branch_labels to 2024-10-10 00:00:00+00:00, run_after=2024-10-11 00:00:00+00:00
[2024-10-11T01:03:21.513+0000] {processor.py:208} INFO - Processing /usr/local/python/3.12.1/lib/python3.12/site-packages/airflow/example_dags/example_branch_labels.py took 0.075 seconds
[2024-10-11T01:04:41.684+0000] {processor.py:186} INFO - Started process (PID=75968) to work on /usr/local/python/3.12.1/lib/python3.12/site-packages/airflow/example_dags/example_branch_labels.py
[2024-10-11T01:04:41.685+0000] {processor.py:914} INFO - Processing file /usr/local/python/3.12.1/lib/python3.12/site-packages/airflow/example_dags/example_branch_labels.py for tasks to queue
[2024-10-11T01:04:41.687+0000] {logging_mixin.py:190} INFO - [2024-10-11T01:04:41.687+0000] {dagbag.py:588} INFO - Filling up the DagBag from /usr/local/python/3.12.1/lib/python3.12/site-packages/airflow/example_dags/example_branch_labels.py
[2024-10-11T01:04:41.694+0000] {processor.py:925} INFO - DAG(s) 'example_branch_labels' retrieved from /usr/local/python/3.12.1/lib/python3.12/site-packages/airflow/example_dags/example_branch_labels.py
[2024-10-11T01:04:41.762+0000] {logging_mixin.py:190} INFO - [2024-10-11T01:04:41.762+0000] {dag.py:3239} INFO - Sync 1 DAGs
[2024-10-11T01:04:41.782+0000] {logging_mixin.py:190} INFO - [2024-10-11T01:04:41.782+0000] {dag.py:4180} INFO - Setting next_dagrun for example_branch_labels to 2024-10-10 00:00:00+00:00, run_after=2024-10-11 00:00:00+00:00
[2024-10-11T01:04:41.828+0000] {processor.py:208} INFO - Processing /usr/local/python/3.12.1/lib/python3.12/site-packages/airflow/example_dags/example_branch_labels.py took 0.148 seconds
[2024-10-11T01:05:39.658+0000] {processor.py:186} INFO - Started process (PID=76637) to work on /usr/local/python/3.12.1/lib/python3.12/site-packages/airflow/example_dags/example_branch_labels.py
[2024-10-11T01:05:39.659+0000] {processor.py:914} INFO - Processing file /usr/local/python/3.12.1/lib/python3.12/site-packages/airflow/example_dags/example_branch_labels.py for tasks to queue
[2024-10-11T01:05:39.660+0000] {logging_mixin.py:190} INFO - [2024-10-11T01:05:39.660+0000] {dagbag.py:588} INFO - Filling up the DagBag from /usr/local/python/3.12.1/lib/python3.12/site-packages/airflow/example_dags/example_branch_labels.py
[2024-10-11T01:05:39.667+0000] {processor.py:925} INFO - DAG(s) 'example_branch_labels' retrieved from /usr/local/python/3.12.1/lib/python3.12/site-packages/airflow/example_dags/example_branch_labels.py
[2024-10-11T01:05:39.673+0000] {logging_mixin.py:190} INFO - [2024-10-11T01:05:39.672+0000] {dag.py:3239} INFO - Sync 1 DAGs
[2024-10-11T01:05:39.688+0000] {logging_mixin.py:190} INFO - [2024-10-11T01:05:39.688+0000] {dag.py:4180} INFO - Setting next_dagrun for example_branch_labels to 2024-10-10 00:00:00+00:00, run_after=2024-10-11 00:00:00+00:00
[2024-10-11T01:05:39.729+0000] {processor.py:208} INFO - Processing /usr/local/python/3.12.1/lib/python3.12/site-packages/airflow/example_dags/example_branch_labels.py took 0.075 seconds
[2024-10-11T01:06:34.838+0000] {processor.py:186} INFO - Started process (PID=77230) to work on /usr/local/python/3.12.1/lib/python3.12/site-packages/airflow/example_dags/example_branch_labels.py
[2024-10-11T01:06:34.839+0000] {processor.py:914} INFO - Processing file /usr/local/python/3.12.1/lib/python3.12/site-packages/airflow/example_dags/example_branch_labels.py for tasks to queue
[2024-10-11T01:06:34.840+0000] {logging_mixin.py:190} INFO - [2024-10-11T01:06:34.840+0000] {dagbag.py:588} INFO - Filling up the DagBag from /usr/local/python/3.12.1/lib/python3.12/site-packages/airflow/example_dags/example_branch_labels.py
[2024-10-11T01:06:34.847+0000] {processor.py:925} INFO - DAG(s) 'example_branch_labels' retrieved from /usr/local/python/3.12.1/lib/python3.12/site-packages/airflow/example_dags/example_branch_labels.py
[2024-10-11T01:06:34.918+0000] {logging_mixin.py:190} INFO - [2024-10-11T01:06:34.918+0000] {dag.py:3239} INFO - Sync 1 DAGs
[2024-10-11T01:06:34.937+0000] {logging_mixin.py:190} INFO - [2024-10-11T01:06:34.937+0000] {dag.py:4180} INFO - Setting next_dagrun for example_branch_labels to 2024-10-10 00:00:00+00:00, run_after=2024-10-11 00:00:00+00:00
[2024-10-11T01:06:35.004+0000] {processor.py:208} INFO - Processing /usr/local/python/3.12.1/lib/python3.12/site-packages/airflow/example_dags/example_branch_labels.py took 0.170 seconds
[2024-10-11T01:07:58.166+0000] {processor.py:186} INFO - Started process (PID=78147) to work on /usr/local/python/3.12.1/lib/python3.12/site-packages/airflow/example_dags/example_branch_labels.py
[2024-10-11T01:07:58.167+0000] {processor.py:914} INFO - Processing file /usr/local/python/3.12.1/lib/python3.12/site-packages/airflow/example_dags/example_branch_labels.py for tasks to queue
[2024-10-11T01:07:58.168+0000] {logging_mixin.py:190} INFO - [2024-10-11T01:07:58.168+0000] {dagbag.py:588} INFO - Filling up the DagBag from /usr/local/python/3.12.1/lib/python3.12/site-packages/airflow/example_dags/example_branch_labels.py
[2024-10-11T01:07:58.176+0000] {processor.py:925} INFO - DAG(s) 'example_branch_labels' retrieved from /usr/local/python/3.12.1/lib/python3.12/site-packages/airflow/example_dags/example_branch_labels.py
[2024-10-11T01:07:58.181+0000] {logging_mixin.py:190} INFO - [2024-10-11T01:07:58.181+0000] {dag.py:3239} INFO - Sync 1 DAGs
[2024-10-11T01:07:58.197+0000] {logging_mixin.py:190} INFO - [2024-10-11T01:07:58.197+0000] {dag.py:4180} INFO - Setting next_dagrun for example_branch_labels to 2024-10-10 00:00:00+00:00, run_after=2024-10-11 00:00:00+00:00
[2024-10-11T01:07:58.245+0000] {processor.py:208} INFO - Processing /usr/local/python/3.12.1/lib/python3.12/site-packages/airflow/example_dags/example_branch_labels.py took 0.083 seconds
[2024-10-11T01:08:56.077+0000] {processor.py:186} INFO - Started process (PID=78772) to work on /usr/local/python/3.12.1/lib/python3.12/site-packages/airflow/example_dags/example_branch_labels.py
[2024-10-11T01:08:56.078+0000] {processor.py:914} INFO - Processing file /usr/local/python/3.12.1/lib/python3.12/site-packages/airflow/example_dags/example_branch_labels.py for tasks to queue
[2024-10-11T01:08:56.080+0000] {logging_mixin.py:190} INFO - [2024-10-11T01:08:56.080+0000] {dagbag.py:588} INFO - Filling up the DagBag from /usr/local/python/3.12.1/lib/python3.12/site-packages/airflow/example_dags/example_branch_labels.py
[2024-10-11T01:08:56.091+0000] {processor.py:925} INFO - DAG(s) 'example_branch_labels' retrieved from /usr/local/python/3.12.1/lib/python3.12/site-packages/airflow/example_dags/example_branch_labels.py
[2024-10-11T01:08:56.202+0000] {logging_mixin.py:190} INFO - [2024-10-11T01:08:56.202+0000] {dag.py:3239} INFO - Sync 1 DAGs
[2024-10-11T01:08:56.218+0000] {logging_mixin.py:190} INFO - [2024-10-11T01:08:56.218+0000] {dag.py:4180} INFO - Setting next_dagrun for example_branch_labels to 2024-10-10 00:00:00+00:00, run_after=2024-10-11 00:00:00+00:00
[2024-10-11T01:08:56.258+0000] {processor.py:208} INFO - Processing /usr/local/python/3.12.1/lib/python3.12/site-packages/airflow/example_dags/example_branch_labels.py took 0.187 seconds
[2024-10-11T01:09:53.427+0000] {processor.py:186} INFO - Started process (PID=79439) to work on /usr/local/python/3.12.1/lib/python3.12/site-packages/airflow/example_dags/example_branch_labels.py
[2024-10-11T01:09:53.428+0000] {processor.py:914} INFO - Processing file /usr/local/python/3.12.1/lib/python3.12/site-packages/airflow/example_dags/example_branch_labels.py for tasks to queue
[2024-10-11T01:09:53.429+0000] {logging_mixin.py:190} INFO - [2024-10-11T01:09:53.429+0000] {dagbag.py:588} INFO - Filling up the DagBag from /usr/local/python/3.12.1/lib/python3.12/site-packages/airflow/example_dags/example_branch_labels.py
[2024-10-11T01:09:53.436+0000] {processor.py:925} INFO - DAG(s) 'example_branch_labels' retrieved from /usr/local/python/3.12.1/lib/python3.12/site-packages/airflow/example_dags/example_branch_labels.py
[2024-10-11T01:09:53.442+0000] {logging_mixin.py:190} INFO - [2024-10-11T01:09:53.442+0000] {dag.py:3239} INFO - Sync 1 DAGs
[2024-10-11T01:09:53.457+0000] {logging_mixin.py:190} INFO - [2024-10-11T01:09:53.457+0000] {dag.py:4180} INFO - Setting next_dagrun for example_branch_labels to 2024-10-10 00:00:00+00:00, run_after=2024-10-11 00:00:00+00:00
[2024-10-11T01:09:53.505+0000] {processor.py:208} INFO - Processing /usr/local/python/3.12.1/lib/python3.12/site-packages/airflow/example_dags/example_branch_labels.py took 0.081 seconds
[2024-10-11T01:11:14.976+0000] {processor.py:186} INFO - Started process (PID=80348) to work on /usr/local/python/3.12.1/lib/python3.12/site-packages/airflow/example_dags/example_branch_labels.py
[2024-10-11T01:11:14.977+0000] {processor.py:914} INFO - Processing file /usr/local/python/3.12.1/lib/python3.12/site-packages/airflow/example_dags/example_branch_labels.py for tasks to queue
[2024-10-11T01:11:14.978+0000] {logging_mixin.py:190} INFO - [2024-10-11T01:11:14.978+0000] {dagbag.py:588} INFO - Filling up the DagBag from /usr/local/python/3.12.1/lib/python3.12/site-packages/airflow/example_dags/example_branch_labels.py
[2024-10-11T01:11:14.986+0000] {processor.py:925} INFO - DAG(s) 'example_branch_labels' retrieved from /usr/local/python/3.12.1/lib/python3.12/site-packages/airflow/example_dags/example_branch_labels.py
[2024-10-11T01:11:15.057+0000] {logging_mixin.py:190} INFO - [2024-10-11T01:11:15.057+0000] {dag.py:3239} INFO - Sync 1 DAGs
[2024-10-11T01:11:15.071+0000] {logging_mixin.py:190} INFO - [2024-10-11T01:11:15.071+0000] {dag.py:4180} INFO - Setting next_dagrun for example_branch_labels to 2024-10-10 00:00:00+00:00, run_after=2024-10-11 00:00:00+00:00
[2024-10-11T01:11:15.114+0000] {processor.py:208} INFO - Processing /usr/local/python/3.12.1/lib/python3.12/site-packages/airflow/example_dags/example_branch_labels.py took 0.144 seconds
[2024-10-11T01:12:37.968+0000] {processor.py:186} INFO - Started process (PID=81243) to work on /usr/local/python/3.12.1/lib/python3.12/site-packages/airflow/example_dags/example_branch_labels.py
[2024-10-11T01:12:37.969+0000] {processor.py:914} INFO - Processing file /usr/local/python/3.12.1/lib/python3.12/site-packages/airflow/example_dags/example_branch_labels.py for tasks to queue
[2024-10-11T01:12:37.970+0000] {logging_mixin.py:190} INFO - [2024-10-11T01:12:37.970+0000] {dagbag.py:588} INFO - Filling up the DagBag from /usr/local/python/3.12.1/lib/python3.12/site-packages/airflow/example_dags/example_branch_labels.py
[2024-10-11T01:12:37.977+0000] {processor.py:925} INFO - DAG(s) 'example_branch_labels' retrieved from /usr/local/python/3.12.1/lib/python3.12/site-packages/airflow/example_dags/example_branch_labels.py
[2024-10-11T01:12:37.982+0000] {logging_mixin.py:190} INFO - [2024-10-11T01:12:37.982+0000] {dag.py:3239} INFO - Sync 1 DAGs
[2024-10-11T01:12:37.998+0000] {logging_mixin.py:190} INFO - [2024-10-11T01:12:37.998+0000] {dag.py:4180} INFO - Setting next_dagrun for example_branch_labels to 2024-10-10 00:00:00+00:00, run_after=2024-10-11 00:00:00+00:00
[2024-10-11T01:12:38.039+0000] {processor.py:208} INFO - Processing /usr/local/python/3.12.1/lib/python3.12/site-packages/airflow/example_dags/example_branch_labels.py took 0.075 seconds
[2024-10-11T01:13:36.370+0000] {processor.py:186} INFO - Started process (PID=81889) to work on /usr/local/python/3.12.1/lib/python3.12/site-packages/airflow/example_dags/example_branch_labels.py
[2024-10-11T01:13:36.371+0000] {processor.py:914} INFO - Processing file /usr/local/python/3.12.1/lib/python3.12/site-packages/airflow/example_dags/example_branch_labels.py for tasks to queue
[2024-10-11T01:13:36.372+0000] {logging_mixin.py:190} INFO - [2024-10-11T01:13:36.372+0000] {dagbag.py:588} INFO - Filling up the DagBag from /usr/local/python/3.12.1/lib/python3.12/site-packages/airflow/example_dags/example_branch_labels.py
[2024-10-11T01:13:36.380+0000] {processor.py:925} INFO - DAG(s) 'example_branch_labels' retrieved from /usr/local/python/3.12.1/lib/python3.12/site-packages/airflow/example_dags/example_branch_labels.py
[2024-10-11T01:13:36.449+0000] {logging_mixin.py:190} INFO - [2024-10-11T01:13:36.448+0000] {dag.py:3239} INFO - Sync 1 DAGs
[2024-10-11T01:13:36.462+0000] {logging_mixin.py:190} INFO - [2024-10-11T01:13:36.461+0000] {dag.py:4180} INFO - Setting next_dagrun for example_branch_labels to 2024-10-10 00:00:00+00:00, run_after=2024-10-11 00:00:00+00:00
[2024-10-11T01:13:36.498+0000] {processor.py:208} INFO - Processing /usr/local/python/3.12.1/lib/python3.12/site-packages/airflow/example_dags/example_branch_labels.py took 0.132 seconds
[2024-10-11T01:14:54.591+0000] {processor.py:186} INFO - Started process (PID=82764) to work on /usr/local/python/3.12.1/lib/python3.12/site-packages/airflow/example_dags/example_branch_labels.py
[2024-10-11T01:14:54.592+0000] {processor.py:914} INFO - Processing file /usr/local/python/3.12.1/lib/python3.12/site-packages/airflow/example_dags/example_branch_labels.py for tasks to queue
[2024-10-11T01:14:54.594+0000] {logging_mixin.py:190} INFO - [2024-10-11T01:14:54.594+0000] {dagbag.py:588} INFO - Filling up the DagBag from /usr/local/python/3.12.1/lib/python3.12/site-packages/airflow/example_dags/example_branch_labels.py
[2024-10-11T01:14:54.604+0000] {processor.py:925} INFO - DAG(s) 'example_branch_labels' retrieved from /usr/local/python/3.12.1/lib/python3.12/site-packages/airflow/example_dags/example_branch_labels.py
[2024-10-11T01:14:54.616+0000] {logging_mixin.py:190} INFO - [2024-10-11T01:14:54.616+0000] {dag.py:3239} INFO - Sync 1 DAGs
[2024-10-11T01:14:54.630+0000] {logging_mixin.py:190} INFO - [2024-10-11T01:14:54.630+0000] {dag.py:4180} INFO - Setting next_dagrun for example_branch_labels to 2024-10-10 00:00:00+00:00, run_after=2024-10-11 00:00:00+00:00
[2024-10-11T01:14:54.692+0000] {processor.py:208} INFO - Processing /usr/local/python/3.12.1/lib/python3.12/site-packages/airflow/example_dags/example_branch_labels.py took 0.106 seconds
[2024-10-11T01:15:53.060+0000] {processor.py:186} INFO - Started process (PID=83427) to work on /usr/local/python/3.12.1/lib/python3.12/site-packages/airflow/example_dags/example_branch_labels.py
[2024-10-11T01:15:53.061+0000] {processor.py:914} INFO - Processing file /usr/local/python/3.12.1/lib/python3.12/site-packages/airflow/example_dags/example_branch_labels.py for tasks to queue
[2024-10-11T01:15:53.063+0000] {logging_mixin.py:190} INFO - [2024-10-11T01:15:53.062+0000] {dagbag.py:588} INFO - Filling up the DagBag from /usr/local/python/3.12.1/lib/python3.12/site-packages/airflow/example_dags/example_branch_labels.py
[2024-10-11T01:15:53.070+0000] {processor.py:925} INFO - DAG(s) 'example_branch_labels' retrieved from /usr/local/python/3.12.1/lib/python3.12/site-packages/airflow/example_dags/example_branch_labels.py
[2024-10-11T01:15:53.144+0000] {logging_mixin.py:190} INFO - [2024-10-11T01:15:53.144+0000] {dag.py:3239} INFO - Sync 1 DAGs
[2024-10-11T01:15:53.158+0000] {logging_mixin.py:190} INFO - [2024-10-11T01:15:53.158+0000] {dag.py:4180} INFO - Setting next_dagrun for example_branch_labels to 2024-10-10 00:00:00+00:00, run_after=2024-10-11 00:00:00+00:00
[2024-10-11T01:15:53.198+0000] {processor.py:208} INFO - Processing /usr/local/python/3.12.1/lib/python3.12/site-packages/airflow/example_dags/example_branch_labels.py took 0.142 seconds
[2024-10-11T01:17:10.514+0000] {processor.py:186} INFO - Started process (PID=84291) to work on /usr/local/python/3.12.1/lib/python3.12/site-packages/airflow/example_dags/example_branch_labels.py
[2024-10-11T01:17:10.515+0000] {processor.py:914} INFO - Processing file /usr/local/python/3.12.1/lib/python3.12/site-packages/airflow/example_dags/example_branch_labels.py for tasks to queue
[2024-10-11T01:17:10.516+0000] {logging_mixin.py:190} INFO - [2024-10-11T01:17:10.516+0000] {dagbag.py:588} INFO - Filling up the DagBag from /usr/local/python/3.12.1/lib/python3.12/site-packages/airflow/example_dags/example_branch_labels.py
[2024-10-11T01:17:10.524+0000] {processor.py:925} INFO - DAG(s) 'example_branch_labels' retrieved from /usr/local/python/3.12.1/lib/python3.12/site-packages/airflow/example_dags/example_branch_labels.py
[2024-10-11T01:17:10.592+0000] {logging_mixin.py:190} INFO - [2024-10-11T01:17:10.592+0000] {dag.py:3239} INFO - Sync 1 DAGs
[2024-10-11T01:17:10.605+0000] {logging_mixin.py:190} INFO - [2024-10-11T01:17:10.605+0000] {dag.py:4180} INFO - Setting next_dagrun for example_branch_labels to 2024-10-10 00:00:00+00:00, run_after=2024-10-11 00:00:00+00:00
[2024-10-11T01:17:10.657+0000] {processor.py:208} INFO - Processing /usr/local/python/3.12.1/lib/python3.12/site-packages/airflow/example_dags/example_branch_labels.py took 0.147 seconds
[2024-10-11T01:18:30.191+0000] {processor.py:186} INFO - Started process (PID=85140) to work on /usr/local/python/3.12.1/lib/python3.12/site-packages/airflow/example_dags/example_branch_labels.py
[2024-10-11T01:18:30.192+0000] {processor.py:914} INFO - Processing file /usr/local/python/3.12.1/lib/python3.12/site-packages/airflow/example_dags/example_branch_labels.py for tasks to queue
[2024-10-11T01:18:30.193+0000] {logging_mixin.py:190} INFO - [2024-10-11T01:18:30.193+0000] {dagbag.py:588} INFO - Filling up the DagBag from /usr/local/python/3.12.1/lib/python3.12/site-packages/airflow/example_dags/example_branch_labels.py
[2024-10-11T01:18:30.200+0000] {processor.py:925} INFO - DAG(s) 'example_branch_labels' retrieved from /usr/local/python/3.12.1/lib/python3.12/site-packages/airflow/example_dags/example_branch_labels.py
[2024-10-11T01:18:30.206+0000] {logging_mixin.py:190} INFO - [2024-10-11T01:18:30.206+0000] {dag.py:3239} INFO - Sync 1 DAGs
[2024-10-11T01:18:30.221+0000] {logging_mixin.py:190} INFO - [2024-10-11T01:18:30.221+0000] {dag.py:4180} INFO - Setting next_dagrun for example_branch_labels to 2024-10-10 00:00:00+00:00, run_after=2024-10-11 00:00:00+00:00
[2024-10-11T01:18:30.265+0000] {processor.py:208} INFO - Processing /usr/local/python/3.12.1/lib/python3.12/site-packages/airflow/example_dags/example_branch_labels.py took 0.078 seconds
[2024-10-11T01:19:27.801+0000] {processor.py:186} INFO - Started process (PID=85808) to work on /usr/local/python/3.12.1/lib/python3.12/site-packages/airflow/example_dags/example_branch_labels.py
[2024-10-11T01:19:27.802+0000] {processor.py:914} INFO - Processing file /usr/local/python/3.12.1/lib/python3.12/site-packages/airflow/example_dags/example_branch_labels.py for tasks to queue
[2024-10-11T01:19:27.804+0000] {logging_mixin.py:190} INFO - [2024-10-11T01:19:27.803+0000] {dagbag.py:588} INFO - Filling up the DagBag from /usr/local/python/3.12.1/lib/python3.12/site-packages/airflow/example_dags/example_branch_labels.py
[2024-10-11T01:19:27.814+0000] {processor.py:925} INFO - DAG(s) 'example_branch_labels' retrieved from /usr/local/python/3.12.1/lib/python3.12/site-packages/airflow/example_dags/example_branch_labels.py
[2024-10-11T01:19:27.891+0000] {logging_mixin.py:190} INFO - [2024-10-11T01:19:27.891+0000] {dag.py:3239} INFO - Sync 1 DAGs
[2024-10-11T01:19:27.904+0000] {logging_mixin.py:190} INFO - [2024-10-11T01:19:27.904+0000] {dag.py:4180} INFO - Setting next_dagrun for example_branch_labels to 2024-10-10 00:00:00+00:00, run_after=2024-10-11 00:00:00+00:00
[2024-10-11T01:19:27.972+0000] {processor.py:208} INFO - Processing /usr/local/python/3.12.1/lib/python3.12/site-packages/airflow/example_dags/example_branch_labels.py took 0.176 seconds
[2024-10-11T01:20:23.965+0000] {processor.py:186} INFO - Started process (PID=86441) to work on /usr/local/python/3.12.1/lib/python3.12/site-packages/airflow/example_dags/example_branch_labels.py
[2024-10-11T01:20:23.966+0000] {processor.py:914} INFO - Processing file /usr/local/python/3.12.1/lib/python3.12/site-packages/airflow/example_dags/example_branch_labels.py for tasks to queue
[2024-10-11T01:20:23.967+0000] {logging_mixin.py:190} INFO - [2024-10-11T01:20:23.967+0000] {dagbag.py:588} INFO - Filling up the DagBag from /usr/local/python/3.12.1/lib/python3.12/site-packages/airflow/example_dags/example_branch_labels.py
[2024-10-11T01:20:23.974+0000] {processor.py:925} INFO - DAG(s) 'example_branch_labels' retrieved from /usr/local/python/3.12.1/lib/python3.12/site-packages/airflow/example_dags/example_branch_labels.py
[2024-10-11T01:20:23.980+0000] {logging_mixin.py:190} INFO - [2024-10-11T01:20:23.979+0000] {dag.py:3239} INFO - Sync 1 DAGs
[2024-10-11T01:20:23.995+0000] {logging_mixin.py:190} INFO - [2024-10-11T01:20:23.995+0000] {dag.py:4180} INFO - Setting next_dagrun for example_branch_labels to 2024-10-10 00:00:00+00:00, run_after=2024-10-11 00:00:00+00:00
[2024-10-11T01:20:24.045+0000] {processor.py:208} INFO - Processing /usr/local/python/3.12.1/lib/python3.12/site-packages/airflow/example_dags/example_branch_labels.py took 0.084 seconds
[2024-10-11T01:21:44.832+0000] {processor.py:186} INFO - Started process (PID=87330) to work on /usr/local/python/3.12.1/lib/python3.12/site-packages/airflow/example_dags/example_branch_labels.py
[2024-10-11T01:21:44.833+0000] {processor.py:914} INFO - Processing file /usr/local/python/3.12.1/lib/python3.12/site-packages/airflow/example_dags/example_branch_labels.py for tasks to queue
[2024-10-11T01:21:44.834+0000] {logging_mixin.py:190} INFO - [2024-10-11T01:21:44.834+0000] {dagbag.py:588} INFO - Filling up the DagBag from /usr/local/python/3.12.1/lib/python3.12/site-packages/airflow/example_dags/example_branch_labels.py
[2024-10-11T01:21:44.842+0000] {processor.py:925} INFO - DAG(s) 'example_branch_labels' retrieved from /usr/local/python/3.12.1/lib/python3.12/site-packages/airflow/example_dags/example_branch_labels.py
[2024-10-11T01:21:44.911+0000] {logging_mixin.py:190} INFO - [2024-10-11T01:21:44.911+0000] {dag.py:3239} INFO - Sync 1 DAGs
[2024-10-11T01:21:44.925+0000] {logging_mixin.py:190} INFO - [2024-10-11T01:21:44.925+0000] {dag.py:4180} INFO - Setting next_dagrun for example_branch_labels to 2024-10-10 00:00:00+00:00, run_after=2024-10-11 00:00:00+00:00
[2024-10-11T01:21:44.968+0000] {processor.py:208} INFO - Processing /usr/local/python/3.12.1/lib/python3.12/site-packages/airflow/example_dags/example_branch_labels.py took 0.140 seconds
[2024-10-11T01:23:03.070+0000] {processor.py:186} INFO - Started process (PID=88167) to work on /usr/local/python/3.12.1/lib/python3.12/site-packages/airflow/example_dags/example_branch_labels.py
[2024-10-11T01:23:03.071+0000] {processor.py:914} INFO - Processing file /usr/local/python/3.12.1/lib/python3.12/site-packages/airflow/example_dags/example_branch_labels.py for tasks to queue
[2024-10-11T01:23:03.072+0000] {logging_mixin.py:190} INFO - [2024-10-11T01:23:03.072+0000] {dagbag.py:588} INFO - Filling up the DagBag from /usr/local/python/3.12.1/lib/python3.12/site-packages/airflow/example_dags/example_branch_labels.py
[2024-10-11T01:23:03.079+0000] {processor.py:925} INFO - DAG(s) 'example_branch_labels' retrieved from /usr/local/python/3.12.1/lib/python3.12/site-packages/airflow/example_dags/example_branch_labels.py
[2024-10-11T01:23:03.086+0000] {logging_mixin.py:190} INFO - [2024-10-11T01:23:03.086+0000] {dag.py:3239} INFO - Sync 1 DAGs
[2024-10-11T01:23:03.102+0000] {logging_mixin.py:190} INFO - [2024-10-11T01:23:03.101+0000] {dag.py:4180} INFO - Setting next_dagrun for example_branch_labels to 2024-10-10 00:00:00+00:00, run_after=2024-10-11 00:00:00+00:00
[2024-10-11T01:23:03.137+0000] {processor.py:208} INFO - Processing /usr/local/python/3.12.1/lib/python3.12/site-packages/airflow/example_dags/example_branch_labels.py took 0.071 seconds
[2024-10-11T01:23:58.997+0000] {processor.py:186} INFO - Started process (PID=88787) to work on /usr/local/python/3.12.1/lib/python3.12/site-packages/airflow/example_dags/example_branch_labels.py
[2024-10-11T01:23:58.998+0000] {processor.py:914} INFO - Processing file /usr/local/python/3.12.1/lib/python3.12/site-packages/airflow/example_dags/example_branch_labels.py for tasks to queue
[2024-10-11T01:23:58.999+0000] {logging_mixin.py:190} INFO - [2024-10-11T01:23:58.999+0000] {dagbag.py:588} INFO - Filling up the DagBag from /usr/local/python/3.12.1/lib/python3.12/site-packages/airflow/example_dags/example_branch_labels.py
[2024-10-11T01:23:59.006+0000] {processor.py:925} INFO - DAG(s) 'example_branch_labels' retrieved from /usr/local/python/3.12.1/lib/python3.12/site-packages/airflow/example_dags/example_branch_labels.py
[2024-10-11T01:23:59.075+0000] {logging_mixin.py:190} INFO - [2024-10-11T01:23:59.074+0000] {dag.py:3239} INFO - Sync 1 DAGs
[2024-10-11T01:23:59.087+0000] {logging_mixin.py:190} INFO - [2024-10-11T01:23:59.087+0000] {dag.py:4180} INFO - Setting next_dagrun for example_branch_labels to 2024-10-10 00:00:00+00:00, run_after=2024-10-11 00:00:00+00:00
[2024-10-11T01:23:59.129+0000] {processor.py:208} INFO - Processing /usr/local/python/3.12.1/lib/python3.12/site-packages/airflow/example_dags/example_branch_labels.py took 0.136 seconds
[2024-10-11T01:24:57.581+0000] {processor.py:186} INFO - Started process (PID=89454) to work on /usr/local/python/3.12.1/lib/python3.12/site-packages/airflow/example_dags/example_branch_labels.py
[2024-10-11T01:24:57.582+0000] {processor.py:914} INFO - Processing file /usr/local/python/3.12.1/lib/python3.12/site-packages/airflow/example_dags/example_branch_labels.py for tasks to queue
[2024-10-11T01:24:57.583+0000] {logging_mixin.py:190} INFO - [2024-10-11T01:24:57.583+0000] {dagbag.py:588} INFO - Filling up the DagBag from /usr/local/python/3.12.1/lib/python3.12/site-packages/airflow/example_dags/example_branch_labels.py
[2024-10-11T01:24:57.590+0000] {processor.py:925} INFO - DAG(s) 'example_branch_labels' retrieved from /usr/local/python/3.12.1/lib/python3.12/site-packages/airflow/example_dags/example_branch_labels.py
[2024-10-11T01:24:57.602+0000] {logging_mixin.py:190} INFO - [2024-10-11T01:24:57.601+0000] {dag.py:3239} INFO - Sync 1 DAGs
[2024-10-11T01:24:57.621+0000] {logging_mixin.py:190} INFO - [2024-10-11T01:24:57.621+0000] {dag.py:4180} INFO - Setting next_dagrun for example_branch_labels to 2024-10-10 00:00:00+00:00, run_after=2024-10-11 00:00:00+00:00
[2024-10-11T01:24:57.665+0000] {processor.py:208} INFO - Processing /usr/local/python/3.12.1/lib/python3.12/site-packages/airflow/example_dags/example_branch_labels.py took 0.088 seconds
[2024-10-11T01:25:58.246+0000] {processor.py:186} INFO - Started process (PID=90108) to work on /usr/local/python/3.12.1/lib/python3.12/site-packages/airflow/example_dags/example_branch_labels.py
[2024-10-11T01:25:58.247+0000] {processor.py:914} INFO - Processing file /usr/local/python/3.12.1/lib/python3.12/site-packages/airflow/example_dags/example_branch_labels.py for tasks to queue
[2024-10-11T01:25:58.248+0000] {logging_mixin.py:190} INFO - [2024-10-11T01:25:58.248+0000] {dagbag.py:588} INFO - Filling up the DagBag from /usr/local/python/3.12.1/lib/python3.12/site-packages/airflow/example_dags/example_branch_labels.py
[2024-10-11T01:25:58.255+0000] {processor.py:925} INFO - DAG(s) 'example_branch_labels' retrieved from /usr/local/python/3.12.1/lib/python3.12/site-packages/airflow/example_dags/example_branch_labels.py
[2024-10-11T01:25:58.355+0000] {logging_mixin.py:190} INFO - [2024-10-11T01:25:58.355+0000] {dag.py:3239} INFO - Sync 1 DAGs
[2024-10-11T01:25:58.393+0000] {logging_mixin.py:190} INFO - [2024-10-11T01:25:58.392+0000] {dag.py:4180} INFO - Setting next_dagrun for example_branch_labels to 2024-10-10 00:00:00+00:00, run_after=2024-10-11 00:00:00+00:00
[2024-10-11T01:25:58.460+0000] {processor.py:208} INFO - Processing /usr/local/python/3.12.1/lib/python3.12/site-packages/airflow/example_dags/example_branch_labels.py took 0.218 seconds
[2024-10-11T01:27:18.111+0000] {processor.py:186} INFO - Started process (PID=90980) to work on /usr/local/python/3.12.1/lib/python3.12/site-packages/airflow/example_dags/example_branch_labels.py
[2024-10-11T01:27:18.112+0000] {processor.py:914} INFO - Processing file /usr/local/python/3.12.1/lib/python3.12/site-packages/airflow/example_dags/example_branch_labels.py for tasks to queue
[2024-10-11T01:27:18.113+0000] {logging_mixin.py:190} INFO - [2024-10-11T01:27:18.113+0000] {dagbag.py:588} INFO - Filling up the DagBag from /usr/local/python/3.12.1/lib/python3.12/site-packages/airflow/example_dags/example_branch_labels.py
[2024-10-11T01:27:18.121+0000] {processor.py:925} INFO - DAG(s) 'example_branch_labels' retrieved from /usr/local/python/3.12.1/lib/python3.12/site-packages/airflow/example_dags/example_branch_labels.py
[2024-10-11T01:27:18.127+0000] {logging_mixin.py:190} INFO - [2024-10-11T01:27:18.127+0000] {dag.py:3239} INFO - Sync 1 DAGs
[2024-10-11T01:27:18.142+0000] {logging_mixin.py:190} INFO - [2024-10-11T01:27:18.142+0000] {dag.py:4180} INFO - Setting next_dagrun for example_branch_labels to 2024-10-10 00:00:00+00:00, run_after=2024-10-11 00:00:00+00:00
[2024-10-11T01:27:18.180+0000] {processor.py:208} INFO - Processing /usr/local/python/3.12.1/lib/python3.12/site-packages/airflow/example_dags/example_branch_labels.py took 0.073 seconds
[2024-10-11T01:28:15.521+0000] {processor.py:186} INFO - Started process (PID=91624) to work on /usr/local/python/3.12.1/lib/python3.12/site-packages/airflow/example_dags/example_branch_labels.py
[2024-10-11T01:28:15.521+0000] {processor.py:914} INFO - Processing file /usr/local/python/3.12.1/lib/python3.12/site-packages/airflow/example_dags/example_branch_labels.py for tasks to queue
[2024-10-11T01:28:15.523+0000] {logging_mixin.py:190} INFO - [2024-10-11T01:28:15.522+0000] {dagbag.py:588} INFO - Filling up the DagBag from /usr/local/python/3.12.1/lib/python3.12/site-packages/airflow/example_dags/example_branch_labels.py
[2024-10-11T01:28:15.530+0000] {processor.py:925} INFO - DAG(s) 'example_branch_labels' retrieved from /usr/local/python/3.12.1/lib/python3.12/site-packages/airflow/example_dags/example_branch_labels.py
[2024-10-11T01:28:15.609+0000] {logging_mixin.py:190} INFO - [2024-10-11T01:28:15.608+0000] {dag.py:3239} INFO - Sync 1 DAGs
[2024-10-11T01:28:15.622+0000] {logging_mixin.py:190} INFO - [2024-10-11T01:28:15.622+0000] {dag.py:4180} INFO - Setting next_dagrun for example_branch_labels to 2024-10-10 00:00:00+00:00, run_after=2024-10-11 00:00:00+00:00
[2024-10-11T01:28:15.671+0000] {processor.py:208} INFO - Processing /usr/local/python/3.12.1/lib/python3.12/site-packages/airflow/example_dags/example_branch_labels.py took 0.155 seconds
[2024-10-11T01:29:38.018+0000] {processor.py:186} INFO - Started process (PID=92554) to work on /usr/local/python/3.12.1/lib/python3.12/site-packages/airflow/example_dags/example_branch_labels.py
[2024-10-11T01:29:38.019+0000] {processor.py:914} INFO - Processing file /usr/local/python/3.12.1/lib/python3.12/site-packages/airflow/example_dags/example_branch_labels.py for tasks to queue
[2024-10-11T01:29:38.020+0000] {logging_mixin.py:190} INFO - [2024-10-11T01:29:38.020+0000] {dagbag.py:588} INFO - Filling up the DagBag from /usr/local/python/3.12.1/lib/python3.12/site-packages/airflow/example_dags/example_branch_labels.py
[2024-10-11T01:29:38.027+0000] {processor.py:925} INFO - DAG(s) 'example_branch_labels' retrieved from /usr/local/python/3.12.1/lib/python3.12/site-packages/airflow/example_dags/example_branch_labels.py
[2024-10-11T01:29:38.033+0000] {logging_mixin.py:190} INFO - [2024-10-11T01:29:38.032+0000] {dag.py:3239} INFO - Sync 1 DAGs
[2024-10-11T01:29:38.048+0000] {logging_mixin.py:190} INFO - [2024-10-11T01:29:38.048+0000] {dag.py:4180} INFO - Setting next_dagrun for example_branch_labels to 2024-10-10 00:00:00+00:00, run_after=2024-10-11 00:00:00+00:00
[2024-10-11T01:29:38.082+0000] {processor.py:208} INFO - Processing /usr/local/python/3.12.1/lib/python3.12/site-packages/airflow/example_dags/example_branch_labels.py took 0.068 seconds
