[2024-10-11T00:15:21.092+0000] {processor.py:186} INFO - Started process (PID=43188) to work on /usr/local/python/3.12.1/lib/python3.12/site-packages/airflow/example_dags/example_branch_operator_decorator.py
[2024-10-11T00:15:21.092+0000] {processor.py:914} INFO - Processing file /usr/local/python/3.12.1/lib/python3.12/site-packages/airflow/example_dags/example_branch_operator_decorator.py for tasks to queue
[2024-10-11T00:15:21.094+0000] {logging_mixin.py:190} INFO - [2024-10-11T00:15:21.093+0000] {dagbag.py:588} INFO - Filling up the DagBag from /usr/local/python/3.12.1/lib/python3.12/site-packages/airflow/example_dags/example_branch_operator_decorator.py
[2024-10-11T00:15:21.109+0000] {processor.py:925} INFO - DAG(s) 'example_branch_python_operator_decorator' retrieved from /usr/local/python/3.12.1/lib/python3.12/site-packages/airflow/example_dags/example_branch_operator_decorator.py
[2024-10-11T00:15:21.264+0000] {logging_mixin.py:190} INFO - [2024-10-11T00:15:21.263+0000] {override.py:1900} INFO - Created Permission View: can delete on DAG:example_branch_python_operator_decorator
[2024-10-11T00:15:21.295+0000] {logging_mixin.py:190} INFO - [2024-10-11T00:15:21.295+0000] {override.py:1900} INFO - Created Permission View: can edit on DAG:example_branch_python_operator_decorator
[2024-10-11T00:15:21.327+0000] {logging_mixin.py:190} INFO - [2024-10-11T00:15:21.326+0000] {override.py:1900} INFO - Created Permission View: can read on DAG:example_branch_python_operator_decorator
[2024-10-11T00:15:21.394+0000] {logging_mixin.py:190} INFO - [2024-10-11T00:15:21.394+0000] {override.py:1900} INFO - Created Permission View: can delete on DAG Run:example_branch_python_operator_decorator
[2024-10-11T00:15:21.424+0000] {logging_mixin.py:190} INFO - [2024-10-11T00:15:21.423+0000] {override.py:1900} INFO - Created Permission View: can create on DAG Run:example_branch_python_operator_decorator
[2024-10-11T00:15:21.459+0000] {logging_mixin.py:190} INFO - [2024-10-11T00:15:21.458+0000] {override.py:1900} INFO - Created Permission View: can read on DAG Run:example_branch_python_operator_decorator
[2024-10-11T00:15:21.491+0000] {logging_mixin.py:190} INFO - [2024-10-11T00:15:21.491+0000] {override.py:1900} INFO - Created Permission View: menu access on DAG Run:example_branch_python_operator_decorator
[2024-10-11T00:15:21.491+0000] {logging_mixin.py:190} INFO - [2024-10-11T00:15:21.491+0000] {dag.py:3239} INFO - Sync 1 DAGs
[2024-10-11T00:15:21.501+0000] {logging_mixin.py:190} INFO - [2024-10-11T00:15:21.501+0000] {dag.py:3262} INFO - Creating ORM DAG for example_branch_python_operator_decorator
[2024-10-11T00:15:21.507+0000] {logging_mixin.py:190} INFO - [2024-10-11T00:15:21.507+0000] {dag.py:4180} INFO - Setting next_dagrun for example_branch_python_operator_decorator to 2024-10-10 00:00:00+00:00, run_after=2024-10-11 00:00:00+00:00
[2024-10-11T00:15:21.564+0000] {processor.py:208} INFO - Processing /usr/local/python/3.12.1/lib/python3.12/site-packages/airflow/example_dags/example_branch_operator_decorator.py took 0.476 seconds
[2024-10-11T00:16:20.682+0000] {processor.py:186} INFO - Started process (PID=43841) to work on /usr/local/python/3.12.1/lib/python3.12/site-packages/airflow/example_dags/example_branch_operator_decorator.py
[2024-10-11T00:16:20.683+0000] {processor.py:914} INFO - Processing file /usr/local/python/3.12.1/lib/python3.12/site-packages/airflow/example_dags/example_branch_operator_decorator.py for tasks to queue
[2024-10-11T00:16:20.684+0000] {logging_mixin.py:190} INFO - [2024-10-11T00:16:20.684+0000] {dagbag.py:588} INFO - Filling up the DagBag from /usr/local/python/3.12.1/lib/python3.12/site-packages/airflow/example_dags/example_branch_operator_decorator.py
[2024-10-11T00:16:20.700+0000] {processor.py:925} INFO - DAG(s) 'example_branch_python_operator_decorator' retrieved from /usr/local/python/3.12.1/lib/python3.12/site-packages/airflow/example_dags/example_branch_operator_decorator.py
[2024-10-11T00:16:20.706+0000] {logging_mixin.py:190} INFO - [2024-10-11T00:16:20.705+0000] {dag.py:3239} INFO - Sync 1 DAGs
[2024-10-11T00:16:20.721+0000] {logging_mixin.py:190} INFO - [2024-10-11T00:16:20.720+0000] {dag.py:4180} INFO - Setting next_dagrun for example_branch_python_operator_decorator to 2024-10-10 00:00:00+00:00, run_after=2024-10-11 00:00:00+00:00
[2024-10-11T00:16:20.761+0000] {processor.py:208} INFO - Processing /usr/local/python/3.12.1/lib/python3.12/site-packages/airflow/example_dags/example_branch_operator_decorator.py took 0.083 seconds
[2024-10-11T00:17:40.797+0000] {processor.py:186} INFO - Started process (PID=44733) to work on /usr/local/python/3.12.1/lib/python3.12/site-packages/airflow/example_dags/example_branch_operator_decorator.py
[2024-10-11T00:17:40.797+0000] {processor.py:914} INFO - Processing file /usr/local/python/3.12.1/lib/python3.12/site-packages/airflow/example_dags/example_branch_operator_decorator.py for tasks to queue
[2024-10-11T00:17:40.799+0000] {logging_mixin.py:190} INFO - [2024-10-11T00:17:40.799+0000] {dagbag.py:588} INFO - Filling up the DagBag from /usr/local/python/3.12.1/lib/python3.12/site-packages/airflow/example_dags/example_branch_operator_decorator.py
[2024-10-11T00:17:40.815+0000] {processor.py:925} INFO - DAG(s) 'example_branch_python_operator_decorator' retrieved from /usr/local/python/3.12.1/lib/python3.12/site-packages/airflow/example_dags/example_branch_operator_decorator.py
[2024-10-11T00:17:40.887+0000] {logging_mixin.py:190} INFO - [2024-10-11T00:17:40.887+0000] {dag.py:3239} INFO - Sync 1 DAGs
[2024-10-11T00:17:40.901+0000] {logging_mixin.py:190} INFO - [2024-10-11T00:17:40.901+0000] {dag.py:4180} INFO - Setting next_dagrun for example_branch_python_operator_decorator to 2024-10-10 00:00:00+00:00, run_after=2024-10-11 00:00:00+00:00
[2024-10-11T00:17:40.942+0000] {processor.py:208} INFO - Processing /usr/local/python/3.12.1/lib/python3.12/site-packages/airflow/example_dags/example_branch_operator_decorator.py took 0.149 seconds
[2024-10-11T00:19:10.309+0000] {processor.py:186} INFO - Started process (PID=45731) to work on /usr/local/python/3.12.1/lib/python3.12/site-packages/airflow/example_dags/example_branch_operator_decorator.py
[2024-10-11T00:19:10.309+0000] {processor.py:914} INFO - Processing file /usr/local/python/3.12.1/lib/python3.12/site-packages/airflow/example_dags/example_branch_operator_decorator.py for tasks to queue
[2024-10-11T00:19:10.311+0000] {logging_mixin.py:190} INFO - [2024-10-11T00:19:10.310+0000] {dagbag.py:588} INFO - Filling up the DagBag from /usr/local/python/3.12.1/lib/python3.12/site-packages/airflow/example_dags/example_branch_operator_decorator.py
[2024-10-11T00:19:10.332+0000] {processor.py:925} INFO - DAG(s) 'example_branch_python_operator_decorator' retrieved from /usr/local/python/3.12.1/lib/python3.12/site-packages/airflow/example_dags/example_branch_operator_decorator.py
[2024-10-11T00:19:10.413+0000] {logging_mixin.py:190} INFO - [2024-10-11T00:19:10.413+0000] {dag.py:3239} INFO - Sync 1 DAGs
[2024-10-11T00:19:10.427+0000] {logging_mixin.py:190} INFO - [2024-10-11T00:19:10.427+0000] {dag.py:4180} INFO - Setting next_dagrun for example_branch_python_operator_decorator to 2024-10-10 00:00:00+00:00, run_after=2024-10-11 00:00:00+00:00
[2024-10-11T00:19:10.473+0000] {processor.py:208} INFO - Processing /usr/local/python/3.12.1/lib/python3.12/site-packages/airflow/example_dags/example_branch_operator_decorator.py took 0.168 seconds
[2024-10-11T00:20:34.395+0000] {processor.py:186} INFO - Started process (PID=46669) to work on /usr/local/python/3.12.1/lib/python3.12/site-packages/airflow/example_dags/example_branch_operator_decorator.py
[2024-10-11T00:20:34.395+0000] {processor.py:914} INFO - Processing file /usr/local/python/3.12.1/lib/python3.12/site-packages/airflow/example_dags/example_branch_operator_decorator.py for tasks to queue
[2024-10-11T00:20:34.397+0000] {logging_mixin.py:190} INFO - [2024-10-11T00:20:34.396+0000] {dagbag.py:588} INFO - Filling up the DagBag from /usr/local/python/3.12.1/lib/python3.12/site-packages/airflow/example_dags/example_branch_operator_decorator.py
[2024-10-11T00:20:34.412+0000] {processor.py:925} INFO - DAG(s) 'example_branch_python_operator_decorator' retrieved from /usr/local/python/3.12.1/lib/python3.12/site-packages/airflow/example_dags/example_branch_operator_decorator.py
[2024-10-11T00:20:34.487+0000] {logging_mixin.py:190} INFO - [2024-10-11T00:20:34.487+0000] {dag.py:3239} INFO - Sync 1 DAGs
[2024-10-11T00:20:34.500+0000] {logging_mixin.py:190} INFO - [2024-10-11T00:20:34.500+0000] {dag.py:4180} INFO - Setting next_dagrun for example_branch_python_operator_decorator to 2024-10-10 00:00:00+00:00, run_after=2024-10-11 00:00:00+00:00
[2024-10-11T00:20:34.541+0000] {processor.py:208} INFO - Processing /usr/local/python/3.12.1/lib/python3.12/site-packages/airflow/example_dags/example_branch_operator_decorator.py took 0.150 seconds
[2024-10-11T00:21:31.818+0000] {processor.py:186} INFO - Started process (PID=47306) to work on /usr/local/python/3.12.1/lib/python3.12/site-packages/airflow/example_dags/example_branch_operator_decorator.py
[2024-10-11T00:21:31.819+0000] {processor.py:914} INFO - Processing file /usr/local/python/3.12.1/lib/python3.12/site-packages/airflow/example_dags/example_branch_operator_decorator.py for tasks to queue
[2024-10-11T00:21:31.821+0000] {logging_mixin.py:190} INFO - [2024-10-11T00:21:31.820+0000] {dagbag.py:588} INFO - Filling up the DagBag from /usr/local/python/3.12.1/lib/python3.12/site-packages/airflow/example_dags/example_branch_operator_decorator.py
[2024-10-11T00:21:31.839+0000] {processor.py:925} INFO - DAG(s) 'example_branch_python_operator_decorator' retrieved from /usr/local/python/3.12.1/lib/python3.12/site-packages/airflow/example_dags/example_branch_operator_decorator.py
[2024-10-11T00:21:31.844+0000] {logging_mixin.py:190} INFO - [2024-10-11T00:21:31.844+0000] {dag.py:3239} INFO - Sync 1 DAGs
[2024-10-11T00:21:31.859+0000] {logging_mixin.py:190} INFO - [2024-10-11T00:21:31.859+0000] {dag.py:4180} INFO - Setting next_dagrun for example_branch_python_operator_decorator to 2024-10-10 00:00:00+00:00, run_after=2024-10-11 00:00:00+00:00
[2024-10-11T00:21:31.899+0000] {processor.py:208} INFO - Processing /usr/local/python/3.12.1/lib/python3.12/site-packages/airflow/example_dags/example_branch_operator_decorator.py took 0.087 seconds
[2024-10-11T00:22:59.825+0000] {processor.py:186} INFO - Started process (PID=48264) to work on /usr/local/python/3.12.1/lib/python3.12/site-packages/airflow/example_dags/example_branch_operator_decorator.py
[2024-10-11T00:22:59.825+0000] {processor.py:914} INFO - Processing file /usr/local/python/3.12.1/lib/python3.12/site-packages/airflow/example_dags/example_branch_operator_decorator.py for tasks to queue
[2024-10-11T00:22:59.827+0000] {logging_mixin.py:190} INFO - [2024-10-11T00:22:59.826+0000] {dagbag.py:588} INFO - Filling up the DagBag from /usr/local/python/3.12.1/lib/python3.12/site-packages/airflow/example_dags/example_branch_operator_decorator.py
[2024-10-11T00:22:59.842+0000] {processor.py:925} INFO - DAG(s) 'example_branch_python_operator_decorator' retrieved from /usr/local/python/3.12.1/lib/python3.12/site-packages/airflow/example_dags/example_branch_operator_decorator.py
[2024-10-11T00:22:59.920+0000] {logging_mixin.py:190} INFO - [2024-10-11T00:22:59.920+0000] {dag.py:3239} INFO - Sync 1 DAGs
[2024-10-11T00:22:59.933+0000] {logging_mixin.py:190} INFO - [2024-10-11T00:22:59.933+0000] {dag.py:4180} INFO - Setting next_dagrun for example_branch_python_operator_decorator to 2024-10-10 00:00:00+00:00, run_after=2024-10-11 00:00:00+00:00
[2024-10-11T00:22:59.981+0000] {processor.py:208} INFO - Processing /usr/local/python/3.12.1/lib/python3.12/site-packages/airflow/example_dags/example_branch_operator_decorator.py took 0.160 seconds
[2024-10-11T00:24:25.725+0000] {processor.py:186} INFO - Started process (PID=49222) to work on /usr/local/python/3.12.1/lib/python3.12/site-packages/airflow/example_dags/example_branch_operator_decorator.py
[2024-10-11T00:24:25.726+0000] {processor.py:914} INFO - Processing file /usr/local/python/3.12.1/lib/python3.12/site-packages/airflow/example_dags/example_branch_operator_decorator.py for tasks to queue
[2024-10-11T00:24:25.727+0000] {logging_mixin.py:190} INFO - [2024-10-11T00:24:25.727+0000] {dagbag.py:588} INFO - Filling up the DagBag from /usr/local/python/3.12.1/lib/python3.12/site-packages/airflow/example_dags/example_branch_operator_decorator.py
[2024-10-11T00:24:25.743+0000] {processor.py:925} INFO - DAG(s) 'example_branch_python_operator_decorator' retrieved from /usr/local/python/3.12.1/lib/python3.12/site-packages/airflow/example_dags/example_branch_operator_decorator.py
[2024-10-11T00:24:25.830+0000] {logging_mixin.py:190} INFO - [2024-10-11T00:24:25.830+0000] {dag.py:3239} INFO - Sync 1 DAGs
[2024-10-11T00:24:25.851+0000] {logging_mixin.py:190} INFO - [2024-10-11T00:24:25.850+0000] {dag.py:4180} INFO - Setting next_dagrun for example_branch_python_operator_decorator to 2024-10-10 00:00:00+00:00, run_after=2024-10-11 00:00:00+00:00
[2024-10-11T00:24:25.909+0000] {processor.py:208} INFO - Processing /usr/local/python/3.12.1/lib/python3.12/site-packages/airflow/example_dags/example_branch_operator_decorator.py took 0.187 seconds
[2024-10-11T00:25:27.033+0000] {processor.py:186} INFO - Started process (PID=49913) to work on /usr/local/python/3.12.1/lib/python3.12/site-packages/airflow/example_dags/example_branch_operator_decorator.py
[2024-10-11T00:25:27.034+0000] {processor.py:914} INFO - Processing file /usr/local/python/3.12.1/lib/python3.12/site-packages/airflow/example_dags/example_branch_operator_decorator.py for tasks to queue
[2024-10-11T00:25:27.035+0000] {logging_mixin.py:190} INFO - [2024-10-11T00:25:27.035+0000] {dagbag.py:588} INFO - Filling up the DagBag from /usr/local/python/3.12.1/lib/python3.12/site-packages/airflow/example_dags/example_branch_operator_decorator.py
[2024-10-11T00:25:27.051+0000] {processor.py:925} INFO - DAG(s) 'example_branch_python_operator_decorator' retrieved from /usr/local/python/3.12.1/lib/python3.12/site-packages/airflow/example_dags/example_branch_operator_decorator.py
[2024-10-11T00:25:27.057+0000] {logging_mixin.py:190} INFO - [2024-10-11T00:25:27.057+0000] {dag.py:3239} INFO - Sync 1 DAGs
[2024-10-11T00:25:27.072+0000] {logging_mixin.py:190} INFO - [2024-10-11T00:25:27.072+0000] {dag.py:4180} INFO - Setting next_dagrun for example_branch_python_operator_decorator to 2024-10-10 00:00:00+00:00, run_after=2024-10-11 00:00:00+00:00
[2024-10-11T00:25:27.133+0000] {processor.py:208} INFO - Processing /usr/local/python/3.12.1/lib/python3.12/site-packages/airflow/example_dags/example_branch_operator_decorator.py took 0.103 seconds
[2024-10-11T00:26:50.130+0000] {processor.py:186} INFO - Started process (PID=50821) to work on /usr/local/python/3.12.1/lib/python3.12/site-packages/airflow/example_dags/example_branch_operator_decorator.py
[2024-10-11T00:26:50.131+0000] {processor.py:914} INFO - Processing file /usr/local/python/3.12.1/lib/python3.12/site-packages/airflow/example_dags/example_branch_operator_decorator.py for tasks to queue
[2024-10-11T00:26:50.133+0000] {logging_mixin.py:190} INFO - [2024-10-11T00:26:50.132+0000] {dagbag.py:588} INFO - Filling up the DagBag from /usr/local/python/3.12.1/lib/python3.12/site-packages/airflow/example_dags/example_branch_operator_decorator.py
[2024-10-11T00:26:50.150+0000] {processor.py:925} INFO - DAG(s) 'example_branch_python_operator_decorator' retrieved from /usr/local/python/3.12.1/lib/python3.12/site-packages/airflow/example_dags/example_branch_operator_decorator.py
[2024-10-11T00:26:50.250+0000] {logging_mixin.py:190} INFO - [2024-10-11T00:26:50.250+0000] {dag.py:3239} INFO - Sync 1 DAGs
[2024-10-11T00:26:50.268+0000] {logging_mixin.py:190} INFO - [2024-10-11T00:26:50.268+0000] {dag.py:4180} INFO - Setting next_dagrun for example_branch_python_operator_decorator to 2024-10-10 00:00:00+00:00, run_after=2024-10-11 00:00:00+00:00
[2024-10-11T00:26:50.305+0000] {processor.py:208} INFO - Processing /usr/local/python/3.12.1/lib/python3.12/site-packages/airflow/example_dags/example_branch_operator_decorator.py took 0.178 seconds
[2024-10-11T00:27:46.883+0000] {processor.py:186} INFO - Started process (PID=51448) to work on /usr/local/python/3.12.1/lib/python3.12/site-packages/airflow/example_dags/example_branch_operator_decorator.py
[2024-10-11T00:27:46.884+0000] {processor.py:914} INFO - Processing file /usr/local/python/3.12.1/lib/python3.12/site-packages/airflow/example_dags/example_branch_operator_decorator.py for tasks to queue
[2024-10-11T00:27:46.886+0000] {logging_mixin.py:190} INFO - [2024-10-11T00:27:46.885+0000] {dagbag.py:588} INFO - Filling up the DagBag from /usr/local/python/3.12.1/lib/python3.12/site-packages/airflow/example_dags/example_branch_operator_decorator.py
[2024-10-11T00:27:46.907+0000] {processor.py:925} INFO - DAG(s) 'example_branch_python_operator_decorator' retrieved from /usr/local/python/3.12.1/lib/python3.12/site-packages/airflow/example_dags/example_branch_operator_decorator.py
[2024-10-11T00:27:46.934+0000] {logging_mixin.py:190} INFO - [2024-10-11T00:27:46.934+0000] {dag.py:3239} INFO - Sync 1 DAGs
[2024-10-11T00:27:46.952+0000] {logging_mixin.py:190} INFO - [2024-10-11T00:27:46.952+0000] {dag.py:4180} INFO - Setting next_dagrun for example_branch_python_operator_decorator to 2024-10-10 00:00:00+00:00, run_after=2024-10-11 00:00:00+00:00
[2024-10-11T00:27:47.010+0000] {processor.py:208} INFO - Processing /usr/local/python/3.12.1/lib/python3.12/site-packages/airflow/example_dags/example_branch_operator_decorator.py took 0.130 seconds
[2024-10-11T00:29:09.784+0000] {processor.py:186} INFO - Started process (PID=52402) to work on /usr/local/python/3.12.1/lib/python3.12/site-packages/airflow/example_dags/example_branch_operator_decorator.py
[2024-10-11T00:29:09.785+0000] {processor.py:914} INFO - Processing file /usr/local/python/3.12.1/lib/python3.12/site-packages/airflow/example_dags/example_branch_operator_decorator.py for tasks to queue
[2024-10-11T00:29:09.786+0000] {logging_mixin.py:190} INFO - [2024-10-11T00:29:09.786+0000] {dagbag.py:588} INFO - Filling up the DagBag from /usr/local/python/3.12.1/lib/python3.12/site-packages/airflow/example_dags/example_branch_operator_decorator.py
[2024-10-11T00:29:09.802+0000] {processor.py:925} INFO - DAG(s) 'example_branch_python_operator_decorator' retrieved from /usr/local/python/3.12.1/lib/python3.12/site-packages/airflow/example_dags/example_branch_operator_decorator.py
[2024-10-11T00:29:09.878+0000] {logging_mixin.py:190} INFO - [2024-10-11T00:29:09.877+0000] {dag.py:3239} INFO - Sync 1 DAGs
[2024-10-11T00:29:09.891+0000] {logging_mixin.py:190} INFO - [2024-10-11T00:29:09.890+0000] {dag.py:4180} INFO - Setting next_dagrun for example_branch_python_operator_decorator to 2024-10-10 00:00:00+00:00, run_after=2024-10-11 00:00:00+00:00
[2024-10-11T00:29:09.949+0000] {processor.py:208} INFO - Processing /usr/local/python/3.12.1/lib/python3.12/site-packages/airflow/example_dags/example_branch_operator_decorator.py took 0.169 seconds
[2024-10-11T00:30:33.555+0000] {processor.py:186} INFO - Started process (PID=53339) to work on /usr/local/python/3.12.1/lib/python3.12/site-packages/airflow/example_dags/example_branch_operator_decorator.py
[2024-10-11T00:30:33.556+0000] {processor.py:914} INFO - Processing file /usr/local/python/3.12.1/lib/python3.12/site-packages/airflow/example_dags/example_branch_operator_decorator.py for tasks to queue
[2024-10-11T00:30:33.557+0000] {logging_mixin.py:190} INFO - [2024-10-11T00:30:33.557+0000] {dagbag.py:588} INFO - Filling up the DagBag from /usr/local/python/3.12.1/lib/python3.12/site-packages/airflow/example_dags/example_branch_operator_decorator.py
[2024-10-11T00:30:33.573+0000] {processor.py:925} INFO - DAG(s) 'example_branch_python_operator_decorator' retrieved from /usr/local/python/3.12.1/lib/python3.12/site-packages/airflow/example_dags/example_branch_operator_decorator.py
[2024-10-11T00:30:33.590+0000] {logging_mixin.py:190} INFO - [2024-10-11T00:30:33.589+0000] {dag.py:3239} INFO - Sync 1 DAGs
[2024-10-11T00:30:33.605+0000] {logging_mixin.py:190} INFO - [2024-10-11T00:30:33.604+0000] {dag.py:4180} INFO - Setting next_dagrun for example_branch_python_operator_decorator to 2024-10-10 00:00:00+00:00, run_after=2024-10-11 00:00:00+00:00
[2024-10-11T00:30:33.653+0000] {processor.py:208} INFO - Processing /usr/local/python/3.12.1/lib/python3.12/site-packages/airflow/example_dags/example_branch_operator_decorator.py took 0.101 seconds
[2024-10-11T00:31:56.142+0000] {processor.py:186} INFO - Started process (PID=54244) to work on /usr/local/python/3.12.1/lib/python3.12/site-packages/airflow/example_dags/example_branch_operator_decorator.py
[2024-10-11T00:31:56.142+0000] {processor.py:914} INFO - Processing file /usr/local/python/3.12.1/lib/python3.12/site-packages/airflow/example_dags/example_branch_operator_decorator.py for tasks to queue
[2024-10-11T00:31:56.144+0000] {logging_mixin.py:190} INFO - [2024-10-11T00:31:56.144+0000] {dagbag.py:588} INFO - Filling up the DagBag from /usr/local/python/3.12.1/lib/python3.12/site-packages/airflow/example_dags/example_branch_operator_decorator.py
[2024-10-11T00:31:56.173+0000] {processor.py:925} INFO - DAG(s) 'example_branch_python_operator_decorator' retrieved from /usr/local/python/3.12.1/lib/python3.12/site-packages/airflow/example_dags/example_branch_operator_decorator.py
[2024-10-11T00:31:56.303+0000] {logging_mixin.py:190} INFO - [2024-10-11T00:31:56.302+0000] {dag.py:3239} INFO - Sync 1 DAGs
[2024-10-11T00:31:56.316+0000] {logging_mixin.py:190} INFO - [2024-10-11T00:31:56.316+0000] {dag.py:4180} INFO - Setting next_dagrun for example_branch_python_operator_decorator to 2024-10-10 00:00:00+00:00, run_after=2024-10-11 00:00:00+00:00
[2024-10-11T00:31:56.378+0000] {processor.py:208} INFO - Processing /usr/local/python/3.12.1/lib/python3.12/site-packages/airflow/example_dags/example_branch_operator_decorator.py took 0.242 seconds
[2024-10-11T00:32:53.048+0000] {processor.py:186} INFO - Started process (PID=54870) to work on /usr/local/python/3.12.1/lib/python3.12/site-packages/airflow/example_dags/example_branch_operator_decorator.py
[2024-10-11T00:32:53.049+0000] {processor.py:914} INFO - Processing file /usr/local/python/3.12.1/lib/python3.12/site-packages/airflow/example_dags/example_branch_operator_decorator.py for tasks to queue
[2024-10-11T00:32:53.051+0000] {logging_mixin.py:190} INFO - [2024-10-11T00:32:53.050+0000] {dagbag.py:588} INFO - Filling up the DagBag from /usr/local/python/3.12.1/lib/python3.12/site-packages/airflow/example_dags/example_branch_operator_decorator.py
[2024-10-11T00:32:53.075+0000] {processor.py:925} INFO - DAG(s) 'example_branch_python_operator_decorator' retrieved from /usr/local/python/3.12.1/lib/python3.12/site-packages/airflow/example_dags/example_branch_operator_decorator.py
[2024-10-11T00:32:53.102+0000] {logging_mixin.py:190} INFO - [2024-10-11T00:32:53.102+0000] {dag.py:3239} INFO - Sync 1 DAGs
[2024-10-11T00:32:53.125+0000] {logging_mixin.py:190} INFO - [2024-10-11T00:32:53.125+0000] {dag.py:4180} INFO - Setting next_dagrun for example_branch_python_operator_decorator to 2024-10-10 00:00:00+00:00, run_after=2024-10-11 00:00:00+00:00
[2024-10-11T00:32:53.175+0000] {processor.py:208} INFO - Processing /usr/local/python/3.12.1/lib/python3.12/site-packages/airflow/example_dags/example_branch_operator_decorator.py took 0.132 seconds
[2024-10-11T00:34:20.631+0000] {processor.py:186} INFO - Started process (PID=55863) to work on /usr/local/python/3.12.1/lib/python3.12/site-packages/airflow/example_dags/example_branch_operator_decorator.py
[2024-10-11T00:34:20.632+0000] {processor.py:914} INFO - Processing file /usr/local/python/3.12.1/lib/python3.12/site-packages/airflow/example_dags/example_branch_operator_decorator.py for tasks to queue
[2024-10-11T00:34:20.633+0000] {logging_mixin.py:190} INFO - [2024-10-11T00:34:20.633+0000] {dagbag.py:588} INFO - Filling up the DagBag from /usr/local/python/3.12.1/lib/python3.12/site-packages/airflow/example_dags/example_branch_operator_decorator.py
[2024-10-11T00:34:20.651+0000] {processor.py:925} INFO - DAG(s) 'example_branch_python_operator_decorator' retrieved from /usr/local/python/3.12.1/lib/python3.12/site-packages/airflow/example_dags/example_branch_operator_decorator.py
[2024-10-11T00:34:20.724+0000] {logging_mixin.py:190} INFO - [2024-10-11T00:34:20.724+0000] {dag.py:3239} INFO - Sync 1 DAGs
[2024-10-11T00:34:20.738+0000] {logging_mixin.py:190} INFO - [2024-10-11T00:34:20.738+0000] {dag.py:4180} INFO - Setting next_dagrun for example_branch_python_operator_decorator to 2024-10-10 00:00:00+00:00, run_after=2024-10-11 00:00:00+00:00
[2024-10-11T00:34:20.866+0000] {processor.py:208} INFO - Processing /usr/local/python/3.12.1/lib/python3.12/site-packages/airflow/example_dags/example_branch_operator_decorator.py took 0.239 seconds
[2024-10-11T00:35:41.147+0000] {processor.py:186} INFO - Started process (PID=56769) to work on /usr/local/python/3.12.1/lib/python3.12/site-packages/airflow/example_dags/example_branch_operator_decorator.py
[2024-10-11T00:35:41.148+0000] {processor.py:914} INFO - Processing file /usr/local/python/3.12.1/lib/python3.12/site-packages/airflow/example_dags/example_branch_operator_decorator.py for tasks to queue
[2024-10-11T00:35:41.149+0000] {logging_mixin.py:190} INFO - [2024-10-11T00:35:41.149+0000] {dagbag.py:588} INFO - Filling up the DagBag from /usr/local/python/3.12.1/lib/python3.12/site-packages/airflow/example_dags/example_branch_operator_decorator.py
[2024-10-11T00:35:41.165+0000] {processor.py:925} INFO - DAG(s) 'example_branch_python_operator_decorator' retrieved from /usr/local/python/3.12.1/lib/python3.12/site-packages/airflow/example_dags/example_branch_operator_decorator.py
[2024-10-11T00:35:41.170+0000] {logging_mixin.py:190} INFO - [2024-10-11T00:35:41.170+0000] {dag.py:3239} INFO - Sync 1 DAGs
[2024-10-11T00:35:41.185+0000] {logging_mixin.py:190} INFO - [2024-10-11T00:35:41.185+0000] {dag.py:4180} INFO - Setting next_dagrun for example_branch_python_operator_decorator to 2024-10-10 00:00:00+00:00, run_after=2024-10-11 00:00:00+00:00
[2024-10-11T00:35:41.219+0000] {processor.py:208} INFO - Processing /usr/local/python/3.12.1/lib/python3.12/site-packages/airflow/example_dags/example_branch_operator_decorator.py took 0.075 seconds
[2024-10-11T00:37:03.457+0000] {processor.py:186} INFO - Started process (PID=57664) to work on /usr/local/python/3.12.1/lib/python3.12/site-packages/airflow/example_dags/example_branch_operator_decorator.py
[2024-10-11T00:37:03.457+0000] {processor.py:914} INFO - Processing file /usr/local/python/3.12.1/lib/python3.12/site-packages/airflow/example_dags/example_branch_operator_decorator.py for tasks to queue
[2024-10-11T00:37:03.459+0000] {logging_mixin.py:190} INFO - [2024-10-11T00:37:03.459+0000] {dagbag.py:588} INFO - Filling up the DagBag from /usr/local/python/3.12.1/lib/python3.12/site-packages/airflow/example_dags/example_branch_operator_decorator.py
[2024-10-11T00:37:03.475+0000] {processor.py:925} INFO - DAG(s) 'example_branch_python_operator_decorator' retrieved from /usr/local/python/3.12.1/lib/python3.12/site-packages/airflow/example_dags/example_branch_operator_decorator.py
[2024-10-11T00:37:03.562+0000] {logging_mixin.py:190} INFO - [2024-10-11T00:37:03.561+0000] {dag.py:3239} INFO - Sync 1 DAGs
[2024-10-11T00:37:03.575+0000] {logging_mixin.py:190} INFO - [2024-10-11T00:37:03.574+0000] {dag.py:4180} INFO - Setting next_dagrun for example_branch_python_operator_decorator to 2024-10-10 00:00:00+00:00, run_after=2024-10-11 00:00:00+00:00
[2024-10-11T00:37:03.625+0000] {processor.py:208} INFO - Processing /usr/local/python/3.12.1/lib/python3.12/site-packages/airflow/example_dags/example_branch_operator_decorator.py took 0.172 seconds
[2024-10-11T00:38:27.430+0000] {processor.py:186} INFO - Started process (PID=58578) to work on /usr/local/python/3.12.1/lib/python3.12/site-packages/airflow/example_dags/example_branch_operator_decorator.py
[2024-10-11T00:38:27.431+0000] {processor.py:914} INFO - Processing file /usr/local/python/3.12.1/lib/python3.12/site-packages/airflow/example_dags/example_branch_operator_decorator.py for tasks to queue
[2024-10-11T00:38:27.432+0000] {logging_mixin.py:190} INFO - [2024-10-11T00:38:27.432+0000] {dagbag.py:588} INFO - Filling up the DagBag from /usr/local/python/3.12.1/lib/python3.12/site-packages/airflow/example_dags/example_branch_operator_decorator.py
[2024-10-11T00:38:27.448+0000] {processor.py:925} INFO - DAG(s) 'example_branch_python_operator_decorator' retrieved from /usr/local/python/3.12.1/lib/python3.12/site-packages/airflow/example_dags/example_branch_operator_decorator.py
[2024-10-11T00:38:27.453+0000] {logging_mixin.py:190} INFO - [2024-10-11T00:38:27.453+0000] {dag.py:3239} INFO - Sync 1 DAGs
[2024-10-11T00:38:27.468+0000] {logging_mixin.py:190} INFO - [2024-10-11T00:38:27.468+0000] {dag.py:4180} INFO - Setting next_dagrun for example_branch_python_operator_decorator to 2024-10-10 00:00:00+00:00, run_after=2024-10-11 00:00:00+00:00
[2024-10-11T00:38:27.523+0000] {processor.py:208} INFO - Processing /usr/local/python/3.12.1/lib/python3.12/site-packages/airflow/example_dags/example_branch_operator_decorator.py took 0.097 seconds
[2024-10-11T00:39:29.069+0000] {processor.py:186} INFO - Started process (PID=59271) to work on /usr/local/python/3.12.1/lib/python3.12/site-packages/airflow/example_dags/example_branch_operator_decorator.py
[2024-10-11T00:39:29.069+0000] {processor.py:914} INFO - Processing file /usr/local/python/3.12.1/lib/python3.12/site-packages/airflow/example_dags/example_branch_operator_decorator.py for tasks to queue
[2024-10-11T00:39:29.071+0000] {logging_mixin.py:190} INFO - [2024-10-11T00:39:29.071+0000] {dagbag.py:588} INFO - Filling up the DagBag from /usr/local/python/3.12.1/lib/python3.12/site-packages/airflow/example_dags/example_branch_operator_decorator.py
[2024-10-11T00:39:29.087+0000] {processor.py:925} INFO - DAG(s) 'example_branch_python_operator_decorator' retrieved from /usr/local/python/3.12.1/lib/python3.12/site-packages/airflow/example_dags/example_branch_operator_decorator.py
[2024-10-11T00:39:29.266+0000] {logging_mixin.py:190} INFO - [2024-10-11T00:39:29.266+0000] {dag.py:3239} INFO - Sync 1 DAGs
[2024-10-11T00:39:29.285+0000] {logging_mixin.py:190} INFO - [2024-10-11T00:39:29.285+0000] {dag.py:4180} INFO - Setting next_dagrun for example_branch_python_operator_decorator to 2024-10-10 00:00:00+00:00, run_after=2024-10-11 00:00:00+00:00
[2024-10-11T00:39:29.333+0000] {processor.py:208} INFO - Processing /usr/local/python/3.12.1/lib/python3.12/site-packages/airflow/example_dags/example_branch_operator_decorator.py took 0.268 seconds
[2024-10-11T00:40:30.481+0000] {processor.py:186} INFO - Started process (PID=59968) to work on /usr/local/python/3.12.1/lib/python3.12/site-packages/airflow/example_dags/example_branch_operator_decorator.py
[2024-10-11T00:40:30.482+0000] {processor.py:914} INFO - Processing file /usr/local/python/3.12.1/lib/python3.12/site-packages/airflow/example_dags/example_branch_operator_decorator.py for tasks to queue
[2024-10-11T00:40:30.483+0000] {logging_mixin.py:190} INFO - [2024-10-11T00:40:30.483+0000] {dagbag.py:588} INFO - Filling up the DagBag from /usr/local/python/3.12.1/lib/python3.12/site-packages/airflow/example_dags/example_branch_operator_decorator.py
[2024-10-11T00:40:30.499+0000] {processor.py:925} INFO - DAG(s) 'example_branch_python_operator_decorator' retrieved from /usr/local/python/3.12.1/lib/python3.12/site-packages/airflow/example_dags/example_branch_operator_decorator.py
[2024-10-11T00:40:30.516+0000] {logging_mixin.py:190} INFO - [2024-10-11T00:40:30.515+0000] {dag.py:3239} INFO - Sync 1 DAGs
[2024-10-11T00:40:30.531+0000] {logging_mixin.py:190} INFO - [2024-10-11T00:40:30.531+0000] {dag.py:4180} INFO - Setting next_dagrun for example_branch_python_operator_decorator to 2024-10-10 00:00:00+00:00, run_after=2024-10-11 00:00:00+00:00
[2024-10-11T00:40:30.581+0000] {processor.py:208} INFO - Processing /usr/local/python/3.12.1/lib/python3.12/site-packages/airflow/example_dags/example_branch_operator_decorator.py took 0.104 seconds
[2024-10-11T00:41:32.307+0000] {processor.py:186} INFO - Started process (PID=60631) to work on /usr/local/python/3.12.1/lib/python3.12/site-packages/airflow/example_dags/example_branch_operator_decorator.py
[2024-10-11T00:41:32.308+0000] {processor.py:914} INFO - Processing file /usr/local/python/3.12.1/lib/python3.12/site-packages/airflow/example_dags/example_branch_operator_decorator.py for tasks to queue
[2024-10-11T00:41:32.310+0000] {logging_mixin.py:190} INFO - [2024-10-11T00:41:32.309+0000] {dagbag.py:588} INFO - Filling up the DagBag from /usr/local/python/3.12.1/lib/python3.12/site-packages/airflow/example_dags/example_branch_operator_decorator.py
[2024-10-11T00:41:32.335+0000] {processor.py:925} INFO - DAG(s) 'example_branch_python_operator_decorator' retrieved from /usr/local/python/3.12.1/lib/python3.12/site-packages/airflow/example_dags/example_branch_operator_decorator.py
[2024-10-11T00:41:32.348+0000] {logging_mixin.py:190} INFO - [2024-10-11T00:41:32.348+0000] {dag.py:3239} INFO - Sync 1 DAGs
[2024-10-11T00:41:32.371+0000] {logging_mixin.py:190} INFO - [2024-10-11T00:41:32.371+0000] {dag.py:4180} INFO - Setting next_dagrun for example_branch_python_operator_decorator to 2024-10-10 00:00:00+00:00, run_after=2024-10-11 00:00:00+00:00
[2024-10-11T00:41:32.451+0000] {processor.py:208} INFO - Processing /usr/local/python/3.12.1/lib/python3.12/site-packages/airflow/example_dags/example_branch_operator_decorator.py took 0.149 seconds
[2024-10-11T00:42:32.291+0000] {processor.py:186} INFO - Started process (PID=61287) to work on /usr/local/python/3.12.1/lib/python3.12/site-packages/airflow/example_dags/example_branch_operator_decorator.py
[2024-10-11T00:42:32.291+0000] {processor.py:914} INFO - Processing file /usr/local/python/3.12.1/lib/python3.12/site-packages/airflow/example_dags/example_branch_operator_decorator.py for tasks to queue
[2024-10-11T00:42:32.293+0000] {logging_mixin.py:190} INFO - [2024-10-11T00:42:32.293+0000] {dagbag.py:588} INFO - Filling up the DagBag from /usr/local/python/3.12.1/lib/python3.12/site-packages/airflow/example_dags/example_branch_operator_decorator.py
[2024-10-11T00:42:32.318+0000] {processor.py:925} INFO - DAG(s) 'example_branch_python_operator_decorator' retrieved from /usr/local/python/3.12.1/lib/python3.12/site-packages/airflow/example_dags/example_branch_operator_decorator.py
[2024-10-11T00:42:32.574+0000] {logging_mixin.py:190} INFO - [2024-10-11T00:42:32.574+0000] {dag.py:3239} INFO - Sync 1 DAGs
[2024-10-11T00:42:32.586+0000] {logging_mixin.py:190} INFO - [2024-10-11T00:42:32.586+0000] {dag.py:4180} INFO - Setting next_dagrun for example_branch_python_operator_decorator to 2024-10-10 00:00:00+00:00, run_after=2024-10-11 00:00:00+00:00
[2024-10-11T00:42:32.638+0000] {processor.py:208} INFO - Processing /usr/local/python/3.12.1/lib/python3.12/site-packages/airflow/example_dags/example_branch_operator_decorator.py took 0.352 seconds
[2024-10-11T00:43:42.100+0000] {processor.py:186} INFO - Started process (PID=62052) to work on /usr/local/python/3.12.1/lib/python3.12/site-packages/airflow/example_dags/example_branch_operator_decorator.py
[2024-10-11T00:43:42.100+0000] {processor.py:914} INFO - Processing file /usr/local/python/3.12.1/lib/python3.12/site-packages/airflow/example_dags/example_branch_operator_decorator.py for tasks to queue
[2024-10-11T00:43:42.102+0000] {logging_mixin.py:190} INFO - [2024-10-11T00:43:42.101+0000] {dagbag.py:588} INFO - Filling up the DagBag from /usr/local/python/3.12.1/lib/python3.12/site-packages/airflow/example_dags/example_branch_operator_decorator.py
[2024-10-11T00:43:42.117+0000] {processor.py:925} INFO - DAG(s) 'example_branch_python_operator_decorator' retrieved from /usr/local/python/3.12.1/lib/python3.12/site-packages/airflow/example_dags/example_branch_operator_decorator.py
[2024-10-11T00:43:42.122+0000] {logging_mixin.py:190} INFO - [2024-10-11T00:43:42.122+0000] {dag.py:3239} INFO - Sync 1 DAGs
[2024-10-11T00:43:42.138+0000] {logging_mixin.py:190} INFO - [2024-10-11T00:43:42.138+0000] {dag.py:4180} INFO - Setting next_dagrun for example_branch_python_operator_decorator to 2024-10-10 00:00:00+00:00, run_after=2024-10-11 00:00:00+00:00
[2024-10-11T00:43:42.266+0000] {processor.py:208} INFO - Processing /usr/local/python/3.12.1/lib/python3.12/site-packages/airflow/example_dags/example_branch_operator_decorator.py took 0.170 seconds
[2024-10-11T00:44:40.622+0000] {processor.py:186} INFO - Started process (PID=62722) to work on /usr/local/python/3.12.1/lib/python3.12/site-packages/airflow/example_dags/example_branch_operator_decorator.py
[2024-10-11T00:44:40.623+0000] {processor.py:914} INFO - Processing file /usr/local/python/3.12.1/lib/python3.12/site-packages/airflow/example_dags/example_branch_operator_decorator.py for tasks to queue
[2024-10-11T00:44:40.625+0000] {logging_mixin.py:190} INFO - [2024-10-11T00:44:40.624+0000] {dagbag.py:588} INFO - Filling up the DagBag from /usr/local/python/3.12.1/lib/python3.12/site-packages/airflow/example_dags/example_branch_operator_decorator.py
[2024-10-11T00:44:40.649+0000] {processor.py:925} INFO - DAG(s) 'example_branch_python_operator_decorator' retrieved from /usr/local/python/3.12.1/lib/python3.12/site-packages/airflow/example_dags/example_branch_operator_decorator.py
[2024-10-11T00:44:40.883+0000] {logging_mixin.py:190} INFO - [2024-10-11T00:44:40.883+0000] {dag.py:3239} INFO - Sync 1 DAGs
[2024-10-11T00:44:40.896+0000] {logging_mixin.py:190} INFO - [2024-10-11T00:44:40.895+0000] {dag.py:4180} INFO - Setting next_dagrun for example_branch_python_operator_decorator to 2024-10-10 00:00:00+00:00, run_after=2024-10-11 00:00:00+00:00
[2024-10-11T00:44:40.933+0000] {processor.py:208} INFO - Processing /usr/local/python/3.12.1/lib/python3.12/site-packages/airflow/example_dags/example_branch_operator_decorator.py took 0.317 seconds
[2024-10-11T00:46:18.630+0000] {processor.py:186} INFO - Started process (PID=63789) to work on /usr/local/python/3.12.1/lib/python3.12/site-packages/airflow/example_dags/example_branch_operator_decorator.py
[2024-10-11T00:46:18.631+0000] {processor.py:914} INFO - Processing file /usr/local/python/3.12.1/lib/python3.12/site-packages/airflow/example_dags/example_branch_operator_decorator.py for tasks to queue
[2024-10-11T00:46:18.633+0000] {logging_mixin.py:190} INFO - [2024-10-11T00:46:18.633+0000] {dagbag.py:588} INFO - Filling up the DagBag from /usr/local/python/3.12.1/lib/python3.12/site-packages/airflow/example_dags/example_branch_operator_decorator.py
[2024-10-11T00:46:18.658+0000] {processor.py:925} INFO - DAG(s) 'example_branch_python_operator_decorator' retrieved from /usr/local/python/3.12.1/lib/python3.12/site-packages/airflow/example_dags/example_branch_operator_decorator.py
[2024-10-11T00:46:18.665+0000] {logging_mixin.py:190} INFO - [2024-10-11T00:46:18.665+0000] {dag.py:3239} INFO - Sync 1 DAGs
[2024-10-11T00:46:18.680+0000] {logging_mixin.py:190} INFO - [2024-10-11T00:46:18.680+0000] {dag.py:4180} INFO - Setting next_dagrun for example_branch_python_operator_decorator to 2024-10-10 00:00:00+00:00, run_after=2024-10-11 00:00:00+00:00
[2024-10-11T00:46:18.730+0000] {processor.py:208} INFO - Processing /usr/local/python/3.12.1/lib/python3.12/site-packages/airflow/example_dags/example_branch_operator_decorator.py took 0.106 seconds
[2024-10-11T00:47:18.815+0000] {processor.py:186} INFO - Started process (PID=64446) to work on /usr/local/python/3.12.1/lib/python3.12/site-packages/airflow/example_dags/example_branch_operator_decorator.py
[2024-10-11T00:47:18.816+0000] {processor.py:914} INFO - Processing file /usr/local/python/3.12.1/lib/python3.12/site-packages/airflow/example_dags/example_branch_operator_decorator.py for tasks to queue
[2024-10-11T00:47:18.818+0000] {logging_mixin.py:190} INFO - [2024-10-11T00:47:18.818+0000] {dagbag.py:588} INFO - Filling up the DagBag from /usr/local/python/3.12.1/lib/python3.12/site-packages/airflow/example_dags/example_branch_operator_decorator.py
[2024-10-11T00:47:18.838+0000] {processor.py:925} INFO - DAG(s) 'example_branch_python_operator_decorator' retrieved from /usr/local/python/3.12.1/lib/python3.12/site-packages/airflow/example_dags/example_branch_operator_decorator.py
[2024-10-11T00:47:19.020+0000] {logging_mixin.py:190} INFO - [2024-10-11T00:47:19.019+0000] {dag.py:3239} INFO - Sync 1 DAGs
[2024-10-11T00:47:19.036+0000] {logging_mixin.py:190} INFO - [2024-10-11T00:47:19.035+0000] {dag.py:4180} INFO - Setting next_dagrun for example_branch_python_operator_decorator to 2024-10-10 00:00:00+00:00, run_after=2024-10-11 00:00:00+00:00
[2024-10-11T00:47:19.075+0000] {processor.py:208} INFO - Processing /usr/local/python/3.12.1/lib/python3.12/site-packages/airflow/example_dags/example_branch_operator_decorator.py took 0.265 seconds
[2024-10-11T00:48:25.255+0000] {processor.py:186} INFO - Started process (PID=65184) to work on /usr/local/python/3.12.1/lib/python3.12/site-packages/airflow/example_dags/example_branch_operator_decorator.py
[2024-10-11T00:48:25.256+0000] {processor.py:914} INFO - Processing file /usr/local/python/3.12.1/lib/python3.12/site-packages/airflow/example_dags/example_branch_operator_decorator.py for tasks to queue
[2024-10-11T00:48:25.257+0000] {logging_mixin.py:190} INFO - [2024-10-11T00:48:25.257+0000] {dagbag.py:588} INFO - Filling up the DagBag from /usr/local/python/3.12.1/lib/python3.12/site-packages/airflow/example_dags/example_branch_operator_decorator.py
[2024-10-11T00:48:25.273+0000] {processor.py:925} INFO - DAG(s) 'example_branch_python_operator_decorator' retrieved from /usr/local/python/3.12.1/lib/python3.12/site-packages/airflow/example_dags/example_branch_operator_decorator.py
[2024-10-11T00:48:25.290+0000] {logging_mixin.py:190} INFO - [2024-10-11T00:48:25.290+0000] {dag.py:3239} INFO - Sync 1 DAGs
[2024-10-11T00:48:25.390+0000] {logging_mixin.py:190} INFO - [2024-10-11T00:48:25.389+0000] {dag.py:4180} INFO - Setting next_dagrun for example_branch_python_operator_decorator to 2024-10-10 00:00:00+00:00, run_after=2024-10-11 00:00:00+00:00
[2024-10-11T00:48:25.454+0000] {processor.py:208} INFO - Processing /usr/local/python/3.12.1/lib/python3.12/site-packages/airflow/example_dags/example_branch_operator_decorator.py took 0.203 seconds
[2024-10-11T00:49:29.905+0000] {processor.py:186} INFO - Started process (PID=65903) to work on /usr/local/python/3.12.1/lib/python3.12/site-packages/airflow/example_dags/example_branch_operator_decorator.py
[2024-10-11T00:49:29.907+0000] {processor.py:914} INFO - Processing file /usr/local/python/3.12.1/lib/python3.12/site-packages/airflow/example_dags/example_branch_operator_decorator.py for tasks to queue
[2024-10-11T00:49:29.909+0000] {logging_mixin.py:190} INFO - [2024-10-11T00:49:29.909+0000] {dagbag.py:588} INFO - Filling up the DagBag from /usr/local/python/3.12.1/lib/python3.12/site-packages/airflow/example_dags/example_branch_operator_decorator.py
[2024-10-11T00:49:29.932+0000] {processor.py:925} INFO - DAG(s) 'example_branch_python_operator_decorator' retrieved from /usr/local/python/3.12.1/lib/python3.12/site-packages/airflow/example_dags/example_branch_operator_decorator.py
[2024-10-11T00:49:29.938+0000] {logging_mixin.py:190} INFO - [2024-10-11T00:49:29.937+0000] {dag.py:3239} INFO - Sync 1 DAGs
[2024-10-11T00:49:29.953+0000] {logging_mixin.py:190} INFO - [2024-10-11T00:49:29.953+0000] {dag.py:4180} INFO - Setting next_dagrun for example_branch_python_operator_decorator to 2024-10-10 00:00:00+00:00, run_after=2024-10-11 00:00:00+00:00
[2024-10-11T00:49:30.108+0000] {processor.py:208} INFO - Processing /usr/local/python/3.12.1/lib/python3.12/site-packages/airflow/example_dags/example_branch_operator_decorator.py took 0.208 seconds
[2024-10-11T00:50:34.041+0000] {processor.py:186} INFO - Started process (PID=66615) to work on /usr/local/python/3.12.1/lib/python3.12/site-packages/airflow/example_dags/example_branch_operator_decorator.py
[2024-10-11T00:50:34.041+0000] {processor.py:914} INFO - Processing file /usr/local/python/3.12.1/lib/python3.12/site-packages/airflow/example_dags/example_branch_operator_decorator.py for tasks to queue
[2024-10-11T00:50:34.049+0000] {logging_mixin.py:190} INFO - [2024-10-11T00:50:34.049+0000] {dagbag.py:588} INFO - Filling up the DagBag from /usr/local/python/3.12.1/lib/python3.12/site-packages/airflow/example_dags/example_branch_operator_decorator.py
[2024-10-11T00:50:34.075+0000] {processor.py:925} INFO - DAG(s) 'example_branch_python_operator_decorator' retrieved from /usr/local/python/3.12.1/lib/python3.12/site-packages/airflow/example_dags/example_branch_operator_decorator.py
[2024-10-11T00:50:34.189+0000] {logging_mixin.py:190} INFO - [2024-10-11T00:50:34.188+0000] {dag.py:3239} INFO - Sync 1 DAGs
[2024-10-11T00:50:34.210+0000] {logging_mixin.py:190} INFO - [2024-10-11T00:50:34.210+0000] {dag.py:4180} INFO - Setting next_dagrun for example_branch_python_operator_decorator to 2024-10-10 00:00:00+00:00, run_after=2024-10-11 00:00:00+00:00
[2024-10-11T00:50:34.292+0000] {processor.py:208} INFO - Processing /usr/local/python/3.12.1/lib/python3.12/site-packages/airflow/example_dags/example_branch_operator_decorator.py took 0.256 seconds
[2024-10-11T00:51:30.673+0000] {processor.py:186} INFO - Started process (PID=67246) to work on /usr/local/python/3.12.1/lib/python3.12/site-packages/airflow/example_dags/example_branch_operator_decorator.py
[2024-10-11T00:51:30.673+0000] {processor.py:914} INFO - Processing file /usr/local/python/3.12.1/lib/python3.12/site-packages/airflow/example_dags/example_branch_operator_decorator.py for tasks to queue
[2024-10-11T00:51:30.675+0000] {logging_mixin.py:190} INFO - [2024-10-11T00:51:30.675+0000] {dagbag.py:588} INFO - Filling up the DagBag from /usr/local/python/3.12.1/lib/python3.12/site-packages/airflow/example_dags/example_branch_operator_decorator.py
[2024-10-11T00:51:30.691+0000] {processor.py:925} INFO - DAG(s) 'example_branch_python_operator_decorator' retrieved from /usr/local/python/3.12.1/lib/python3.12/site-packages/airflow/example_dags/example_branch_operator_decorator.py
[2024-10-11T00:51:30.697+0000] {logging_mixin.py:190} INFO - [2024-10-11T00:51:30.696+0000] {dag.py:3239} INFO - Sync 1 DAGs
[2024-10-11T00:51:30.715+0000] {logging_mixin.py:190} INFO - [2024-10-11T00:51:30.715+0000] {dag.py:4180} INFO - Setting next_dagrun for example_branch_python_operator_decorator to 2024-10-10 00:00:00+00:00, run_after=2024-10-11 00:00:00+00:00
[2024-10-11T00:51:30.749+0000] {processor.py:208} INFO - Processing /usr/local/python/3.12.1/lib/python3.12/site-packages/airflow/example_dags/example_branch_operator_decorator.py took 0.081 seconds
[2024-10-11T00:52:31.418+0000] {processor.py:186} INFO - Started process (PID=67910) to work on /usr/local/python/3.12.1/lib/python3.12/site-packages/airflow/example_dags/example_branch_operator_decorator.py
[2024-10-11T00:52:31.418+0000] {processor.py:914} INFO - Processing file /usr/local/python/3.12.1/lib/python3.12/site-packages/airflow/example_dags/example_branch_operator_decorator.py for tasks to queue
[2024-10-11T00:52:31.420+0000] {logging_mixin.py:190} INFO - [2024-10-11T00:52:31.419+0000] {dagbag.py:588} INFO - Filling up the DagBag from /usr/local/python/3.12.1/lib/python3.12/site-packages/airflow/example_dags/example_branch_operator_decorator.py
[2024-10-11T00:52:31.435+0000] {processor.py:925} INFO - DAG(s) 'example_branch_python_operator_decorator' retrieved from /usr/local/python/3.12.1/lib/python3.12/site-packages/airflow/example_dags/example_branch_operator_decorator.py
[2024-10-11T00:52:31.508+0000] {logging_mixin.py:190} INFO - [2024-10-11T00:52:31.508+0000] {dag.py:3239} INFO - Sync 1 DAGs
[2024-10-11T00:52:31.522+0000] {logging_mixin.py:190} INFO - [2024-10-11T00:52:31.522+0000] {dag.py:4180} INFO - Setting next_dagrun for example_branch_python_operator_decorator to 2024-10-10 00:00:00+00:00, run_after=2024-10-11 00:00:00+00:00
[2024-10-11T00:52:31.574+0000] {processor.py:208} INFO - Processing /usr/local/python/3.12.1/lib/python3.12/site-packages/airflow/example_dags/example_branch_operator_decorator.py took 0.160 seconds
[2024-10-11T00:53:52.334+0000] {processor.py:186} INFO - Started process (PID=68790) to work on /usr/local/python/3.12.1/lib/python3.12/site-packages/airflow/example_dags/example_branch_operator_decorator.py
[2024-10-11T00:53:52.334+0000] {processor.py:914} INFO - Processing file /usr/local/python/3.12.1/lib/python3.12/site-packages/airflow/example_dags/example_branch_operator_decorator.py for tasks to queue
[2024-10-11T00:53:52.336+0000] {logging_mixin.py:190} INFO - [2024-10-11T00:53:52.335+0000] {dagbag.py:588} INFO - Filling up the DagBag from /usr/local/python/3.12.1/lib/python3.12/site-packages/airflow/example_dags/example_branch_operator_decorator.py
[2024-10-11T00:53:52.352+0000] {processor.py:925} INFO - DAG(s) 'example_branch_python_operator_decorator' retrieved from /usr/local/python/3.12.1/lib/python3.12/site-packages/airflow/example_dags/example_branch_operator_decorator.py
[2024-10-11T00:53:52.357+0000] {logging_mixin.py:190} INFO - [2024-10-11T00:53:52.357+0000] {dag.py:3239} INFO - Sync 1 DAGs
[2024-10-11T00:53:52.372+0000] {logging_mixin.py:190} INFO - [2024-10-11T00:53:52.372+0000] {dag.py:4180} INFO - Setting next_dagrun for example_branch_python_operator_decorator to 2024-10-10 00:00:00+00:00, run_after=2024-10-11 00:00:00+00:00
[2024-10-11T00:53:52.417+0000] {processor.py:208} INFO - Processing /usr/local/python/3.12.1/lib/python3.12/site-packages/airflow/example_dags/example_branch_operator_decorator.py took 0.088 seconds
[2024-10-11T00:55:15.705+0000] {processor.py:186} INFO - Started process (PID=69751) to work on /usr/local/python/3.12.1/lib/python3.12/site-packages/airflow/example_dags/example_branch_operator_decorator.py
[2024-10-11T00:55:15.706+0000] {processor.py:914} INFO - Processing file /usr/local/python/3.12.1/lib/python3.12/site-packages/airflow/example_dags/example_branch_operator_decorator.py for tasks to queue
[2024-10-11T00:55:15.708+0000] {logging_mixin.py:190} INFO - [2024-10-11T00:55:15.707+0000] {dagbag.py:588} INFO - Filling up the DagBag from /usr/local/python/3.12.1/lib/python3.12/site-packages/airflow/example_dags/example_branch_operator_decorator.py
[2024-10-11T00:55:15.729+0000] {processor.py:925} INFO - DAG(s) 'example_branch_python_operator_decorator' retrieved from /usr/local/python/3.12.1/lib/python3.12/site-packages/airflow/example_dags/example_branch_operator_decorator.py
[2024-10-11T00:55:15.838+0000] {logging_mixin.py:190} INFO - [2024-10-11T00:55:15.837+0000] {dag.py:3239} INFO - Sync 1 DAGs
[2024-10-11T00:55:15.854+0000] {logging_mixin.py:190} INFO - [2024-10-11T00:55:15.854+0000] {dag.py:4180} INFO - Setting next_dagrun for example_branch_python_operator_decorator to 2024-10-10 00:00:00+00:00, run_after=2024-10-11 00:00:00+00:00
[2024-10-11T00:55:15.934+0000] {processor.py:208} INFO - Processing /usr/local/python/3.12.1/lib/python3.12/site-packages/airflow/example_dags/example_branch_operator_decorator.py took 0.233 seconds
[2024-10-11T00:56:43.282+0000] {processor.py:186} INFO - Started process (PID=70703) to work on /usr/local/python/3.12.1/lib/python3.12/site-packages/airflow/example_dags/example_branch_operator_decorator.py
[2024-10-11T00:56:43.283+0000] {processor.py:914} INFO - Processing file /usr/local/python/3.12.1/lib/python3.12/site-packages/airflow/example_dags/example_branch_operator_decorator.py for tasks to queue
[2024-10-11T00:56:43.284+0000] {logging_mixin.py:190} INFO - [2024-10-11T00:56:43.284+0000] {dagbag.py:588} INFO - Filling up the DagBag from /usr/local/python/3.12.1/lib/python3.12/site-packages/airflow/example_dags/example_branch_operator_decorator.py
[2024-10-11T00:56:43.300+0000] {processor.py:925} INFO - DAG(s) 'example_branch_python_operator_decorator' retrieved from /usr/local/python/3.12.1/lib/python3.12/site-packages/airflow/example_dags/example_branch_operator_decorator.py
[2024-10-11T00:56:43.305+0000] {logging_mixin.py:190} INFO - [2024-10-11T00:56:43.305+0000] {dag.py:3239} INFO - Sync 1 DAGs
[2024-10-11T00:56:43.321+0000] {logging_mixin.py:190} INFO - [2024-10-11T00:56:43.320+0000] {dag.py:4180} INFO - Setting next_dagrun for example_branch_python_operator_decorator to 2024-10-10 00:00:00+00:00, run_after=2024-10-11 00:00:00+00:00
[2024-10-11T00:56:43.368+0000] {processor.py:208} INFO - Processing /usr/local/python/3.12.1/lib/python3.12/site-packages/airflow/example_dags/example_branch_operator_decorator.py took 0.090 seconds
[2024-10-11T00:57:42.337+0000] {processor.py:186} INFO - Started process (PID=71346) to work on /usr/local/python/3.12.1/lib/python3.12/site-packages/airflow/example_dags/example_branch_operator_decorator.py
[2024-10-11T00:57:42.337+0000] {processor.py:914} INFO - Processing file /usr/local/python/3.12.1/lib/python3.12/site-packages/airflow/example_dags/example_branch_operator_decorator.py for tasks to queue
[2024-10-11T00:57:42.339+0000] {logging_mixin.py:190} INFO - [2024-10-11T00:57:42.339+0000] {dagbag.py:588} INFO - Filling up the DagBag from /usr/local/python/3.12.1/lib/python3.12/site-packages/airflow/example_dags/example_branch_operator_decorator.py
[2024-10-11T00:57:42.354+0000] {processor.py:925} INFO - DAG(s) 'example_branch_python_operator_decorator' retrieved from /usr/local/python/3.12.1/lib/python3.12/site-packages/airflow/example_dags/example_branch_operator_decorator.py
[2024-10-11T00:57:42.432+0000] {logging_mixin.py:190} INFO - [2024-10-11T00:57:42.432+0000] {dag.py:3239} INFO - Sync 1 DAGs
[2024-10-11T00:57:42.447+0000] {logging_mixin.py:190} INFO - [2024-10-11T00:57:42.447+0000] {dag.py:4180} INFO - Setting next_dagrun for example_branch_python_operator_decorator to 2024-10-10 00:00:00+00:00, run_after=2024-10-11 00:00:00+00:00
[2024-10-11T00:57:42.527+0000] {processor.py:208} INFO - Processing /usr/local/python/3.12.1/lib/python3.12/site-packages/airflow/example_dags/example_branch_operator_decorator.py took 0.195 seconds
[2024-10-11T00:58:40.744+0000] {processor.py:186} INFO - Started process (PID=71964) to work on /usr/local/python/3.12.1/lib/python3.12/site-packages/airflow/example_dags/example_branch_operator_decorator.py
[2024-10-11T00:58:40.745+0000] {processor.py:914} INFO - Processing file /usr/local/python/3.12.1/lib/python3.12/site-packages/airflow/example_dags/example_branch_operator_decorator.py for tasks to queue
[2024-10-11T00:58:40.746+0000] {logging_mixin.py:190} INFO - [2024-10-11T00:58:40.746+0000] {dagbag.py:588} INFO - Filling up the DagBag from /usr/local/python/3.12.1/lib/python3.12/site-packages/airflow/example_dags/example_branch_operator_decorator.py
[2024-10-11T00:58:40.762+0000] {processor.py:925} INFO - DAG(s) 'example_branch_python_operator_decorator' retrieved from /usr/local/python/3.12.1/lib/python3.12/site-packages/airflow/example_dags/example_branch_operator_decorator.py
[2024-10-11T00:58:40.767+0000] {logging_mixin.py:190} INFO - [2024-10-11T00:58:40.767+0000] {dag.py:3239} INFO - Sync 1 DAGs
[2024-10-11T00:58:40.782+0000] {logging_mixin.py:190} INFO - [2024-10-11T00:58:40.782+0000] {dag.py:4180} INFO - Setting next_dagrun for example_branch_python_operator_decorator to 2024-10-10 00:00:00+00:00, run_after=2024-10-11 00:00:00+00:00
[2024-10-11T00:58:40.835+0000] {processor.py:208} INFO - Processing /usr/local/python/3.12.1/lib/python3.12/site-packages/airflow/example_dags/example_branch_operator_decorator.py took 0.096 seconds
[2024-10-11T01:00:02.956+0000] {processor.py:186} INFO - Started process (PID=72884) to work on /usr/local/python/3.12.1/lib/python3.12/site-packages/airflow/example_dags/example_branch_operator_decorator.py
[2024-10-11T01:00:02.956+0000] {processor.py:914} INFO - Processing file /usr/local/python/3.12.1/lib/python3.12/site-packages/airflow/example_dags/example_branch_operator_decorator.py for tasks to queue
[2024-10-11T01:00:02.958+0000] {logging_mixin.py:190} INFO - [2024-10-11T01:00:02.958+0000] {dagbag.py:588} INFO - Filling up the DagBag from /usr/local/python/3.12.1/lib/python3.12/site-packages/airflow/example_dags/example_branch_operator_decorator.py
[2024-10-11T01:00:02.983+0000] {processor.py:925} INFO - DAG(s) 'example_branch_python_operator_decorator' retrieved from /usr/local/python/3.12.1/lib/python3.12/site-packages/airflow/example_dags/example_branch_operator_decorator.py
[2024-10-11T01:00:03.106+0000] {logging_mixin.py:190} INFO - [2024-10-11T01:00:03.106+0000] {dag.py:3239} INFO - Sync 1 DAGs
[2024-10-11T01:00:03.125+0000] {logging_mixin.py:190} INFO - [2024-10-11T01:00:03.125+0000] {dag.py:4180} INFO - Setting next_dagrun for example_branch_python_operator_decorator to 2024-10-10 00:00:00+00:00, run_after=2024-10-11 00:00:00+00:00
[2024-10-11T01:00:03.177+0000] {processor.py:208} INFO - Processing /usr/local/python/3.12.1/lib/python3.12/site-packages/airflow/example_dags/example_branch_operator_decorator.py took 0.230 seconds
[2024-10-11T01:01:30.453+0000] {processor.py:186} INFO - Started process (PID=73858) to work on /usr/local/python/3.12.1/lib/python3.12/site-packages/airflow/example_dags/example_branch_operator_decorator.py
[2024-10-11T01:01:30.454+0000] {processor.py:914} INFO - Processing file /usr/local/python/3.12.1/lib/python3.12/site-packages/airflow/example_dags/example_branch_operator_decorator.py for tasks to queue
[2024-10-11T01:01:30.456+0000] {logging_mixin.py:190} INFO - [2024-10-11T01:01:30.455+0000] {dagbag.py:588} INFO - Filling up the DagBag from /usr/local/python/3.12.1/lib/python3.12/site-packages/airflow/example_dags/example_branch_operator_decorator.py
[2024-10-11T01:01:30.472+0000] {processor.py:925} INFO - DAG(s) 'example_branch_python_operator_decorator' retrieved from /usr/local/python/3.12.1/lib/python3.12/site-packages/airflow/example_dags/example_branch_operator_decorator.py
[2024-10-11T01:01:30.477+0000] {logging_mixin.py:190} INFO - [2024-10-11T01:01:30.477+0000] {dag.py:3239} INFO - Sync 1 DAGs
[2024-10-11T01:01:30.493+0000] {logging_mixin.py:190} INFO - [2024-10-11T01:01:30.493+0000] {dag.py:4180} INFO - Setting next_dagrun for example_branch_python_operator_decorator to 2024-10-10 00:00:00+00:00, run_after=2024-10-11 00:00:00+00:00
[2024-10-11T01:01:30.526+0000] {processor.py:208} INFO - Processing /usr/local/python/3.12.1/lib/python3.12/site-packages/airflow/example_dags/example_branch_operator_decorator.py took 0.077 seconds
[2024-10-11T01:02:28.164+0000] {processor.py:186} INFO - Started process (PID=74493) to work on /usr/local/python/3.12.1/lib/python3.12/site-packages/airflow/example_dags/example_branch_operator_decorator.py
[2024-10-11T01:02:28.165+0000] {processor.py:914} INFO - Processing file /usr/local/python/3.12.1/lib/python3.12/site-packages/airflow/example_dags/example_branch_operator_decorator.py for tasks to queue
[2024-10-11T01:02:28.167+0000] {logging_mixin.py:190} INFO - [2024-10-11T01:02:28.166+0000] {dagbag.py:588} INFO - Filling up the DagBag from /usr/local/python/3.12.1/lib/python3.12/site-packages/airflow/example_dags/example_branch_operator_decorator.py
[2024-10-11T01:02:28.182+0000] {processor.py:925} INFO - DAG(s) 'example_branch_python_operator_decorator' retrieved from /usr/local/python/3.12.1/lib/python3.12/site-packages/airflow/example_dags/example_branch_operator_decorator.py
[2024-10-11T01:02:28.256+0000] {logging_mixin.py:190} INFO - [2024-10-11T01:02:28.256+0000] {dag.py:3239} INFO - Sync 1 DAGs
[2024-10-11T01:02:28.269+0000] {logging_mixin.py:190} INFO - [2024-10-11T01:02:28.269+0000] {dag.py:4180} INFO - Setting next_dagrun for example_branch_python_operator_decorator to 2024-10-10 00:00:00+00:00, run_after=2024-10-11 00:00:00+00:00
[2024-10-11T01:02:28.307+0000] {processor.py:208} INFO - Processing /usr/local/python/3.12.1/lib/python3.12/site-packages/airflow/example_dags/example_branch_operator_decorator.py took 0.146 seconds
[2024-10-11T01:03:47.670+0000] {processor.py:186} INFO - Started process (PID=75360) to work on /usr/local/python/3.12.1/lib/python3.12/site-packages/airflow/example_dags/example_branch_operator_decorator.py
[2024-10-11T01:03:47.671+0000] {processor.py:914} INFO - Processing file /usr/local/python/3.12.1/lib/python3.12/site-packages/airflow/example_dags/example_branch_operator_decorator.py for tasks to queue
[2024-10-11T01:03:47.673+0000] {logging_mixin.py:190} INFO - [2024-10-11T01:03:47.673+0000] {dagbag.py:588} INFO - Filling up the DagBag from /usr/local/python/3.12.1/lib/python3.12/site-packages/airflow/example_dags/example_branch_operator_decorator.py
[2024-10-11T01:03:47.713+0000] {processor.py:925} INFO - DAG(s) 'example_branch_python_operator_decorator' retrieved from /usr/local/python/3.12.1/lib/python3.12/site-packages/airflow/example_dags/example_branch_operator_decorator.py
[2024-10-11T01:03:47.795+0000] {logging_mixin.py:190} INFO - [2024-10-11T01:03:47.795+0000] {dag.py:3239} INFO - Sync 1 DAGs
[2024-10-11T01:03:47.808+0000] {logging_mixin.py:190} INFO - [2024-10-11T01:03:47.808+0000] {dag.py:4180} INFO - Setting next_dagrun for example_branch_python_operator_decorator to 2024-10-10 00:00:00+00:00, run_after=2024-10-11 00:00:00+00:00
[2024-10-11T01:03:47.852+0000] {processor.py:208} INFO - Processing /usr/local/python/3.12.1/lib/python3.12/site-packages/airflow/example_dags/example_branch_operator_decorator.py took 0.188 seconds
[2024-10-11T01:05:12.228+0000] {processor.py:186} INFO - Started process (PID=76324) to work on /usr/local/python/3.12.1/lib/python3.12/site-packages/airflow/example_dags/example_branch_operator_decorator.py
[2024-10-11T01:05:12.229+0000] {processor.py:914} INFO - Processing file /usr/local/python/3.12.1/lib/python3.12/site-packages/airflow/example_dags/example_branch_operator_decorator.py for tasks to queue
[2024-10-11T01:05:12.230+0000] {logging_mixin.py:190} INFO - [2024-10-11T01:05:12.230+0000] {dagbag.py:588} INFO - Filling up the DagBag from /usr/local/python/3.12.1/lib/python3.12/site-packages/airflow/example_dags/example_branch_operator_decorator.py
[2024-10-11T01:05:12.246+0000] {processor.py:925} INFO - DAG(s) 'example_branch_python_operator_decorator' retrieved from /usr/local/python/3.12.1/lib/python3.12/site-packages/airflow/example_dags/example_branch_operator_decorator.py
[2024-10-11T01:05:12.334+0000] {logging_mixin.py:190} INFO - [2024-10-11T01:05:12.334+0000] {dag.py:3239} INFO - Sync 1 DAGs
[2024-10-11T01:05:12.347+0000] {logging_mixin.py:190} INFO - [2024-10-11T01:05:12.347+0000] {dag.py:4180} INFO - Setting next_dagrun for example_branch_python_operator_decorator to 2024-10-10 00:00:00+00:00, run_after=2024-10-11 00:00:00+00:00
[2024-10-11T01:05:12.390+0000] {processor.py:208} INFO - Processing /usr/local/python/3.12.1/lib/python3.12/site-packages/airflow/example_dags/example_branch_operator_decorator.py took 0.165 seconds
[2024-10-11T01:06:36.113+0000] {processor.py:186} INFO - Started process (PID=77246) to work on /usr/local/python/3.12.1/lib/python3.12/site-packages/airflow/example_dags/example_branch_operator_decorator.py
[2024-10-11T01:06:36.113+0000] {processor.py:914} INFO - Processing file /usr/local/python/3.12.1/lib/python3.12/site-packages/airflow/example_dags/example_branch_operator_decorator.py for tasks to queue
[2024-10-11T01:06:36.115+0000] {logging_mixin.py:190} INFO - [2024-10-11T01:06:36.115+0000] {dagbag.py:588} INFO - Filling up the DagBag from /usr/local/python/3.12.1/lib/python3.12/site-packages/airflow/example_dags/example_branch_operator_decorator.py
[2024-10-11T01:06:36.131+0000] {processor.py:925} INFO - DAG(s) 'example_branch_python_operator_decorator' retrieved from /usr/local/python/3.12.1/lib/python3.12/site-packages/airflow/example_dags/example_branch_operator_decorator.py
[2024-10-11T01:06:36.148+0000] {logging_mixin.py:190} INFO - [2024-10-11T01:06:36.148+0000] {dag.py:3239} INFO - Sync 1 DAGs
[2024-10-11T01:06:36.172+0000] {logging_mixin.py:190} INFO - [2024-10-11T01:06:36.172+0000] {dag.py:4180} INFO - Setting next_dagrun for example_branch_python_operator_decorator to 2024-10-10 00:00:00+00:00, run_after=2024-10-11 00:00:00+00:00
[2024-10-11T01:06:36.238+0000] {processor.py:208} INFO - Processing /usr/local/python/3.12.1/lib/python3.12/site-packages/airflow/example_dags/example_branch_operator_decorator.py took 0.129 seconds
[2024-10-11T01:07:59.250+0000] {processor.py:186} INFO - Started process (PID=78150) to work on /usr/local/python/3.12.1/lib/python3.12/site-packages/airflow/example_dags/example_branch_operator_decorator.py
[2024-10-11T01:07:59.251+0000] {processor.py:914} INFO - Processing file /usr/local/python/3.12.1/lib/python3.12/site-packages/airflow/example_dags/example_branch_operator_decorator.py for tasks to queue
[2024-10-11T01:07:59.252+0000] {logging_mixin.py:190} INFO - [2024-10-11T01:07:59.252+0000] {dagbag.py:588} INFO - Filling up the DagBag from /usr/local/python/3.12.1/lib/python3.12/site-packages/airflow/example_dags/example_branch_operator_decorator.py
[2024-10-11T01:07:59.268+0000] {processor.py:925} INFO - DAG(s) 'example_branch_python_operator_decorator' retrieved from /usr/local/python/3.12.1/lib/python3.12/site-packages/airflow/example_dags/example_branch_operator_decorator.py
[2024-10-11T01:07:59.357+0000] {logging_mixin.py:190} INFO - [2024-10-11T01:07:59.356+0000] {dag.py:3239} INFO - Sync 1 DAGs
[2024-10-11T01:07:59.370+0000] {logging_mixin.py:190} INFO - [2024-10-11T01:07:59.370+0000] {dag.py:4180} INFO - Setting next_dagrun for example_branch_python_operator_decorator to 2024-10-10 00:00:00+00:00, run_after=2024-10-11 00:00:00+00:00
[2024-10-11T01:07:59.408+0000] {processor.py:208} INFO - Processing /usr/local/python/3.12.1/lib/python3.12/site-packages/airflow/example_dags/example_branch_operator_decorator.py took 0.162 seconds
[2024-10-11T01:08:58.478+0000] {processor.py:186} INFO - Started process (PID=78800) to work on /usr/local/python/3.12.1/lib/python3.12/site-packages/airflow/example_dags/example_branch_operator_decorator.py
[2024-10-11T01:08:58.479+0000] {processor.py:914} INFO - Processing file /usr/local/python/3.12.1/lib/python3.12/site-packages/airflow/example_dags/example_branch_operator_decorator.py for tasks to queue
[2024-10-11T01:08:58.481+0000] {logging_mixin.py:190} INFO - [2024-10-11T01:08:58.480+0000] {dagbag.py:588} INFO - Filling up the DagBag from /usr/local/python/3.12.1/lib/python3.12/site-packages/airflow/example_dags/example_branch_operator_decorator.py
[2024-10-11T01:08:58.496+0000] {processor.py:925} INFO - DAG(s) 'example_branch_python_operator_decorator' retrieved from /usr/local/python/3.12.1/lib/python3.12/site-packages/airflow/example_dags/example_branch_operator_decorator.py
[2024-10-11T01:08:58.512+0000] {logging_mixin.py:190} INFO - [2024-10-11T01:08:58.512+0000] {dag.py:3239} INFO - Sync 1 DAGs
[2024-10-11T01:08:58.527+0000] {logging_mixin.py:190} INFO - [2024-10-11T01:08:58.527+0000] {dag.py:4180} INFO - Setting next_dagrun for example_branch_python_operator_decorator to 2024-10-10 00:00:00+00:00, run_after=2024-10-11 00:00:00+00:00
[2024-10-11T01:08:58.573+0000] {processor.py:208} INFO - Processing /usr/local/python/3.12.1/lib/python3.12/site-packages/airflow/example_dags/example_branch_operator_decorator.py took 0.099 seconds
[2024-10-11T01:10:19.641+0000] {processor.py:186} INFO - Started process (PID=79732) to work on /usr/local/python/3.12.1/lib/python3.12/site-packages/airflow/example_dags/example_branch_operator_decorator.py
[2024-10-11T01:10:19.642+0000] {processor.py:914} INFO - Processing file /usr/local/python/3.12.1/lib/python3.12/site-packages/airflow/example_dags/example_branch_operator_decorator.py for tasks to queue
[2024-10-11T01:10:19.643+0000] {logging_mixin.py:190} INFO - [2024-10-11T01:10:19.643+0000] {dagbag.py:588} INFO - Filling up the DagBag from /usr/local/python/3.12.1/lib/python3.12/site-packages/airflow/example_dags/example_branch_operator_decorator.py
[2024-10-11T01:10:19.659+0000] {processor.py:925} INFO - DAG(s) 'example_branch_python_operator_decorator' retrieved from /usr/local/python/3.12.1/lib/python3.12/site-packages/airflow/example_dags/example_branch_operator_decorator.py
[2024-10-11T01:10:19.732+0000] {logging_mixin.py:190} INFO - [2024-10-11T01:10:19.732+0000] {dag.py:3239} INFO - Sync 1 DAGs
[2024-10-11T01:10:19.748+0000] {logging_mixin.py:190} INFO - [2024-10-11T01:10:19.747+0000] {dag.py:4180} INFO - Setting next_dagrun for example_branch_python_operator_decorator to 2024-10-10 00:00:00+00:00, run_after=2024-10-11 00:00:00+00:00
[2024-10-11T01:10:19.789+0000] {processor.py:208} INFO - Processing /usr/local/python/3.12.1/lib/python3.12/site-packages/airflow/example_dags/example_branch_operator_decorator.py took 0.152 seconds
[2024-10-11T01:11:43.344+0000] {processor.py:186} INFO - Started process (PID=80637) to work on /usr/local/python/3.12.1/lib/python3.12/site-packages/airflow/example_dags/example_branch_operator_decorator.py
[2024-10-11T01:11:43.345+0000] {processor.py:914} INFO - Processing file /usr/local/python/3.12.1/lib/python3.12/site-packages/airflow/example_dags/example_branch_operator_decorator.py for tasks to queue
[2024-10-11T01:11:43.346+0000] {logging_mixin.py:190} INFO - [2024-10-11T01:11:43.346+0000] {dagbag.py:588} INFO - Filling up the DagBag from /usr/local/python/3.12.1/lib/python3.12/site-packages/airflow/example_dags/example_branch_operator_decorator.py
[2024-10-11T01:11:43.362+0000] {processor.py:925} INFO - DAG(s) 'example_branch_python_operator_decorator' retrieved from /usr/local/python/3.12.1/lib/python3.12/site-packages/airflow/example_dags/example_branch_operator_decorator.py
[2024-10-11T01:11:43.383+0000] {logging_mixin.py:190} INFO - [2024-10-11T01:11:43.383+0000] {dag.py:3239} INFO - Sync 1 DAGs
[2024-10-11T01:11:43.397+0000] {logging_mixin.py:190} INFO - [2024-10-11T01:11:43.397+0000] {dag.py:4180} INFO - Setting next_dagrun for example_branch_python_operator_decorator to 2024-10-10 00:00:00+00:00, run_after=2024-10-11 00:00:00+00:00
[2024-10-11T01:11:43.436+0000] {processor.py:208} INFO - Processing /usr/local/python/3.12.1/lib/python3.12/site-packages/airflow/example_dags/example_branch_operator_decorator.py took 0.096 seconds
[2024-10-11T01:13:08.272+0000] {processor.py:186} INFO - Started process (PID=81576) to work on /usr/local/python/3.12.1/lib/python3.12/site-packages/airflow/example_dags/example_branch_operator_decorator.py
[2024-10-11T01:13:08.273+0000] {processor.py:914} INFO - Processing file /usr/local/python/3.12.1/lib/python3.12/site-packages/airflow/example_dags/example_branch_operator_decorator.py for tasks to queue
[2024-10-11T01:13:08.274+0000] {logging_mixin.py:190} INFO - [2024-10-11T01:13:08.274+0000] {dagbag.py:588} INFO - Filling up the DagBag from /usr/local/python/3.12.1/lib/python3.12/site-packages/airflow/example_dags/example_branch_operator_decorator.py
[2024-10-11T01:13:08.299+0000] {processor.py:925} INFO - DAG(s) 'example_branch_python_operator_decorator' retrieved from /usr/local/python/3.12.1/lib/python3.12/site-packages/airflow/example_dags/example_branch_operator_decorator.py
[2024-10-11T01:13:08.427+0000] {logging_mixin.py:190} INFO - [2024-10-11T01:13:08.427+0000] {dag.py:3239} INFO - Sync 1 DAGs
[2024-10-11T01:13:08.444+0000] {logging_mixin.py:190} INFO - [2024-10-11T01:13:08.443+0000] {dag.py:4180} INFO - Setting next_dagrun for example_branch_python_operator_decorator to 2024-10-10 00:00:00+00:00, run_after=2024-10-11 00:00:00+00:00
[2024-10-11T01:13:08.481+0000] {processor.py:208} INFO - Processing /usr/local/python/3.12.1/lib/python3.12/site-packages/airflow/example_dags/example_branch_operator_decorator.py took 0.212 seconds
[2024-10-11T01:14:04.887+0000] {processor.py:186} INFO - Started process (PID=82202) to work on /usr/local/python/3.12.1/lib/python3.12/site-packages/airflow/example_dags/example_branch_operator_decorator.py
[2024-10-11T01:14:04.888+0000] {processor.py:914} INFO - Processing file /usr/local/python/3.12.1/lib/python3.12/site-packages/airflow/example_dags/example_branch_operator_decorator.py for tasks to queue
[2024-10-11T01:14:04.890+0000] {logging_mixin.py:190} INFO - [2024-10-11T01:14:04.889+0000] {dagbag.py:588} INFO - Filling up the DagBag from /usr/local/python/3.12.1/lib/python3.12/site-packages/airflow/example_dags/example_branch_operator_decorator.py
[2024-10-11T01:14:04.905+0000] {processor.py:925} INFO - DAG(s) 'example_branch_python_operator_decorator' retrieved from /usr/local/python/3.12.1/lib/python3.12/site-packages/airflow/example_dags/example_branch_operator_decorator.py
[2024-10-11T01:14:04.922+0000] {logging_mixin.py:190} INFO - [2024-10-11T01:14:04.922+0000] {dag.py:3239} INFO - Sync 1 DAGs
[2024-10-11T01:14:04.937+0000] {logging_mixin.py:190} INFO - [2024-10-11T01:14:04.937+0000] {dag.py:4180} INFO - Setting next_dagrun for example_branch_python_operator_decorator to 2024-10-10 00:00:00+00:00, run_after=2024-10-11 00:00:00+00:00
[2024-10-11T01:14:04.983+0000] {processor.py:208} INFO - Processing /usr/local/python/3.12.1/lib/python3.12/site-packages/airflow/example_dags/example_branch_operator_decorator.py took 0.100 seconds
[2024-10-11T01:15:25.813+0000] {processor.py:186} INFO - Started process (PID=83125) to work on /usr/local/python/3.12.1/lib/python3.12/site-packages/airflow/example_dags/example_branch_operator_decorator.py
[2024-10-11T01:15:25.813+0000] {processor.py:914} INFO - Processing file /usr/local/python/3.12.1/lib/python3.12/site-packages/airflow/example_dags/example_branch_operator_decorator.py for tasks to queue
[2024-10-11T01:15:25.815+0000] {logging_mixin.py:190} INFO - [2024-10-11T01:15:25.815+0000] {dagbag.py:588} INFO - Filling up the DagBag from /usr/local/python/3.12.1/lib/python3.12/site-packages/airflow/example_dags/example_branch_operator_decorator.py
[2024-10-11T01:15:25.830+0000] {processor.py:925} INFO - DAG(s) 'example_branch_python_operator_decorator' retrieved from /usr/local/python/3.12.1/lib/python3.12/site-packages/airflow/example_dags/example_branch_operator_decorator.py
[2024-10-11T01:15:25.905+0000] {logging_mixin.py:190} INFO - [2024-10-11T01:15:25.904+0000] {dag.py:3239} INFO - Sync 1 DAGs
[2024-10-11T01:15:25.918+0000] {logging_mixin.py:190} INFO - [2024-10-11T01:15:25.918+0000] {dag.py:4180} INFO - Setting next_dagrun for example_branch_python_operator_decorator to 2024-10-10 00:00:00+00:00, run_after=2024-10-11 00:00:00+00:00
[2024-10-11T01:15:25.951+0000] {processor.py:208} INFO - Processing /usr/local/python/3.12.1/lib/python3.12/site-packages/airflow/example_dags/example_branch_operator_decorator.py took 0.142 seconds
[2024-10-11T01:16:46.888+0000] {processor.py:186} INFO - Started process (PID=84023) to work on /usr/local/python/3.12.1/lib/python3.12/site-packages/airflow/example_dags/example_branch_operator_decorator.py
[2024-10-11T01:16:46.888+0000] {processor.py:914} INFO - Processing file /usr/local/python/3.12.1/lib/python3.12/site-packages/airflow/example_dags/example_branch_operator_decorator.py for tasks to queue
[2024-10-11T01:16:46.890+0000] {logging_mixin.py:190} INFO - [2024-10-11T01:16:46.889+0000] {dagbag.py:588} INFO - Filling up the DagBag from /usr/local/python/3.12.1/lib/python3.12/site-packages/airflow/example_dags/example_branch_operator_decorator.py
[2024-10-11T01:16:46.906+0000] {processor.py:925} INFO - DAG(s) 'example_branch_python_operator_decorator' retrieved from /usr/local/python/3.12.1/lib/python3.12/site-packages/airflow/example_dags/example_branch_operator_decorator.py
[2024-10-11T01:16:46.980+0000] {logging_mixin.py:190} INFO - [2024-10-11T01:16:46.979+0000] {dag.py:3239} INFO - Sync 1 DAGs
[2024-10-11T01:16:46.992+0000] {logging_mixin.py:190} INFO - [2024-10-11T01:16:46.992+0000] {dag.py:4180} INFO - Setting next_dagrun for example_branch_python_operator_decorator to 2024-10-10 00:00:00+00:00, run_after=2024-10-11 00:00:00+00:00
[2024-10-11T01:16:47.050+0000] {processor.py:208} INFO - Processing /usr/local/python/3.12.1/lib/python3.12/site-packages/airflow/example_dags/example_branch_operator_decorator.py took 0.166 seconds
[2024-10-11T01:18:04.123+0000] {processor.py:186} INFO - Started process (PID=84882) to work on /usr/local/python/3.12.1/lib/python3.12/site-packages/airflow/example_dags/example_branch_operator_decorator.py
[2024-10-11T01:18:04.124+0000] {processor.py:914} INFO - Processing file /usr/local/python/3.12.1/lib/python3.12/site-packages/airflow/example_dags/example_branch_operator_decorator.py for tasks to queue
[2024-10-11T01:18:04.125+0000] {logging_mixin.py:190} INFO - [2024-10-11T01:18:04.125+0000] {dagbag.py:588} INFO - Filling up the DagBag from /usr/local/python/3.12.1/lib/python3.12/site-packages/airflow/example_dags/example_branch_operator_decorator.py
[2024-10-11T01:18:04.151+0000] {processor.py:925} INFO - DAG(s) 'example_branch_python_operator_decorator' retrieved from /usr/local/python/3.12.1/lib/python3.12/site-packages/airflow/example_dags/example_branch_operator_decorator.py
[2024-10-11T01:18:04.229+0000] {logging_mixin.py:190} INFO - [2024-10-11T01:18:04.229+0000] {dag.py:3239} INFO - Sync 1 DAGs
[2024-10-11T01:18:04.242+0000] {logging_mixin.py:190} INFO - [2024-10-11T01:18:04.242+0000] {dag.py:4180} INFO - Setting next_dagrun for example_branch_python_operator_decorator to 2024-10-10 00:00:00+00:00, run_after=2024-10-11 00:00:00+00:00
[2024-10-11T01:18:04.285+0000] {processor.py:208} INFO - Processing /usr/local/python/3.12.1/lib/python3.12/site-packages/airflow/example_dags/example_branch_operator_decorator.py took 0.166 seconds
[2024-10-11T01:19:29.455+0000] {processor.py:186} INFO - Started process (PID=85816) to work on /usr/local/python/3.12.1/lib/python3.12/site-packages/airflow/example_dags/example_branch_operator_decorator.py
[2024-10-11T01:19:29.456+0000] {processor.py:914} INFO - Processing file /usr/local/python/3.12.1/lib/python3.12/site-packages/airflow/example_dags/example_branch_operator_decorator.py for tasks to queue
[2024-10-11T01:19:29.458+0000] {logging_mixin.py:190} INFO - [2024-10-11T01:19:29.457+0000] {dagbag.py:588} INFO - Filling up the DagBag from /usr/local/python/3.12.1/lib/python3.12/site-packages/airflow/example_dags/example_branch_operator_decorator.py
[2024-10-11T01:19:29.476+0000] {processor.py:925} INFO - DAG(s) 'example_branch_python_operator_decorator' retrieved from /usr/local/python/3.12.1/lib/python3.12/site-packages/airflow/example_dags/example_branch_operator_decorator.py
[2024-10-11T01:19:29.549+0000] {logging_mixin.py:190} INFO - [2024-10-11T01:19:29.548+0000] {dag.py:3239} INFO - Sync 1 DAGs
[2024-10-11T01:19:29.561+0000] {logging_mixin.py:190} INFO - [2024-10-11T01:19:29.561+0000] {dag.py:4180} INFO - Setting next_dagrun for example_branch_python_operator_decorator to 2024-10-10 00:00:00+00:00, run_after=2024-10-11 00:00:00+00:00
[2024-10-11T01:19:29.598+0000] {processor.py:208} INFO - Processing /usr/local/python/3.12.1/lib/python3.12/site-packages/airflow/example_dags/example_branch_operator_decorator.py took 0.151 seconds
[2024-10-11T01:20:26.367+0000] {processor.py:186} INFO - Started process (PID=86463) to work on /usr/local/python/3.12.1/lib/python3.12/site-packages/airflow/example_dags/example_branch_operator_decorator.py
[2024-10-11T01:20:26.368+0000] {processor.py:914} INFO - Processing file /usr/local/python/3.12.1/lib/python3.12/site-packages/airflow/example_dags/example_branch_operator_decorator.py for tasks to queue
[2024-10-11T01:20:26.369+0000] {logging_mixin.py:190} INFO - [2024-10-11T01:20:26.369+0000] {dagbag.py:588} INFO - Filling up the DagBag from /usr/local/python/3.12.1/lib/python3.12/site-packages/airflow/example_dags/example_branch_operator_decorator.py
[2024-10-11T01:20:26.385+0000] {processor.py:925} INFO - DAG(s) 'example_branch_python_operator_decorator' retrieved from /usr/local/python/3.12.1/lib/python3.12/site-packages/airflow/example_dags/example_branch_operator_decorator.py
[2024-10-11T01:20:26.390+0000] {logging_mixin.py:190} INFO - [2024-10-11T01:20:26.390+0000] {dag.py:3239} INFO - Sync 1 DAGs
[2024-10-11T01:20:26.409+0000] {logging_mixin.py:190} INFO - [2024-10-11T01:20:26.409+0000] {dag.py:4180} INFO - Setting next_dagrun for example_branch_python_operator_decorator to 2024-10-10 00:00:00+00:00, run_after=2024-10-11 00:00:00+00:00
[2024-10-11T01:20:26.461+0000] {processor.py:208} INFO - Processing /usr/local/python/3.12.1/lib/python3.12/site-packages/airflow/example_dags/example_branch_operator_decorator.py took 0.098 seconds
[2024-10-11T01:21:47.247+0000] {processor.py:186} INFO - Started process (PID=87352) to work on /usr/local/python/3.12.1/lib/python3.12/site-packages/airflow/example_dags/example_branch_operator_decorator.py
[2024-10-11T01:21:47.248+0000] {processor.py:914} INFO - Processing file /usr/local/python/3.12.1/lib/python3.12/site-packages/airflow/example_dags/example_branch_operator_decorator.py for tasks to queue
[2024-10-11T01:21:47.250+0000] {logging_mixin.py:190} INFO - [2024-10-11T01:21:47.249+0000] {dagbag.py:588} INFO - Filling up the DagBag from /usr/local/python/3.12.1/lib/python3.12/site-packages/airflow/example_dags/example_branch_operator_decorator.py
[2024-10-11T01:21:47.265+0000] {processor.py:925} INFO - DAG(s) 'example_branch_python_operator_decorator' retrieved from /usr/local/python/3.12.1/lib/python3.12/site-packages/airflow/example_dags/example_branch_operator_decorator.py
[2024-10-11T01:21:47.339+0000] {logging_mixin.py:190} INFO - [2024-10-11T01:21:47.339+0000] {dag.py:3239} INFO - Sync 1 DAGs
[2024-10-11T01:21:47.352+0000] {logging_mixin.py:190} INFO - [2024-10-11T01:21:47.351+0000] {dag.py:4180} INFO - Setting next_dagrun for example_branch_python_operator_decorator to 2024-10-10 00:00:00+00:00, run_after=2024-10-11 00:00:00+00:00
[2024-10-11T01:21:47.409+0000] {processor.py:208} INFO - Processing /usr/local/python/3.12.1/lib/python3.12/site-packages/airflow/example_dags/example_branch_operator_decorator.py took 0.166 seconds
[2024-10-11T01:23:05.472+0000] {processor.py:186} INFO - Started process (PID=88202) to work on /usr/local/python/3.12.1/lib/python3.12/site-packages/airflow/example_dags/example_branch_operator_decorator.py
[2024-10-11T01:23:05.473+0000] {processor.py:914} INFO - Processing file /usr/local/python/3.12.1/lib/python3.12/site-packages/airflow/example_dags/example_branch_operator_decorator.py for tasks to queue
[2024-10-11T01:23:05.475+0000] {logging_mixin.py:190} INFO - [2024-10-11T01:23:05.475+0000] {dagbag.py:588} INFO - Filling up the DagBag from /usr/local/python/3.12.1/lib/python3.12/site-packages/airflow/example_dags/example_branch_operator_decorator.py
[2024-10-11T01:23:05.499+0000] {processor.py:925} INFO - DAG(s) 'example_branch_python_operator_decorator' retrieved from /usr/local/python/3.12.1/lib/python3.12/site-packages/airflow/example_dags/example_branch_operator_decorator.py
[2024-10-11T01:23:05.505+0000] {logging_mixin.py:190} INFO - [2024-10-11T01:23:05.505+0000] {dag.py:3239} INFO - Sync 1 DAGs
[2024-10-11T01:23:05.526+0000] {logging_mixin.py:190} INFO - [2024-10-11T01:23:05.526+0000] {dag.py:4180} INFO - Setting next_dagrun for example_branch_python_operator_decorator to 2024-10-10 00:00:00+00:00, run_after=2024-10-11 00:00:00+00:00
[2024-10-11T01:23:05.565+0000] {processor.py:208} INFO - Processing /usr/local/python/3.12.1/lib/python3.12/site-packages/airflow/example_dags/example_branch_operator_decorator.py took 0.099 seconds
[2024-10-11T01:24:29.504+0000] {processor.py:186} INFO - Started process (PID=89150) to work on /usr/local/python/3.12.1/lib/python3.12/site-packages/airflow/example_dags/example_branch_operator_decorator.py
[2024-10-11T01:24:29.504+0000] {processor.py:914} INFO - Processing file /usr/local/python/3.12.1/lib/python3.12/site-packages/airflow/example_dags/example_branch_operator_decorator.py for tasks to queue
[2024-10-11T01:24:29.506+0000] {logging_mixin.py:190} INFO - [2024-10-11T01:24:29.505+0000] {dagbag.py:588} INFO - Filling up the DagBag from /usr/local/python/3.12.1/lib/python3.12/site-packages/airflow/example_dags/example_branch_operator_decorator.py
[2024-10-11T01:24:29.521+0000] {processor.py:925} INFO - DAG(s) 'example_branch_python_operator_decorator' retrieved from /usr/local/python/3.12.1/lib/python3.12/site-packages/airflow/example_dags/example_branch_operator_decorator.py
[2024-10-11T01:24:29.594+0000] {logging_mixin.py:190} INFO - [2024-10-11T01:24:29.594+0000] {dag.py:3239} INFO - Sync 1 DAGs
[2024-10-11T01:24:29.607+0000] {logging_mixin.py:190} INFO - [2024-10-11T01:24:29.607+0000] {dag.py:4180} INFO - Setting next_dagrun for example_branch_python_operator_decorator to 2024-10-10 00:00:00+00:00, run_after=2024-10-11 00:00:00+00:00
[2024-10-11T01:24:29.663+0000] {processor.py:208} INFO - Processing /usr/local/python/3.12.1/lib/python3.12/site-packages/airflow/example_dags/example_branch_operator_decorator.py took 0.163 seconds
[2024-10-11T01:25:59.819+0000] {processor.py:186} INFO - Started process (PID=90143) to work on /usr/local/python/3.12.1/lib/python3.12/site-packages/airflow/example_dags/example_branch_operator_decorator.py
[2024-10-11T01:25:59.820+0000] {processor.py:914} INFO - Processing file /usr/local/python/3.12.1/lib/python3.12/site-packages/airflow/example_dags/example_branch_operator_decorator.py for tasks to queue
[2024-10-11T01:25:59.821+0000] {logging_mixin.py:190} INFO - [2024-10-11T01:25:59.821+0000] {dagbag.py:588} INFO - Filling up the DagBag from /usr/local/python/3.12.1/lib/python3.12/site-packages/airflow/example_dags/example_branch_operator_decorator.py
[2024-10-11T01:25:59.837+0000] {processor.py:925} INFO - DAG(s) 'example_branch_python_operator_decorator' retrieved from /usr/local/python/3.12.1/lib/python3.12/site-packages/airflow/example_dags/example_branch_operator_decorator.py
[2024-10-11T01:25:59.842+0000] {logging_mixin.py:190} INFO - [2024-10-11T01:25:59.842+0000] {dag.py:3239} INFO - Sync 1 DAGs
[2024-10-11T01:25:59.858+0000] {logging_mixin.py:190} INFO - [2024-10-11T01:25:59.857+0000] {dag.py:4180} INFO - Setting next_dagrun for example_branch_python_operator_decorator to 2024-10-10 00:00:00+00:00, run_after=2024-10-11 00:00:00+00:00
[2024-10-11T01:25:59.896+0000] {processor.py:208} INFO - Processing /usr/local/python/3.12.1/lib/python3.12/site-packages/airflow/example_dags/example_branch_operator_decorator.py took 0.081 seconds
[2024-10-11T01:27:20.167+0000] {processor.py:186} INFO - Started process (PID=91015) to work on /usr/local/python/3.12.1/lib/python3.12/site-packages/airflow/example_dags/example_branch_operator_decorator.py
[2024-10-11T01:27:20.168+0000] {processor.py:914} INFO - Processing file /usr/local/python/3.12.1/lib/python3.12/site-packages/airflow/example_dags/example_branch_operator_decorator.py for tasks to queue
[2024-10-11T01:27:20.169+0000] {logging_mixin.py:190} INFO - [2024-10-11T01:27:20.169+0000] {dagbag.py:588} INFO - Filling up the DagBag from /usr/local/python/3.12.1/lib/python3.12/site-packages/airflow/example_dags/example_branch_operator_decorator.py
[2024-10-11T01:27:20.185+0000] {processor.py:925} INFO - DAG(s) 'example_branch_python_operator_decorator' retrieved from /usr/local/python/3.12.1/lib/python3.12/site-packages/airflow/example_dags/example_branch_operator_decorator.py
[2024-10-11T01:27:20.267+0000] {logging_mixin.py:190} INFO - [2024-10-11T01:27:20.267+0000] {dag.py:3239} INFO - Sync 1 DAGs
[2024-10-11T01:27:20.294+0000] {logging_mixin.py:190} INFO - [2024-10-11T01:27:20.293+0000] {dag.py:4180} INFO - Setting next_dagrun for example_branch_python_operator_decorator to 2024-10-10 00:00:00+00:00, run_after=2024-10-11 00:00:00+00:00
[2024-10-11T01:27:20.333+0000] {processor.py:208} INFO - Processing /usr/local/python/3.12.1/lib/python3.12/site-packages/airflow/example_dags/example_branch_operator_decorator.py took 0.170 seconds
[2024-10-11T01:28:42.693+0000] {processor.py:186} INFO - Started process (PID=91923) to work on /usr/local/python/3.12.1/lib/python3.12/site-packages/airflow/example_dags/example_branch_operator_decorator.py
[2024-10-11T01:28:42.693+0000] {processor.py:914} INFO - Processing file /usr/local/python/3.12.1/lib/python3.12/site-packages/airflow/example_dags/example_branch_operator_decorator.py for tasks to queue
[2024-10-11T01:28:42.695+0000] {logging_mixin.py:190} INFO - [2024-10-11T01:28:42.694+0000] {dagbag.py:588} INFO - Filling up the DagBag from /usr/local/python/3.12.1/lib/python3.12/site-packages/airflow/example_dags/example_branch_operator_decorator.py
[2024-10-11T01:28:42.710+0000] {processor.py:925} INFO - DAG(s) 'example_branch_python_operator_decorator' retrieved from /usr/local/python/3.12.1/lib/python3.12/site-packages/airflow/example_dags/example_branch_operator_decorator.py
[2024-10-11T01:28:42.726+0000] {logging_mixin.py:190} INFO - [2024-10-11T01:28:42.726+0000] {dag.py:3239} INFO - Sync 1 DAGs
[2024-10-11T01:28:42.741+0000] {logging_mixin.py:190} INFO - [2024-10-11T01:28:42.741+0000] {dag.py:4180} INFO - Setting next_dagrun for example_branch_python_operator_decorator to 2024-10-10 00:00:00+00:00, run_after=2024-10-11 00:00:00+00:00
[2024-10-11T01:28:42.790+0000] {processor.py:208} INFO - Processing /usr/local/python/3.12.1/lib/python3.12/site-packages/airflow/example_dags/example_branch_operator_decorator.py took 0.102 seconds
[2024-10-11T01:30:03.222+0000] {processor.py:186} INFO - Started process (PID=92837) to work on /usr/local/python/3.12.1/lib/python3.12/site-packages/airflow/example_dags/example_branch_operator_decorator.py
[2024-10-11T01:30:03.223+0000] {processor.py:914} INFO - Processing file /usr/local/python/3.12.1/lib/python3.12/site-packages/airflow/example_dags/example_branch_operator_decorator.py for tasks to queue
[2024-10-11T01:30:03.224+0000] {logging_mixin.py:190} INFO - [2024-10-11T01:30:03.224+0000] {dagbag.py:588} INFO - Filling up the DagBag from /usr/local/python/3.12.1/lib/python3.12/site-packages/airflow/example_dags/example_branch_operator_decorator.py
[2024-10-11T01:30:03.240+0000] {processor.py:925} INFO - DAG(s) 'example_branch_python_operator_decorator' retrieved from /usr/local/python/3.12.1/lib/python3.12/site-packages/airflow/example_dags/example_branch_operator_decorator.py
[2024-10-11T01:30:03.319+0000] {logging_mixin.py:190} INFO - [2024-10-11T01:30:03.318+0000] {dag.py:3239} INFO - Sync 1 DAGs
[2024-10-11T01:30:03.337+0000] {logging_mixin.py:190} INFO - [2024-10-11T01:30:03.336+0000] {dag.py:4180} INFO - Setting next_dagrun for example_branch_python_operator_decorator to 2024-10-10 00:00:00+00:00, run_after=2024-10-11 00:00:00+00:00
[2024-10-11T01:30:03.377+0000] {processor.py:208} INFO - Processing /usr/local/python/3.12.1/lib/python3.12/site-packages/airflow/example_dags/example_branch_operator_decorator.py took 0.158 seconds
