[2024-10-11T00:15:19.459+0000] {processor.py:186} INFO - Started process (PID=43173) to work on /usr/local/python/3.12.1/lib/python3.12/site-packages/airflow/example_dags/example_params_ui_tutorial.py
[2024-10-11T00:15:19.460+0000] {processor.py:914} INFO - Processing file /usr/local/python/3.12.1/lib/python3.12/site-packages/airflow/example_dags/example_params_ui_tutorial.py for tasks to queue
[2024-10-11T00:15:19.461+0000] {logging_mixin.py:190} INFO - [2024-10-11T00:15:19.461+0000] {dagbag.py:588} INFO - Filling up the DagBag from /usr/local/python/3.12.1/lib/python3.12/site-packages/airflow/example_dags/example_params_ui_tutorial.py
[2024-10-11T00:15:19.467+0000] {processor.py:925} INFO - DAG(s) 'example_params_ui_tutorial' retrieved from /usr/local/python/3.12.1/lib/python3.12/site-packages/airflow/example_dags/example_params_ui_tutorial.py
[2024-10-11T00:15:19.625+0000] {logging_mixin.py:190} INFO - [2024-10-11T00:15:19.624+0000] {override.py:1900} INFO - Created Permission View: can delete on DAG:example_params_ui_tutorial
[2024-10-11T00:15:19.660+0000] {logging_mixin.py:190} INFO - [2024-10-11T00:15:19.660+0000] {override.py:1900} INFO - Created Permission View: can edit on DAG:example_params_ui_tutorial
[2024-10-11T00:15:19.725+0000] {logging_mixin.py:190} INFO - [2024-10-11T00:15:19.724+0000] {override.py:1900} INFO - Created Permission View: can read on DAG:example_params_ui_tutorial
[2024-10-11T00:15:19.813+0000] {logging_mixin.py:190} INFO - [2024-10-11T00:15:19.812+0000] {override.py:1900} INFO - Created Permission View: can delete on DAG Run:example_params_ui_tutorial
[2024-10-11T00:15:19.847+0000] {logging_mixin.py:190} INFO - [2024-10-11T00:15:19.847+0000] {override.py:1900} INFO - Created Permission View: can create on DAG Run:example_params_ui_tutorial
[2024-10-11T00:15:19.886+0000] {logging_mixin.py:190} INFO - [2024-10-11T00:15:19.886+0000] {override.py:1900} INFO - Created Permission View: can read on DAG Run:example_params_ui_tutorial
[2024-10-11T00:15:19.922+0000] {logging_mixin.py:190} INFO - [2024-10-11T00:15:19.922+0000] {override.py:1900} INFO - Created Permission View: menu access on DAG Run:example_params_ui_tutorial
[2024-10-11T00:15:19.923+0000] {logging_mixin.py:190} INFO - [2024-10-11T00:15:19.923+0000] {dag.py:3239} INFO - Sync 1 DAGs
[2024-10-11T00:15:19.931+0000] {logging_mixin.py:190} INFO - [2024-10-11T00:15:19.931+0000] {dag.py:3262} INFO - Creating ORM DAG for example_params_ui_tutorial
[2024-10-11T00:15:19.931+0000] {logging_mixin.py:190} INFO - [2024-10-11T00:15:19.931+0000] {dag.py:4180} INFO - Setting next_dagrun for example_params_ui_tutorial to None, run_after=None
[2024-10-11T00:15:19.983+0000] {processor.py:208} INFO - Processing /usr/local/python/3.12.1/lib/python3.12/site-packages/airflow/example_dags/example_params_ui_tutorial.py took 0.527 seconds
[2024-10-11T00:16:19.516+0000] {processor.py:186} INFO - Started process (PID=43839) to work on /usr/local/python/3.12.1/lib/python3.12/site-packages/airflow/example_dags/example_params_ui_tutorial.py
[2024-10-11T00:16:19.516+0000] {processor.py:914} INFO - Processing file /usr/local/python/3.12.1/lib/python3.12/site-packages/airflow/example_dags/example_params_ui_tutorial.py for tasks to queue
[2024-10-11T00:16:19.518+0000] {logging_mixin.py:190} INFO - [2024-10-11T00:16:19.517+0000] {dagbag.py:588} INFO - Filling up the DagBag from /usr/local/python/3.12.1/lib/python3.12/site-packages/airflow/example_dags/example_params_ui_tutorial.py
[2024-10-11T00:16:19.524+0000] {processor.py:925} INFO - DAG(s) 'example_params_ui_tutorial' retrieved from /usr/local/python/3.12.1/lib/python3.12/site-packages/airflow/example_dags/example_params_ui_tutorial.py
[2024-10-11T00:16:19.529+0000] {logging_mixin.py:190} INFO - [2024-10-11T00:16:19.529+0000] {dag.py:3239} INFO - Sync 1 DAGs
[2024-10-11T00:16:19.539+0000] {logging_mixin.py:190} INFO - [2024-10-11T00:16:19.539+0000] {dag.py:4180} INFO - Setting next_dagrun for example_params_ui_tutorial to None, run_after=None
[2024-10-11T00:16:19.584+0000] {processor.py:208} INFO - Processing /usr/local/python/3.12.1/lib/python3.12/site-packages/airflow/example_dags/example_params_ui_tutorial.py took 0.073 seconds
[2024-10-11T00:17:39.565+0000] {processor.py:186} INFO - Started process (PID=44719) to work on /usr/local/python/3.12.1/lib/python3.12/site-packages/airflow/example_dags/example_params_ui_tutorial.py
[2024-10-11T00:17:39.565+0000] {processor.py:914} INFO - Processing file /usr/local/python/3.12.1/lib/python3.12/site-packages/airflow/example_dags/example_params_ui_tutorial.py for tasks to queue
[2024-10-11T00:17:39.567+0000] {logging_mixin.py:190} INFO - [2024-10-11T00:17:39.567+0000] {dagbag.py:588} INFO - Filling up the DagBag from /usr/local/python/3.12.1/lib/python3.12/site-packages/airflow/example_dags/example_params_ui_tutorial.py
[2024-10-11T00:17:39.573+0000] {processor.py:925} INFO - DAG(s) 'example_params_ui_tutorial' retrieved from /usr/local/python/3.12.1/lib/python3.12/site-packages/airflow/example_dags/example_params_ui_tutorial.py
[2024-10-11T00:17:39.659+0000] {logging_mixin.py:190} INFO - [2024-10-11T00:17:39.658+0000] {dag.py:3239} INFO - Sync 1 DAGs
[2024-10-11T00:17:39.666+0000] {logging_mixin.py:190} INFO - [2024-10-11T00:17:39.666+0000] {dag.py:4180} INFO - Setting next_dagrun for example_params_ui_tutorial to None, run_after=None
[2024-10-11T00:17:39.708+0000] {processor.py:208} INFO - Processing /usr/local/python/3.12.1/lib/python3.12/site-packages/airflow/example_dags/example_params_ui_tutorial.py took 0.147 seconds
[2024-10-11T00:19:09.778+0000] {processor.py:186} INFO - Started process (PID=45724) to work on /usr/local/python/3.12.1/lib/python3.12/site-packages/airflow/example_dags/example_params_ui_tutorial.py
[2024-10-11T00:19:09.779+0000] {processor.py:914} INFO - Processing file /usr/local/python/3.12.1/lib/python3.12/site-packages/airflow/example_dags/example_params_ui_tutorial.py for tasks to queue
[2024-10-11T00:19:09.781+0000] {logging_mixin.py:190} INFO - [2024-10-11T00:19:09.780+0000] {dagbag.py:588} INFO - Filling up the DagBag from /usr/local/python/3.12.1/lib/python3.12/site-packages/airflow/example_dags/example_params_ui_tutorial.py
[2024-10-11T00:19:09.790+0000] {processor.py:925} INFO - DAG(s) 'example_params_ui_tutorial' retrieved from /usr/local/python/3.12.1/lib/python3.12/site-packages/airflow/example_dags/example_params_ui_tutorial.py
[2024-10-11T00:19:09.958+0000] {logging_mixin.py:190} INFO - [2024-10-11T00:19:09.958+0000] {dag.py:3239} INFO - Sync 1 DAGs
[2024-10-11T00:19:09.966+0000] {logging_mixin.py:190} INFO - [2024-10-11T00:19:09.965+0000] {dag.py:4180} INFO - Setting next_dagrun for example_params_ui_tutorial to None, run_after=None
[2024-10-11T00:19:10.034+0000] {processor.py:208} INFO - Processing /usr/local/python/3.12.1/lib/python3.12/site-packages/airflow/example_dags/example_params_ui_tutorial.py took 0.261 seconds
[2024-10-11T00:20:33.062+0000] {processor.py:186} INFO - Started process (PID=46655) to work on /usr/local/python/3.12.1/lib/python3.12/site-packages/airflow/example_dags/example_params_ui_tutorial.py
[2024-10-11T00:20:33.063+0000] {processor.py:914} INFO - Processing file /usr/local/python/3.12.1/lib/python3.12/site-packages/airflow/example_dags/example_params_ui_tutorial.py for tasks to queue
[2024-10-11T00:20:33.064+0000] {logging_mixin.py:190} INFO - [2024-10-11T00:20:33.064+0000] {dagbag.py:588} INFO - Filling up the DagBag from /usr/local/python/3.12.1/lib/python3.12/site-packages/airflow/example_dags/example_params_ui_tutorial.py
[2024-10-11T00:20:33.071+0000] {processor.py:925} INFO - DAG(s) 'example_params_ui_tutorial' retrieved from /usr/local/python/3.12.1/lib/python3.12/site-packages/airflow/example_dags/example_params_ui_tutorial.py
[2024-10-11T00:20:33.197+0000] {logging_mixin.py:190} INFO - [2024-10-11T00:20:33.197+0000] {dag.py:3239} INFO - Sync 1 DAGs
[2024-10-11T00:20:33.205+0000] {logging_mixin.py:190} INFO - [2024-10-11T00:20:33.204+0000] {dag.py:4180} INFO - Setting next_dagrun for example_params_ui_tutorial to None, run_after=None
[2024-10-11T00:20:33.270+0000] {processor.py:208} INFO - Processing /usr/local/python/3.12.1/lib/python3.12/site-packages/airflow/example_dags/example_params_ui_tutorial.py took 0.212 seconds
[2024-10-11T00:21:31.207+0000] {processor.py:186} INFO - Started process (PID=47298) to work on /usr/local/python/3.12.1/lib/python3.12/site-packages/airflow/example_dags/example_params_ui_tutorial.py
[2024-10-11T00:21:31.207+0000] {processor.py:914} INFO - Processing file /usr/local/python/3.12.1/lib/python3.12/site-packages/airflow/example_dags/example_params_ui_tutorial.py for tasks to queue
[2024-10-11T00:21:31.209+0000] {logging_mixin.py:190} INFO - [2024-10-11T00:21:31.208+0000] {dagbag.py:588} INFO - Filling up the DagBag from /usr/local/python/3.12.1/lib/python3.12/site-packages/airflow/example_dags/example_params_ui_tutorial.py
[2024-10-11T00:21:31.215+0000] {processor.py:925} INFO - DAG(s) 'example_params_ui_tutorial' retrieved from /usr/local/python/3.12.1/lib/python3.12/site-packages/airflow/example_dags/example_params_ui_tutorial.py
[2024-10-11T00:21:31.243+0000] {logging_mixin.py:190} INFO - [2024-10-11T00:21:31.243+0000] {dag.py:3239} INFO - Sync 1 DAGs
[2024-10-11T00:21:31.252+0000] {logging_mixin.py:190} INFO - [2024-10-11T00:21:31.252+0000] {dag.py:4180} INFO - Setting next_dagrun for example_params_ui_tutorial to None, run_after=None
[2024-10-11T00:21:31.292+0000] {processor.py:208} INFO - Processing /usr/local/python/3.12.1/lib/python3.12/site-packages/airflow/example_dags/example_params_ui_tutorial.py took 0.089 seconds
[2024-10-11T00:22:58.593+0000] {processor.py:186} INFO - Started process (PID=48243) to work on /usr/local/python/3.12.1/lib/python3.12/site-packages/airflow/example_dags/example_params_ui_tutorial.py
[2024-10-11T00:22:58.593+0000] {processor.py:914} INFO - Processing file /usr/local/python/3.12.1/lib/python3.12/site-packages/airflow/example_dags/example_params_ui_tutorial.py for tasks to queue
[2024-10-11T00:22:58.595+0000] {logging_mixin.py:190} INFO - [2024-10-11T00:22:58.595+0000] {dagbag.py:588} INFO - Filling up the DagBag from /usr/local/python/3.12.1/lib/python3.12/site-packages/airflow/example_dags/example_params_ui_tutorial.py
[2024-10-11T00:22:58.602+0000] {processor.py:925} INFO - DAG(s) 'example_params_ui_tutorial' retrieved from /usr/local/python/3.12.1/lib/python3.12/site-packages/airflow/example_dags/example_params_ui_tutorial.py
[2024-10-11T00:22:58.724+0000] {logging_mixin.py:190} INFO - [2024-10-11T00:22:58.723+0000] {dag.py:3239} INFO - Sync 1 DAGs
[2024-10-11T00:22:58.731+0000] {logging_mixin.py:190} INFO - [2024-10-11T00:22:58.731+0000] {dag.py:4180} INFO - Setting next_dagrun for example_params_ui_tutorial to None, run_after=None
[2024-10-11T00:22:58.779+0000] {processor.py:208} INFO - Processing /usr/local/python/3.12.1/lib/python3.12/site-packages/airflow/example_dags/example_params_ui_tutorial.py took 0.190 seconds
[2024-10-11T00:24:24.591+0000] {processor.py:186} INFO - Started process (PID=49208) to work on /usr/local/python/3.12.1/lib/python3.12/site-packages/airflow/example_dags/example_params_ui_tutorial.py
[2024-10-11T00:24:24.591+0000] {processor.py:914} INFO - Processing file /usr/local/python/3.12.1/lib/python3.12/site-packages/airflow/example_dags/example_params_ui_tutorial.py for tasks to queue
[2024-10-11T00:24:24.593+0000] {logging_mixin.py:190} INFO - [2024-10-11T00:24:24.593+0000] {dagbag.py:588} INFO - Filling up the DagBag from /usr/local/python/3.12.1/lib/python3.12/site-packages/airflow/example_dags/example_params_ui_tutorial.py
[2024-10-11T00:24:24.599+0000] {processor.py:925} INFO - DAG(s) 'example_params_ui_tutorial' retrieved from /usr/local/python/3.12.1/lib/python3.12/site-packages/airflow/example_dags/example_params_ui_tutorial.py
[2024-10-11T00:24:24.605+0000] {logging_mixin.py:190} INFO - [2024-10-11T00:24:24.604+0000] {dag.py:3239} INFO - Sync 1 DAGs
[2024-10-11T00:24:24.614+0000] {logging_mixin.py:190} INFO - [2024-10-11T00:24:24.614+0000] {dag.py:4180} INFO - Setting next_dagrun for example_params_ui_tutorial to None, run_after=None
[2024-10-11T00:24:24.654+0000] {processor.py:208} INFO - Processing /usr/local/python/3.12.1/lib/python3.12/site-packages/airflow/example_dags/example_params_ui_tutorial.py took 0.067 seconds
[2024-10-11T00:25:26.223+0000] {processor.py:186} INFO - Started process (PID=49906) to work on /usr/local/python/3.12.1/lib/python3.12/site-packages/airflow/example_dags/example_params_ui_tutorial.py
[2024-10-11T00:25:26.224+0000] {processor.py:914} INFO - Processing file /usr/local/python/3.12.1/lib/python3.12/site-packages/airflow/example_dags/example_params_ui_tutorial.py for tasks to queue
[2024-10-11T00:25:26.226+0000] {logging_mixin.py:190} INFO - [2024-10-11T00:25:26.226+0000] {dagbag.py:588} INFO - Filling up the DagBag from /usr/local/python/3.12.1/lib/python3.12/site-packages/airflow/example_dags/example_params_ui_tutorial.py
[2024-10-11T00:25:26.235+0000] {processor.py:925} INFO - DAG(s) 'example_params_ui_tutorial' retrieved from /usr/local/python/3.12.1/lib/python3.12/site-packages/airflow/example_dags/example_params_ui_tutorial.py
[2024-10-11T00:25:26.370+0000] {logging_mixin.py:190} INFO - [2024-10-11T00:25:26.369+0000] {dag.py:3239} INFO - Sync 1 DAGs
[2024-10-11T00:25:26.377+0000] {logging_mixin.py:190} INFO - [2024-10-11T00:25:26.377+0000] {dag.py:4180} INFO - Setting next_dagrun for example_params_ui_tutorial to None, run_after=None
[2024-10-11T00:25:26.416+0000] {processor.py:208} INFO - Processing /usr/local/python/3.12.1/lib/python3.12/site-packages/airflow/example_dags/example_params_ui_tutorial.py took 0.198 seconds
[2024-10-11T00:26:49.848+0000] {processor.py:186} INFO - Started process (PID=50813) to work on /usr/local/python/3.12.1/lib/python3.12/site-packages/airflow/example_dags/example_params_ui_tutorial.py
[2024-10-11T00:26:49.849+0000] {processor.py:914} INFO - Processing file /usr/local/python/3.12.1/lib/python3.12/site-packages/airflow/example_dags/example_params_ui_tutorial.py for tasks to queue
[2024-10-11T00:26:49.850+0000] {logging_mixin.py:190} INFO - [2024-10-11T00:26:49.850+0000] {dagbag.py:588} INFO - Filling up the DagBag from /usr/local/python/3.12.1/lib/python3.12/site-packages/airflow/example_dags/example_params_ui_tutorial.py
[2024-10-11T00:26:49.857+0000] {processor.py:925} INFO - DAG(s) 'example_params_ui_tutorial' retrieved from /usr/local/python/3.12.1/lib/python3.12/site-packages/airflow/example_dags/example_params_ui_tutorial.py
[2024-10-11T00:26:49.885+0000] {logging_mixin.py:190} INFO - [2024-10-11T00:26:49.884+0000] {dag.py:3239} INFO - Sync 1 DAGs
[2024-10-11T00:26:49.896+0000] {logging_mixin.py:190} INFO - [2024-10-11T00:26:49.896+0000] {dag.py:4180} INFO - Setting next_dagrun for example_params_ui_tutorial to None, run_after=None
[2024-10-11T00:26:49.933+0000] {processor.py:208} INFO - Processing /usr/local/python/3.12.1/lib/python3.12/site-packages/airflow/example_dags/example_params_ui_tutorial.py took 0.089 seconds
[2024-10-11T00:27:45.522+0000] {processor.py:186} INFO - Started process (PID=51439) to work on /usr/local/python/3.12.1/lib/python3.12/site-packages/airflow/example_dags/example_params_ui_tutorial.py
[2024-10-11T00:27:45.523+0000] {processor.py:914} INFO - Processing file /usr/local/python/3.12.1/lib/python3.12/site-packages/airflow/example_dags/example_params_ui_tutorial.py for tasks to queue
[2024-10-11T00:27:45.526+0000] {logging_mixin.py:190} INFO - [2024-10-11T00:27:45.526+0000] {dagbag.py:588} INFO - Filling up the DagBag from /usr/local/python/3.12.1/lib/python3.12/site-packages/airflow/example_dags/example_params_ui_tutorial.py
[2024-10-11T00:27:45.538+0000] {processor.py:925} INFO - DAG(s) 'example_params_ui_tutorial' retrieved from /usr/local/python/3.12.1/lib/python3.12/site-packages/airflow/example_dags/example_params_ui_tutorial.py
[2024-10-11T00:27:45.700+0000] {logging_mixin.py:190} INFO - [2024-10-11T00:27:45.700+0000] {dag.py:3239} INFO - Sync 1 DAGs
[2024-10-11T00:27:45.713+0000] {logging_mixin.py:190} INFO - [2024-10-11T00:27:45.713+0000] {dag.py:4180} INFO - Setting next_dagrun for example_params_ui_tutorial to None, run_after=None
[2024-10-11T00:27:45.765+0000] {processor.py:208} INFO - Processing /usr/local/python/3.12.1/lib/python3.12/site-packages/airflow/example_dags/example_params_ui_tutorial.py took 0.252 seconds
[2024-10-11T00:29:08.551+0000] {processor.py:186} INFO - Started process (PID=52381) to work on /usr/local/python/3.12.1/lib/python3.12/site-packages/airflow/example_dags/example_params_ui_tutorial.py
[2024-10-11T00:29:08.552+0000] {processor.py:914} INFO - Processing file /usr/local/python/3.12.1/lib/python3.12/site-packages/airflow/example_dags/example_params_ui_tutorial.py for tasks to queue
[2024-10-11T00:29:08.553+0000] {logging_mixin.py:190} INFO - [2024-10-11T00:29:08.553+0000] {dagbag.py:588} INFO - Filling up the DagBag from /usr/local/python/3.12.1/lib/python3.12/site-packages/airflow/example_dags/example_params_ui_tutorial.py
[2024-10-11T00:29:08.560+0000] {processor.py:925} INFO - DAG(s) 'example_params_ui_tutorial' retrieved from /usr/local/python/3.12.1/lib/python3.12/site-packages/airflow/example_dags/example_params_ui_tutorial.py
[2024-10-11T00:29:08.649+0000] {logging_mixin.py:190} INFO - [2024-10-11T00:29:08.649+0000] {dag.py:3239} INFO - Sync 1 DAGs
[2024-10-11T00:29:08.659+0000] {logging_mixin.py:190} INFO - [2024-10-11T00:29:08.659+0000] {dag.py:4180} INFO - Setting next_dagrun for example_params_ui_tutorial to None, run_after=None
[2024-10-11T00:29:08.721+0000] {processor.py:208} INFO - Processing /usr/local/python/3.12.1/lib/python3.12/site-packages/airflow/example_dags/example_params_ui_tutorial.py took 0.174 seconds
[2024-10-11T00:30:32.847+0000] {processor.py:186} INFO - Started process (PID=53331) to work on /usr/local/python/3.12.1/lib/python3.12/site-packages/airflow/example_dags/example_params_ui_tutorial.py
[2024-10-11T00:30:32.848+0000] {processor.py:914} INFO - Processing file /usr/local/python/3.12.1/lib/python3.12/site-packages/airflow/example_dags/example_params_ui_tutorial.py for tasks to queue
[2024-10-11T00:30:32.850+0000] {logging_mixin.py:190} INFO - [2024-10-11T00:30:32.849+0000] {dagbag.py:588} INFO - Filling up the DagBag from /usr/local/python/3.12.1/lib/python3.12/site-packages/airflow/example_dags/example_params_ui_tutorial.py
[2024-10-11T00:30:32.856+0000] {processor.py:925} INFO - DAG(s) 'example_params_ui_tutorial' retrieved from /usr/local/python/3.12.1/lib/python3.12/site-packages/airflow/example_dags/example_params_ui_tutorial.py
[2024-10-11T00:30:32.941+0000] {logging_mixin.py:190} INFO - [2024-10-11T00:30:32.941+0000] {dag.py:3239} INFO - Sync 1 DAGs
[2024-10-11T00:30:32.949+0000] {logging_mixin.py:190} INFO - [2024-10-11T00:30:32.949+0000] {dag.py:4180} INFO - Setting next_dagrun for example_params_ui_tutorial to None, run_after=None
[2024-10-11T00:30:33.000+0000] {processor.py:208} INFO - Processing /usr/local/python/3.12.1/lib/python3.12/site-packages/airflow/example_dags/example_params_ui_tutorial.py took 0.156 seconds
[2024-10-11T00:31:28.203+0000] {processor.py:186} INFO - Started process (PID=53949) to work on /usr/local/python/3.12.1/lib/python3.12/site-packages/airflow/example_dags/example_params_ui_tutorial.py
[2024-10-11T00:31:28.203+0000] {processor.py:914} INFO - Processing file /usr/local/python/3.12.1/lib/python3.12/site-packages/airflow/example_dags/example_params_ui_tutorial.py for tasks to queue
[2024-10-11T00:31:28.205+0000] {logging_mixin.py:190} INFO - [2024-10-11T00:31:28.204+0000] {dagbag.py:588} INFO - Filling up the DagBag from /usr/local/python/3.12.1/lib/python3.12/site-packages/airflow/example_dags/example_params_ui_tutorial.py
[2024-10-11T00:31:28.211+0000] {processor.py:925} INFO - DAG(s) 'example_params_ui_tutorial' retrieved from /usr/local/python/3.12.1/lib/python3.12/site-packages/airflow/example_dags/example_params_ui_tutorial.py
[2024-10-11T00:31:28.216+0000] {logging_mixin.py:190} INFO - [2024-10-11T00:31:28.216+0000] {dag.py:3239} INFO - Sync 1 DAGs
[2024-10-11T00:31:28.226+0000] {logging_mixin.py:190} INFO - [2024-10-11T00:31:28.226+0000] {dag.py:4180} INFO - Setting next_dagrun for example_params_ui_tutorial to None, run_after=None
[2024-10-11T00:31:28.266+0000] {processor.py:208} INFO - Processing /usr/local/python/3.12.1/lib/python3.12/site-packages/airflow/example_dags/example_params_ui_tutorial.py took 0.067 seconds
[2024-10-11T00:32:51.678+0000] {processor.py:186} INFO - Started process (PID=54856) to work on /usr/local/python/3.12.1/lib/python3.12/site-packages/airflow/example_dags/example_params_ui_tutorial.py
[2024-10-11T00:32:51.679+0000] {processor.py:914} INFO - Processing file /usr/local/python/3.12.1/lib/python3.12/site-packages/airflow/example_dags/example_params_ui_tutorial.py for tasks to queue
[2024-10-11T00:32:51.681+0000] {logging_mixin.py:190} INFO - [2024-10-11T00:32:51.681+0000] {dagbag.py:588} INFO - Filling up the DagBag from /usr/local/python/3.12.1/lib/python3.12/site-packages/airflow/example_dags/example_params_ui_tutorial.py
[2024-10-11T00:32:51.690+0000] {processor.py:925} INFO - DAG(s) 'example_params_ui_tutorial' retrieved from /usr/local/python/3.12.1/lib/python3.12/site-packages/airflow/example_dags/example_params_ui_tutorial.py
[2024-10-11T00:32:51.861+0000] {logging_mixin.py:190} INFO - [2024-10-11T00:32:51.861+0000] {dag.py:3239} INFO - Sync 1 DAGs
[2024-10-11T00:32:51.869+0000] {logging_mixin.py:190} INFO - [2024-10-11T00:32:51.869+0000] {dag.py:4180} INFO - Setting next_dagrun for example_params_ui_tutorial to None, run_after=None
[2024-10-11T00:32:51.927+0000] {processor.py:208} INFO - Processing /usr/local/python/3.12.1/lib/python3.12/site-packages/airflow/example_dags/example_params_ui_tutorial.py took 0.254 seconds
[2024-10-11T00:34:19.499+0000] {processor.py:186} INFO - Started process (PID=55849) to work on /usr/local/python/3.12.1/lib/python3.12/site-packages/airflow/example_dags/example_params_ui_tutorial.py
[2024-10-11T00:34:19.500+0000] {processor.py:914} INFO - Processing file /usr/local/python/3.12.1/lib/python3.12/site-packages/airflow/example_dags/example_params_ui_tutorial.py for tasks to queue
[2024-10-11T00:34:19.501+0000] {logging_mixin.py:190} INFO - [2024-10-11T00:34:19.501+0000] {dagbag.py:588} INFO - Filling up the DagBag from /usr/local/python/3.12.1/lib/python3.12/site-packages/airflow/example_dags/example_params_ui_tutorial.py
[2024-10-11T00:34:19.508+0000] {processor.py:925} INFO - DAG(s) 'example_params_ui_tutorial' retrieved from /usr/local/python/3.12.1/lib/python3.12/site-packages/airflow/example_dags/example_params_ui_tutorial.py
[2024-10-11T00:34:19.513+0000] {logging_mixin.py:190} INFO - [2024-10-11T00:34:19.513+0000] {dag.py:3239} INFO - Sync 1 DAGs
[2024-10-11T00:34:19.523+0000] {logging_mixin.py:190} INFO - [2024-10-11T00:34:19.523+0000] {dag.py:4180} INFO - Setting next_dagrun for example_params_ui_tutorial to None, run_after=None
[2024-10-11T00:34:19.576+0000] {processor.py:208} INFO - Processing /usr/local/python/3.12.1/lib/python3.12/site-packages/airflow/example_dags/example_params_ui_tutorial.py took 0.081 seconds
[2024-10-11T00:35:39.813+0000] {processor.py:186} INFO - Started process (PID=56743) to work on /usr/local/python/3.12.1/lib/python3.12/site-packages/airflow/example_dags/example_params_ui_tutorial.py
[2024-10-11T00:35:39.814+0000] {processor.py:914} INFO - Processing file /usr/local/python/3.12.1/lib/python3.12/site-packages/airflow/example_dags/example_params_ui_tutorial.py for tasks to queue
[2024-10-11T00:35:39.815+0000] {logging_mixin.py:190} INFO - [2024-10-11T00:35:39.815+0000] {dagbag.py:588} INFO - Filling up the DagBag from /usr/local/python/3.12.1/lib/python3.12/site-packages/airflow/example_dags/example_params_ui_tutorial.py
[2024-10-11T00:35:39.821+0000] {processor.py:925} INFO - DAG(s) 'example_params_ui_tutorial' retrieved from /usr/local/python/3.12.1/lib/python3.12/site-packages/airflow/example_dags/example_params_ui_tutorial.py
[2024-10-11T00:35:39.982+0000] {logging_mixin.py:190} INFO - [2024-10-11T00:35:39.982+0000] {dag.py:3239} INFO - Sync 1 DAGs
[2024-10-11T00:35:39.997+0000] {logging_mixin.py:190} INFO - [2024-10-11T00:35:39.996+0000] {dag.py:4180} INFO - Setting next_dagrun for example_params_ui_tutorial to None, run_after=None
[2024-10-11T00:35:40.044+0000] {processor.py:208} INFO - Processing /usr/local/python/3.12.1/lib/python3.12/site-packages/airflow/example_dags/example_params_ui_tutorial.py took 0.235 seconds
[2024-10-11T00:36:37.719+0000] {processor.py:186} INFO - Started process (PID=57379) to work on /usr/local/python/3.12.1/lib/python3.12/site-packages/airflow/example_dags/example_params_ui_tutorial.py
[2024-10-11T00:36:37.720+0000] {processor.py:914} INFO - Processing file /usr/local/python/3.12.1/lib/python3.12/site-packages/airflow/example_dags/example_params_ui_tutorial.py for tasks to queue
[2024-10-11T00:36:37.721+0000] {logging_mixin.py:190} INFO - [2024-10-11T00:36:37.721+0000] {dagbag.py:588} INFO - Filling up the DagBag from /usr/local/python/3.12.1/lib/python3.12/site-packages/airflow/example_dags/example_params_ui_tutorial.py
[2024-10-11T00:36:37.728+0000] {processor.py:925} INFO - DAG(s) 'example_params_ui_tutorial' retrieved from /usr/local/python/3.12.1/lib/python3.12/site-packages/airflow/example_dags/example_params_ui_tutorial.py
[2024-10-11T00:36:37.733+0000] {logging_mixin.py:190} INFO - [2024-10-11T00:36:37.733+0000] {dag.py:3239} INFO - Sync 1 DAGs
[2024-10-11T00:36:37.743+0000] {logging_mixin.py:190} INFO - [2024-10-11T00:36:37.742+0000] {dag.py:4180} INFO - Setting next_dagrun for example_params_ui_tutorial to None, run_after=None
[2024-10-11T00:36:37.778+0000] {processor.py:208} INFO - Processing /usr/local/python/3.12.1/lib/python3.12/site-packages/airflow/example_dags/example_params_ui_tutorial.py took 0.063 seconds
[2024-10-11T00:37:58.917+0000] {processor.py:186} INFO - Started process (PID=58267) to work on /usr/local/python/3.12.1/lib/python3.12/site-packages/airflow/example_dags/example_params_ui_tutorial.py
[2024-10-11T00:37:58.917+0000] {processor.py:914} INFO - Processing file /usr/local/python/3.12.1/lib/python3.12/site-packages/airflow/example_dags/example_params_ui_tutorial.py for tasks to queue
[2024-10-11T00:37:58.919+0000] {logging_mixin.py:190} INFO - [2024-10-11T00:37:58.919+0000] {dagbag.py:588} INFO - Filling up the DagBag from /usr/local/python/3.12.1/lib/python3.12/site-packages/airflow/example_dags/example_params_ui_tutorial.py
[2024-10-11T00:37:58.925+0000] {processor.py:925} INFO - DAG(s) 'example_params_ui_tutorial' retrieved from /usr/local/python/3.12.1/lib/python3.12/site-packages/airflow/example_dags/example_params_ui_tutorial.py
[2024-10-11T00:37:59.097+0000] {logging_mixin.py:190} INFO - [2024-10-11T00:37:59.097+0000] {dag.py:3239} INFO - Sync 1 DAGs
[2024-10-11T00:37:59.104+0000] {logging_mixin.py:190} INFO - [2024-10-11T00:37:59.104+0000] {dag.py:4180} INFO - Setting next_dagrun for example_params_ui_tutorial to None, run_after=None
[2024-10-11T00:37:59.164+0000] {processor.py:208} INFO - Processing /usr/local/python/3.12.1/lib/python3.12/site-packages/airflow/example_dags/example_params_ui_tutorial.py took 0.251 seconds
[2024-10-11T00:39:27.937+0000] {processor.py:186} INFO - Started process (PID=59263) to work on /usr/local/python/3.12.1/lib/python3.12/site-packages/airflow/example_dags/example_params_ui_tutorial.py
[2024-10-11T00:39:27.938+0000] {processor.py:914} INFO - Processing file /usr/local/python/3.12.1/lib/python3.12/site-packages/airflow/example_dags/example_params_ui_tutorial.py for tasks to queue
[2024-10-11T00:39:27.939+0000] {logging_mixin.py:190} INFO - [2024-10-11T00:39:27.939+0000] {dagbag.py:588} INFO - Filling up the DagBag from /usr/local/python/3.12.1/lib/python3.12/site-packages/airflow/example_dags/example_params_ui_tutorial.py
[2024-10-11T00:39:27.946+0000] {processor.py:925} INFO - DAG(s) 'example_params_ui_tutorial' retrieved from /usr/local/python/3.12.1/lib/python3.12/site-packages/airflow/example_dags/example_params_ui_tutorial.py
[2024-10-11T00:39:27.951+0000] {logging_mixin.py:190} INFO - [2024-10-11T00:39:27.951+0000] {dag.py:3239} INFO - Sync 1 DAGs
[2024-10-11T00:39:27.961+0000] {logging_mixin.py:190} INFO - [2024-10-11T00:39:27.961+0000] {dag.py:4180} INFO - Setting next_dagrun for example_params_ui_tutorial to None, run_after=None
[2024-10-11T00:39:28.009+0000] {processor.py:208} INFO - Processing /usr/local/python/3.12.1/lib/python3.12/site-packages/airflow/example_dags/example_params_ui_tutorial.py took 0.076 seconds
[2024-10-11T00:40:29.108+0000] {processor.py:186} INFO - Started process (PID=59948) to work on /usr/local/python/3.12.1/lib/python3.12/site-packages/airflow/example_dags/example_params_ui_tutorial.py
[2024-10-11T00:40:29.109+0000] {processor.py:914} INFO - Processing file /usr/local/python/3.12.1/lib/python3.12/site-packages/airflow/example_dags/example_params_ui_tutorial.py for tasks to queue
[2024-10-11T00:40:29.111+0000] {logging_mixin.py:190} INFO - [2024-10-11T00:40:29.111+0000] {dagbag.py:588} INFO - Filling up the DagBag from /usr/local/python/3.12.1/lib/python3.12/site-packages/airflow/example_dags/example_params_ui_tutorial.py
[2024-10-11T00:40:29.121+0000] {processor.py:925} INFO - DAG(s) 'example_params_ui_tutorial' retrieved from /usr/local/python/3.12.1/lib/python3.12/site-packages/airflow/example_dags/example_params_ui_tutorial.py
[2024-10-11T00:40:29.206+0000] {logging_mixin.py:190} INFO - [2024-10-11T00:40:29.206+0000] {dag.py:3239} INFO - Sync 1 DAGs
[2024-10-11T00:40:29.214+0000] {logging_mixin.py:190} INFO - [2024-10-11T00:40:29.214+0000] {dag.py:4180} INFO - Setting next_dagrun for example_params_ui_tutorial to None, run_after=None
[2024-10-11T00:40:29.346+0000] {processor.py:208} INFO - Processing /usr/local/python/3.12.1/lib/python3.12/site-packages/airflow/example_dags/example_params_ui_tutorial.py took 0.243 seconds
[2024-10-11T00:41:31.803+0000] {processor.py:186} INFO - Started process (PID=60629) to work on /usr/local/python/3.12.1/lib/python3.12/site-packages/airflow/example_dags/example_params_ui_tutorial.py
[2024-10-11T00:41:31.804+0000] {processor.py:914} INFO - Processing file /usr/local/python/3.12.1/lib/python3.12/site-packages/airflow/example_dags/example_params_ui_tutorial.py for tasks to queue
[2024-10-11T00:41:31.805+0000] {logging_mixin.py:190} INFO - [2024-10-11T00:41:31.805+0000] {dagbag.py:588} INFO - Filling up the DagBag from /usr/local/python/3.12.1/lib/python3.12/site-packages/airflow/example_dags/example_params_ui_tutorial.py
[2024-10-11T00:41:31.812+0000] {processor.py:925} INFO - DAG(s) 'example_params_ui_tutorial' retrieved from /usr/local/python/3.12.1/lib/python3.12/site-packages/airflow/example_dags/example_params_ui_tutorial.py
[2024-10-11T00:41:31.840+0000] {logging_mixin.py:190} INFO - [2024-10-11T00:41:31.839+0000] {dag.py:3239} INFO - Sync 1 DAGs
[2024-10-11T00:41:31.848+0000] {logging_mixin.py:190} INFO - [2024-10-11T00:41:31.848+0000] {dag.py:4180} INFO - Setting next_dagrun for example_params_ui_tutorial to None, run_after=None
[2024-10-11T00:41:31.894+0000] {processor.py:208} INFO - Processing /usr/local/python/3.12.1/lib/python3.12/site-packages/airflow/example_dags/example_params_ui_tutorial.py took 0.094 seconds
[2024-10-11T00:42:31.119+0000] {processor.py:186} INFO - Started process (PID=61279) to work on /usr/local/python/3.12.1/lib/python3.12/site-packages/airflow/example_dags/example_params_ui_tutorial.py
[2024-10-11T00:42:31.119+0000] {processor.py:914} INFO - Processing file /usr/local/python/3.12.1/lib/python3.12/site-packages/airflow/example_dags/example_params_ui_tutorial.py for tasks to queue
[2024-10-11T00:42:31.121+0000] {logging_mixin.py:190} INFO - [2024-10-11T00:42:31.121+0000] {dagbag.py:588} INFO - Filling up the DagBag from /usr/local/python/3.12.1/lib/python3.12/site-packages/airflow/example_dags/example_params_ui_tutorial.py
[2024-10-11T00:42:31.127+0000] {processor.py:925} INFO - DAG(s) 'example_params_ui_tutorial' retrieved from /usr/local/python/3.12.1/lib/python3.12/site-packages/airflow/example_dags/example_params_ui_tutorial.py
[2024-10-11T00:42:31.132+0000] {logging_mixin.py:190} INFO - [2024-10-11T00:42:31.132+0000] {dag.py:3239} INFO - Sync 1 DAGs
[2024-10-11T00:42:31.142+0000] {logging_mixin.py:190} INFO - [2024-10-11T00:42:31.142+0000] {dag.py:4180} INFO - Setting next_dagrun for example_params_ui_tutorial to None, run_after=None
[2024-10-11T00:42:31.180+0000] {processor.py:208} INFO - Processing /usr/local/python/3.12.1/lib/python3.12/site-packages/airflow/example_dags/example_params_ui_tutorial.py took 0.065 seconds
[2024-10-11T00:43:40.767+0000] {processor.py:186} INFO - Started process (PID=62038) to work on /usr/local/python/3.12.1/lib/python3.12/site-packages/airflow/example_dags/example_params_ui_tutorial.py
[2024-10-11T00:43:40.767+0000] {processor.py:914} INFO - Processing file /usr/local/python/3.12.1/lib/python3.12/site-packages/airflow/example_dags/example_params_ui_tutorial.py for tasks to queue
[2024-10-11T00:43:40.769+0000] {logging_mixin.py:190} INFO - [2024-10-11T00:43:40.769+0000] {dagbag.py:588} INFO - Filling up the DagBag from /usr/local/python/3.12.1/lib/python3.12/site-packages/airflow/example_dags/example_params_ui_tutorial.py
[2024-10-11T00:43:40.775+0000] {processor.py:925} INFO - DAG(s) 'example_params_ui_tutorial' retrieved from /usr/local/python/3.12.1/lib/python3.12/site-packages/airflow/example_dags/example_params_ui_tutorial.py
[2024-10-11T00:43:40.968+0000] {logging_mixin.py:190} INFO - [2024-10-11T00:43:40.967+0000] {dag.py:3239} INFO - Sync 1 DAGs
[2024-10-11T00:43:40.975+0000] {logging_mixin.py:190} INFO - [2024-10-11T00:43:40.975+0000] {dag.py:4180} INFO - Setting next_dagrun for example_params_ui_tutorial to None, run_after=None
[2024-10-11T00:43:41.034+0000] {processor.py:208} INFO - Processing /usr/local/python/3.12.1/lib/python3.12/site-packages/airflow/example_dags/example_params_ui_tutorial.py took 0.271 seconds
[2024-10-11T00:44:39.617+0000] {processor.py:186} INFO - Started process (PID=62714) to work on /usr/local/python/3.12.1/lib/python3.12/site-packages/airflow/example_dags/example_params_ui_tutorial.py
[2024-10-11T00:44:39.617+0000] {processor.py:914} INFO - Processing file /usr/local/python/3.12.1/lib/python3.12/site-packages/airflow/example_dags/example_params_ui_tutorial.py for tasks to queue
[2024-10-11T00:44:39.619+0000] {logging_mixin.py:190} INFO - [2024-10-11T00:44:39.619+0000] {dagbag.py:588} INFO - Filling up the DagBag from /usr/local/python/3.12.1/lib/python3.12/site-packages/airflow/example_dags/example_params_ui_tutorial.py
[2024-10-11T00:44:39.625+0000] {processor.py:925} INFO - DAG(s) 'example_params_ui_tutorial' retrieved from /usr/local/python/3.12.1/lib/python3.12/site-packages/airflow/example_dags/example_params_ui_tutorial.py
[2024-10-11T00:44:39.630+0000] {logging_mixin.py:190} INFO - [2024-10-11T00:44:39.630+0000] {dag.py:3239} INFO - Sync 1 DAGs
[2024-10-11T00:44:39.640+0000] {logging_mixin.py:190} INFO - [2024-10-11T00:44:39.640+0000] {dag.py:4180} INFO - Setting next_dagrun for example_params_ui_tutorial to None, run_after=None
[2024-10-11T00:44:39.682+0000] {processor.py:208} INFO - Processing /usr/local/python/3.12.1/lib/python3.12/site-packages/airflow/example_dags/example_params_ui_tutorial.py took 0.069 seconds
[2024-10-11T00:45:44.558+0000] {processor.py:186} INFO - Started process (PID=63431) to work on /usr/local/python/3.12.1/lib/python3.12/site-packages/airflow/example_dags/example_params_ui_tutorial.py
[2024-10-11T00:45:44.559+0000] {processor.py:914} INFO - Processing file /usr/local/python/3.12.1/lib/python3.12/site-packages/airflow/example_dags/example_params_ui_tutorial.py for tasks to queue
[2024-10-11T00:45:44.560+0000] {logging_mixin.py:190} INFO - [2024-10-11T00:45:44.560+0000] {dagbag.py:588} INFO - Filling up the DagBag from /usr/local/python/3.12.1/lib/python3.12/site-packages/airflow/example_dags/example_params_ui_tutorial.py
[2024-10-11T00:45:44.566+0000] {processor.py:925} INFO - DAG(s) 'example_params_ui_tutorial' retrieved from /usr/local/python/3.12.1/lib/python3.12/site-packages/airflow/example_dags/example_params_ui_tutorial.py
[2024-10-11T00:45:44.749+0000] {logging_mixin.py:190} INFO - [2024-10-11T00:45:44.748+0000] {dag.py:3239} INFO - Sync 1 DAGs
[2024-10-11T00:45:44.755+0000] {logging_mixin.py:190} INFO - [2024-10-11T00:45:44.755+0000] {dag.py:4180} INFO - Setting next_dagrun for example_params_ui_tutorial to None, run_after=None
[2024-10-11T00:45:44.809+0000] {processor.py:208} INFO - Processing /usr/local/python/3.12.1/lib/python3.12/site-packages/airflow/example_dags/example_params_ui_tutorial.py took 0.255 seconds
[2024-10-11T00:46:48.899+0000] {processor.py:186} INFO - Started process (PID=64119) to work on /usr/local/python/3.12.1/lib/python3.12/site-packages/airflow/example_dags/example_params_ui_tutorial.py
[2024-10-11T00:46:48.900+0000] {processor.py:914} INFO - Processing file /usr/local/python/3.12.1/lib/python3.12/site-packages/airflow/example_dags/example_params_ui_tutorial.py for tasks to queue
[2024-10-11T00:46:48.901+0000] {logging_mixin.py:190} INFO - [2024-10-11T00:46:48.901+0000] {dagbag.py:588} INFO - Filling up the DagBag from /usr/local/python/3.12.1/lib/python3.12/site-packages/airflow/example_dags/example_params_ui_tutorial.py
[2024-10-11T00:46:48.908+0000] {processor.py:925} INFO - DAG(s) 'example_params_ui_tutorial' retrieved from /usr/local/python/3.12.1/lib/python3.12/site-packages/airflow/example_dags/example_params_ui_tutorial.py
[2024-10-11T00:46:48.913+0000] {logging_mixin.py:190} INFO - [2024-10-11T00:46:48.913+0000] {dag.py:3239} INFO - Sync 1 DAGs
[2024-10-11T00:46:48.923+0000] {logging_mixin.py:190} INFO - [2024-10-11T00:46:48.922+0000] {dag.py:4180} INFO - Setting next_dagrun for example_params_ui_tutorial to None, run_after=None
[2024-10-11T00:46:48.971+0000] {processor.py:208} INFO - Processing /usr/local/python/3.12.1/lib/python3.12/site-packages/airflow/example_dags/example_params_ui_tutorial.py took 0.076 seconds
[2024-10-11T00:47:50.904+0000] {processor.py:186} INFO - Started process (PID=64795) to work on /usr/local/python/3.12.1/lib/python3.12/site-packages/airflow/example_dags/example_params_ui_tutorial.py
[2024-10-11T00:47:50.905+0000] {processor.py:914} INFO - Processing file /usr/local/python/3.12.1/lib/python3.12/site-packages/airflow/example_dags/example_params_ui_tutorial.py for tasks to queue
[2024-10-11T00:47:50.906+0000] {logging_mixin.py:190} INFO - [2024-10-11T00:47:50.906+0000] {dagbag.py:588} INFO - Filling up the DagBag from /usr/local/python/3.12.1/lib/python3.12/site-packages/airflow/example_dags/example_params_ui_tutorial.py
[2024-10-11T00:47:50.913+0000] {processor.py:925} INFO - DAG(s) 'example_params_ui_tutorial' retrieved from /usr/local/python/3.12.1/lib/python3.12/site-packages/airflow/example_dags/example_params_ui_tutorial.py
[2024-10-11T00:47:51.121+0000] {logging_mixin.py:190} INFO - [2024-10-11T00:47:51.120+0000] {dag.py:3239} INFO - Sync 1 DAGs
[2024-10-11T00:47:51.128+0000] {logging_mixin.py:190} INFO - [2024-10-11T00:47:51.128+0000] {dag.py:4180} INFO - Setting next_dagrun for example_params_ui_tutorial to None, run_after=None
[2024-10-11T00:47:51.187+0000] {processor.py:208} INFO - Processing /usr/local/python/3.12.1/lib/python3.12/site-packages/airflow/example_dags/example_params_ui_tutorial.py took 0.286 seconds
[2024-10-11T00:48:58.552+0000] {processor.py:186} INFO - Started process (PID=65530) to work on /usr/local/python/3.12.1/lib/python3.12/site-packages/airflow/example_dags/example_params_ui_tutorial.py
[2024-10-11T00:48:58.553+0000] {processor.py:914} INFO - Processing file /usr/local/python/3.12.1/lib/python3.12/site-packages/airflow/example_dags/example_params_ui_tutorial.py for tasks to queue
[2024-10-11T00:48:58.555+0000] {logging_mixin.py:190} INFO - [2024-10-11T00:48:58.554+0000] {dagbag.py:588} INFO - Filling up the DagBag from /usr/local/python/3.12.1/lib/python3.12/site-packages/airflow/example_dags/example_params_ui_tutorial.py
[2024-10-11T00:48:58.564+0000] {processor.py:925} INFO - DAG(s) 'example_params_ui_tutorial' retrieved from /usr/local/python/3.12.1/lib/python3.12/site-packages/airflow/example_dags/example_params_ui_tutorial.py
[2024-10-11T00:48:58.641+0000] {logging_mixin.py:190} INFO - [2024-10-11T00:48:58.641+0000] {dag.py:3239} INFO - Sync 1 DAGs
[2024-10-11T00:48:58.651+0000] {logging_mixin.py:190} INFO - [2024-10-11T00:48:58.650+0000] {dag.py:4180} INFO - Setting next_dagrun for example_params_ui_tutorial to None, run_after=None
[2024-10-11T00:48:58.695+0000] {processor.py:208} INFO - Processing /usr/local/python/3.12.1/lib/python3.12/site-packages/airflow/example_dags/example_params_ui_tutorial.py took 0.149 seconds
[2024-10-11T00:50:00.877+0000] {processor.py:186} INFO - Started process (PID=66241) to work on /usr/local/python/3.12.1/lib/python3.12/site-packages/airflow/example_dags/example_params_ui_tutorial.py
[2024-10-11T00:50:00.877+0000] {processor.py:914} INFO - Processing file /usr/local/python/3.12.1/lib/python3.12/site-packages/airflow/example_dags/example_params_ui_tutorial.py for tasks to queue
[2024-10-11T00:50:00.879+0000] {logging_mixin.py:190} INFO - [2024-10-11T00:50:00.878+0000] {dagbag.py:588} INFO - Filling up the DagBag from /usr/local/python/3.12.1/lib/python3.12/site-packages/airflow/example_dags/example_params_ui_tutorial.py
[2024-10-11T00:50:00.885+0000] {processor.py:925} INFO - DAG(s) 'example_params_ui_tutorial' retrieved from /usr/local/python/3.12.1/lib/python3.12/site-packages/airflow/example_dags/example_params_ui_tutorial.py
[2024-10-11T00:50:00.890+0000] {logging_mixin.py:190} INFO - [2024-10-11T00:50:00.890+0000] {dag.py:3239} INFO - Sync 1 DAGs
[2024-10-11T00:50:00.900+0000] {logging_mixin.py:190} INFO - [2024-10-11T00:50:00.900+0000] {dag.py:4180} INFO - Setting next_dagrun for example_params_ui_tutorial to None, run_after=None
[2024-10-11T00:50:01.033+0000] {processor.py:208} INFO - Processing /usr/local/python/3.12.1/lib/python3.12/site-packages/airflow/example_dags/example_params_ui_tutorial.py took 0.161 seconds
[2024-10-11T00:51:03.727+0000] {processor.py:186} INFO - Started process (PID=66946) to work on /usr/local/python/3.12.1/lib/python3.12/site-packages/airflow/example_dags/example_params_ui_tutorial.py
[2024-10-11T00:51:03.728+0000] {processor.py:914} INFO - Processing file /usr/local/python/3.12.1/lib/python3.12/site-packages/airflow/example_dags/example_params_ui_tutorial.py for tasks to queue
[2024-10-11T00:51:03.729+0000] {logging_mixin.py:190} INFO - [2024-10-11T00:51:03.729+0000] {dagbag.py:588} INFO - Filling up the DagBag from /usr/local/python/3.12.1/lib/python3.12/site-packages/airflow/example_dags/example_params_ui_tutorial.py
[2024-10-11T00:51:03.737+0000] {processor.py:925} INFO - DAG(s) 'example_params_ui_tutorial' retrieved from /usr/local/python/3.12.1/lib/python3.12/site-packages/airflow/example_dags/example_params_ui_tutorial.py
[2024-10-11T00:51:03.897+0000] {logging_mixin.py:190} INFO - [2024-10-11T00:51:03.897+0000] {dag.py:3239} INFO - Sync 1 DAGs
[2024-10-11T00:51:03.910+0000] {logging_mixin.py:190} INFO - [2024-10-11T00:51:03.910+0000] {dag.py:4180} INFO - Setting next_dagrun for example_params_ui_tutorial to None, run_after=None
[2024-10-11T00:51:03.953+0000] {processor.py:208} INFO - Processing /usr/local/python/3.12.1/lib/python3.12/site-packages/airflow/example_dags/example_params_ui_tutorial.py took 0.231 seconds
[2024-10-11T00:52:31.191+0000] {processor.py:186} INFO - Started process (PID=67909) to work on /usr/local/python/3.12.1/lib/python3.12/site-packages/airflow/example_dags/example_params_ui_tutorial.py
[2024-10-11T00:52:31.192+0000] {processor.py:914} INFO - Processing file /usr/local/python/3.12.1/lib/python3.12/site-packages/airflow/example_dags/example_params_ui_tutorial.py for tasks to queue
[2024-10-11T00:52:31.194+0000] {logging_mixin.py:190} INFO - [2024-10-11T00:52:31.193+0000] {dagbag.py:588} INFO - Filling up the DagBag from /usr/local/python/3.12.1/lib/python3.12/site-packages/airflow/example_dags/example_params_ui_tutorial.py
[2024-10-11T00:52:31.200+0000] {processor.py:925} INFO - DAG(s) 'example_params_ui_tutorial' retrieved from /usr/local/python/3.12.1/lib/python3.12/site-packages/airflow/example_dags/example_params_ui_tutorial.py
[2024-10-11T00:52:31.205+0000] {logging_mixin.py:190} INFO - [2024-10-11T00:52:31.205+0000] {dag.py:3239} INFO - Sync 1 DAGs
[2024-10-11T00:52:31.215+0000] {logging_mixin.py:190} INFO - [2024-10-11T00:52:31.215+0000] {dag.py:4180} INFO - Setting next_dagrun for example_params_ui_tutorial to None, run_after=None
[2024-10-11T00:52:31.270+0000] {processor.py:208} INFO - Processing /usr/local/python/3.12.1/lib/python3.12/site-packages/airflow/example_dags/example_params_ui_tutorial.py took 0.082 seconds
[2024-10-11T00:53:51.101+0000] {processor.py:186} INFO - Started process (PID=68775) to work on /usr/local/python/3.12.1/lib/python3.12/site-packages/airflow/example_dags/example_params_ui_tutorial.py
[2024-10-11T00:53:51.101+0000] {processor.py:914} INFO - Processing file /usr/local/python/3.12.1/lib/python3.12/site-packages/airflow/example_dags/example_params_ui_tutorial.py for tasks to queue
[2024-10-11T00:53:51.103+0000] {logging_mixin.py:190} INFO - [2024-10-11T00:53:51.103+0000] {dagbag.py:588} INFO - Filling up the DagBag from /usr/local/python/3.12.1/lib/python3.12/site-packages/airflow/example_dags/example_params_ui_tutorial.py
[2024-10-11T00:53:51.109+0000] {processor.py:925} INFO - DAG(s) 'example_params_ui_tutorial' retrieved from /usr/local/python/3.12.1/lib/python3.12/site-packages/airflow/example_dags/example_params_ui_tutorial.py
[2024-10-11T00:53:51.198+0000] {logging_mixin.py:190} INFO - [2024-10-11T00:53:51.197+0000] {dag.py:3239} INFO - Sync 1 DAGs
[2024-10-11T00:53:51.205+0000] {logging_mixin.py:190} INFO - [2024-10-11T00:53:51.205+0000] {dag.py:4180} INFO - Setting next_dagrun for example_params_ui_tutorial to None, run_after=None
[2024-10-11T00:53:51.273+0000] {processor.py:208} INFO - Processing /usr/local/python/3.12.1/lib/python3.12/site-packages/airflow/example_dags/example_params_ui_tutorial.py took 0.176 seconds
[2024-10-11T00:54:48.529+0000] {processor.py:186} INFO - Started process (PID=69439) to work on /usr/local/python/3.12.1/lib/python3.12/site-packages/airflow/example_dags/example_params_ui_tutorial.py
[2024-10-11T00:54:48.530+0000] {processor.py:914} INFO - Processing file /usr/local/python/3.12.1/lib/python3.12/site-packages/airflow/example_dags/example_params_ui_tutorial.py for tasks to queue
[2024-10-11T00:54:48.532+0000] {logging_mixin.py:190} INFO - [2024-10-11T00:54:48.531+0000] {dagbag.py:588} INFO - Filling up the DagBag from /usr/local/python/3.12.1/lib/python3.12/site-packages/airflow/example_dags/example_params_ui_tutorial.py
[2024-10-11T00:54:48.538+0000] {processor.py:925} INFO - DAG(s) 'example_params_ui_tutorial' retrieved from /usr/local/python/3.12.1/lib/python3.12/site-packages/airflow/example_dags/example_params_ui_tutorial.py
[2024-10-11T00:54:48.566+0000] {logging_mixin.py:190} INFO - [2024-10-11T00:54:48.566+0000] {dag.py:3239} INFO - Sync 1 DAGs
[2024-10-11T00:54:48.575+0000] {logging_mixin.py:190} INFO - [2024-10-11T00:54:48.575+0000] {dag.py:4180} INFO - Setting next_dagrun for example_params_ui_tutorial to None, run_after=None
[2024-10-11T00:54:48.613+0000] {processor.py:208} INFO - Processing /usr/local/python/3.12.1/lib/python3.12/site-packages/airflow/example_dags/example_params_ui_tutorial.py took 0.087 seconds
[2024-10-11T00:56:13.495+0000] {processor.py:186} INFO - Started process (PID=70388) to work on /usr/local/python/3.12.1/lib/python3.12/site-packages/airflow/example_dags/example_params_ui_tutorial.py
[2024-10-11T00:56:13.495+0000] {processor.py:914} INFO - Processing file /usr/local/python/3.12.1/lib/python3.12/site-packages/airflow/example_dags/example_params_ui_tutorial.py for tasks to queue
[2024-10-11T00:56:13.497+0000] {logging_mixin.py:190} INFO - [2024-10-11T00:56:13.497+0000] {dagbag.py:588} INFO - Filling up the DagBag from /usr/local/python/3.12.1/lib/python3.12/site-packages/airflow/example_dags/example_params_ui_tutorial.py
[2024-10-11T00:56:13.503+0000] {processor.py:925} INFO - DAG(s) 'example_params_ui_tutorial' retrieved from /usr/local/python/3.12.1/lib/python3.12/site-packages/airflow/example_dags/example_params_ui_tutorial.py
[2024-10-11T00:56:13.624+0000] {logging_mixin.py:190} INFO - [2024-10-11T00:56:13.623+0000] {dag.py:3239} INFO - Sync 1 DAGs
[2024-10-11T00:56:13.631+0000] {logging_mixin.py:190} INFO - [2024-10-11T00:56:13.631+0000] {dag.py:4180} INFO - Setting next_dagrun for example_params_ui_tutorial to None, run_after=None
[2024-10-11T00:56:13.670+0000] {processor.py:208} INFO - Processing /usr/local/python/3.12.1/lib/python3.12/site-packages/airflow/example_dags/example_params_ui_tutorial.py took 0.181 seconds
[2024-10-11T00:57:12.232+0000] {processor.py:186} INFO - Started process (PID=71026) to work on /usr/local/python/3.12.1/lib/python3.12/site-packages/airflow/example_dags/example_params_ui_tutorial.py
[2024-10-11T00:57:12.233+0000] {processor.py:914} INFO - Processing file /usr/local/python/3.12.1/lib/python3.12/site-packages/airflow/example_dags/example_params_ui_tutorial.py for tasks to queue
[2024-10-11T00:57:12.235+0000] {logging_mixin.py:190} INFO - [2024-10-11T00:57:12.234+0000] {dagbag.py:588} INFO - Filling up the DagBag from /usr/local/python/3.12.1/lib/python3.12/site-packages/airflow/example_dags/example_params_ui_tutorial.py
[2024-10-11T00:57:12.241+0000] {processor.py:925} INFO - DAG(s) 'example_params_ui_tutorial' retrieved from /usr/local/python/3.12.1/lib/python3.12/site-packages/airflow/example_dags/example_params_ui_tutorial.py
[2024-10-11T00:57:12.287+0000] {logging_mixin.py:190} INFO - [2024-10-11T00:57:12.287+0000] {dag.py:3239} INFO - Sync 1 DAGs
[2024-10-11T00:57:12.297+0000] {logging_mixin.py:190} INFO - [2024-10-11T00:57:12.297+0000] {dag.py:4180} INFO - Setting next_dagrun for example_params_ui_tutorial to None, run_after=None
[2024-10-11T00:57:12.353+0000] {processor.py:208} INFO - Processing /usr/local/python/3.12.1/lib/python3.12/site-packages/airflow/example_dags/example_params_ui_tutorial.py took 0.125 seconds
[2024-10-11T00:58:12.565+0000] {processor.py:186} INFO - Started process (PID=71671) to work on /usr/local/python/3.12.1/lib/python3.12/site-packages/airflow/example_dags/example_params_ui_tutorial.py
[2024-10-11T00:58:12.566+0000] {processor.py:914} INFO - Processing file /usr/local/python/3.12.1/lib/python3.12/site-packages/airflow/example_dags/example_params_ui_tutorial.py for tasks to queue
[2024-10-11T00:58:12.568+0000] {logging_mixin.py:190} INFO - [2024-10-11T00:58:12.567+0000] {dagbag.py:588} INFO - Filling up the DagBag from /usr/local/python/3.12.1/lib/python3.12/site-packages/airflow/example_dags/example_params_ui_tutorial.py
[2024-10-11T00:58:12.574+0000] {processor.py:925} INFO - DAG(s) 'example_params_ui_tutorial' retrieved from /usr/local/python/3.12.1/lib/python3.12/site-packages/airflow/example_dags/example_params_ui_tutorial.py
[2024-10-11T00:58:12.680+0000] {logging_mixin.py:190} INFO - [2024-10-11T00:58:12.679+0000] {dag.py:3239} INFO - Sync 1 DAGs
[2024-10-11T00:58:12.688+0000] {logging_mixin.py:190} INFO - [2024-10-11T00:58:12.688+0000] {dag.py:4180} INFO - Setting next_dagrun for example_params_ui_tutorial to None, run_after=None
[2024-10-11T00:58:12.731+0000] {processor.py:208} INFO - Processing /usr/local/python/3.12.1/lib/python3.12/site-packages/airflow/example_dags/example_params_ui_tutorial.py took 0.169 seconds
[2024-10-11T00:59:35.510+0000] {processor.py:186} INFO - Started process (PID=72597) to work on /usr/local/python/3.12.1/lib/python3.12/site-packages/airflow/example_dags/example_params_ui_tutorial.py
[2024-10-11T00:59:35.510+0000] {processor.py:914} INFO - Processing file /usr/local/python/3.12.1/lib/python3.12/site-packages/airflow/example_dags/example_params_ui_tutorial.py for tasks to queue
[2024-10-11T00:59:35.512+0000] {logging_mixin.py:190} INFO - [2024-10-11T00:59:35.512+0000] {dagbag.py:588} INFO - Filling up the DagBag from /usr/local/python/3.12.1/lib/python3.12/site-packages/airflow/example_dags/example_params_ui_tutorial.py
[2024-10-11T00:59:35.518+0000] {processor.py:925} INFO - DAG(s) 'example_params_ui_tutorial' retrieved from /usr/local/python/3.12.1/lib/python3.12/site-packages/airflow/example_dags/example_params_ui_tutorial.py
[2024-10-11T00:59:35.524+0000] {logging_mixin.py:190} INFO - [2024-10-11T00:59:35.524+0000] {dag.py:3239} INFO - Sync 1 DAGs
[2024-10-11T00:59:35.534+0000] {logging_mixin.py:190} INFO - [2024-10-11T00:59:35.534+0000] {dag.py:4180} INFO - Setting next_dagrun for example_params_ui_tutorial to None, run_after=None
[2024-10-11T00:59:35.582+0000] {processor.py:208} INFO - Processing /usr/local/python/3.12.1/lib/python3.12/site-packages/airflow/example_dags/example_params_ui_tutorial.py took 0.077 seconds
[2024-10-11T01:01:00.765+0000] {processor.py:186} INFO - Started process (PID=73545) to work on /usr/local/python/3.12.1/lib/python3.12/site-packages/airflow/example_dags/example_params_ui_tutorial.py
[2024-10-11T01:01:00.766+0000] {processor.py:914} INFO - Processing file /usr/local/python/3.12.1/lib/python3.12/site-packages/airflow/example_dags/example_params_ui_tutorial.py for tasks to queue
[2024-10-11T01:01:00.767+0000] {logging_mixin.py:190} INFO - [2024-10-11T01:01:00.767+0000] {dagbag.py:588} INFO - Filling up the DagBag from /usr/local/python/3.12.1/lib/python3.12/site-packages/airflow/example_dags/example_params_ui_tutorial.py
[2024-10-11T01:01:00.774+0000] {processor.py:925} INFO - DAG(s) 'example_params_ui_tutorial' retrieved from /usr/local/python/3.12.1/lib/python3.12/site-packages/airflow/example_dags/example_params_ui_tutorial.py
[2024-10-11T01:01:00.864+0000] {logging_mixin.py:190} INFO - [2024-10-11T01:01:00.864+0000] {dag.py:3239} INFO - Sync 1 DAGs
[2024-10-11T01:01:00.871+0000] {logging_mixin.py:190} INFO - [2024-10-11T01:01:00.871+0000] {dag.py:4180} INFO - Setting next_dagrun for example_params_ui_tutorial to None, run_after=None
[2024-10-11T01:01:00.917+0000] {processor.py:208} INFO - Processing /usr/local/python/3.12.1/lib/python3.12/site-packages/airflow/example_dags/example_params_ui_tutorial.py took 0.156 seconds
[2024-10-11T01:01:59.435+0000] {processor.py:186} INFO - Started process (PID=74181) to work on /usr/local/python/3.12.1/lib/python3.12/site-packages/airflow/example_dags/example_params_ui_tutorial.py
[2024-10-11T01:01:59.435+0000] {processor.py:914} INFO - Processing file /usr/local/python/3.12.1/lib/python3.12/site-packages/airflow/example_dags/example_params_ui_tutorial.py for tasks to queue
[2024-10-11T01:01:59.437+0000] {logging_mixin.py:190} INFO - [2024-10-11T01:01:59.437+0000] {dagbag.py:588} INFO - Filling up the DagBag from /usr/local/python/3.12.1/lib/python3.12/site-packages/airflow/example_dags/example_params_ui_tutorial.py
[2024-10-11T01:01:59.443+0000] {processor.py:925} INFO - DAG(s) 'example_params_ui_tutorial' retrieved from /usr/local/python/3.12.1/lib/python3.12/site-packages/airflow/example_dags/example_params_ui_tutorial.py
[2024-10-11T01:01:59.449+0000] {logging_mixin.py:190} INFO - [2024-10-11T01:01:59.449+0000] {dag.py:3239} INFO - Sync 1 DAGs
[2024-10-11T01:01:59.458+0000] {logging_mixin.py:190} INFO - [2024-10-11T01:01:59.458+0000] {dag.py:4180} INFO - Setting next_dagrun for example_params_ui_tutorial to None, run_after=None
[2024-10-11T01:01:59.506+0000] {processor.py:208} INFO - Processing /usr/local/python/3.12.1/lib/python3.12/site-packages/airflow/example_dags/example_params_ui_tutorial.py took 0.076 seconds
[2024-10-11T01:03:21.748+0000] {processor.py:186} INFO - Started process (PID=75070) to work on /usr/local/python/3.12.1/lib/python3.12/site-packages/airflow/example_dags/example_params_ui_tutorial.py
[2024-10-11T01:03:21.749+0000] {processor.py:914} INFO - Processing file /usr/local/python/3.12.1/lib/python3.12/site-packages/airflow/example_dags/example_params_ui_tutorial.py for tasks to queue
[2024-10-11T01:03:21.750+0000] {logging_mixin.py:190} INFO - [2024-10-11T01:03:21.750+0000] {dagbag.py:588} INFO - Filling up the DagBag from /usr/local/python/3.12.1/lib/python3.12/site-packages/airflow/example_dags/example_params_ui_tutorial.py
[2024-10-11T01:03:21.757+0000] {processor.py:925} INFO - DAG(s) 'example_params_ui_tutorial' retrieved from /usr/local/python/3.12.1/lib/python3.12/site-packages/airflow/example_dags/example_params_ui_tutorial.py
[2024-10-11T01:03:21.847+0000] {logging_mixin.py:190} INFO - [2024-10-11T01:03:21.847+0000] {dag.py:3239} INFO - Sync 1 DAGs
[2024-10-11T01:03:21.855+0000] {logging_mixin.py:190} INFO - [2024-10-11T01:03:21.855+0000] {dag.py:4180} INFO - Setting next_dagrun for example_params_ui_tutorial to None, run_after=None
[2024-10-11T01:03:21.891+0000] {processor.py:208} INFO - Processing /usr/local/python/3.12.1/lib/python3.12/site-packages/airflow/example_dags/example_params_ui_tutorial.py took 0.147 seconds
[2024-10-11T01:04:42.926+0000] {processor.py:186} INFO - Started process (PID=75988) to work on /usr/local/python/3.12.1/lib/python3.12/site-packages/airflow/example_dags/example_params_ui_tutorial.py
[2024-10-11T01:04:42.927+0000] {processor.py:914} INFO - Processing file /usr/local/python/3.12.1/lib/python3.12/site-packages/airflow/example_dags/example_params_ui_tutorial.py for tasks to queue
[2024-10-11T01:04:42.928+0000] {logging_mixin.py:190} INFO - [2024-10-11T01:04:42.928+0000] {dagbag.py:588} INFO - Filling up the DagBag from /usr/local/python/3.12.1/lib/python3.12/site-packages/airflow/example_dags/example_params_ui_tutorial.py
[2024-10-11T01:04:42.935+0000] {processor.py:925} INFO - DAG(s) 'example_params_ui_tutorial' retrieved from /usr/local/python/3.12.1/lib/python3.12/site-packages/airflow/example_dags/example_params_ui_tutorial.py
[2024-10-11T01:04:43.022+0000] {logging_mixin.py:190} INFO - [2024-10-11T01:04:43.022+0000] {dag.py:3239} INFO - Sync 1 DAGs
[2024-10-11T01:04:43.029+0000] {logging_mixin.py:190} INFO - [2024-10-11T01:04:43.029+0000] {dag.py:4180} INFO - Setting next_dagrun for example_params_ui_tutorial to None, run_after=None
[2024-10-11T01:04:43.079+0000] {processor.py:208} INFO - Processing /usr/local/python/3.12.1/lib/python3.12/site-packages/airflow/example_dags/example_params_ui_tutorial.py took 0.157 seconds
[2024-10-11T01:05:41.467+0000] {processor.py:186} INFO - Started process (PID=76653) to work on /usr/local/python/3.12.1/lib/python3.12/site-packages/airflow/example_dags/example_params_ui_tutorial.py
[2024-10-11T01:05:41.468+0000] {processor.py:914} INFO - Processing file /usr/local/python/3.12.1/lib/python3.12/site-packages/airflow/example_dags/example_params_ui_tutorial.py for tasks to queue
[2024-10-11T01:05:41.469+0000] {logging_mixin.py:190} INFO - [2024-10-11T01:05:41.469+0000] {dagbag.py:588} INFO - Filling up the DagBag from /usr/local/python/3.12.1/lib/python3.12/site-packages/airflow/example_dags/example_params_ui_tutorial.py
[2024-10-11T01:05:41.476+0000] {processor.py:925} INFO - DAG(s) 'example_params_ui_tutorial' retrieved from /usr/local/python/3.12.1/lib/python3.12/site-packages/airflow/example_dags/example_params_ui_tutorial.py
[2024-10-11T01:05:41.481+0000] {logging_mixin.py:190} INFO - [2024-10-11T01:05:41.481+0000] {dag.py:3239} INFO - Sync 1 DAGs
[2024-10-11T01:05:41.491+0000] {logging_mixin.py:190} INFO - [2024-10-11T01:05:41.491+0000] {dag.py:4180} INFO - Setting next_dagrun for example_params_ui_tutorial to None, run_after=None
[2024-10-11T01:05:41.543+0000] {processor.py:208} INFO - Processing /usr/local/python/3.12.1/lib/python3.12/site-packages/airflow/example_dags/example_params_ui_tutorial.py took 0.079 seconds
[2024-10-11T01:07:02.232+0000] {processor.py:186} INFO - Started process (PID=77532) to work on /usr/local/python/3.12.1/lib/python3.12/site-packages/airflow/example_dags/example_params_ui_tutorial.py
[2024-10-11T01:07:02.232+0000] {processor.py:914} INFO - Processing file /usr/local/python/3.12.1/lib/python3.12/site-packages/airflow/example_dags/example_params_ui_tutorial.py for tasks to queue
[2024-10-11T01:07:02.234+0000] {logging_mixin.py:190} INFO - [2024-10-11T01:07:02.233+0000] {dagbag.py:588} INFO - Filling up the DagBag from /usr/local/python/3.12.1/lib/python3.12/site-packages/airflow/example_dags/example_params_ui_tutorial.py
[2024-10-11T01:07:02.240+0000] {processor.py:925} INFO - DAG(s) 'example_params_ui_tutorial' retrieved from /usr/local/python/3.12.1/lib/python3.12/site-packages/airflow/example_dags/example_params_ui_tutorial.py
[2024-10-11T01:07:02.341+0000] {logging_mixin.py:190} INFO - [2024-10-11T01:07:02.340+0000] {dag.py:3239} INFO - Sync 1 DAGs
[2024-10-11T01:07:02.349+0000] {logging_mixin.py:190} INFO - [2024-10-11T01:07:02.349+0000] {dag.py:4180} INFO - Setting next_dagrun for example_params_ui_tutorial to None, run_after=None
[2024-10-11T01:07:02.389+0000] {processor.py:208} INFO - Processing /usr/local/python/3.12.1/lib/python3.12/site-packages/airflow/example_dags/example_params_ui_tutorial.py took 0.161 seconds
[2024-10-11T01:08:28.419+0000] {processor.py:186} INFO - Started process (PID=78474) to work on /usr/local/python/3.12.1/lib/python3.12/site-packages/airflow/example_dags/example_params_ui_tutorial.py
[2024-10-11T01:08:28.420+0000] {processor.py:914} INFO - Processing file /usr/local/python/3.12.1/lib/python3.12/site-packages/airflow/example_dags/example_params_ui_tutorial.py for tasks to queue
[2024-10-11T01:08:28.422+0000] {logging_mixin.py:190} INFO - [2024-10-11T01:08:28.421+0000] {dagbag.py:588} INFO - Filling up the DagBag from /usr/local/python/3.12.1/lib/python3.12/site-packages/airflow/example_dags/example_params_ui_tutorial.py
[2024-10-11T01:08:28.428+0000] {processor.py:925} INFO - DAG(s) 'example_params_ui_tutorial' retrieved from /usr/local/python/3.12.1/lib/python3.12/site-packages/airflow/example_dags/example_params_ui_tutorial.py
[2024-10-11T01:08:28.433+0000] {logging_mixin.py:190} INFO - [2024-10-11T01:08:28.433+0000] {dag.py:3239} INFO - Sync 1 DAGs
[2024-10-11T01:08:28.443+0000] {logging_mixin.py:190} INFO - [2024-10-11T01:08:28.443+0000] {dag.py:4180} INFO - Setting next_dagrun for example_params_ui_tutorial to None, run_after=None
[2024-10-11T01:08:28.505+0000] {processor.py:208} INFO - Processing /usr/local/python/3.12.1/lib/python3.12/site-packages/airflow/example_dags/example_params_ui_tutorial.py took 0.089 seconds
[2024-10-11T01:09:26.783+0000] {processor.py:186} INFO - Started process (PID=79138) to work on /usr/local/python/3.12.1/lib/python3.12/site-packages/airflow/example_dags/example_params_ui_tutorial.py
[2024-10-11T01:09:26.784+0000] {processor.py:914} INFO - Processing file /usr/local/python/3.12.1/lib/python3.12/site-packages/airflow/example_dags/example_params_ui_tutorial.py for tasks to queue
[2024-10-11T01:09:26.785+0000] {logging_mixin.py:190} INFO - [2024-10-11T01:09:26.785+0000] {dagbag.py:588} INFO - Filling up the DagBag from /usr/local/python/3.12.1/lib/python3.12/site-packages/airflow/example_dags/example_params_ui_tutorial.py
[2024-10-11T01:09:26.792+0000] {processor.py:925} INFO - DAG(s) 'example_params_ui_tutorial' retrieved from /usr/local/python/3.12.1/lib/python3.12/site-packages/airflow/example_dags/example_params_ui_tutorial.py
[2024-10-11T01:09:26.893+0000] {logging_mixin.py:190} INFO - [2024-10-11T01:09:26.893+0000] {dag.py:3239} INFO - Sync 1 DAGs
[2024-10-11T01:09:26.902+0000] {logging_mixin.py:190} INFO - [2024-10-11T01:09:26.901+0000] {dag.py:4180} INFO - Setting next_dagrun for example_params_ui_tutorial to None, run_after=None
[2024-10-11T01:09:26.944+0000] {processor.py:208} INFO - Processing /usr/local/python/3.12.1/lib/python3.12/site-packages/airflow/example_dags/example_params_ui_tutorial.py took 0.165 seconds
[2024-10-11T01:10:45.815+0000] {processor.py:186} INFO - Started process (PID=80028) to work on /usr/local/python/3.12.1/lib/python3.12/site-packages/airflow/example_dags/example_params_ui_tutorial.py
[2024-10-11T01:10:45.816+0000] {processor.py:914} INFO - Processing file /usr/local/python/3.12.1/lib/python3.12/site-packages/airflow/example_dags/example_params_ui_tutorial.py for tasks to queue
[2024-10-11T01:10:45.818+0000] {logging_mixin.py:190} INFO - [2024-10-11T01:10:45.817+0000] {dagbag.py:588} INFO - Filling up the DagBag from /usr/local/python/3.12.1/lib/python3.12/site-packages/airflow/example_dags/example_params_ui_tutorial.py
[2024-10-11T01:10:45.824+0000] {processor.py:925} INFO - DAG(s) 'example_params_ui_tutorial' retrieved from /usr/local/python/3.12.1/lib/python3.12/site-packages/airflow/example_dags/example_params_ui_tutorial.py
[2024-10-11T01:10:45.829+0000] {logging_mixin.py:190} INFO - [2024-10-11T01:10:45.829+0000] {dag.py:3239} INFO - Sync 1 DAGs
[2024-10-11T01:10:45.839+0000] {logging_mixin.py:190} INFO - [2024-10-11T01:10:45.839+0000] {dag.py:4180} INFO - Setting next_dagrun for example_params_ui_tutorial to None, run_after=None
[2024-10-11T01:10:45.873+0000] {processor.py:208} INFO - Processing /usr/local/python/3.12.1/lib/python3.12/site-packages/airflow/example_dags/example_params_ui_tutorial.py took 0.063 seconds
[2024-10-11T01:12:11.432+0000] {processor.py:186} INFO - Started process (PID=80946) to work on /usr/local/python/3.12.1/lib/python3.12/site-packages/airflow/example_dags/example_params_ui_tutorial.py
[2024-10-11T01:12:11.433+0000] {processor.py:914} INFO - Processing file /usr/local/python/3.12.1/lib/python3.12/site-packages/airflow/example_dags/example_params_ui_tutorial.py for tasks to queue
[2024-10-11T01:12:11.435+0000] {logging_mixin.py:190} INFO - [2024-10-11T01:12:11.434+0000] {dagbag.py:588} INFO - Filling up the DagBag from /usr/local/python/3.12.1/lib/python3.12/site-packages/airflow/example_dags/example_params_ui_tutorial.py
[2024-10-11T01:12:11.441+0000] {processor.py:925} INFO - DAG(s) 'example_params_ui_tutorial' retrieved from /usr/local/python/3.12.1/lib/python3.12/site-packages/airflow/example_dags/example_params_ui_tutorial.py
[2024-10-11T01:12:11.527+0000] {logging_mixin.py:190} INFO - [2024-10-11T01:12:11.527+0000] {dag.py:3239} INFO - Sync 1 DAGs
[2024-10-11T01:12:11.534+0000] {logging_mixin.py:190} INFO - [2024-10-11T01:12:11.534+0000] {dag.py:4180} INFO - Setting next_dagrun for example_params_ui_tutorial to None, run_after=None
[2024-10-11T01:12:11.577+0000] {processor.py:208} INFO - Processing /usr/local/python/3.12.1/lib/python3.12/site-packages/airflow/example_dags/example_params_ui_tutorial.py took 0.148 seconds
[2024-10-11T01:13:38.548+0000] {processor.py:186} INFO - Started process (PID=81905) to work on /usr/local/python/3.12.1/lib/python3.12/site-packages/airflow/example_dags/example_params_ui_tutorial.py
[2024-10-11T01:13:38.549+0000] {processor.py:914} INFO - Processing file /usr/local/python/3.12.1/lib/python3.12/site-packages/airflow/example_dags/example_params_ui_tutorial.py for tasks to queue
[2024-10-11T01:13:38.553+0000] {logging_mixin.py:190} INFO - [2024-10-11T01:13:38.552+0000] {dagbag.py:588} INFO - Filling up the DagBag from /usr/local/python/3.12.1/lib/python3.12/site-packages/airflow/example_dags/example_params_ui_tutorial.py
[2024-10-11T01:13:38.560+0000] {processor.py:925} INFO - DAG(s) 'example_params_ui_tutorial' retrieved from /usr/local/python/3.12.1/lib/python3.12/site-packages/airflow/example_dags/example_params_ui_tutorial.py
[2024-10-11T01:13:38.565+0000] {logging_mixin.py:190} INFO - [2024-10-11T01:13:38.565+0000] {dag.py:3239} INFO - Sync 1 DAGs
[2024-10-11T01:13:38.579+0000] {logging_mixin.py:190} INFO - [2024-10-11T01:13:38.579+0000] {dag.py:4180} INFO - Setting next_dagrun for example_params_ui_tutorial to None, run_after=None
[2024-10-11T01:13:38.632+0000] {processor.py:208} INFO - Processing /usr/local/python/3.12.1/lib/python3.12/site-packages/airflow/example_dags/example_params_ui_tutorial.py took 0.091 seconds
[2024-10-11T01:14:56.744+0000] {processor.py:186} INFO - Started process (PID=82784) to work on /usr/local/python/3.12.1/lib/python3.12/site-packages/airflow/example_dags/example_params_ui_tutorial.py
[2024-10-11T01:14:56.745+0000] {processor.py:914} INFO - Processing file /usr/local/python/3.12.1/lib/python3.12/site-packages/airflow/example_dags/example_params_ui_tutorial.py for tasks to queue
[2024-10-11T01:14:56.747+0000] {logging_mixin.py:190} INFO - [2024-10-11T01:14:56.747+0000] {dagbag.py:588} INFO - Filling up the DagBag from /usr/local/python/3.12.1/lib/python3.12/site-packages/airflow/example_dags/example_params_ui_tutorial.py
[2024-10-11T01:14:56.757+0000] {processor.py:925} INFO - DAG(s) 'example_params_ui_tutorial' retrieved from /usr/local/python/3.12.1/lib/python3.12/site-packages/airflow/example_dags/example_params_ui_tutorial.py
[2024-10-11T01:14:56.862+0000] {logging_mixin.py:190} INFO - [2024-10-11T01:14:56.862+0000] {dag.py:3239} INFO - Sync 1 DAGs
[2024-10-11T01:14:56.869+0000] {logging_mixin.py:190} INFO - [2024-10-11T01:14:56.869+0000] {dag.py:4180} INFO - Setting next_dagrun for example_params_ui_tutorial to None, run_after=None
[2024-10-11T01:14:56.922+0000] {processor.py:208} INFO - Processing /usr/local/python/3.12.1/lib/python3.12/site-packages/airflow/example_dags/example_params_ui_tutorial.py took 0.182 seconds
[2024-10-11T01:15:54.598+0000] {processor.py:186} INFO - Started process (PID=83450) to work on /usr/local/python/3.12.1/lib/python3.12/site-packages/airflow/example_dags/example_params_ui_tutorial.py
[2024-10-11T01:15:54.599+0000] {processor.py:914} INFO - Processing file /usr/local/python/3.12.1/lib/python3.12/site-packages/airflow/example_dags/example_params_ui_tutorial.py for tasks to queue
[2024-10-11T01:15:54.601+0000] {logging_mixin.py:190} INFO - [2024-10-11T01:15:54.600+0000] {dagbag.py:588} INFO - Filling up the DagBag from /usr/local/python/3.12.1/lib/python3.12/site-packages/airflow/example_dags/example_params_ui_tutorial.py
[2024-10-11T01:15:54.607+0000] {processor.py:925} INFO - DAG(s) 'example_params_ui_tutorial' retrieved from /usr/local/python/3.12.1/lib/python3.12/site-packages/airflow/example_dags/example_params_ui_tutorial.py
[2024-10-11T01:15:54.635+0000] {logging_mixin.py:190} INFO - [2024-10-11T01:15:54.635+0000] {dag.py:3239} INFO - Sync 1 DAGs
[2024-10-11T01:15:54.644+0000] {logging_mixin.py:190} INFO - [2024-10-11T01:15:54.644+0000] {dag.py:4180} INFO - Setting next_dagrun for example_params_ui_tutorial to None, run_after=None
[2024-10-11T01:15:54.681+0000] {processor.py:208} INFO - Processing /usr/local/python/3.12.1/lib/python3.12/site-packages/airflow/example_dags/example_params_ui_tutorial.py took 0.087 seconds
[2024-10-11T01:17:12.308+0000] {processor.py:186} INFO - Started process (PID=84307) to work on /usr/local/python/3.12.1/lib/python3.12/site-packages/airflow/example_dags/example_params_ui_tutorial.py
[2024-10-11T01:17:12.309+0000] {processor.py:914} INFO - Processing file /usr/local/python/3.12.1/lib/python3.12/site-packages/airflow/example_dags/example_params_ui_tutorial.py for tasks to queue
[2024-10-11T01:17:12.310+0000] {logging_mixin.py:190} INFO - [2024-10-11T01:17:12.310+0000] {dagbag.py:588} INFO - Filling up the DagBag from /usr/local/python/3.12.1/lib/python3.12/site-packages/airflow/example_dags/example_params_ui_tutorial.py
[2024-10-11T01:17:12.317+0000] {processor.py:925} INFO - DAG(s) 'example_params_ui_tutorial' retrieved from /usr/local/python/3.12.1/lib/python3.12/site-packages/airflow/example_dags/example_params_ui_tutorial.py
[2024-10-11T01:17:12.403+0000] {logging_mixin.py:190} INFO - [2024-10-11T01:17:12.403+0000] {dag.py:3239} INFO - Sync 1 DAGs
[2024-10-11T01:17:12.411+0000] {logging_mixin.py:190} INFO - [2024-10-11T01:17:12.411+0000] {dag.py:4180} INFO - Setting next_dagrun for example_params_ui_tutorial to None, run_after=None
[2024-10-11T01:17:12.461+0000] {processor.py:208} INFO - Processing /usr/local/python/3.12.1/lib/python3.12/site-packages/airflow/example_dags/example_params_ui_tutorial.py took 0.157 seconds
[2024-10-11T01:18:31.836+0000] {processor.py:186} INFO - Started process (PID=85182) to work on /usr/local/python/3.12.1/lib/python3.12/site-packages/airflow/example_dags/example_params_ui_tutorial.py
[2024-10-11T01:18:31.837+0000] {processor.py:914} INFO - Processing file /usr/local/python/3.12.1/lib/python3.12/site-packages/airflow/example_dags/example_params_ui_tutorial.py for tasks to queue
[2024-10-11T01:18:31.839+0000] {logging_mixin.py:190} INFO - [2024-10-11T01:18:31.838+0000] {dagbag.py:588} INFO - Filling up the DagBag from /usr/local/python/3.12.1/lib/python3.12/site-packages/airflow/example_dags/example_params_ui_tutorial.py
[2024-10-11T01:18:31.854+0000] {processor.py:925} INFO - DAG(s) 'example_params_ui_tutorial' retrieved from /usr/local/python/3.12.1/lib/python3.12/site-packages/airflow/example_dags/example_params_ui_tutorial.py
[2024-10-11T01:18:31.917+0000] {logging_mixin.py:190} INFO - [2024-10-11T01:18:31.917+0000] {dag.py:3239} INFO - Sync 1 DAGs
[2024-10-11T01:18:31.926+0000] {logging_mixin.py:190} INFO - [2024-10-11T01:18:31.926+0000] {dag.py:4180} INFO - Setting next_dagrun for example_params_ui_tutorial to None, run_after=None
[2024-10-11T01:18:31.964+0000] {processor.py:208} INFO - Processing /usr/local/python/3.12.1/lib/python3.12/site-packages/airflow/example_dags/example_params_ui_tutorial.py took 0.133 seconds
[2024-10-11T01:19:59.249+0000] {processor.py:186} INFO - Started process (PID=86146) to work on /usr/local/python/3.12.1/lib/python3.12/site-packages/airflow/example_dags/example_params_ui_tutorial.py
[2024-10-11T01:19:59.249+0000] {processor.py:914} INFO - Processing file /usr/local/python/3.12.1/lib/python3.12/site-packages/airflow/example_dags/example_params_ui_tutorial.py for tasks to queue
[2024-10-11T01:19:59.251+0000] {logging_mixin.py:190} INFO - [2024-10-11T01:19:59.251+0000] {dagbag.py:588} INFO - Filling up the DagBag from /usr/local/python/3.12.1/lib/python3.12/site-packages/airflow/example_dags/example_params_ui_tutorial.py
[2024-10-11T01:19:59.259+0000] {processor.py:925} INFO - DAG(s) 'example_params_ui_tutorial' retrieved from /usr/local/python/3.12.1/lib/python3.12/site-packages/airflow/example_dags/example_params_ui_tutorial.py
[2024-10-11T01:19:59.381+0000] {logging_mixin.py:190} INFO - [2024-10-11T01:19:59.381+0000] {dag.py:3239} INFO - Sync 1 DAGs
[2024-10-11T01:19:59.389+0000] {logging_mixin.py:190} INFO - [2024-10-11T01:19:59.389+0000] {dag.py:4180} INFO - Setting next_dagrun for example_params_ui_tutorial to None, run_after=None
[2024-10-11T01:19:59.424+0000] {processor.py:208} INFO - Processing /usr/local/python/3.12.1/lib/python3.12/site-packages/airflow/example_dags/example_params_ui_tutorial.py took 0.181 seconds
[2024-10-11T01:21:19.105+0000] {processor.py:186} INFO - Started process (PID=87037) to work on /usr/local/python/3.12.1/lib/python3.12/site-packages/airflow/example_dags/example_params_ui_tutorial.py
[2024-10-11T01:21:19.105+0000] {processor.py:914} INFO - Processing file /usr/local/python/3.12.1/lib/python3.12/site-packages/airflow/example_dags/example_params_ui_tutorial.py for tasks to queue
[2024-10-11T01:21:19.107+0000] {logging_mixin.py:190} INFO - [2024-10-11T01:21:19.107+0000] {dagbag.py:588} INFO - Filling up the DagBag from /usr/local/python/3.12.1/lib/python3.12/site-packages/airflow/example_dags/example_params_ui_tutorial.py
[2024-10-11T01:21:19.113+0000] {processor.py:925} INFO - DAG(s) 'example_params_ui_tutorial' retrieved from /usr/local/python/3.12.1/lib/python3.12/site-packages/airflow/example_dags/example_params_ui_tutorial.py
[2024-10-11T01:21:19.119+0000] {logging_mixin.py:190} INFO - [2024-10-11T01:21:19.118+0000] {dag.py:3239} INFO - Sync 1 DAGs
[2024-10-11T01:21:19.128+0000] {logging_mixin.py:190} INFO - [2024-10-11T01:21:19.128+0000] {dag.py:4180} INFO - Setting next_dagrun for example_params_ui_tutorial to None, run_after=None
[2024-10-11T01:21:19.195+0000] {processor.py:208} INFO - Processing /usr/local/python/3.12.1/lib/python3.12/site-packages/airflow/example_dags/example_params_ui_tutorial.py took 0.094 seconds
[2024-10-11T01:22:38.169+0000] {processor.py:186} INFO - Started process (PID=87904) to work on /usr/local/python/3.12.1/lib/python3.12/site-packages/airflow/example_dags/example_params_ui_tutorial.py
[2024-10-11T01:22:38.170+0000] {processor.py:914} INFO - Processing file /usr/local/python/3.12.1/lib/python3.12/site-packages/airflow/example_dags/example_params_ui_tutorial.py for tasks to queue
[2024-10-11T01:22:38.171+0000] {logging_mixin.py:190} INFO - [2024-10-11T01:22:38.171+0000] {dagbag.py:588} INFO - Filling up the DagBag from /usr/local/python/3.12.1/lib/python3.12/site-packages/airflow/example_dags/example_params_ui_tutorial.py
[2024-10-11T01:22:38.177+0000] {processor.py:925} INFO - DAG(s) 'example_params_ui_tutorial' retrieved from /usr/local/python/3.12.1/lib/python3.12/site-packages/airflow/example_dags/example_params_ui_tutorial.py
[2024-10-11T01:22:38.263+0000] {logging_mixin.py:190} INFO - [2024-10-11T01:22:38.262+0000] {dag.py:3239} INFO - Sync 1 DAGs
[2024-10-11T01:22:38.270+0000] {logging_mixin.py:190} INFO - [2024-10-11T01:22:38.270+0000] {dag.py:4180} INFO - Setting next_dagrun for example_params_ui_tutorial to None, run_after=None
[2024-10-11T01:22:38.308+0000] {processor.py:208} INFO - Processing /usr/local/python/3.12.1/lib/python3.12/site-packages/airflow/example_dags/example_params_ui_tutorial.py took 0.143 seconds
[2024-10-11T01:24:01.911+0000] {processor.py:186} INFO - Started process (PID=88812) to work on /usr/local/python/3.12.1/lib/python3.12/site-packages/airflow/example_dags/example_params_ui_tutorial.py
[2024-10-11T01:24:01.912+0000] {processor.py:914} INFO - Processing file /usr/local/python/3.12.1/lib/python3.12/site-packages/airflow/example_dags/example_params_ui_tutorial.py for tasks to queue
[2024-10-11T01:24:01.914+0000] {logging_mixin.py:190} INFO - [2024-10-11T01:24:01.914+0000] {dagbag.py:588} INFO - Filling up the DagBag from /usr/local/python/3.12.1/lib/python3.12/site-packages/airflow/example_dags/example_params_ui_tutorial.py
[2024-10-11T01:24:01.937+0000] {processor.py:925} INFO - DAG(s) 'example_params_ui_tutorial' retrieved from /usr/local/python/3.12.1/lib/python3.12/site-packages/airflow/example_dags/example_params_ui_tutorial.py
[2024-10-11T01:24:01.951+0000] {logging_mixin.py:190} INFO - [2024-10-11T01:24:01.951+0000] {dag.py:3239} INFO - Sync 1 DAGs
[2024-10-11T01:24:01.966+0000] {logging_mixin.py:190} INFO - [2024-10-11T01:24:01.966+0000] {dag.py:4180} INFO - Setting next_dagrun for example_params_ui_tutorial to None, run_after=None
[2024-10-11T01:24:02.019+0000] {processor.py:208} INFO - Processing /usr/local/python/3.12.1/lib/python3.12/site-packages/airflow/example_dags/example_params_ui_tutorial.py took 0.113 seconds
[2024-10-11T01:25:29.196+0000] {processor.py:186} INFO - Started process (PID=89818) to work on /usr/local/python/3.12.1/lib/python3.12/site-packages/airflow/example_dags/example_params_ui_tutorial.py
[2024-10-11T01:25:29.196+0000] {processor.py:914} INFO - Processing file /usr/local/python/3.12.1/lib/python3.12/site-packages/airflow/example_dags/example_params_ui_tutorial.py for tasks to queue
[2024-10-11T01:25:29.198+0000] {logging_mixin.py:190} INFO - [2024-10-11T01:25:29.197+0000] {dagbag.py:588} INFO - Filling up the DagBag from /usr/local/python/3.12.1/lib/python3.12/site-packages/airflow/example_dags/example_params_ui_tutorial.py
[2024-10-11T01:25:29.205+0000] {processor.py:925} INFO - DAG(s) 'example_params_ui_tutorial' retrieved from /usr/local/python/3.12.1/lib/python3.12/site-packages/airflow/example_dags/example_params_ui_tutorial.py
[2024-10-11T01:25:29.290+0000] {logging_mixin.py:190} INFO - [2024-10-11T01:25:29.290+0000] {dag.py:3239} INFO - Sync 1 DAGs
[2024-10-11T01:25:29.299+0000] {logging_mixin.py:190} INFO - [2024-10-11T01:25:29.298+0000] {dag.py:4180} INFO - Setting next_dagrun for example_params_ui_tutorial to None, run_after=None
[2024-10-11T01:25:29.341+0000] {processor.py:208} INFO - Processing /usr/local/python/3.12.1/lib/python3.12/site-packages/airflow/example_dags/example_params_ui_tutorial.py took 0.149 seconds
[2024-10-11T01:26:26.273+0000] {processor.py:186} INFO - Started process (PID=90422) to work on /usr/local/python/3.12.1/lib/python3.12/site-packages/airflow/example_dags/example_params_ui_tutorial.py
[2024-10-11T01:26:26.273+0000] {processor.py:914} INFO - Processing file /usr/local/python/3.12.1/lib/python3.12/site-packages/airflow/example_dags/example_params_ui_tutorial.py for tasks to queue
[2024-10-11T01:26:26.275+0000] {logging_mixin.py:190} INFO - [2024-10-11T01:26:26.274+0000] {dagbag.py:588} INFO - Filling up the DagBag from /usr/local/python/3.12.1/lib/python3.12/site-packages/airflow/example_dags/example_params_ui_tutorial.py
[2024-10-11T01:26:26.281+0000] {processor.py:925} INFO - DAG(s) 'example_params_ui_tutorial' retrieved from /usr/local/python/3.12.1/lib/python3.12/site-packages/airflow/example_dags/example_params_ui_tutorial.py
[2024-10-11T01:26:26.286+0000] {logging_mixin.py:190} INFO - [2024-10-11T01:26:26.286+0000] {dag.py:3239} INFO - Sync 1 DAGs
[2024-10-11T01:26:26.296+0000] {logging_mixin.py:190} INFO - [2024-10-11T01:26:26.296+0000] {dag.py:4180} INFO - Setting next_dagrun for example_params_ui_tutorial to None, run_after=None
[2024-10-11T01:26:26.337+0000] {processor.py:208} INFO - Processing /usr/local/python/3.12.1/lib/python3.12/site-packages/airflow/example_dags/example_params_ui_tutorial.py took 0.068 seconds
[2024-10-11T01:27:49.172+0000] {processor.py:186} INFO - Started process (PID=91332) to work on /usr/local/python/3.12.1/lib/python3.12/site-packages/airflow/example_dags/example_params_ui_tutorial.py
[2024-10-11T01:27:49.173+0000] {processor.py:914} INFO - Processing file /usr/local/python/3.12.1/lib/python3.12/site-packages/airflow/example_dags/example_params_ui_tutorial.py for tasks to queue
[2024-10-11T01:27:49.175+0000] {logging_mixin.py:190} INFO - [2024-10-11T01:27:49.175+0000] {dagbag.py:588} INFO - Filling up the DagBag from /usr/local/python/3.12.1/lib/python3.12/site-packages/airflow/example_dags/example_params_ui_tutorial.py
[2024-10-11T01:27:49.184+0000] {processor.py:925} INFO - DAG(s) 'example_params_ui_tutorial' retrieved from /usr/local/python/3.12.1/lib/python3.12/site-packages/airflow/example_dags/example_params_ui_tutorial.py
[2024-10-11T01:27:49.279+0000] {logging_mixin.py:190} INFO - [2024-10-11T01:27:49.279+0000] {dag.py:3239} INFO - Sync 1 DAGs
[2024-10-11T01:27:49.286+0000] {logging_mixin.py:190} INFO - [2024-10-11T01:27:49.286+0000] {dag.py:4180} INFO - Setting next_dagrun for example_params_ui_tutorial to None, run_after=None
[2024-10-11T01:27:49.330+0000] {processor.py:208} INFO - Processing /usr/local/python/3.12.1/lib/python3.12/site-packages/airflow/example_dags/example_params_ui_tutorial.py took 0.163 seconds
[2024-10-11T01:29:12.158+0000] {processor.py:186} INFO - Started process (PID=92273) to work on /usr/local/python/3.12.1/lib/python3.12/site-packages/airflow/example_dags/example_params_ui_tutorial.py
[2024-10-11T01:29:12.158+0000] {processor.py:914} INFO - Processing file /usr/local/python/3.12.1/lib/python3.12/site-packages/airflow/example_dags/example_params_ui_tutorial.py for tasks to queue
[2024-10-11T01:29:12.160+0000] {logging_mixin.py:190} INFO - [2024-10-11T01:29:12.160+0000] {dagbag.py:588} INFO - Filling up the DagBag from /usr/local/python/3.12.1/lib/python3.12/site-packages/airflow/example_dags/example_params_ui_tutorial.py
[2024-10-11T01:29:12.166+0000] {processor.py:925} INFO - DAG(s) 'example_params_ui_tutorial' retrieved from /usr/local/python/3.12.1/lib/python3.12/site-packages/airflow/example_dags/example_params_ui_tutorial.py
[2024-10-11T01:29:12.252+0000] {logging_mixin.py:190} INFO - [2024-10-11T01:29:12.251+0000] {dag.py:3239} INFO - Sync 1 DAGs
[2024-10-11T01:29:12.259+0000] {logging_mixin.py:190} INFO - [2024-10-11T01:29:12.259+0000] {dag.py:4180} INFO - Setting next_dagrun for example_params_ui_tutorial to None, run_after=None
[2024-10-11T01:29:12.304+0000] {processor.py:208} INFO - Processing /usr/local/python/3.12.1/lib/python3.12/site-packages/airflow/example_dags/example_params_ui_tutorial.py took 0.151 seconds
