[2024-10-11T00:15:14.610+0000] {processor.py:186} INFO - Started process (PID=43124) to work on /usr/local/python/3.12.1/lib/python3.12/site-packages/airflow/example_dags/example_bash_operator.py
[2024-10-11T00:15:14.611+0000] {processor.py:914} INFO - Processing file /usr/local/python/3.12.1/lib/python3.12/site-packages/airflow/example_dags/example_bash_operator.py for tasks to queue
[2024-10-11T00:15:14.613+0000] {logging_mixin.py:190} INFO - [2024-10-11T00:15:14.612+0000] {dagbag.py:588} INFO - Filling up the DagBag from /usr/local/python/3.12.1/lib/python3.12/site-packages/airflow/example_dags/example_bash_operator.py
[2024-10-11T00:15:14.622+0000] {processor.py:925} INFO - DAG(s) 'example_bash_operator' retrieved from /usr/local/python/3.12.1/lib/python3.12/site-packages/airflow/example_dags/example_bash_operator.py
[2024-10-11T00:15:14.787+0000] {logging_mixin.py:190} INFO - [2024-10-11T00:15:14.786+0000] {override.py:1900} INFO - Created Permission View: can delete on DAG:example_bash_operator
[2024-10-11T00:15:14.815+0000] {logging_mixin.py:190} INFO - [2024-10-11T00:15:14.814+0000] {override.py:1900} INFO - Created Permission View: can edit on DAG:example_bash_operator
[2024-10-11T00:15:14.840+0000] {logging_mixin.py:190} INFO - [2024-10-11T00:15:14.839+0000] {override.py:1900} INFO - Created Permission View: can read on DAG:example_bash_operator
[2024-10-11T00:15:14.881+0000] {logging_mixin.py:190} INFO - [2024-10-11T00:15:14.881+0000] {override.py:1900} INFO - Created Permission View: can delete on DAG Run:example_bash_operator
[2024-10-11T00:15:14.913+0000] {logging_mixin.py:190} INFO - [2024-10-11T00:15:14.913+0000] {override.py:1900} INFO - Created Permission View: can create on DAG Run:example_bash_operator
[2024-10-11T00:15:14.937+0000] {logging_mixin.py:190} INFO - [2024-10-11T00:15:14.937+0000] {override.py:1900} INFO - Created Permission View: can read on DAG Run:example_bash_operator
[2024-10-11T00:15:14.963+0000] {logging_mixin.py:190} INFO - [2024-10-11T00:15:14.963+0000] {override.py:1900} INFO - Created Permission View: menu access on DAG Run:example_bash_operator
[2024-10-11T00:15:14.963+0000] {logging_mixin.py:190} INFO - [2024-10-11T00:15:14.963+0000] {dag.py:3239} INFO - Sync 1 DAGs
[2024-10-11T00:15:14.971+0000] {logging_mixin.py:190} INFO - [2024-10-11T00:15:14.971+0000] {dag.py:3262} INFO - Creating ORM DAG for example_bash_operator
[2024-10-11T00:15:14.978+0000] {logging_mixin.py:190} INFO - [2024-10-11T00:15:14.978+0000] {dag.py:4180} INFO - Setting next_dagrun for example_bash_operator to 2024-10-10 00:00:00+00:00, run_after=2024-10-11 00:00:00+00:00
[2024-10-11T00:15:15.023+0000] {processor.py:208} INFO - Processing /usr/local/python/3.12.1/lib/python3.12/site-packages/airflow/example_dags/example_bash_operator.py took 0.417 seconds
[2024-10-11T00:16:15.515+0000] {processor.py:186} INFO - Started process (PID=43801) to work on /usr/local/python/3.12.1/lib/python3.12/site-packages/airflow/example_dags/example_bash_operator.py
[2024-10-11T00:16:15.516+0000] {processor.py:914} INFO - Processing file /usr/local/python/3.12.1/lib/python3.12/site-packages/airflow/example_dags/example_bash_operator.py for tasks to queue
[2024-10-11T00:16:15.517+0000] {logging_mixin.py:190} INFO - [2024-10-11T00:16:15.517+0000] {dagbag.py:588} INFO - Filling up the DagBag from /usr/local/python/3.12.1/lib/python3.12/site-packages/airflow/example_dags/example_bash_operator.py
[2024-10-11T00:16:15.526+0000] {processor.py:925} INFO - DAG(s) 'example_bash_operator' retrieved from /usr/local/python/3.12.1/lib/python3.12/site-packages/airflow/example_dags/example_bash_operator.py
[2024-10-11T00:16:15.532+0000] {logging_mixin.py:190} INFO - [2024-10-11T00:16:15.532+0000] {dag.py:3239} INFO - Sync 1 DAGs
[2024-10-11T00:16:15.547+0000] {logging_mixin.py:190} INFO - [2024-10-11T00:16:15.547+0000] {dag.py:4180} INFO - Setting next_dagrun for example_bash_operator to 2024-10-10 00:00:00+00:00, run_after=2024-10-11 00:00:00+00:00
[2024-10-11T00:16:15.589+0000] {processor.py:208} INFO - Processing /usr/local/python/3.12.1/lib/python3.12/site-packages/airflow/example_dags/example_bash_operator.py took 0.078 seconds
[2024-10-11T00:17:13.232+0000] {processor.py:186} INFO - Started process (PID=44418) to work on /usr/local/python/3.12.1/lib/python3.12/site-packages/airflow/example_dags/example_bash_operator.py
[2024-10-11T00:17:13.233+0000] {processor.py:914} INFO - Processing file /usr/local/python/3.12.1/lib/python3.12/site-packages/airflow/example_dags/example_bash_operator.py for tasks to queue
[2024-10-11T00:17:13.234+0000] {logging_mixin.py:190} INFO - [2024-10-11T00:17:13.234+0000] {dagbag.py:588} INFO - Filling up the DagBag from /usr/local/python/3.12.1/lib/python3.12/site-packages/airflow/example_dags/example_bash_operator.py
[2024-10-11T00:17:13.244+0000] {processor.py:925} INFO - DAG(s) 'example_bash_operator' retrieved from /usr/local/python/3.12.1/lib/python3.12/site-packages/airflow/example_dags/example_bash_operator.py
[2024-10-11T00:17:13.316+0000] {logging_mixin.py:190} INFO - [2024-10-11T00:17:13.316+0000] {dag.py:3239} INFO - Sync 1 DAGs
[2024-10-11T00:17:13.329+0000] {logging_mixin.py:190} INFO - [2024-10-11T00:17:13.329+0000] {dag.py:4180} INFO - Setting next_dagrun for example_bash_operator to 2024-10-10 00:00:00+00:00, run_after=2024-10-11 00:00:00+00:00
[2024-10-11T00:17:13.365+0000] {processor.py:208} INFO - Processing /usr/local/python/3.12.1/lib/python3.12/site-packages/airflow/example_dags/example_bash_operator.py took 0.137 seconds
[2024-10-11T00:18:35.434+0000] {processor.py:186} INFO - Started process (PID=45329) to work on /usr/local/python/3.12.1/lib/python3.12/site-packages/airflow/example_dags/example_bash_operator.py
[2024-10-11T00:18:35.434+0000] {processor.py:914} INFO - Processing file /usr/local/python/3.12.1/lib/python3.12/site-packages/airflow/example_dags/example_bash_operator.py for tasks to queue
[2024-10-11T00:18:35.436+0000] {logging_mixin.py:190} INFO - [2024-10-11T00:18:35.436+0000] {dagbag.py:588} INFO - Filling up the DagBag from /usr/local/python/3.12.1/lib/python3.12/site-packages/airflow/example_dags/example_bash_operator.py
[2024-10-11T00:18:35.446+0000] {processor.py:925} INFO - DAG(s) 'example_bash_operator' retrieved from /usr/local/python/3.12.1/lib/python3.12/site-packages/airflow/example_dags/example_bash_operator.py
[2024-10-11T00:18:35.519+0000] {logging_mixin.py:190} INFO - [2024-10-11T00:18:35.518+0000] {dag.py:3239} INFO - Sync 1 DAGs
[2024-10-11T00:18:35.532+0000] {logging_mixin.py:190} INFO - [2024-10-11T00:18:35.532+0000] {dag.py:4180} INFO - Setting next_dagrun for example_bash_operator to 2024-10-10 00:00:00+00:00, run_after=2024-10-11 00:00:00+00:00
[2024-10-11T00:18:35.575+0000] {processor.py:208} INFO - Processing /usr/local/python/3.12.1/lib/python3.12/site-packages/airflow/example_dags/example_bash_operator.py took 0.147 seconds
[2024-10-11T00:19:35.564+0000] {processor.py:186} INFO - Started process (PID=45998) to work on /usr/local/python/3.12.1/lib/python3.12/site-packages/airflow/example_dags/example_bash_operator.py
[2024-10-11T00:19:35.564+0000] {processor.py:914} INFO - Processing file /usr/local/python/3.12.1/lib/python3.12/site-packages/airflow/example_dags/example_bash_operator.py for tasks to queue
[2024-10-11T00:19:35.566+0000] {logging_mixin.py:190} INFO - [2024-10-11T00:19:35.566+0000] {dagbag.py:588} INFO - Filling up the DagBag from /usr/local/python/3.12.1/lib/python3.12/site-packages/airflow/example_dags/example_bash_operator.py
[2024-10-11T00:19:35.581+0000] {processor.py:925} INFO - DAG(s) 'example_bash_operator' retrieved from /usr/local/python/3.12.1/lib/python3.12/site-packages/airflow/example_dags/example_bash_operator.py
[2024-10-11T00:19:35.601+0000] {logging_mixin.py:190} INFO - [2024-10-11T00:19:35.601+0000] {dag.py:3239} INFO - Sync 1 DAGs
[2024-10-11T00:19:35.624+0000] {logging_mixin.py:190} INFO - [2024-10-11T00:19:35.623+0000] {dag.py:4180} INFO - Setting next_dagrun for example_bash_operator to 2024-10-10 00:00:00+00:00, run_after=2024-10-11 00:00:00+00:00
[2024-10-11T00:19:35.677+0000] {processor.py:208} INFO - Processing /usr/local/python/3.12.1/lib/python3.12/site-packages/airflow/example_dags/example_bash_operator.py took 0.119 seconds
[2024-10-11T00:21:00.733+0000] {processor.py:186} INFO - Started process (PID=46966) to work on /usr/local/python/3.12.1/lib/python3.12/site-packages/airflow/example_dags/example_bash_operator.py
[2024-10-11T00:21:00.734+0000] {processor.py:914} INFO - Processing file /usr/local/python/3.12.1/lib/python3.12/site-packages/airflow/example_dags/example_bash_operator.py for tasks to queue
[2024-10-11T00:21:00.735+0000] {logging_mixin.py:190} INFO - [2024-10-11T00:21:00.735+0000] {dagbag.py:588} INFO - Filling up the DagBag from /usr/local/python/3.12.1/lib/python3.12/site-packages/airflow/example_dags/example_bash_operator.py
[2024-10-11T00:21:00.744+0000] {processor.py:925} INFO - DAG(s) 'example_bash_operator' retrieved from /usr/local/python/3.12.1/lib/python3.12/site-packages/airflow/example_dags/example_bash_operator.py
[2024-10-11T00:21:00.823+0000] {logging_mixin.py:190} INFO - [2024-10-11T00:21:00.823+0000] {dag.py:3239} INFO - Sync 1 DAGs
[2024-10-11T00:21:00.836+0000] {logging_mixin.py:190} INFO - [2024-10-11T00:21:00.836+0000] {dag.py:4180} INFO - Setting next_dagrun for example_bash_operator to 2024-10-10 00:00:00+00:00, run_after=2024-10-11 00:00:00+00:00
[2024-10-11T00:21:00.881+0000] {processor.py:208} INFO - Processing /usr/local/python/3.12.1/lib/python3.12/site-packages/airflow/example_dags/example_bash_operator.py took 0.152 seconds
[2024-10-11T00:21:56.865+0000] {processor.py:186} INFO - Started process (PID=47563) to work on /usr/local/python/3.12.1/lib/python3.12/site-packages/airflow/example_dags/example_bash_operator.py
[2024-10-11T00:21:56.866+0000] {processor.py:914} INFO - Processing file /usr/local/python/3.12.1/lib/python3.12/site-packages/airflow/example_dags/example_bash_operator.py for tasks to queue
[2024-10-11T00:21:56.867+0000] {logging_mixin.py:190} INFO - [2024-10-11T00:21:56.867+0000] {dagbag.py:588} INFO - Filling up the DagBag from /usr/local/python/3.12.1/lib/python3.12/site-packages/airflow/example_dags/example_bash_operator.py
[2024-10-11T00:21:56.877+0000] {processor.py:925} INFO - DAG(s) 'example_bash_operator' retrieved from /usr/local/python/3.12.1/lib/python3.12/site-packages/airflow/example_dags/example_bash_operator.py
[2024-10-11T00:21:56.882+0000] {logging_mixin.py:190} INFO - [2024-10-11T00:21:56.882+0000] {dag.py:3239} INFO - Sync 1 DAGs
[2024-10-11T00:21:56.898+0000] {logging_mixin.py:190} INFO - [2024-10-11T00:21:56.898+0000] {dag.py:4180} INFO - Setting next_dagrun for example_bash_operator to 2024-10-10 00:00:00+00:00, run_after=2024-10-11 00:00:00+00:00
[2024-10-11T00:21:56.958+0000] {processor.py:208} INFO - Processing /usr/local/python/3.12.1/lib/python3.12/site-packages/airflow/example_dags/example_bash_operator.py took 0.097 seconds
[2024-10-11T00:22:56.129+0000] {processor.py:186} INFO - Started process (PID=48214) to work on /usr/local/python/3.12.1/lib/python3.12/site-packages/airflow/example_dags/example_bash_operator.py
[2024-10-11T00:22:56.130+0000] {processor.py:914} INFO - Processing file /usr/local/python/3.12.1/lib/python3.12/site-packages/airflow/example_dags/example_bash_operator.py for tasks to queue
[2024-10-11T00:22:56.131+0000] {logging_mixin.py:190} INFO - [2024-10-11T00:22:56.131+0000] {dagbag.py:588} INFO - Filling up the DagBag from /usr/local/python/3.12.1/lib/python3.12/site-packages/airflow/example_dags/example_bash_operator.py
[2024-10-11T00:22:56.141+0000] {processor.py:925} INFO - DAG(s) 'example_bash_operator' retrieved from /usr/local/python/3.12.1/lib/python3.12/site-packages/airflow/example_dags/example_bash_operator.py
[2024-10-11T00:22:56.213+0000] {logging_mixin.py:190} INFO - [2024-10-11T00:22:56.213+0000] {dag.py:3239} INFO - Sync 1 DAGs
[2024-10-11T00:22:56.226+0000] {logging_mixin.py:190} INFO - [2024-10-11T00:22:56.226+0000] {dag.py:4180} INFO - Setting next_dagrun for example_bash_operator to 2024-10-10 00:00:00+00:00, run_after=2024-10-11 00:00:00+00:00
[2024-10-11T00:22:56.277+0000] {processor.py:208} INFO - Processing /usr/local/python/3.12.1/lib/python3.12/site-packages/airflow/example_dags/example_bash_operator.py took 0.152 seconds
[2024-10-11T00:23:53.414+0000] {processor.py:186} INFO - Started process (PID=48848) to work on /usr/local/python/3.12.1/lib/python3.12/site-packages/airflow/example_dags/example_bash_operator.py
[2024-10-11T00:23:53.415+0000] {processor.py:914} INFO - Processing file /usr/local/python/3.12.1/lib/python3.12/site-packages/airflow/example_dags/example_bash_operator.py for tasks to queue
[2024-10-11T00:23:53.416+0000] {logging_mixin.py:190} INFO - [2024-10-11T00:23:53.416+0000] {dagbag.py:588} INFO - Filling up the DagBag from /usr/local/python/3.12.1/lib/python3.12/site-packages/airflow/example_dags/example_bash_operator.py
[2024-10-11T00:23:53.425+0000] {processor.py:925} INFO - DAG(s) 'example_bash_operator' retrieved from /usr/local/python/3.12.1/lib/python3.12/site-packages/airflow/example_dags/example_bash_operator.py
[2024-10-11T00:23:53.431+0000] {logging_mixin.py:190} INFO - [2024-10-11T00:23:53.431+0000] {dag.py:3239} INFO - Sync 1 DAGs
[2024-10-11T00:23:53.446+0000] {logging_mixin.py:190} INFO - [2024-10-11T00:23:53.446+0000] {dag.py:4180} INFO - Setting next_dagrun for example_bash_operator to 2024-10-10 00:00:00+00:00, run_after=2024-10-11 00:00:00+00:00
[2024-10-11T00:23:53.487+0000] {processor.py:208} INFO - Processing /usr/local/python/3.12.1/lib/python3.12/site-packages/airflow/example_dags/example_bash_operator.py took 0.078 seconds
[2024-10-11T00:24:54.863+0000] {processor.py:186} INFO - Started process (PID=49546) to work on /usr/local/python/3.12.1/lib/python3.12/site-packages/airflow/example_dags/example_bash_operator.py
[2024-10-11T00:24:54.864+0000] {processor.py:914} INFO - Processing file /usr/local/python/3.12.1/lib/python3.12/site-packages/airflow/example_dags/example_bash_operator.py for tasks to queue
[2024-10-11T00:24:54.865+0000] {logging_mixin.py:190} INFO - [2024-10-11T00:24:54.865+0000] {dagbag.py:588} INFO - Filling up the DagBag from /usr/local/python/3.12.1/lib/python3.12/site-packages/airflow/example_dags/example_bash_operator.py
[2024-10-11T00:24:54.875+0000] {processor.py:925} INFO - DAG(s) 'example_bash_operator' retrieved from /usr/local/python/3.12.1/lib/python3.12/site-packages/airflow/example_dags/example_bash_operator.py
[2024-10-11T00:24:54.947+0000] {logging_mixin.py:190} INFO - [2024-10-11T00:24:54.947+0000] {dag.py:3239} INFO - Sync 1 DAGs
[2024-10-11T00:24:54.961+0000] {logging_mixin.py:190} INFO - [2024-10-11T00:24:54.961+0000] {dag.py:4180} INFO - Setting next_dagrun for example_bash_operator to 2024-10-10 00:00:00+00:00, run_after=2024-10-11 00:00:00+00:00
[2024-10-11T00:24:55.012+0000] {processor.py:208} INFO - Processing /usr/local/python/3.12.1/lib/python3.12/site-packages/airflow/example_dags/example_bash_operator.py took 0.153 seconds
[2024-10-11T00:25:50.901+0000] {processor.py:186} INFO - Started process (PID=50164) to work on /usr/local/python/3.12.1/lib/python3.12/site-packages/airflow/example_dags/example_bash_operator.py
[2024-10-11T00:25:50.902+0000] {processor.py:914} INFO - Processing file /usr/local/python/3.12.1/lib/python3.12/site-packages/airflow/example_dags/example_bash_operator.py for tasks to queue
[2024-10-11T00:25:50.904+0000] {logging_mixin.py:190} INFO - [2024-10-11T00:25:50.903+0000] {dagbag.py:588} INFO - Filling up the DagBag from /usr/local/python/3.12.1/lib/python3.12/site-packages/airflow/example_dags/example_bash_operator.py
[2024-10-11T00:25:50.917+0000] {processor.py:925} INFO - DAG(s) 'example_bash_operator' retrieved from /usr/local/python/3.12.1/lib/python3.12/site-packages/airflow/example_dags/example_bash_operator.py
[2024-10-11T00:25:50.955+0000] {logging_mixin.py:190} INFO - [2024-10-11T00:25:50.955+0000] {dag.py:3239} INFO - Sync 1 DAGs
[2024-10-11T00:25:50.978+0000] {logging_mixin.py:190} INFO - [2024-10-11T00:25:50.977+0000] {dag.py:4180} INFO - Setting next_dagrun for example_bash_operator to 2024-10-10 00:00:00+00:00, run_after=2024-10-11 00:00:00+00:00
[2024-10-11T00:25:51.016+0000] {processor.py:208} INFO - Processing /usr/local/python/3.12.1/lib/python3.12/site-packages/airflow/example_dags/example_bash_operator.py took 0.119 seconds
[2024-10-11T00:26:47.372+0000] {processor.py:186} INFO - Started process (PID=50797) to work on /usr/local/python/3.12.1/lib/python3.12/site-packages/airflow/example_dags/example_bash_operator.py
[2024-10-11T00:26:47.373+0000] {processor.py:914} INFO - Processing file /usr/local/python/3.12.1/lib/python3.12/site-packages/airflow/example_dags/example_bash_operator.py for tasks to queue
[2024-10-11T00:26:47.374+0000] {logging_mixin.py:190} INFO - [2024-10-11T00:26:47.374+0000] {dagbag.py:588} INFO - Filling up the DagBag from /usr/local/python/3.12.1/lib/python3.12/site-packages/airflow/example_dags/example_bash_operator.py
[2024-10-11T00:26:47.384+0000] {processor.py:925} INFO - DAG(s) 'example_bash_operator' retrieved from /usr/local/python/3.12.1/lib/python3.12/site-packages/airflow/example_dags/example_bash_operator.py
[2024-10-11T00:26:47.456+0000] {logging_mixin.py:190} INFO - [2024-10-11T00:26:47.456+0000] {dag.py:3239} INFO - Sync 1 DAGs
[2024-10-11T00:26:47.469+0000] {logging_mixin.py:190} INFO - [2024-10-11T00:26:47.469+0000] {dag.py:4180} INFO - Setting next_dagrun for example_bash_operator to 2024-10-10 00:00:00+00:00, run_after=2024-10-11 00:00:00+00:00
[2024-10-11T00:26:47.519+0000] {processor.py:208} INFO - Processing /usr/local/python/3.12.1/lib/python3.12/site-packages/airflow/example_dags/example_bash_operator.py took 0.152 seconds
[2024-10-11T00:27:43.224+0000] {processor.py:186} INFO - Started process (PID=51416) to work on /usr/local/python/3.12.1/lib/python3.12/site-packages/airflow/example_dags/example_bash_operator.py
[2024-10-11T00:27:43.225+0000] {processor.py:914} INFO - Processing file /usr/local/python/3.12.1/lib/python3.12/site-packages/airflow/example_dags/example_bash_operator.py for tasks to queue
[2024-10-11T00:27:43.227+0000] {logging_mixin.py:190} INFO - [2024-10-11T00:27:43.226+0000] {dagbag.py:588} INFO - Filling up the DagBag from /usr/local/python/3.12.1/lib/python3.12/site-packages/airflow/example_dags/example_bash_operator.py
[2024-10-11T00:27:43.236+0000] {processor.py:925} INFO - DAG(s) 'example_bash_operator' retrieved from /usr/local/python/3.12.1/lib/python3.12/site-packages/airflow/example_dags/example_bash_operator.py
[2024-10-11T00:27:43.241+0000] {logging_mixin.py:190} INFO - [2024-10-11T00:27:43.241+0000] {dag.py:3239} INFO - Sync 1 DAGs
[2024-10-11T00:27:43.258+0000] {logging_mixin.py:190} INFO - [2024-10-11T00:27:43.258+0000] {dag.py:4180} INFO - Setting next_dagrun for example_bash_operator to 2024-10-10 00:00:00+00:00, run_after=2024-10-11 00:00:00+00:00
[2024-10-11T00:27:43.296+0000] {processor.py:208} INFO - Processing /usr/local/python/3.12.1/lib/python3.12/site-packages/airflow/example_dags/example_bash_operator.py took 0.076 seconds
[2024-10-11T00:28:40.542+0000] {processor.py:186} INFO - Started process (PID=52035) to work on /usr/local/python/3.12.1/lib/python3.12/site-packages/airflow/example_dags/example_bash_operator.py
[2024-10-11T00:28:40.543+0000] {processor.py:914} INFO - Processing file /usr/local/python/3.12.1/lib/python3.12/site-packages/airflow/example_dags/example_bash_operator.py for tasks to queue
[2024-10-11T00:28:40.545+0000] {logging_mixin.py:190} INFO - [2024-10-11T00:28:40.544+0000] {dagbag.py:588} INFO - Filling up the DagBag from /usr/local/python/3.12.1/lib/python3.12/site-packages/airflow/example_dags/example_bash_operator.py
[2024-10-11T00:28:40.561+0000] {processor.py:925} INFO - DAG(s) 'example_bash_operator' retrieved from /usr/local/python/3.12.1/lib/python3.12/site-packages/airflow/example_dags/example_bash_operator.py
[2024-10-11T00:28:40.636+0000] {logging_mixin.py:190} INFO - [2024-10-11T00:28:40.636+0000] {dag.py:3239} INFO - Sync 1 DAGs
[2024-10-11T00:28:40.649+0000] {logging_mixin.py:190} INFO - [2024-10-11T00:28:40.649+0000] {dag.py:4180} INFO - Setting next_dagrun for example_bash_operator to 2024-10-10 00:00:00+00:00, run_after=2024-10-11 00:00:00+00:00
[2024-10-11T00:28:40.696+0000] {processor.py:208} INFO - Processing /usr/local/python/3.12.1/lib/python3.12/site-packages/airflow/example_dags/example_bash_operator.py took 0.160 seconds
[2024-10-11T00:29:59.896+0000] {processor.py:186} INFO - Started process (PID=52962) to work on /usr/local/python/3.12.1/lib/python3.12/site-packages/airflow/example_dags/example_bash_operator.py
[2024-10-11T00:29:59.897+0000] {processor.py:914} INFO - Processing file /usr/local/python/3.12.1/lib/python3.12/site-packages/airflow/example_dags/example_bash_operator.py for tasks to queue
[2024-10-11T00:29:59.898+0000] {logging_mixin.py:190} INFO - [2024-10-11T00:29:59.898+0000] {dagbag.py:588} INFO - Filling up the DagBag from /usr/local/python/3.12.1/lib/python3.12/site-packages/airflow/example_dags/example_bash_operator.py
[2024-10-11T00:29:59.908+0000] {processor.py:925} INFO - DAG(s) 'example_bash_operator' retrieved from /usr/local/python/3.12.1/lib/python3.12/site-packages/airflow/example_dags/example_bash_operator.py
[2024-10-11T00:29:59.914+0000] {logging_mixin.py:190} INFO - [2024-10-11T00:29:59.914+0000] {dag.py:3239} INFO - Sync 1 DAGs
[2024-10-11T00:29:59.933+0000] {logging_mixin.py:190} INFO - [2024-10-11T00:29:59.933+0000] {dag.py:4180} INFO - Setting next_dagrun for example_bash_operator to 2024-10-10 00:00:00+00:00, run_after=2024-10-11 00:00:00+00:00
[2024-10-11T00:29:59.972+0000] {processor.py:208} INFO - Processing /usr/local/python/3.12.1/lib/python3.12/site-packages/airflow/example_dags/example_bash_operator.py took 0.080 seconds
[2024-10-11T00:30:59.254+0000] {processor.py:186} INFO - Started process (PID=53626) to work on /usr/local/python/3.12.1/lib/python3.12/site-packages/airflow/example_dags/example_bash_operator.py
[2024-10-11T00:30:59.255+0000] {processor.py:914} INFO - Processing file /usr/local/python/3.12.1/lib/python3.12/site-packages/airflow/example_dags/example_bash_operator.py for tasks to queue
[2024-10-11T00:30:59.256+0000] {logging_mixin.py:190} INFO - [2024-10-11T00:30:59.256+0000] {dagbag.py:588} INFO - Filling up the DagBag from /usr/local/python/3.12.1/lib/python3.12/site-packages/airflow/example_dags/example_bash_operator.py
[2024-10-11T00:30:59.266+0000] {processor.py:925} INFO - DAG(s) 'example_bash_operator' retrieved from /usr/local/python/3.12.1/lib/python3.12/site-packages/airflow/example_dags/example_bash_operator.py
[2024-10-11T00:30:59.344+0000] {logging_mixin.py:190} INFO - [2024-10-11T00:30:59.343+0000] {dag.py:3239} INFO - Sync 1 DAGs
[2024-10-11T00:30:59.357+0000] {logging_mixin.py:190} INFO - [2024-10-11T00:30:59.357+0000] {dag.py:4180} INFO - Setting next_dagrun for example_bash_operator to 2024-10-10 00:00:00+00:00, run_after=2024-10-11 00:00:00+00:00
[2024-10-11T00:30:59.399+0000] {processor.py:208} INFO - Processing /usr/local/python/3.12.1/lib/python3.12/site-packages/airflow/example_dags/example_bash_operator.py took 0.148 seconds
[2024-10-11T00:32:22.851+0000] {processor.py:186} INFO - Started process (PID=54541) to work on /usr/local/python/3.12.1/lib/python3.12/site-packages/airflow/example_dags/example_bash_operator.py
[2024-10-11T00:32:22.851+0000] {processor.py:914} INFO - Processing file /usr/local/python/3.12.1/lib/python3.12/site-packages/airflow/example_dags/example_bash_operator.py for tasks to queue
[2024-10-11T00:32:22.853+0000] {logging_mixin.py:190} INFO - [2024-10-11T00:32:22.853+0000] {dagbag.py:588} INFO - Filling up the DagBag from /usr/local/python/3.12.1/lib/python3.12/site-packages/airflow/example_dags/example_bash_operator.py
[2024-10-11T00:32:22.862+0000] {processor.py:925} INFO - DAG(s) 'example_bash_operator' retrieved from /usr/local/python/3.12.1/lib/python3.12/site-packages/airflow/example_dags/example_bash_operator.py
[2024-10-11T00:32:22.868+0000] {logging_mixin.py:190} INFO - [2024-10-11T00:32:22.867+0000] {dag.py:3239} INFO - Sync 1 DAGs
[2024-10-11T00:32:22.883+0000] {logging_mixin.py:190} INFO - [2024-10-11T00:32:22.883+0000] {dag.py:4180} INFO - Setting next_dagrun for example_bash_operator to 2024-10-10 00:00:00+00:00, run_after=2024-10-11 00:00:00+00:00
[2024-10-11T00:32:22.926+0000] {processor.py:208} INFO - Processing /usr/local/python/3.12.1/lib/python3.12/site-packages/airflow/example_dags/example_bash_operator.py took 0.080 seconds
[2024-10-11T00:33:19.135+0000] {processor.py:186} INFO - Started process (PID=55160) to work on /usr/local/python/3.12.1/lib/python3.12/site-packages/airflow/example_dags/example_bash_operator.py
[2024-10-11T00:33:19.136+0000] {processor.py:914} INFO - Processing file /usr/local/python/3.12.1/lib/python3.12/site-packages/airflow/example_dags/example_bash_operator.py for tasks to queue
[2024-10-11T00:33:19.137+0000] {logging_mixin.py:190} INFO - [2024-10-11T00:33:19.137+0000] {dagbag.py:588} INFO - Filling up the DagBag from /usr/local/python/3.12.1/lib/python3.12/site-packages/airflow/example_dags/example_bash_operator.py
[2024-10-11T00:33:19.147+0000] {processor.py:925} INFO - DAG(s) 'example_bash_operator' retrieved from /usr/local/python/3.12.1/lib/python3.12/site-packages/airflow/example_dags/example_bash_operator.py
[2024-10-11T00:33:19.220+0000] {logging_mixin.py:190} INFO - [2024-10-11T00:33:19.220+0000] {dag.py:3239} INFO - Sync 1 DAGs
[2024-10-11T00:33:19.233+0000] {logging_mixin.py:190} INFO - [2024-10-11T00:33:19.233+0000] {dag.py:4180} INFO - Setting next_dagrun for example_bash_operator to 2024-10-10 00:00:00+00:00, run_after=2024-10-11 00:00:00+00:00
[2024-10-11T00:33:19.296+0000] {processor.py:208} INFO - Processing /usr/local/python/3.12.1/lib/python3.12/site-packages/airflow/example_dags/example_bash_operator.py took 0.165 seconds
[2024-10-11T00:34:17.952+0000] {processor.py:186} INFO - Started process (PID=55819) to work on /usr/local/python/3.12.1/lib/python3.12/site-packages/airflow/example_dags/example_bash_operator.py
[2024-10-11T00:34:17.953+0000] {processor.py:914} INFO - Processing file /usr/local/python/3.12.1/lib/python3.12/site-packages/airflow/example_dags/example_bash_operator.py for tasks to queue
[2024-10-11T00:34:17.954+0000] {logging_mixin.py:190} INFO - [2024-10-11T00:34:17.954+0000] {dagbag.py:588} INFO - Filling up the DagBag from /usr/local/python/3.12.1/lib/python3.12/site-packages/airflow/example_dags/example_bash_operator.py
[2024-10-11T00:34:17.964+0000] {processor.py:925} INFO - DAG(s) 'example_bash_operator' retrieved from /usr/local/python/3.12.1/lib/python3.12/site-packages/airflow/example_dags/example_bash_operator.py
[2024-10-11T00:34:17.969+0000] {logging_mixin.py:190} INFO - [2024-10-11T00:34:17.969+0000] {dag.py:3239} INFO - Sync 1 DAGs
[2024-10-11T00:34:17.984+0000] {logging_mixin.py:190} INFO - [2024-10-11T00:34:17.984+0000] {dag.py:4180} INFO - Setting next_dagrun for example_bash_operator to 2024-10-10 00:00:00+00:00, run_after=2024-10-11 00:00:00+00:00
[2024-10-11T00:34:18.028+0000] {processor.py:208} INFO - Processing /usr/local/python/3.12.1/lib/python3.12/site-packages/airflow/example_dags/example_bash_operator.py took 0.080 seconds
[2024-10-11T00:35:13.918+0000] {processor.py:186} INFO - Started process (PID=56468) to work on /usr/local/python/3.12.1/lib/python3.12/site-packages/airflow/example_dags/example_bash_operator.py
[2024-10-11T00:35:13.919+0000] {processor.py:914} INFO - Processing file /usr/local/python/3.12.1/lib/python3.12/site-packages/airflow/example_dags/example_bash_operator.py for tasks to queue
[2024-10-11T00:35:13.920+0000] {logging_mixin.py:190} INFO - [2024-10-11T00:35:13.920+0000] {dagbag.py:588} INFO - Filling up the DagBag from /usr/local/python/3.12.1/lib/python3.12/site-packages/airflow/example_dags/example_bash_operator.py
[2024-10-11T00:35:13.930+0000] {processor.py:925} INFO - DAG(s) 'example_bash_operator' retrieved from /usr/local/python/3.12.1/lib/python3.12/site-packages/airflow/example_dags/example_bash_operator.py
[2024-10-11T00:35:14.002+0000] {logging_mixin.py:190} INFO - [2024-10-11T00:35:14.002+0000] {dag.py:3239} INFO - Sync 1 DAGs
[2024-10-11T00:35:14.018+0000] {logging_mixin.py:190} INFO - [2024-10-11T00:35:14.018+0000] {dag.py:4180} INFO - Setting next_dagrun for example_bash_operator to 2024-10-10 00:00:00+00:00, run_after=2024-10-11 00:00:00+00:00
[2024-10-11T00:35:14.065+0000] {processor.py:208} INFO - Processing /usr/local/python/3.12.1/lib/python3.12/site-packages/airflow/example_dags/example_bash_operator.py took 0.150 seconds
[2024-10-11T00:36:35.350+0000] {processor.py:186} INFO - Started process (PID=57355) to work on /usr/local/python/3.12.1/lib/python3.12/site-packages/airflow/example_dags/example_bash_operator.py
[2024-10-11T00:36:35.351+0000] {processor.py:914} INFO - Processing file /usr/local/python/3.12.1/lib/python3.12/site-packages/airflow/example_dags/example_bash_operator.py for tasks to queue
[2024-10-11T00:36:35.353+0000] {logging_mixin.py:190} INFO - [2024-10-11T00:36:35.352+0000] {dagbag.py:588} INFO - Filling up the DagBag from /usr/local/python/3.12.1/lib/python3.12/site-packages/airflow/example_dags/example_bash_operator.py
[2024-10-11T00:36:35.364+0000] {processor.py:925} INFO - DAG(s) 'example_bash_operator' retrieved from /usr/local/python/3.12.1/lib/python3.12/site-packages/airflow/example_dags/example_bash_operator.py
[2024-10-11T00:36:35.404+0000] {logging_mixin.py:190} INFO - [2024-10-11T00:36:35.403+0000] {dag.py:3239} INFO - Sync 1 DAGs
[2024-10-11T00:36:35.423+0000] {logging_mixin.py:190} INFO - [2024-10-11T00:36:35.422+0000] {dag.py:4180} INFO - Setting next_dagrun for example_bash_operator to 2024-10-10 00:00:00+00:00, run_after=2024-10-11 00:00:00+00:00
[2024-10-11T00:36:35.479+0000] {processor.py:208} INFO - Processing /usr/local/python/3.12.1/lib/python3.12/site-packages/airflow/example_dags/example_bash_operator.py took 0.134 seconds
[2024-10-11T00:37:56.178+0000] {processor.py:186} INFO - Started process (PID=58237) to work on /usr/local/python/3.12.1/lib/python3.12/site-packages/airflow/example_dags/example_bash_operator.py
[2024-10-11T00:37:56.179+0000] {processor.py:914} INFO - Processing file /usr/local/python/3.12.1/lib/python3.12/site-packages/airflow/example_dags/example_bash_operator.py for tasks to queue
[2024-10-11T00:37:56.180+0000] {logging_mixin.py:190} INFO - [2024-10-11T00:37:56.180+0000] {dagbag.py:588} INFO - Filling up the DagBag from /usr/local/python/3.12.1/lib/python3.12/site-packages/airflow/example_dags/example_bash_operator.py
[2024-10-11T00:37:56.190+0000] {processor.py:925} INFO - DAG(s) 'example_bash_operator' retrieved from /usr/local/python/3.12.1/lib/python3.12/site-packages/airflow/example_dags/example_bash_operator.py
[2024-10-11T00:37:56.262+0000] {logging_mixin.py:190} INFO - [2024-10-11T00:37:56.262+0000] {dag.py:3239} INFO - Sync 1 DAGs
[2024-10-11T00:37:56.388+0000] {logging_mixin.py:190} INFO - [2024-10-11T00:37:56.388+0000] {dag.py:4180} INFO - Setting next_dagrun for example_bash_operator to 2024-10-10 00:00:00+00:00, run_after=2024-10-11 00:00:00+00:00
[2024-10-11T00:37:56.432+0000] {processor.py:208} INFO - Processing /usr/local/python/3.12.1/lib/python3.12/site-packages/airflow/example_dags/example_bash_operator.py took 0.258 seconds
[2024-10-11T00:38:54.842+0000] {processor.py:186} INFO - Started process (PID=58885) to work on /usr/local/python/3.12.1/lib/python3.12/site-packages/airflow/example_dags/example_bash_operator.py
[2024-10-11T00:38:54.843+0000] {processor.py:914} INFO - Processing file /usr/local/python/3.12.1/lib/python3.12/site-packages/airflow/example_dags/example_bash_operator.py for tasks to queue
[2024-10-11T00:38:54.845+0000] {logging_mixin.py:190} INFO - [2024-10-11T00:38:54.844+0000] {dagbag.py:588} INFO - Filling up the DagBag from /usr/local/python/3.12.1/lib/python3.12/site-packages/airflow/example_dags/example_bash_operator.py
[2024-10-11T00:38:54.854+0000] {processor.py:925} INFO - DAG(s) 'example_bash_operator' retrieved from /usr/local/python/3.12.1/lib/python3.12/site-packages/airflow/example_dags/example_bash_operator.py
[2024-10-11T00:38:54.869+0000] {logging_mixin.py:190} INFO - [2024-10-11T00:38:54.869+0000] {dag.py:3239} INFO - Sync 1 DAGs
[2024-10-11T00:38:54.883+0000] {logging_mixin.py:190} INFO - [2024-10-11T00:38:54.883+0000] {dag.py:4180} INFO - Setting next_dagrun for example_bash_operator to 2024-10-10 00:00:00+00:00, run_after=2024-10-11 00:00:00+00:00
[2024-10-11T00:38:54.941+0000] {processor.py:208} INFO - Processing /usr/local/python/3.12.1/lib/python3.12/site-packages/airflow/example_dags/example_bash_operator.py took 0.102 seconds
[2024-10-11T00:39:55.855+0000] {processor.py:186} INFO - Started process (PID=59580) to work on /usr/local/python/3.12.1/lib/python3.12/site-packages/airflow/example_dags/example_bash_operator.py
[2024-10-11T00:39:55.855+0000] {processor.py:914} INFO - Processing file /usr/local/python/3.12.1/lib/python3.12/site-packages/airflow/example_dags/example_bash_operator.py for tasks to queue
[2024-10-11T00:39:55.857+0000] {logging_mixin.py:190} INFO - [2024-10-11T00:39:55.856+0000] {dagbag.py:588} INFO - Filling up the DagBag from /usr/local/python/3.12.1/lib/python3.12/site-packages/airflow/example_dags/example_bash_operator.py
[2024-10-11T00:39:55.866+0000] {processor.py:925} INFO - DAG(s) 'example_bash_operator' retrieved from /usr/local/python/3.12.1/lib/python3.12/site-packages/airflow/example_dags/example_bash_operator.py
[2024-10-11T00:39:56.027+0000] {logging_mixin.py:190} INFO - [2024-10-11T00:39:56.027+0000] {dag.py:3239} INFO - Sync 1 DAGs
[2024-10-11T00:39:56.039+0000] {logging_mixin.py:190} INFO - [2024-10-11T00:39:56.039+0000] {dag.py:4180} INFO - Setting next_dagrun for example_bash_operator to 2024-10-10 00:00:00+00:00, run_after=2024-10-11 00:00:00+00:00
[2024-10-11T00:39:56.072+0000] {processor.py:208} INFO - Processing /usr/local/python/3.12.1/lib/python3.12/site-packages/airflow/example_dags/example_bash_operator.py took 0.222 seconds
[2024-10-11T00:40:58.489+0000] {processor.py:186} INFO - Started process (PID=60274) to work on /usr/local/python/3.12.1/lib/python3.12/site-packages/airflow/example_dags/example_bash_operator.py
[2024-10-11T00:40:58.490+0000] {processor.py:914} INFO - Processing file /usr/local/python/3.12.1/lib/python3.12/site-packages/airflow/example_dags/example_bash_operator.py for tasks to queue
[2024-10-11T00:40:58.491+0000] {logging_mixin.py:190} INFO - [2024-10-11T00:40:58.491+0000] {dagbag.py:588} INFO - Filling up the DagBag from /usr/local/python/3.12.1/lib/python3.12/site-packages/airflow/example_dags/example_bash_operator.py
[2024-10-11T00:40:58.501+0000] {processor.py:925} INFO - DAG(s) 'example_bash_operator' retrieved from /usr/local/python/3.12.1/lib/python3.12/site-packages/airflow/example_dags/example_bash_operator.py
[2024-10-11T00:40:58.507+0000] {logging_mixin.py:190} INFO - [2024-10-11T00:40:58.506+0000] {dag.py:3239} INFO - Sync 1 DAGs
[2024-10-11T00:40:58.522+0000] {logging_mixin.py:190} INFO - [2024-10-11T00:40:58.522+0000] {dag.py:4180} INFO - Setting next_dagrun for example_bash_operator to 2024-10-10 00:00:00+00:00, run_after=2024-10-11 00:00:00+00:00
[2024-10-11T00:40:58.577+0000] {processor.py:208} INFO - Processing /usr/local/python/3.12.1/lib/python3.12/site-packages/airflow/example_dags/example_bash_operator.py took 0.092 seconds
[2024-10-11T00:41:58.407+0000] {processor.py:186} INFO - Started process (PID=60928) to work on /usr/local/python/3.12.1/lib/python3.12/site-packages/airflow/example_dags/example_bash_operator.py
[2024-10-11T00:41:58.407+0000] {processor.py:914} INFO - Processing file /usr/local/python/3.12.1/lib/python3.12/site-packages/airflow/example_dags/example_bash_operator.py for tasks to queue
[2024-10-11T00:41:58.409+0000] {logging_mixin.py:190} INFO - [2024-10-11T00:41:58.409+0000] {dagbag.py:588} INFO - Filling up the DagBag from /usr/local/python/3.12.1/lib/python3.12/site-packages/airflow/example_dags/example_bash_operator.py
[2024-10-11T00:41:58.418+0000] {processor.py:925} INFO - DAG(s) 'example_bash_operator' retrieved from /usr/local/python/3.12.1/lib/python3.12/site-packages/airflow/example_dags/example_bash_operator.py
[2024-10-11T00:41:58.492+0000] {logging_mixin.py:190} INFO - [2024-10-11T00:41:58.491+0000] {dag.py:3239} INFO - Sync 1 DAGs
[2024-10-11T00:41:58.593+0000] {logging_mixin.py:190} INFO - [2024-10-11T00:41:58.593+0000] {dag.py:4180} INFO - Setting next_dagrun for example_bash_operator to 2024-10-10 00:00:00+00:00, run_after=2024-10-11 00:00:00+00:00
[2024-10-11T00:41:58.644+0000] {processor.py:208} INFO - Processing /usr/local/python/3.12.1/lib/python3.12/site-packages/airflow/example_dags/example_bash_operator.py took 0.241 seconds
[2024-10-11T00:43:03.780+0000] {processor.py:186} INFO - Started process (PID=61631) to work on /usr/local/python/3.12.1/lib/python3.12/site-packages/airflow/example_dags/example_bash_operator.py
[2024-10-11T00:43:03.781+0000] {processor.py:914} INFO - Processing file /usr/local/python/3.12.1/lib/python3.12/site-packages/airflow/example_dags/example_bash_operator.py for tasks to queue
[2024-10-11T00:43:03.783+0000] {logging_mixin.py:190} INFO - [2024-10-11T00:43:03.783+0000] {dagbag.py:588} INFO - Filling up the DagBag from /usr/local/python/3.12.1/lib/python3.12/site-packages/airflow/example_dags/example_bash_operator.py
[2024-10-11T00:43:03.797+0000] {processor.py:925} INFO - DAG(s) 'example_bash_operator' retrieved from /usr/local/python/3.12.1/lib/python3.12/site-packages/airflow/example_dags/example_bash_operator.py
[2024-10-11T00:43:03.998+0000] {logging_mixin.py:190} INFO - [2024-10-11T00:43:03.997+0000] {dag.py:3239} INFO - Sync 1 DAGs
[2024-10-11T00:43:04.009+0000] {logging_mixin.py:190} INFO - [2024-10-11T00:43:04.009+0000] {dag.py:4180} INFO - Setting next_dagrun for example_bash_operator to 2024-10-10 00:00:00+00:00, run_after=2024-10-11 00:00:00+00:00
[2024-10-11T00:43:04.049+0000] {processor.py:208} INFO - Processing /usr/local/python/3.12.1/lib/python3.12/site-packages/airflow/example_dags/example_bash_operator.py took 0.274 seconds
[2024-10-11T00:44:09.983+0000] {processor.py:186} INFO - Started process (PID=62387) to work on /usr/local/python/3.12.1/lib/python3.12/site-packages/airflow/example_dags/example_bash_operator.py
[2024-10-11T00:44:09.984+0000] {processor.py:914} INFO - Processing file /usr/local/python/3.12.1/lib/python3.12/site-packages/airflow/example_dags/example_bash_operator.py for tasks to queue
[2024-10-11T00:44:09.985+0000] {logging_mixin.py:190} INFO - [2024-10-11T00:44:09.985+0000] {dagbag.py:588} INFO - Filling up the DagBag from /usr/local/python/3.12.1/lib/python3.12/site-packages/airflow/example_dags/example_bash_operator.py
[2024-10-11T00:44:09.995+0000] {processor.py:925} INFO - DAG(s) 'example_bash_operator' retrieved from /usr/local/python/3.12.1/lib/python3.12/site-packages/airflow/example_dags/example_bash_operator.py
[2024-10-11T00:44:10.000+0000] {logging_mixin.py:190} INFO - [2024-10-11T00:44:10.000+0000] {dag.py:3239} INFO - Sync 1 DAGs
[2024-10-11T00:44:10.018+0000] {logging_mixin.py:190} INFO - [2024-10-11T00:44:10.018+0000] {dag.py:4180} INFO - Setting next_dagrun for example_bash_operator to 2024-10-10 00:00:00+00:00, run_after=2024-10-11 00:00:00+00:00
[2024-10-11T00:44:10.103+0000] {processor.py:208} INFO - Processing /usr/local/python/3.12.1/lib/python3.12/site-packages/airflow/example_dags/example_bash_operator.py took 0.124 seconds
[2024-10-11T00:45:09.168+0000] {processor.py:186} INFO - Started process (PID=63056) to work on /usr/local/python/3.12.1/lib/python3.12/site-packages/airflow/example_dags/example_bash_operator.py
[2024-10-11T00:45:09.169+0000] {processor.py:914} INFO - Processing file /usr/local/python/3.12.1/lib/python3.12/site-packages/airflow/example_dags/example_bash_operator.py for tasks to queue
[2024-10-11T00:45:09.172+0000] {logging_mixin.py:190} INFO - [2024-10-11T00:45:09.172+0000] {dagbag.py:588} INFO - Filling up the DagBag from /usr/local/python/3.12.1/lib/python3.12/site-packages/airflow/example_dags/example_bash_operator.py
[2024-10-11T00:45:09.187+0000] {processor.py:925} INFO - DAG(s) 'example_bash_operator' retrieved from /usr/local/python/3.12.1/lib/python3.12/site-packages/airflow/example_dags/example_bash_operator.py
[2024-10-11T00:45:09.359+0000] {logging_mixin.py:190} INFO - [2024-10-11T00:45:09.359+0000] {dag.py:3239} INFO - Sync 1 DAGs
[2024-10-11T00:45:09.372+0000] {logging_mixin.py:190} INFO - [2024-10-11T00:45:09.371+0000] {dag.py:4180} INFO - Setting next_dagrun for example_bash_operator to 2024-10-10 00:00:00+00:00, run_after=2024-10-11 00:00:00+00:00
[2024-10-11T00:45:09.406+0000] {processor.py:208} INFO - Processing /usr/local/python/3.12.1/lib/python3.12/site-packages/airflow/example_dags/example_bash_operator.py took 0.242 seconds
[2024-10-11T00:46:17.492+0000] {processor.py:186} INFO - Started process (PID=63775) to work on /usr/local/python/3.12.1/lib/python3.12/site-packages/airflow/example_dags/example_bash_operator.py
[2024-10-11T00:46:17.492+0000] {processor.py:914} INFO - Processing file /usr/local/python/3.12.1/lib/python3.12/site-packages/airflow/example_dags/example_bash_operator.py for tasks to queue
[2024-10-11T00:46:17.494+0000] {logging_mixin.py:190} INFO - [2024-10-11T00:46:17.494+0000] {dagbag.py:588} INFO - Filling up the DagBag from /usr/local/python/3.12.1/lib/python3.12/site-packages/airflow/example_dags/example_bash_operator.py
[2024-10-11T00:46:17.504+0000] {processor.py:925} INFO - DAG(s) 'example_bash_operator' retrieved from /usr/local/python/3.12.1/lib/python3.12/site-packages/airflow/example_dags/example_bash_operator.py
[2024-10-11T00:46:17.509+0000] {logging_mixin.py:190} INFO - [2024-10-11T00:46:17.509+0000] {dag.py:3239} INFO - Sync 1 DAGs
[2024-10-11T00:46:17.525+0000] {logging_mixin.py:190} INFO - [2024-10-11T00:46:17.524+0000] {dag.py:4180} INFO - Setting next_dagrun for example_bash_operator to 2024-10-10 00:00:00+00:00, run_after=2024-10-11 00:00:00+00:00
[2024-10-11T00:46:17.577+0000] {processor.py:208} INFO - Processing /usr/local/python/3.12.1/lib/python3.12/site-packages/airflow/example_dags/example_bash_operator.py took 0.089 seconds
[2024-10-11T00:47:17.477+0000] {processor.py:186} INFO - Started process (PID=64434) to work on /usr/local/python/3.12.1/lib/python3.12/site-packages/airflow/example_dags/example_bash_operator.py
[2024-10-11T00:47:17.477+0000] {processor.py:914} INFO - Processing file /usr/local/python/3.12.1/lib/python3.12/site-packages/airflow/example_dags/example_bash_operator.py for tasks to queue
[2024-10-11T00:47:17.479+0000] {logging_mixin.py:190} INFO - [2024-10-11T00:47:17.478+0000] {dagbag.py:588} INFO - Filling up the DagBag from /usr/local/python/3.12.1/lib/python3.12/site-packages/airflow/example_dags/example_bash_operator.py
[2024-10-11T00:47:17.490+0000] {processor.py:925} INFO - DAG(s) 'example_bash_operator' retrieved from /usr/local/python/3.12.1/lib/python3.12/site-packages/airflow/example_dags/example_bash_operator.py
[2024-10-11T00:47:17.683+0000] {logging_mixin.py:190} INFO - [2024-10-11T00:47:17.683+0000] {dag.py:3239} INFO - Sync 1 DAGs
[2024-10-11T00:47:17.695+0000] {logging_mixin.py:190} INFO - [2024-10-11T00:47:17.695+0000] {dag.py:4180} INFO - Setting next_dagrun for example_bash_operator to 2024-10-10 00:00:00+00:00, run_after=2024-10-11 00:00:00+00:00
[2024-10-11T00:47:17.739+0000] {processor.py:208} INFO - Processing /usr/local/python/3.12.1/lib/python3.12/site-packages/airflow/example_dags/example_bash_operator.py took 0.266 seconds
[2024-10-11T00:48:24.023+0000] {processor.py:186} INFO - Started process (PID=65176) to work on /usr/local/python/3.12.1/lib/python3.12/site-packages/airflow/example_dags/example_bash_operator.py
[2024-10-11T00:48:24.024+0000] {processor.py:914} INFO - Processing file /usr/local/python/3.12.1/lib/python3.12/site-packages/airflow/example_dags/example_bash_operator.py for tasks to queue
[2024-10-11T00:48:24.025+0000] {logging_mixin.py:190} INFO - [2024-10-11T00:48:24.025+0000] {dagbag.py:588} INFO - Filling up the DagBag from /usr/local/python/3.12.1/lib/python3.12/site-packages/airflow/example_dags/example_bash_operator.py
[2024-10-11T00:48:24.035+0000] {processor.py:925} INFO - DAG(s) 'example_bash_operator' retrieved from /usr/local/python/3.12.1/lib/python3.12/site-packages/airflow/example_dags/example_bash_operator.py
[2024-10-11T00:48:24.050+0000] {logging_mixin.py:190} INFO - [2024-10-11T00:48:24.050+0000] {dag.py:3239} INFO - Sync 1 DAGs
[2024-10-11T00:48:24.149+0000] {logging_mixin.py:190} INFO - [2024-10-11T00:48:24.149+0000] {dag.py:4180} INFO - Setting next_dagrun for example_bash_operator to 2024-10-10 00:00:00+00:00, run_after=2024-10-11 00:00:00+00:00
[2024-10-11T00:48:24.185+0000] {processor.py:208} INFO - Processing /usr/local/python/3.12.1/lib/python3.12/site-packages/airflow/example_dags/example_bash_operator.py took 0.166 seconds
[2024-10-11T00:49:28.557+0000] {processor.py:186} INFO - Started process (PID=65894) to work on /usr/local/python/3.12.1/lib/python3.12/site-packages/airflow/example_dags/example_bash_operator.py
[2024-10-11T00:49:28.558+0000] {processor.py:914} INFO - Processing file /usr/local/python/3.12.1/lib/python3.12/site-packages/airflow/example_dags/example_bash_operator.py for tasks to queue
[2024-10-11T00:49:28.560+0000] {logging_mixin.py:190} INFO - [2024-10-11T00:49:28.559+0000] {dagbag.py:588} INFO - Filling up the DagBag from /usr/local/python/3.12.1/lib/python3.12/site-packages/airflow/example_dags/example_bash_operator.py
[2024-10-11T00:49:28.573+0000] {processor.py:925} INFO - DAG(s) 'example_bash_operator' retrieved from /usr/local/python/3.12.1/lib/python3.12/site-packages/airflow/example_dags/example_bash_operator.py
[2024-10-11T00:49:28.735+0000] {logging_mixin.py:190} INFO - [2024-10-11T00:49:28.735+0000] {dag.py:3239} INFO - Sync 1 DAGs
[2024-10-11T00:49:28.747+0000] {logging_mixin.py:190} INFO - [2024-10-11T00:49:28.746+0000] {dag.py:4180} INFO - Setting next_dagrun for example_bash_operator to 2024-10-10 00:00:00+00:00, run_after=2024-10-11 00:00:00+00:00
[2024-10-11T00:49:28.789+0000] {processor.py:208} INFO - Processing /usr/local/python/3.12.1/lib/python3.12/site-packages/airflow/example_dags/example_bash_operator.py took 0.236 seconds
[2024-10-11T00:50:33.216+0000] {processor.py:186} INFO - Started process (PID=66613) to work on /usr/local/python/3.12.1/lib/python3.12/site-packages/airflow/example_dags/example_bash_operator.py
[2024-10-11T00:50:33.216+0000] {processor.py:914} INFO - Processing file /usr/local/python/3.12.1/lib/python3.12/site-packages/airflow/example_dags/example_bash_operator.py for tasks to queue
[2024-10-11T00:50:33.218+0000] {logging_mixin.py:190} INFO - [2024-10-11T00:50:33.218+0000] {dagbag.py:588} INFO - Filling up the DagBag from /usr/local/python/3.12.1/lib/python3.12/site-packages/airflow/example_dags/example_bash_operator.py
[2024-10-11T00:50:33.332+0000] {processor.py:925} INFO - DAG(s) 'example_bash_operator' retrieved from /usr/local/python/3.12.1/lib/python3.12/site-packages/airflow/example_dags/example_bash_operator.py
[2024-10-11T00:50:33.345+0000] {logging_mixin.py:190} INFO - [2024-10-11T00:50:33.345+0000] {dag.py:3239} INFO - Sync 1 DAGs
[2024-10-11T00:50:33.358+0000] {logging_mixin.py:190} INFO - [2024-10-11T00:50:33.358+0000] {dag.py:4180} INFO - Setting next_dagrun for example_bash_operator to 2024-10-10 00:00:00+00:00, run_after=2024-10-11 00:00:00+00:00
[2024-10-11T00:50:33.399+0000] {processor.py:208} INFO - Processing /usr/local/python/3.12.1/lib/python3.12/site-packages/airflow/example_dags/example_bash_operator.py took 0.187 seconds
[2024-10-11T00:51:29.946+0000] {processor.py:186} INFO - Started process (PID=67233) to work on /usr/local/python/3.12.1/lib/python3.12/site-packages/airflow/example_dags/example_bash_operator.py
[2024-10-11T00:51:29.954+0000] {processor.py:914} INFO - Processing file /usr/local/python/3.12.1/lib/python3.12/site-packages/airflow/example_dags/example_bash_operator.py for tasks to queue
[2024-10-11T00:51:29.956+0000] {logging_mixin.py:190} INFO - [2024-10-11T00:51:29.956+0000] {dagbag.py:588} INFO - Filling up the DagBag from /usr/local/python/3.12.1/lib/python3.12/site-packages/airflow/example_dags/example_bash_operator.py
[2024-10-11T00:51:29.979+0000] {processor.py:925} INFO - DAG(s) 'example_bash_operator' retrieved from /usr/local/python/3.12.1/lib/python3.12/site-packages/airflow/example_dags/example_bash_operator.py
[2024-10-11T00:51:30.100+0000] {logging_mixin.py:190} INFO - [2024-10-11T00:51:30.100+0000] {dag.py:3239} INFO - Sync 1 DAGs
[2024-10-11T00:51:30.113+0000] {logging_mixin.py:190} INFO - [2024-10-11T00:51:30.113+0000] {dag.py:4180} INFO - Setting next_dagrun for example_bash_operator to 2024-10-10 00:00:00+00:00, run_after=2024-10-11 00:00:00+00:00
[2024-10-11T00:51:30.153+0000] {processor.py:208} INFO - Processing /usr/local/python/3.12.1/lib/python3.12/site-packages/airflow/example_dags/example_bash_operator.py took 0.213 seconds
[2024-10-11T00:52:28.899+0000] {processor.py:186} INFO - Started process (PID=67881) to work on /usr/local/python/3.12.1/lib/python3.12/site-packages/airflow/example_dags/example_bash_operator.py
[2024-10-11T00:52:28.899+0000] {processor.py:914} INFO - Processing file /usr/local/python/3.12.1/lib/python3.12/site-packages/airflow/example_dags/example_bash_operator.py for tasks to queue
[2024-10-11T00:52:28.901+0000] {logging_mixin.py:190} INFO - [2024-10-11T00:52:28.900+0000] {dagbag.py:588} INFO - Filling up the DagBag from /usr/local/python/3.12.1/lib/python3.12/site-packages/airflow/example_dags/example_bash_operator.py
[2024-10-11T00:52:28.910+0000] {processor.py:925} INFO - DAG(s) 'example_bash_operator' retrieved from /usr/local/python/3.12.1/lib/python3.12/site-packages/airflow/example_dags/example_bash_operator.py
[2024-10-11T00:52:28.925+0000] {logging_mixin.py:190} INFO - [2024-10-11T00:52:28.925+0000] {dag.py:3239} INFO - Sync 1 DAGs
[2024-10-11T00:52:28.941+0000] {logging_mixin.py:190} INFO - [2024-10-11T00:52:28.941+0000] {dag.py:4180} INFO - Setting next_dagrun for example_bash_operator to 2024-10-10 00:00:00+00:00, run_after=2024-10-11 00:00:00+00:00
[2024-10-11T00:52:28.976+0000] {processor.py:208} INFO - Processing /usr/local/python/3.12.1/lib/python3.12/site-packages/airflow/example_dags/example_bash_operator.py took 0.081 seconds
[2024-10-11T00:53:25.175+0000] {processor.py:186} INFO - Started process (PID=68488) to work on /usr/local/python/3.12.1/lib/python3.12/site-packages/airflow/example_dags/example_bash_operator.py
[2024-10-11T00:53:25.175+0000] {processor.py:914} INFO - Processing file /usr/local/python/3.12.1/lib/python3.12/site-packages/airflow/example_dags/example_bash_operator.py for tasks to queue
[2024-10-11T00:53:25.177+0000] {logging_mixin.py:190} INFO - [2024-10-11T00:53:25.177+0000] {dagbag.py:588} INFO - Filling up the DagBag from /usr/local/python/3.12.1/lib/python3.12/site-packages/airflow/example_dags/example_bash_operator.py
[2024-10-11T00:53:25.187+0000] {processor.py:925} INFO - DAG(s) 'example_bash_operator' retrieved from /usr/local/python/3.12.1/lib/python3.12/site-packages/airflow/example_dags/example_bash_operator.py
[2024-10-11T00:53:25.192+0000] {logging_mixin.py:190} INFO - [2024-10-11T00:53:25.192+0000] {dag.py:3239} INFO - Sync 1 DAGs
[2024-10-11T00:53:25.207+0000] {logging_mixin.py:190} INFO - [2024-10-11T00:53:25.207+0000] {dag.py:4180} INFO - Setting next_dagrun for example_bash_operator to 2024-10-10 00:00:00+00:00, run_after=2024-10-11 00:00:00+00:00
[2024-10-11T00:53:25.250+0000] {processor.py:208} INFO - Processing /usr/local/python/3.12.1/lib/python3.12/site-packages/airflow/example_dags/example_bash_operator.py took 0.079 seconds
[2024-10-11T00:54:46.431+0000] {processor.py:186} INFO - Started process (PID=69403) to work on /usr/local/python/3.12.1/lib/python3.12/site-packages/airflow/example_dags/example_bash_operator.py
[2024-10-11T00:54:46.432+0000] {processor.py:914} INFO - Processing file /usr/local/python/3.12.1/lib/python3.12/site-packages/airflow/example_dags/example_bash_operator.py for tasks to queue
[2024-10-11T00:54:46.433+0000] {logging_mixin.py:190} INFO - [2024-10-11T00:54:46.433+0000] {dagbag.py:588} INFO - Filling up the DagBag from /usr/local/python/3.12.1/lib/python3.12/site-packages/airflow/example_dags/example_bash_operator.py
[2024-10-11T00:54:46.443+0000] {processor.py:925} INFO - DAG(s) 'example_bash_operator' retrieved from /usr/local/python/3.12.1/lib/python3.12/site-packages/airflow/example_dags/example_bash_operator.py
[2024-10-11T00:54:46.523+0000] {logging_mixin.py:190} INFO - [2024-10-11T00:54:46.523+0000] {dag.py:3239} INFO - Sync 1 DAGs
[2024-10-11T00:54:46.536+0000] {logging_mixin.py:190} INFO - [2024-10-11T00:54:46.536+0000] {dag.py:4180} INFO - Setting next_dagrun for example_bash_operator to 2024-10-10 00:00:00+00:00, run_after=2024-10-11 00:00:00+00:00
[2024-10-11T00:54:46.585+0000] {processor.py:208} INFO - Processing /usr/local/python/3.12.1/lib/python3.12/site-packages/airflow/example_dags/example_bash_operator.py took 0.158 seconds
[2024-10-11T00:55:43.256+0000] {processor.py:186} INFO - Started process (PID=70055) to work on /usr/local/python/3.12.1/lib/python3.12/site-packages/airflow/example_dags/example_bash_operator.py
[2024-10-11T00:55:43.256+0000] {processor.py:914} INFO - Processing file /usr/local/python/3.12.1/lib/python3.12/site-packages/airflow/example_dags/example_bash_operator.py for tasks to queue
[2024-10-11T00:55:43.258+0000] {logging_mixin.py:190} INFO - [2024-10-11T00:55:43.257+0000] {dagbag.py:588} INFO - Filling up the DagBag from /usr/local/python/3.12.1/lib/python3.12/site-packages/airflow/example_dags/example_bash_operator.py
[2024-10-11T00:55:43.267+0000] {processor.py:925} INFO - DAG(s) 'example_bash_operator' retrieved from /usr/local/python/3.12.1/lib/python3.12/site-packages/airflow/example_dags/example_bash_operator.py
[2024-10-11T00:55:43.284+0000] {logging_mixin.py:190} INFO - [2024-10-11T00:55:43.284+0000] {dag.py:3239} INFO - Sync 1 DAGs
[2024-10-11T00:55:43.299+0000] {logging_mixin.py:190} INFO - [2024-10-11T00:55:43.299+0000] {dag.py:4180} INFO - Setting next_dagrun for example_bash_operator to 2024-10-10 00:00:00+00:00, run_after=2024-10-11 00:00:00+00:00
[2024-10-11T00:55:43.355+0000] {processor.py:208} INFO - Processing /usr/local/python/3.12.1/lib/python3.12/site-packages/airflow/example_dags/example_bash_operator.py took 0.104 seconds
[2024-10-11T00:56:41.019+0000] {processor.py:186} INFO - Started process (PID=70681) to work on /usr/local/python/3.12.1/lib/python3.12/site-packages/airflow/example_dags/example_bash_operator.py
[2024-10-11T00:56:41.019+0000] {processor.py:914} INFO - Processing file /usr/local/python/3.12.1/lib/python3.12/site-packages/airflow/example_dags/example_bash_operator.py for tasks to queue
[2024-10-11T00:56:41.021+0000] {logging_mixin.py:190} INFO - [2024-10-11T00:56:41.021+0000] {dagbag.py:588} INFO - Filling up the DagBag from /usr/local/python/3.12.1/lib/python3.12/site-packages/airflow/example_dags/example_bash_operator.py
[2024-10-11T00:56:41.031+0000] {processor.py:925} INFO - DAG(s) 'example_bash_operator' retrieved from /usr/local/python/3.12.1/lib/python3.12/site-packages/airflow/example_dags/example_bash_operator.py
[2024-10-11T00:56:41.036+0000] {logging_mixin.py:190} INFO - [2024-10-11T00:56:41.036+0000] {dag.py:3239} INFO - Sync 1 DAGs
[2024-10-11T00:56:41.052+0000] {logging_mixin.py:190} INFO - [2024-10-11T00:56:41.052+0000] {dag.py:4180} INFO - Setting next_dagrun for example_bash_operator to 2024-10-10 00:00:00+00:00, run_after=2024-10-11 00:00:00+00:00
[2024-10-11T00:56:41.088+0000] {processor.py:208} INFO - Processing /usr/local/python/3.12.1/lib/python3.12/site-packages/airflow/example_dags/example_bash_operator.py took 0.073 seconds
[2024-10-11T00:57:40.806+0000] {processor.py:186} INFO - Started process (PID=71337) to work on /usr/local/python/3.12.1/lib/python3.12/site-packages/airflow/example_dags/example_bash_operator.py
[2024-10-11T00:57:40.807+0000] {processor.py:914} INFO - Processing file /usr/local/python/3.12.1/lib/python3.12/site-packages/airflow/example_dags/example_bash_operator.py for tasks to queue
[2024-10-11T00:57:40.808+0000] {logging_mixin.py:190} INFO - [2024-10-11T00:57:40.808+0000] {dagbag.py:588} INFO - Filling up the DagBag from /usr/local/python/3.12.1/lib/python3.12/site-packages/airflow/example_dags/example_bash_operator.py
[2024-10-11T00:57:40.818+0000] {processor.py:925} INFO - DAG(s) 'example_bash_operator' retrieved from /usr/local/python/3.12.1/lib/python3.12/site-packages/airflow/example_dags/example_bash_operator.py
[2024-10-11T00:57:40.891+0000] {logging_mixin.py:190} INFO - [2024-10-11T00:57:40.891+0000] {dag.py:3239} INFO - Sync 1 DAGs
[2024-10-11T00:57:40.905+0000] {logging_mixin.py:190} INFO - [2024-10-11T00:57:40.904+0000] {dag.py:4180} INFO - Setting next_dagrun for example_bash_operator to 2024-10-10 00:00:00+00:00, run_after=2024-10-11 00:00:00+00:00
[2024-10-11T00:57:40.944+0000] {processor.py:208} INFO - Processing /usr/local/python/3.12.1/lib/python3.12/site-packages/airflow/example_dags/example_bash_operator.py took 0.141 seconds
[2024-10-11T00:58:38.429+0000] {processor.py:186} INFO - Started process (PID=71941) to work on /usr/local/python/3.12.1/lib/python3.12/site-packages/airflow/example_dags/example_bash_operator.py
[2024-10-11T00:58:38.429+0000] {processor.py:914} INFO - Processing file /usr/local/python/3.12.1/lib/python3.12/site-packages/airflow/example_dags/example_bash_operator.py for tasks to queue
[2024-10-11T00:58:38.431+0000] {logging_mixin.py:190} INFO - [2024-10-11T00:58:38.430+0000] {dagbag.py:588} INFO - Filling up the DagBag from /usr/local/python/3.12.1/lib/python3.12/site-packages/airflow/example_dags/example_bash_operator.py
[2024-10-11T00:58:38.440+0000] {processor.py:925} INFO - DAG(s) 'example_bash_operator' retrieved from /usr/local/python/3.12.1/lib/python3.12/site-packages/airflow/example_dags/example_bash_operator.py
[2024-10-11T00:58:38.445+0000] {logging_mixin.py:190} INFO - [2024-10-11T00:58:38.445+0000] {dag.py:3239} INFO - Sync 1 DAGs
[2024-10-11T00:58:38.461+0000] {logging_mixin.py:190} INFO - [2024-10-11T00:58:38.460+0000] {dag.py:4180} INFO - Setting next_dagrun for example_bash_operator to 2024-10-10 00:00:00+00:00, run_after=2024-10-11 00:00:00+00:00
[2024-10-11T00:58:38.493+0000] {processor.py:208} INFO - Processing /usr/local/python/3.12.1/lib/python3.12/site-packages/airflow/example_dags/example_bash_operator.py took 0.069 seconds
[2024-10-11T00:59:34.271+0000] {processor.py:186} INFO - Started process (PID=72589) to work on /usr/local/python/3.12.1/lib/python3.12/site-packages/airflow/example_dags/example_bash_operator.py
[2024-10-11T00:59:34.272+0000] {processor.py:914} INFO - Processing file /usr/local/python/3.12.1/lib/python3.12/site-packages/airflow/example_dags/example_bash_operator.py for tasks to queue
[2024-10-11T00:59:34.274+0000] {logging_mixin.py:190} INFO - [2024-10-11T00:59:34.273+0000] {dagbag.py:588} INFO - Filling up the DagBag from /usr/local/python/3.12.1/lib/python3.12/site-packages/airflow/example_dags/example_bash_operator.py
[2024-10-11T00:59:34.283+0000] {processor.py:925} INFO - DAG(s) 'example_bash_operator' retrieved from /usr/local/python/3.12.1/lib/python3.12/site-packages/airflow/example_dags/example_bash_operator.py
[2024-10-11T00:59:34.355+0000] {logging_mixin.py:190} INFO - [2024-10-11T00:59:34.355+0000] {dag.py:3239} INFO - Sync 1 DAGs
[2024-10-11T00:59:34.369+0000] {logging_mixin.py:190} INFO - [2024-10-11T00:59:34.369+0000] {dag.py:4180} INFO - Setting next_dagrun for example_bash_operator to 2024-10-10 00:00:00+00:00, run_after=2024-10-11 00:00:00+00:00
[2024-10-11T00:59:34.405+0000] {processor.py:208} INFO - Processing /usr/local/python/3.12.1/lib/python3.12/site-packages/airflow/example_dags/example_bash_operator.py took 0.138 seconds
[2024-10-11T01:00:59.030+0000] {processor.py:186} INFO - Started process (PID=73522) to work on /usr/local/python/3.12.1/lib/python3.12/site-packages/airflow/example_dags/example_bash_operator.py
[2024-10-11T01:00:59.030+0000] {processor.py:914} INFO - Processing file /usr/local/python/3.12.1/lib/python3.12/site-packages/airflow/example_dags/example_bash_operator.py for tasks to queue
[2024-10-11T01:00:59.032+0000] {logging_mixin.py:190} INFO - [2024-10-11T01:00:59.032+0000] {dagbag.py:588} INFO - Filling up the DagBag from /usr/local/python/3.12.1/lib/python3.12/site-packages/airflow/example_dags/example_bash_operator.py
[2024-10-11T01:00:59.042+0000] {processor.py:925} INFO - DAG(s) 'example_bash_operator' retrieved from /usr/local/python/3.12.1/lib/python3.12/site-packages/airflow/example_dags/example_bash_operator.py
[2024-10-11T01:00:59.117+0000] {logging_mixin.py:190} INFO - [2024-10-11T01:00:59.117+0000] {dag.py:3239} INFO - Sync 1 DAGs
[2024-10-11T01:00:59.130+0000] {logging_mixin.py:190} INFO - [2024-10-11T01:00:59.129+0000] {dag.py:4180} INFO - Setting next_dagrun for example_bash_operator to 2024-10-10 00:00:00+00:00, run_after=2024-10-11 00:00:00+00:00
[2024-10-11T01:00:59.167+0000] {processor.py:208} INFO - Processing /usr/local/python/3.12.1/lib/python3.12/site-packages/airflow/example_dags/example_bash_operator.py took 0.142 seconds
[2024-10-11T01:01:57.400+0000] {processor.py:186} INFO - Started process (PID=74158) to work on /usr/local/python/3.12.1/lib/python3.12/site-packages/airflow/example_dags/example_bash_operator.py
[2024-10-11T01:01:57.401+0000] {processor.py:914} INFO - Processing file /usr/local/python/3.12.1/lib/python3.12/site-packages/airflow/example_dags/example_bash_operator.py for tasks to queue
[2024-10-11T01:01:57.402+0000] {logging_mixin.py:190} INFO - [2024-10-11T01:01:57.402+0000] {dagbag.py:588} INFO - Filling up the DagBag from /usr/local/python/3.12.1/lib/python3.12/site-packages/airflow/example_dags/example_bash_operator.py
[2024-10-11T01:01:57.412+0000] {processor.py:925} INFO - DAG(s) 'example_bash_operator' retrieved from /usr/local/python/3.12.1/lib/python3.12/site-packages/airflow/example_dags/example_bash_operator.py
[2024-10-11T01:01:57.417+0000] {logging_mixin.py:190} INFO - [2024-10-11T01:01:57.417+0000] {dag.py:3239} INFO - Sync 1 DAGs
[2024-10-11T01:01:57.432+0000] {logging_mixin.py:190} INFO - [2024-10-11T01:01:57.432+0000] {dag.py:4180} INFO - Setting next_dagrun for example_bash_operator to 2024-10-10 00:00:00+00:00, run_after=2024-10-11 00:00:00+00:00
[2024-10-11T01:01:57.473+0000] {processor.py:208} INFO - Processing /usr/local/python/3.12.1/lib/python3.12/site-packages/airflow/example_dags/example_bash_operator.py took 0.076 seconds
[2024-10-11T01:02:54.243+0000] {processor.py:186} INFO - Started process (PID=74768) to work on /usr/local/python/3.12.1/lib/python3.12/site-packages/airflow/example_dags/example_bash_operator.py
[2024-10-11T01:02:54.243+0000] {processor.py:914} INFO - Processing file /usr/local/python/3.12.1/lib/python3.12/site-packages/airflow/example_dags/example_bash_operator.py for tasks to queue
[2024-10-11T01:02:54.245+0000] {logging_mixin.py:190} INFO - [2024-10-11T01:02:54.245+0000] {dagbag.py:588} INFO - Filling up the DagBag from /usr/local/python/3.12.1/lib/python3.12/site-packages/airflow/example_dags/example_bash_operator.py
[2024-10-11T01:02:54.259+0000] {processor.py:925} INFO - DAG(s) 'example_bash_operator' retrieved from /usr/local/python/3.12.1/lib/python3.12/site-packages/airflow/example_dags/example_bash_operator.py
[2024-10-11T01:02:54.332+0000] {logging_mixin.py:190} INFO - [2024-10-11T01:02:54.332+0000] {dag.py:3239} INFO - Sync 1 DAGs
[2024-10-11T01:02:54.345+0000] {logging_mixin.py:190} INFO - [2024-10-11T01:02:54.345+0000] {dag.py:4180} INFO - Setting next_dagrun for example_bash_operator to 2024-10-10 00:00:00+00:00, run_after=2024-10-11 00:00:00+00:00
[2024-10-11T01:02:54.385+0000] {processor.py:208} INFO - Processing /usr/local/python/3.12.1/lib/python3.12/site-packages/airflow/example_dags/example_bash_operator.py took 0.148 seconds
[2024-10-11T01:04:13.815+0000] {processor.py:186} INFO - Started process (PID=75668) to work on /usr/local/python/3.12.1/lib/python3.12/site-packages/airflow/example_dags/example_bash_operator.py
[2024-10-11T01:04:13.816+0000] {processor.py:914} INFO - Processing file /usr/local/python/3.12.1/lib/python3.12/site-packages/airflow/example_dags/example_bash_operator.py for tasks to queue
[2024-10-11T01:04:13.818+0000] {logging_mixin.py:190} INFO - [2024-10-11T01:04:13.817+0000] {dagbag.py:588} INFO - Filling up the DagBag from /usr/local/python/3.12.1/lib/python3.12/site-packages/airflow/example_dags/example_bash_operator.py
[2024-10-11T01:04:13.832+0000] {processor.py:925} INFO - DAG(s) 'example_bash_operator' retrieved from /usr/local/python/3.12.1/lib/python3.12/site-packages/airflow/example_dags/example_bash_operator.py
[2024-10-11T01:04:13.976+0000] {logging_mixin.py:190} INFO - [2024-10-11T01:04:13.975+0000] {dag.py:3239} INFO - Sync 1 DAGs
[2024-10-11T01:04:13.994+0000] {logging_mixin.py:190} INFO - [2024-10-11T01:04:13.994+0000] {dag.py:4180} INFO - Setting next_dagrun for example_bash_operator to 2024-10-10 00:00:00+00:00, run_after=2024-10-11 00:00:00+00:00
[2024-10-11T01:04:14.046+0000] {processor.py:208} INFO - Processing /usr/local/python/3.12.1/lib/python3.12/site-packages/airflow/example_dags/example_bash_operator.py took 0.237 seconds
[2024-10-11T01:05:10.058+0000] {processor.py:186} INFO - Started process (PID=76308) to work on /usr/local/python/3.12.1/lib/python3.12/site-packages/airflow/example_dags/example_bash_operator.py
[2024-10-11T01:05:10.059+0000] {processor.py:914} INFO - Processing file /usr/local/python/3.12.1/lib/python3.12/site-packages/airflow/example_dags/example_bash_operator.py for tasks to queue
[2024-10-11T01:05:10.060+0000] {logging_mixin.py:190} INFO - [2024-10-11T01:05:10.060+0000] {dagbag.py:588} INFO - Filling up the DagBag from /usr/local/python/3.12.1/lib/python3.12/site-packages/airflow/example_dags/example_bash_operator.py
[2024-10-11T01:05:10.070+0000] {processor.py:925} INFO - DAG(s) 'example_bash_operator' retrieved from /usr/local/python/3.12.1/lib/python3.12/site-packages/airflow/example_dags/example_bash_operator.py
[2024-10-11T01:05:10.075+0000] {logging_mixin.py:190} INFO - [2024-10-11T01:05:10.075+0000] {dag.py:3239} INFO - Sync 1 DAGs
[2024-10-11T01:05:10.090+0000] {logging_mixin.py:190} INFO - [2024-10-11T01:05:10.090+0000] {dag.py:4180} INFO - Setting next_dagrun for example_bash_operator to 2024-10-10 00:00:00+00:00, run_after=2024-10-11 00:00:00+00:00
[2024-10-11T01:05:10.138+0000] {processor.py:208} INFO - Processing /usr/local/python/3.12.1/lib/python3.12/site-packages/airflow/example_dags/example_bash_operator.py took 0.086 seconds
[2024-10-11T01:06:08.534+0000] {processor.py:186} INFO - Started process (PID=76933) to work on /usr/local/python/3.12.1/lib/python3.12/site-packages/airflow/example_dags/example_bash_operator.py
[2024-10-11T01:06:08.536+0000] {processor.py:914} INFO - Processing file /usr/local/python/3.12.1/lib/python3.12/site-packages/airflow/example_dags/example_bash_operator.py for tasks to queue
[2024-10-11T01:06:08.538+0000] {logging_mixin.py:190} INFO - [2024-10-11T01:06:08.538+0000] {dagbag.py:588} INFO - Filling up the DagBag from /usr/local/python/3.12.1/lib/python3.12/site-packages/airflow/example_dags/example_bash_operator.py
[2024-10-11T01:06:08.548+0000] {processor.py:925} INFO - DAG(s) 'example_bash_operator' retrieved from /usr/local/python/3.12.1/lib/python3.12/site-packages/airflow/example_dags/example_bash_operator.py
[2024-10-11T01:06:08.693+0000] {logging_mixin.py:190} INFO - [2024-10-11T01:06:08.693+0000] {dag.py:3239} INFO - Sync 1 DAGs
[2024-10-11T01:06:08.727+0000] {logging_mixin.py:190} INFO - [2024-10-11T01:06:08.727+0000] {dag.py:4180} INFO - Setting next_dagrun for example_bash_operator to 2024-10-10 00:00:00+00:00, run_after=2024-10-11 00:00:00+00:00
[2024-10-11T01:06:08.790+0000] {processor.py:208} INFO - Processing /usr/local/python/3.12.1/lib/python3.12/site-packages/airflow/example_dags/example_bash_operator.py took 0.261 seconds
[2024-10-11T01:07:28.768+0000] {processor.py:186} INFO - Started process (PID=77815) to work on /usr/local/python/3.12.1/lib/python3.12/site-packages/airflow/example_dags/example_bash_operator.py
[2024-10-11T01:07:28.768+0000] {processor.py:914} INFO - Processing file /usr/local/python/3.12.1/lib/python3.12/site-packages/airflow/example_dags/example_bash_operator.py for tasks to queue
[2024-10-11T01:07:28.771+0000] {logging_mixin.py:190} INFO - [2024-10-11T01:07:28.770+0000] {dagbag.py:588} INFO - Filling up the DagBag from /usr/local/python/3.12.1/lib/python3.12/site-packages/airflow/example_dags/example_bash_operator.py
[2024-10-11T01:07:28.784+0000] {processor.py:925} INFO - DAG(s) 'example_bash_operator' retrieved from /usr/local/python/3.12.1/lib/python3.12/site-packages/airflow/example_dags/example_bash_operator.py
[2024-10-11T01:07:28.790+0000] {logging_mixin.py:190} INFO - [2024-10-11T01:07:28.789+0000] {dag.py:3239} INFO - Sync 1 DAGs
[2024-10-11T01:07:28.805+0000] {logging_mixin.py:190} INFO - [2024-10-11T01:07:28.805+0000] {dag.py:4180} INFO - Setting next_dagrun for example_bash_operator to 2024-10-10 00:00:00+00:00, run_after=2024-10-11 00:00:00+00:00
[2024-10-11T01:07:28.838+0000] {processor.py:208} INFO - Processing /usr/local/python/3.12.1/lib/python3.12/site-packages/airflow/example_dags/example_bash_operator.py took 0.076 seconds
[2024-10-11T01:08:26.047+0000] {processor.py:186} INFO - Started process (PID=78457) to work on /usr/local/python/3.12.1/lib/python3.12/site-packages/airflow/example_dags/example_bash_operator.py
[2024-10-11T01:08:26.048+0000] {processor.py:914} INFO - Processing file /usr/local/python/3.12.1/lib/python3.12/site-packages/airflow/example_dags/example_bash_operator.py for tasks to queue
[2024-10-11T01:08:26.050+0000] {logging_mixin.py:190} INFO - [2024-10-11T01:08:26.049+0000] {dagbag.py:588} INFO - Filling up the DagBag from /usr/local/python/3.12.1/lib/python3.12/site-packages/airflow/example_dags/example_bash_operator.py
[2024-10-11T01:08:26.059+0000] {processor.py:925} INFO - DAG(s) 'example_bash_operator' retrieved from /usr/local/python/3.12.1/lib/python3.12/site-packages/airflow/example_dags/example_bash_operator.py
[2024-10-11T01:08:26.133+0000] {logging_mixin.py:190} INFO - [2024-10-11T01:08:26.133+0000] {dag.py:3239} INFO - Sync 1 DAGs
[2024-10-11T01:08:26.147+0000] {logging_mixin.py:190} INFO - [2024-10-11T01:08:26.146+0000] {dag.py:4180} INFO - Setting next_dagrun for example_bash_operator to 2024-10-10 00:00:00+00:00, run_after=2024-10-11 00:00:00+00:00
[2024-10-11T01:08:26.204+0000] {processor.py:208} INFO - Processing /usr/local/python/3.12.1/lib/python3.12/site-packages/airflow/example_dags/example_bash_operator.py took 0.161 seconds
[2024-10-11T01:09:24.419+0000] {processor.py:186} INFO - Started process (PID=79122) to work on /usr/local/python/3.12.1/lib/python3.12/site-packages/airflow/example_dags/example_bash_operator.py
[2024-10-11T01:09:24.419+0000] {processor.py:914} INFO - Processing file /usr/local/python/3.12.1/lib/python3.12/site-packages/airflow/example_dags/example_bash_operator.py for tasks to queue
[2024-10-11T01:09:24.421+0000] {logging_mixin.py:190} INFO - [2024-10-11T01:09:24.420+0000] {dagbag.py:588} INFO - Filling up the DagBag from /usr/local/python/3.12.1/lib/python3.12/site-packages/airflow/example_dags/example_bash_operator.py
[2024-10-11T01:09:24.434+0000] {processor.py:925} INFO - DAG(s) 'example_bash_operator' retrieved from /usr/local/python/3.12.1/lib/python3.12/site-packages/airflow/example_dags/example_bash_operator.py
[2024-10-11T01:09:24.450+0000] {logging_mixin.py:190} INFO - [2024-10-11T01:09:24.450+0000] {dag.py:3239} INFO - Sync 1 DAGs
[2024-10-11T01:09:24.465+0000] {logging_mixin.py:190} INFO - [2024-10-11T01:09:24.465+0000] {dag.py:4180} INFO - Setting next_dagrun for example_bash_operator to 2024-10-10 00:00:00+00:00, run_after=2024-10-11 00:00:00+00:00
[2024-10-11T01:09:24.514+0000] {processor.py:208} INFO - Processing /usr/local/python/3.12.1/lib/python3.12/site-packages/airflow/example_dags/example_bash_operator.py took 0.099 seconds
[2024-10-11T01:10:44.461+0000] {processor.py:186} INFO - Started process (PID=80015) to work on /usr/local/python/3.12.1/lib/python3.12/site-packages/airflow/example_dags/example_bash_operator.py
[2024-10-11T01:10:44.462+0000] {processor.py:914} INFO - Processing file /usr/local/python/3.12.1/lib/python3.12/site-packages/airflow/example_dags/example_bash_operator.py for tasks to queue
[2024-10-11T01:10:44.465+0000] {logging_mixin.py:190} INFO - [2024-10-11T01:10:44.464+0000] {dagbag.py:588} INFO - Filling up the DagBag from /usr/local/python/3.12.1/lib/python3.12/site-packages/airflow/example_dags/example_bash_operator.py
[2024-10-11T01:10:44.475+0000] {processor.py:925} INFO - DAG(s) 'example_bash_operator' retrieved from /usr/local/python/3.12.1/lib/python3.12/site-packages/airflow/example_dags/example_bash_operator.py
[2024-10-11T01:10:44.607+0000] {logging_mixin.py:190} INFO - [2024-10-11T01:10:44.607+0000] {dag.py:3239} INFO - Sync 1 DAGs
[2024-10-11T01:10:44.627+0000] {logging_mixin.py:190} INFO - [2024-10-11T01:10:44.626+0000] {dag.py:4180} INFO - Setting next_dagrun for example_bash_operator to 2024-10-10 00:00:00+00:00, run_after=2024-10-11 00:00:00+00:00
[2024-10-11T01:10:44.668+0000] {processor.py:208} INFO - Processing /usr/local/python/3.12.1/lib/python3.12/site-packages/airflow/example_dags/example_bash_operator.py took 0.213 seconds
[2024-10-11T01:11:40.490+0000] {processor.py:186} INFO - Started process (PID=80613) to work on /usr/local/python/3.12.1/lib/python3.12/site-packages/airflow/example_dags/example_bash_operator.py
[2024-10-11T01:11:40.490+0000] {processor.py:914} INFO - Processing file /usr/local/python/3.12.1/lib/python3.12/site-packages/airflow/example_dags/example_bash_operator.py for tasks to queue
[2024-10-11T01:11:40.492+0000] {logging_mixin.py:190} INFO - [2024-10-11T01:11:40.491+0000] {dagbag.py:588} INFO - Filling up the DagBag from /usr/local/python/3.12.1/lib/python3.12/site-packages/airflow/example_dags/example_bash_operator.py
[2024-10-11T01:11:40.502+0000] {processor.py:925} INFO - DAG(s) 'example_bash_operator' retrieved from /usr/local/python/3.12.1/lib/python3.12/site-packages/airflow/example_dags/example_bash_operator.py
[2024-10-11T01:11:40.518+0000] {logging_mixin.py:190} INFO - [2024-10-11T01:11:40.517+0000] {dag.py:3239} INFO - Sync 1 DAGs
[2024-10-11T01:11:40.533+0000] {logging_mixin.py:190} INFO - [2024-10-11T01:11:40.532+0000] {dag.py:4180} INFO - Setting next_dagrun for example_bash_operator to 2024-10-10 00:00:00+00:00, run_after=2024-10-11 00:00:00+00:00
[2024-10-11T01:11:40.570+0000] {processor.py:208} INFO - Processing /usr/local/python/3.12.1/lib/python3.12/site-packages/airflow/example_dags/example_bash_operator.py took 0.084 seconds
[2024-10-11T01:12:36.836+0000] {processor.py:186} INFO - Started process (PID=81241) to work on /usr/local/python/3.12.1/lib/python3.12/site-packages/airflow/example_dags/example_bash_operator.py
[2024-10-11T01:12:36.836+0000] {processor.py:914} INFO - Processing file /usr/local/python/3.12.1/lib/python3.12/site-packages/airflow/example_dags/example_bash_operator.py for tasks to queue
[2024-10-11T01:12:36.838+0000] {logging_mixin.py:190} INFO - [2024-10-11T01:12:36.838+0000] {dagbag.py:588} INFO - Filling up the DagBag from /usr/local/python/3.12.1/lib/python3.12/site-packages/airflow/example_dags/example_bash_operator.py
[2024-10-11T01:12:36.847+0000] {processor.py:925} INFO - DAG(s) 'example_bash_operator' retrieved from /usr/local/python/3.12.1/lib/python3.12/site-packages/airflow/example_dags/example_bash_operator.py
[2024-10-11T01:12:36.853+0000] {logging_mixin.py:190} INFO - [2024-10-11T01:12:36.852+0000] {dag.py:3239} INFO - Sync 1 DAGs
[2024-10-11T01:12:36.868+0000] {logging_mixin.py:190} INFO - [2024-10-11T01:12:36.867+0000] {dag.py:4180} INFO - Setting next_dagrun for example_bash_operator to 2024-10-10 00:00:00+00:00, run_after=2024-10-11 00:00:00+00:00
[2024-10-11T01:12:36.903+0000] {processor.py:208} INFO - Processing /usr/local/python/3.12.1/lib/python3.12/site-packages/airflow/example_dags/example_bash_operator.py took 0.071 seconds
[2024-10-11T01:13:35.136+0000] {processor.py:186} INFO - Started process (PID=81856) to work on /usr/local/python/3.12.1/lib/python3.12/site-packages/airflow/example_dags/example_bash_operator.py
[2024-10-11T01:13:35.137+0000] {processor.py:914} INFO - Processing file /usr/local/python/3.12.1/lib/python3.12/site-packages/airflow/example_dags/example_bash_operator.py for tasks to queue
[2024-10-11T01:13:35.139+0000] {logging_mixin.py:190} INFO - [2024-10-11T01:13:35.138+0000] {dagbag.py:588} INFO - Filling up the DagBag from /usr/local/python/3.12.1/lib/python3.12/site-packages/airflow/example_dags/example_bash_operator.py
[2024-10-11T01:13:35.148+0000] {processor.py:925} INFO - DAG(s) 'example_bash_operator' retrieved from /usr/local/python/3.12.1/lib/python3.12/site-packages/airflow/example_dags/example_bash_operator.py
[2024-10-11T01:13:35.241+0000] {logging_mixin.py:190} INFO - [2024-10-11T01:13:35.241+0000] {dag.py:3239} INFO - Sync 1 DAGs
[2024-10-11T01:13:35.254+0000] {logging_mixin.py:190} INFO - [2024-10-11T01:13:35.254+0000] {dag.py:4180} INFO - Setting next_dagrun for example_bash_operator to 2024-10-10 00:00:00+00:00, run_after=2024-10-11 00:00:00+00:00
[2024-10-11T01:13:35.301+0000] {processor.py:208} INFO - Processing /usr/local/python/3.12.1/lib/python3.12/site-packages/airflow/example_dags/example_bash_operator.py took 0.169 seconds
[2024-10-11T01:14:30.867+0000] {processor.py:186} INFO - Started process (PID=82513) to work on /usr/local/python/3.12.1/lib/python3.12/site-packages/airflow/example_dags/example_bash_operator.py
[2024-10-11T01:14:30.867+0000] {processor.py:914} INFO - Processing file /usr/local/python/3.12.1/lib/python3.12/site-packages/airflow/example_dags/example_bash_operator.py for tasks to queue
[2024-10-11T01:14:30.869+0000] {logging_mixin.py:190} INFO - [2024-10-11T01:14:30.869+0000] {dagbag.py:588} INFO - Filling up the DagBag from /usr/local/python/3.12.1/lib/python3.12/site-packages/airflow/example_dags/example_bash_operator.py
[2024-10-11T01:14:30.884+0000] {processor.py:925} INFO - DAG(s) 'example_bash_operator' retrieved from /usr/local/python/3.12.1/lib/python3.12/site-packages/airflow/example_dags/example_bash_operator.py
[2024-10-11T01:14:30.909+0000] {logging_mixin.py:190} INFO - [2024-10-11T01:14:30.909+0000] {dag.py:3239} INFO - Sync 1 DAGs
[2024-10-11T01:14:30.932+0000] {logging_mixin.py:190} INFO - [2024-10-11T01:14:30.932+0000] {dag.py:4180} INFO - Setting next_dagrun for example_bash_operator to 2024-10-10 00:00:00+00:00, run_after=2024-10-11 00:00:00+00:00
[2024-10-11T01:14:30.991+0000] {processor.py:208} INFO - Processing /usr/local/python/3.12.1/lib/python3.12/site-packages/airflow/example_dags/example_bash_operator.py took 0.130 seconds
[2024-10-11T01:15:51.829+0000] {processor.py:186} INFO - Started process (PID=83425) to work on /usr/local/python/3.12.1/lib/python3.12/site-packages/airflow/example_dags/example_bash_operator.py
[2024-10-11T01:15:51.830+0000] {processor.py:914} INFO - Processing file /usr/local/python/3.12.1/lib/python3.12/site-packages/airflow/example_dags/example_bash_operator.py for tasks to queue
[2024-10-11T01:15:51.831+0000] {logging_mixin.py:190} INFO - [2024-10-11T01:15:51.831+0000] {dagbag.py:588} INFO - Filling up the DagBag from /usr/local/python/3.12.1/lib/python3.12/site-packages/airflow/example_dags/example_bash_operator.py
[2024-10-11T01:15:51.841+0000] {processor.py:925} INFO - DAG(s) 'example_bash_operator' retrieved from /usr/local/python/3.12.1/lib/python3.12/site-packages/airflow/example_dags/example_bash_operator.py
[2024-10-11T01:15:51.918+0000] {logging_mixin.py:190} INFO - [2024-10-11T01:15:51.918+0000] {dag.py:3239} INFO - Sync 1 DAGs
[2024-10-11T01:15:51.931+0000] {logging_mixin.py:190} INFO - [2024-10-11T01:15:51.931+0000] {dag.py:4180} INFO - Setting next_dagrun for example_bash_operator to 2024-10-10 00:00:00+00:00, run_after=2024-10-11 00:00:00+00:00
[2024-10-11T01:15:51.977+0000] {processor.py:208} INFO - Processing /usr/local/python/3.12.1/lib/python3.12/site-packages/airflow/example_dags/example_bash_operator.py took 0.152 seconds
[2024-10-11T01:17:09.284+0000] {processor.py:186} INFO - Started process (PID=84276) to work on /usr/local/python/3.12.1/lib/python3.12/site-packages/airflow/example_dags/example_bash_operator.py
[2024-10-11T01:17:09.285+0000] {processor.py:914} INFO - Processing file /usr/local/python/3.12.1/lib/python3.12/site-packages/airflow/example_dags/example_bash_operator.py for tasks to queue
[2024-10-11T01:17:09.287+0000] {logging_mixin.py:190} INFO - [2024-10-11T01:17:09.287+0000] {dagbag.py:588} INFO - Filling up the DagBag from /usr/local/python/3.12.1/lib/python3.12/site-packages/airflow/example_dags/example_bash_operator.py
[2024-10-11T01:17:09.302+0000] {processor.py:925} INFO - DAG(s) 'example_bash_operator' retrieved from /usr/local/python/3.12.1/lib/python3.12/site-packages/airflow/example_dags/example_bash_operator.py
[2024-10-11T01:17:09.309+0000] {logging_mixin.py:190} INFO - [2024-10-11T01:17:09.309+0000] {dag.py:3239} INFO - Sync 1 DAGs
[2024-10-11T01:17:09.330+0000] {logging_mixin.py:190} INFO - [2024-10-11T01:17:09.330+0000] {dag.py:4180} INFO - Setting next_dagrun for example_bash_operator to 2024-10-10 00:00:00+00:00, run_after=2024-10-11 00:00:00+00:00
[2024-10-11T01:17:09.382+0000] {processor.py:208} INFO - Processing /usr/local/python/3.12.1/lib/python3.12/site-packages/airflow/example_dags/example_bash_operator.py took 0.103 seconds
[2024-10-11T01:18:28.960+0000] {processor.py:186} INFO - Started process (PID=85138) to work on /usr/local/python/3.12.1/lib/python3.12/site-packages/airflow/example_dags/example_bash_operator.py
[2024-10-11T01:18:28.960+0000] {processor.py:914} INFO - Processing file /usr/local/python/3.12.1/lib/python3.12/site-packages/airflow/example_dags/example_bash_operator.py for tasks to queue
[2024-10-11T01:18:28.962+0000] {logging_mixin.py:190} INFO - [2024-10-11T01:18:28.961+0000] {dagbag.py:588} INFO - Filling up the DagBag from /usr/local/python/3.12.1/lib/python3.12/site-packages/airflow/example_dags/example_bash_operator.py
[2024-10-11T01:18:28.971+0000] {processor.py:925} INFO - DAG(s) 'example_bash_operator' retrieved from /usr/local/python/3.12.1/lib/python3.12/site-packages/airflow/example_dags/example_bash_operator.py
[2024-10-11T01:18:29.051+0000] {logging_mixin.py:190} INFO - [2024-10-11T01:18:29.051+0000] {dag.py:3239} INFO - Sync 1 DAGs
[2024-10-11T01:18:29.065+0000] {logging_mixin.py:190} INFO - [2024-10-11T01:18:29.064+0000] {dag.py:4180} INFO - Setting next_dagrun for example_bash_operator to 2024-10-10 00:00:00+00:00, run_after=2024-10-11 00:00:00+00:00
[2024-10-11T01:18:29.120+0000] {processor.py:208} INFO - Processing /usr/local/python/3.12.1/lib/python3.12/site-packages/airflow/example_dags/example_bash_operator.py took 0.164 seconds
[2024-10-11T01:19:26.669+0000] {processor.py:186} INFO - Started process (PID=85794) to work on /usr/local/python/3.12.1/lib/python3.12/site-packages/airflow/example_dags/example_bash_operator.py
[2024-10-11T01:19:26.669+0000] {processor.py:914} INFO - Processing file /usr/local/python/3.12.1/lib/python3.12/site-packages/airflow/example_dags/example_bash_operator.py for tasks to queue
[2024-10-11T01:19:26.671+0000] {logging_mixin.py:190} INFO - [2024-10-11T01:19:26.670+0000] {dagbag.py:588} INFO - Filling up the DagBag from /usr/local/python/3.12.1/lib/python3.12/site-packages/airflow/example_dags/example_bash_operator.py
[2024-10-11T01:19:26.680+0000] {processor.py:925} INFO - DAG(s) 'example_bash_operator' retrieved from /usr/local/python/3.12.1/lib/python3.12/site-packages/airflow/example_dags/example_bash_operator.py
[2024-10-11T01:19:26.686+0000] {logging_mixin.py:190} INFO - [2024-10-11T01:19:26.685+0000] {dag.py:3239} INFO - Sync 1 DAGs
[2024-10-11T01:19:26.701+0000] {logging_mixin.py:190} INFO - [2024-10-11T01:19:26.701+0000] {dag.py:4180} INFO - Setting next_dagrun for example_bash_operator to 2024-10-10 00:00:00+00:00, run_after=2024-10-11 00:00:00+00:00
[2024-10-11T01:19:26.741+0000] {processor.py:208} INFO - Processing /usr/local/python/3.12.1/lib/python3.12/site-packages/airflow/example_dags/example_bash_operator.py took 0.076 seconds
[2024-10-11T01:20:22.735+0000] {processor.py:186} INFO - Started process (PID=86439) to work on /usr/local/python/3.12.1/lib/python3.12/site-packages/airflow/example_dags/example_bash_operator.py
[2024-10-11T01:20:22.736+0000] {processor.py:914} INFO - Processing file /usr/local/python/3.12.1/lib/python3.12/site-packages/airflow/example_dags/example_bash_operator.py for tasks to queue
[2024-10-11T01:20:22.737+0000] {logging_mixin.py:190} INFO - [2024-10-11T01:20:22.737+0000] {dagbag.py:588} INFO - Filling up the DagBag from /usr/local/python/3.12.1/lib/python3.12/site-packages/airflow/example_dags/example_bash_operator.py
[2024-10-11T01:20:22.748+0000] {processor.py:925} INFO - DAG(s) 'example_bash_operator' retrieved from /usr/local/python/3.12.1/lib/python3.12/site-packages/airflow/example_dags/example_bash_operator.py
[2024-10-11T01:20:22.821+0000] {logging_mixin.py:190} INFO - [2024-10-11T01:20:22.821+0000] {dag.py:3239} INFO - Sync 1 DAGs
[2024-10-11T01:20:22.835+0000] {logging_mixin.py:190} INFO - [2024-10-11T01:20:22.835+0000] {dag.py:4180} INFO - Setting next_dagrun for example_bash_operator to 2024-10-10 00:00:00+00:00, run_after=2024-10-11 00:00:00+00:00
[2024-10-11T01:20:22.897+0000] {processor.py:208} INFO - Processing /usr/local/python/3.12.1/lib/python3.12/site-packages/airflow/example_dags/example_bash_operator.py took 0.167 seconds
[2024-10-11T01:21:44.433+0000] {processor.py:186} INFO - Started process (PID=87329) to work on /usr/local/python/3.12.1/lib/python3.12/site-packages/airflow/example_dags/example_bash_operator.py
[2024-10-11T01:21:44.434+0000] {processor.py:914} INFO - Processing file /usr/local/python/3.12.1/lib/python3.12/site-packages/airflow/example_dags/example_bash_operator.py for tasks to queue
[2024-10-11T01:21:44.436+0000] {logging_mixin.py:190} INFO - [2024-10-11T01:21:44.435+0000] {dagbag.py:588} INFO - Filling up the DagBag from /usr/local/python/3.12.1/lib/python3.12/site-packages/airflow/example_dags/example_bash_operator.py
[2024-10-11T01:21:44.445+0000] {processor.py:925} INFO - DAG(s) 'example_bash_operator' retrieved from /usr/local/python/3.12.1/lib/python3.12/site-packages/airflow/example_dags/example_bash_operator.py
[2024-10-11T01:21:44.516+0000] {logging_mixin.py:190} INFO - [2024-10-11T01:21:44.516+0000] {dag.py:3239} INFO - Sync 1 DAGs
[2024-10-11T01:21:44.530+0000] {logging_mixin.py:190} INFO - [2024-10-11T01:21:44.530+0000] {dag.py:4180} INFO - Setting next_dagrun for example_bash_operator to 2024-10-10 00:00:00+00:00, run_after=2024-10-11 00:00:00+00:00
[2024-10-11T01:21:44.568+0000] {processor.py:208} INFO - Processing /usr/local/python/3.12.1/lib/python3.12/site-packages/airflow/example_dags/example_bash_operator.py took 0.138 seconds
[2024-10-11T01:23:02.774+0000] {processor.py:186} INFO - Started process (PID=88166) to work on /usr/local/python/3.12.1/lib/python3.12/site-packages/airflow/example_dags/example_bash_operator.py
[2024-10-11T01:23:02.775+0000] {processor.py:914} INFO - Processing file /usr/local/python/3.12.1/lib/python3.12/site-packages/airflow/example_dags/example_bash_operator.py for tasks to queue
[2024-10-11T01:23:02.776+0000] {logging_mixin.py:190} INFO - [2024-10-11T01:23:02.776+0000] {dagbag.py:588} INFO - Filling up the DagBag from /usr/local/python/3.12.1/lib/python3.12/site-packages/airflow/example_dags/example_bash_operator.py
[2024-10-11T01:23:02.786+0000] {processor.py:925} INFO - DAG(s) 'example_bash_operator' retrieved from /usr/local/python/3.12.1/lib/python3.12/site-packages/airflow/example_dags/example_bash_operator.py
[2024-10-11T01:23:02.859+0000] {logging_mixin.py:190} INFO - [2024-10-11T01:23:02.858+0000] {dag.py:3239} INFO - Sync 1 DAGs
[2024-10-11T01:23:02.873+0000] {logging_mixin.py:190} INFO - [2024-10-11T01:23:02.872+0000] {dag.py:4180} INFO - Setting next_dagrun for example_bash_operator to 2024-10-10 00:00:00+00:00, run_after=2024-10-11 00:00:00+00:00
[2024-10-11T01:23:02.908+0000] {processor.py:208} INFO - Processing /usr/local/python/3.12.1/lib/python3.12/site-packages/airflow/example_dags/example_bash_operator.py took 0.138 seconds
[2024-10-11T01:23:57.865+0000] {processor.py:186} INFO - Started process (PID=88773) to work on /usr/local/python/3.12.1/lib/python3.12/site-packages/airflow/example_dags/example_bash_operator.py
[2024-10-11T01:23:57.866+0000] {processor.py:914} INFO - Processing file /usr/local/python/3.12.1/lib/python3.12/site-packages/airflow/example_dags/example_bash_operator.py for tasks to queue
[2024-10-11T01:23:57.868+0000] {logging_mixin.py:190} INFO - [2024-10-11T01:23:57.867+0000] {dagbag.py:588} INFO - Filling up the DagBag from /usr/local/python/3.12.1/lib/python3.12/site-packages/airflow/example_dags/example_bash_operator.py
[2024-10-11T01:23:57.877+0000] {processor.py:925} INFO - DAG(s) 'example_bash_operator' retrieved from /usr/local/python/3.12.1/lib/python3.12/site-packages/airflow/example_dags/example_bash_operator.py
[2024-10-11T01:23:57.882+0000] {logging_mixin.py:190} INFO - [2024-10-11T01:23:57.882+0000] {dag.py:3239} INFO - Sync 1 DAGs
[2024-10-11T01:23:57.898+0000] {logging_mixin.py:190} INFO - [2024-10-11T01:23:57.897+0000] {dag.py:4180} INFO - Setting next_dagrun for example_bash_operator to 2024-10-10 00:00:00+00:00, run_after=2024-10-11 00:00:00+00:00
[2024-10-11T01:23:57.937+0000] {processor.py:208} INFO - Processing /usr/local/python/3.12.1/lib/python3.12/site-packages/airflow/example_dags/example_bash_operator.py took 0.075 seconds
[2024-10-11T01:24:56.350+0000] {processor.py:186} INFO - Started process (PID=89427) to work on /usr/local/python/3.12.1/lib/python3.12/site-packages/airflow/example_dags/example_bash_operator.py
[2024-10-11T01:24:56.350+0000] {processor.py:914} INFO - Processing file /usr/local/python/3.12.1/lib/python3.12/site-packages/airflow/example_dags/example_bash_operator.py for tasks to queue
[2024-10-11T01:24:56.352+0000] {logging_mixin.py:190} INFO - [2024-10-11T01:24:56.351+0000] {dagbag.py:588} INFO - Filling up the DagBag from /usr/local/python/3.12.1/lib/python3.12/site-packages/airflow/example_dags/example_bash_operator.py
[2024-10-11T01:24:56.361+0000] {processor.py:925} INFO - DAG(s) 'example_bash_operator' retrieved from /usr/local/python/3.12.1/lib/python3.12/site-packages/airflow/example_dags/example_bash_operator.py
[2024-10-11T01:24:56.434+0000] {logging_mixin.py:190} INFO - [2024-10-11T01:24:56.434+0000] {dag.py:3239} INFO - Sync 1 DAGs
[2024-10-11T01:24:56.447+0000] {logging_mixin.py:190} INFO - [2024-10-11T01:24:56.447+0000] {dag.py:4180} INFO - Setting next_dagrun for example_bash_operator to 2024-10-10 00:00:00+00:00, run_after=2024-10-11 00:00:00+00:00
[2024-10-11T01:24:56.487+0000] {processor.py:208} INFO - Processing /usr/local/python/3.12.1/lib/python3.12/site-packages/airflow/example_dags/example_bash_operator.py took 0.141 seconds
[2024-10-11T01:25:57.109+0000] {processor.py:186} INFO - Started process (PID=90106) to work on /usr/local/python/3.12.1/lib/python3.12/site-packages/airflow/example_dags/example_bash_operator.py
[2024-10-11T01:25:57.110+0000] {processor.py:914} INFO - Processing file /usr/local/python/3.12.1/lib/python3.12/site-packages/airflow/example_dags/example_bash_operator.py for tasks to queue
[2024-10-11T01:25:57.112+0000] {logging_mixin.py:190} INFO - [2024-10-11T01:25:57.111+0000] {dagbag.py:588} INFO - Filling up the DagBag from /usr/local/python/3.12.1/lib/python3.12/site-packages/airflow/example_dags/example_bash_operator.py
[2024-10-11T01:25:57.121+0000] {processor.py:925} INFO - DAG(s) 'example_bash_operator' retrieved from /usr/local/python/3.12.1/lib/python3.12/site-packages/airflow/example_dags/example_bash_operator.py
[2024-10-11T01:25:57.137+0000] {logging_mixin.py:190} INFO - [2024-10-11T01:25:57.136+0000] {dag.py:3239} INFO - Sync 1 DAGs
[2024-10-11T01:25:57.151+0000] {logging_mixin.py:190} INFO - [2024-10-11T01:25:57.151+0000] {dag.py:4180} INFO - Setting next_dagrun for example_bash_operator to 2024-10-10 00:00:00+00:00, run_after=2024-10-11 00:00:00+00:00
[2024-10-11T01:25:57.195+0000] {processor.py:208} INFO - Processing /usr/local/python/3.12.1/lib/python3.12/site-packages/airflow/example_dags/example_bash_operator.py took 0.090 seconds
[2024-10-11T01:26:53.239+0000] {processor.py:186} INFO - Started process (PID=90718) to work on /usr/local/python/3.12.1/lib/python3.12/site-packages/airflow/example_dags/example_bash_operator.py
[2024-10-11T01:26:53.240+0000] {processor.py:914} INFO - Processing file /usr/local/python/3.12.1/lib/python3.12/site-packages/airflow/example_dags/example_bash_operator.py for tasks to queue
[2024-10-11T01:26:53.242+0000] {logging_mixin.py:190} INFO - [2024-10-11T01:26:53.242+0000] {dagbag.py:588} INFO - Filling up the DagBag from /usr/local/python/3.12.1/lib/python3.12/site-packages/airflow/example_dags/example_bash_operator.py
[2024-10-11T01:26:53.268+0000] {processor.py:925} INFO - DAG(s) 'example_bash_operator' retrieved from /usr/local/python/3.12.1/lib/python3.12/site-packages/airflow/example_dags/example_bash_operator.py
[2024-10-11T01:26:53.406+0000] {logging_mixin.py:190} INFO - [2024-10-11T01:26:53.406+0000] {dag.py:3239} INFO - Sync 1 DAGs
[2024-10-11T01:26:53.420+0000] {logging_mixin.py:190} INFO - [2024-10-11T01:26:53.420+0000] {dag.py:4180} INFO - Setting next_dagrun for example_bash_operator to 2024-10-10 00:00:00+00:00, run_after=2024-10-11 00:00:00+00:00
[2024-10-11T01:26:53.453+0000] {processor.py:208} INFO - Processing /usr/local/python/3.12.1/lib/python3.12/site-packages/airflow/example_dags/example_bash_operator.py took 0.217 seconds
[2024-10-11T01:28:14.690+0000] {processor.py:186} INFO - Started process (PID=91609) to work on /usr/local/python/3.12.1/lib/python3.12/site-packages/airflow/example_dags/example_bash_operator.py
[2024-10-11T01:28:14.691+0000] {processor.py:914} INFO - Processing file /usr/local/python/3.12.1/lib/python3.12/site-packages/airflow/example_dags/example_bash_operator.py for tasks to queue
[2024-10-11T01:28:14.692+0000] {logging_mixin.py:190} INFO - [2024-10-11T01:28:14.692+0000] {dagbag.py:588} INFO - Filling up the DagBag from /usr/local/python/3.12.1/lib/python3.12/site-packages/airflow/example_dags/example_bash_operator.py
[2024-10-11T01:28:14.702+0000] {processor.py:925} INFO - DAG(s) 'example_bash_operator' retrieved from /usr/local/python/3.12.1/lib/python3.12/site-packages/airflow/example_dags/example_bash_operator.py
[2024-10-11T01:28:14.707+0000] {logging_mixin.py:190} INFO - [2024-10-11T01:28:14.707+0000] {dag.py:3239} INFO - Sync 1 DAGs
[2024-10-11T01:28:14.723+0000] {logging_mixin.py:190} INFO - [2024-10-11T01:28:14.722+0000] {dag.py:4180} INFO - Setting next_dagrun for example_bash_operator to 2024-10-10 00:00:00+00:00, run_after=2024-10-11 00:00:00+00:00
[2024-10-11T01:28:14.768+0000] {processor.py:208} INFO - Processing /usr/local/python/3.12.1/lib/python3.12/site-packages/airflow/example_dags/example_bash_operator.py took 0.082 seconds
[2024-10-11T01:29:36.778+0000] {processor.py:186} INFO - Started process (PID=92534) to work on /usr/local/python/3.12.1/lib/python3.12/site-packages/airflow/example_dags/example_bash_operator.py
[2024-10-11T01:29:36.778+0000] {processor.py:914} INFO - Processing file /usr/local/python/3.12.1/lib/python3.12/site-packages/airflow/example_dags/example_bash_operator.py for tasks to queue
[2024-10-11T01:29:36.780+0000] {logging_mixin.py:190} INFO - [2024-10-11T01:29:36.779+0000] {dagbag.py:588} INFO - Filling up the DagBag from /usr/local/python/3.12.1/lib/python3.12/site-packages/airflow/example_dags/example_bash_operator.py
[2024-10-11T01:29:36.794+0000] {processor.py:925} INFO - DAG(s) 'example_bash_operator' retrieved from /usr/local/python/3.12.1/lib/python3.12/site-packages/airflow/example_dags/example_bash_operator.py
[2024-10-11T01:29:36.868+0000] {logging_mixin.py:190} INFO - [2024-10-11T01:29:36.868+0000] {dag.py:3239} INFO - Sync 1 DAGs
[2024-10-11T01:29:36.881+0000] {logging_mixin.py:190} INFO - [2024-10-11T01:29:36.880+0000] {dag.py:4180} INFO - Setting next_dagrun for example_bash_operator to 2024-10-10 00:00:00+00:00, run_after=2024-10-11 00:00:00+00:00
[2024-10-11T01:29:36.921+0000] {processor.py:208} INFO - Processing /usr/local/python/3.12.1/lib/python3.12/site-packages/airflow/example_dags/example_bash_operator.py took 0.147 seconds
