[2024-10-11T00:15:16.899+0000] {processor.py:186} INFO - Started process (PID=43150) to work on /usr/local/python/3.12.1/lib/python3.12/site-packages/airflow/example_dags/example_nested_branch_dag.py
[2024-10-11T00:15:16.900+0000] {processor.py:914} INFO - Processing file /usr/local/python/3.12.1/lib/python3.12/site-packages/airflow/example_dags/example_nested_branch_dag.py for tasks to queue
[2024-10-11T00:15:16.901+0000] {logging_mixin.py:190} INFO - [2024-10-11T00:15:16.901+0000] {dagbag.py:588} INFO - Filling up the DagBag from /usr/local/python/3.12.1/lib/python3.12/site-packages/airflow/example_dags/example_nested_branch_dag.py
[2024-10-11T00:15:16.909+0000] {processor.py:925} INFO - DAG(s) 'example_nested_branch_dag' retrieved from /usr/local/python/3.12.1/lib/python3.12/site-packages/airflow/example_dags/example_nested_branch_dag.py
[2024-10-11T00:15:17.022+0000] {logging_mixin.py:190} INFO - [2024-10-11T00:15:17.022+0000] {override.py:1900} INFO - Created Permission View: can delete on DAG:example_nested_branch_dag
[2024-10-11T00:15:17.070+0000] {logging_mixin.py:190} INFO - [2024-10-11T00:15:17.070+0000] {override.py:1900} INFO - Created Permission View: can edit on DAG:example_nested_branch_dag
[2024-10-11T00:15:17.106+0000] {logging_mixin.py:190} INFO - [2024-10-11T00:15:17.106+0000] {override.py:1900} INFO - Created Permission View: can read on DAG:example_nested_branch_dag
[2024-10-11T00:15:17.164+0000] {logging_mixin.py:190} INFO - [2024-10-11T00:15:17.163+0000] {override.py:1900} INFO - Created Permission View: can delete on DAG Run:example_nested_branch_dag
[2024-10-11T00:15:17.212+0000] {logging_mixin.py:190} INFO - [2024-10-11T00:15:17.212+0000] {override.py:1900} INFO - Created Permission View: can create on DAG Run:example_nested_branch_dag
[2024-10-11T00:15:17.252+0000] {logging_mixin.py:190} INFO - [2024-10-11T00:15:17.252+0000] {override.py:1900} INFO - Created Permission View: can read on DAG Run:example_nested_branch_dag
[2024-10-11T00:15:17.291+0000] {logging_mixin.py:190} INFO - [2024-10-11T00:15:17.291+0000] {override.py:1900} INFO - Created Permission View: menu access on DAG Run:example_nested_branch_dag
[2024-10-11T00:15:17.292+0000] {logging_mixin.py:190} INFO - [2024-10-11T00:15:17.291+0000] {dag.py:3239} INFO - Sync 1 DAGs
[2024-10-11T00:15:17.300+0000] {logging_mixin.py:190} INFO - [2024-10-11T00:15:17.300+0000] {dag.py:3262} INFO - Creating ORM DAG for example_nested_branch_dag
[2024-10-11T00:15:17.310+0000] {logging_mixin.py:190} INFO - [2024-10-11T00:15:17.310+0000] {dag.py:4180} INFO - Setting next_dagrun for example_nested_branch_dag to 2024-10-10 00:00:00+00:00, run_after=2024-10-11 00:00:00+00:00
[2024-10-11T00:15:17.353+0000] {processor.py:208} INFO - Processing /usr/local/python/3.12.1/lib/python3.12/site-packages/airflow/example_dags/example_nested_branch_dag.py took 0.458 seconds
[2024-10-11T00:16:17.890+0000] {processor.py:186} INFO - Started process (PID=43824) to work on /usr/local/python/3.12.1/lib/python3.12/site-packages/airflow/example_dags/example_nested_branch_dag.py
[2024-10-11T00:16:17.891+0000] {processor.py:914} INFO - Processing file /usr/local/python/3.12.1/lib/python3.12/site-packages/airflow/example_dags/example_nested_branch_dag.py for tasks to queue
[2024-10-11T00:16:17.893+0000] {logging_mixin.py:190} INFO - [2024-10-11T00:16:17.892+0000] {dagbag.py:588} INFO - Filling up the DagBag from /usr/local/python/3.12.1/lib/python3.12/site-packages/airflow/example_dags/example_nested_branch_dag.py
[2024-10-11T00:16:17.901+0000] {processor.py:925} INFO - DAG(s) 'example_nested_branch_dag' retrieved from /usr/local/python/3.12.1/lib/python3.12/site-packages/airflow/example_dags/example_nested_branch_dag.py
[2024-10-11T00:16:17.927+0000] {logging_mixin.py:190} INFO - [2024-10-11T00:16:17.926+0000] {dag.py:3239} INFO - Sync 1 DAGs
[2024-10-11T00:16:17.945+0000] {logging_mixin.py:190} INFO - [2024-10-11T00:16:17.945+0000] {dag.py:4180} INFO - Setting next_dagrun for example_nested_branch_dag to 2024-10-10 00:00:00+00:00, run_after=2024-10-11 00:00:00+00:00
[2024-10-11T00:16:17.999+0000] {processor.py:208} INFO - Processing /usr/local/python/3.12.1/lib/python3.12/site-packages/airflow/example_dags/example_nested_branch_dag.py took 0.115 seconds
[2024-10-11T00:17:37.922+0000] {processor.py:186} INFO - Started process (PID=44696) to work on /usr/local/python/3.12.1/lib/python3.12/site-packages/airflow/example_dags/example_nested_branch_dag.py
[2024-10-11T00:17:37.923+0000] {processor.py:914} INFO - Processing file /usr/local/python/3.12.1/lib/python3.12/site-packages/airflow/example_dags/example_nested_branch_dag.py for tasks to queue
[2024-10-11T00:17:37.924+0000] {logging_mixin.py:190} INFO - [2024-10-11T00:17:37.924+0000] {dagbag.py:588} INFO - Filling up the DagBag from /usr/local/python/3.12.1/lib/python3.12/site-packages/airflow/example_dags/example_nested_branch_dag.py
[2024-10-11T00:17:37.932+0000] {processor.py:925} INFO - DAG(s) 'example_nested_branch_dag' retrieved from /usr/local/python/3.12.1/lib/python3.12/site-packages/airflow/example_dags/example_nested_branch_dag.py
[2024-10-11T00:17:38.002+0000] {logging_mixin.py:190} INFO - [2024-10-11T00:17:38.002+0000] {dag.py:3239} INFO - Sync 1 DAGs
[2024-10-11T00:17:38.015+0000] {logging_mixin.py:190} INFO - [2024-10-11T00:17:38.015+0000] {dag.py:4180} INFO - Setting next_dagrun for example_nested_branch_dag to 2024-10-10 00:00:00+00:00, run_after=2024-10-11 00:00:00+00:00
[2024-10-11T00:17:38.057+0000] {processor.py:208} INFO - Processing /usr/local/python/3.12.1/lib/python3.12/site-packages/airflow/example_dags/example_nested_branch_dag.py took 0.139 seconds
[2024-10-11T00:18:37.902+0000] {processor.py:186} INFO - Started process (PID=45355) to work on /usr/local/python/3.12.1/lib/python3.12/site-packages/airflow/example_dags/example_nested_branch_dag.py
[2024-10-11T00:18:37.903+0000] {processor.py:914} INFO - Processing file /usr/local/python/3.12.1/lib/python3.12/site-packages/airflow/example_dags/example_nested_branch_dag.py for tasks to queue
[2024-10-11T00:18:37.904+0000] {logging_mixin.py:190} INFO - [2024-10-11T00:18:37.904+0000] {dagbag.py:588} INFO - Filling up the DagBag from /usr/local/python/3.12.1/lib/python3.12/site-packages/airflow/example_dags/example_nested_branch_dag.py
[2024-10-11T00:18:37.912+0000] {processor.py:925} INFO - DAG(s) 'example_nested_branch_dag' retrieved from /usr/local/python/3.12.1/lib/python3.12/site-packages/airflow/example_dags/example_nested_branch_dag.py
[2024-10-11T00:18:37.918+0000] {logging_mixin.py:190} INFO - [2024-10-11T00:18:37.918+0000] {dag.py:3239} INFO - Sync 1 DAGs
[2024-10-11T00:18:37.933+0000] {logging_mixin.py:190} INFO - [2024-10-11T00:18:37.932+0000] {dag.py:4180} INFO - Setting next_dagrun for example_nested_branch_dag to 2024-10-10 00:00:00+00:00, run_after=2024-10-11 00:00:00+00:00
[2024-10-11T00:18:37.977+0000] {processor.py:208} INFO - Processing /usr/local/python/3.12.1/lib/python3.12/site-packages/airflow/example_dags/example_nested_branch_dag.py took 0.079 seconds
[2024-10-11T00:19:37.261+0000] {processor.py:186} INFO - Started process (PID=46033) to work on /usr/local/python/3.12.1/lib/python3.12/site-packages/airflow/example_dags/example_nested_branch_dag.py
[2024-10-11T00:19:37.262+0000] {processor.py:914} INFO - Processing file /usr/local/python/3.12.1/lib/python3.12/site-packages/airflow/example_dags/example_nested_branch_dag.py for tasks to queue
[2024-10-11T00:19:37.263+0000] {logging_mixin.py:190} INFO - [2024-10-11T00:19:37.263+0000] {dagbag.py:588} INFO - Filling up the DagBag from /usr/local/python/3.12.1/lib/python3.12/site-packages/airflow/example_dags/example_nested_branch_dag.py
[2024-10-11T00:19:37.275+0000] {processor.py:925} INFO - DAG(s) 'example_nested_branch_dag' retrieved from /usr/local/python/3.12.1/lib/python3.12/site-packages/airflow/example_dags/example_nested_branch_dag.py
[2024-10-11T00:19:37.373+0000] {logging_mixin.py:190} INFO - [2024-10-11T00:19:37.373+0000] {dag.py:3239} INFO - Sync 1 DAGs
[2024-10-11T00:19:37.387+0000] {logging_mixin.py:190} INFO - [2024-10-11T00:19:37.387+0000] {dag.py:4180} INFO - Setting next_dagrun for example_nested_branch_dag to 2024-10-10 00:00:00+00:00, run_after=2024-10-11 00:00:00+00:00
[2024-10-11T00:19:37.425+0000] {processor.py:208} INFO - Processing /usr/local/python/3.12.1/lib/python3.12/site-packages/airflow/example_dags/example_nested_branch_dag.py took 0.168 seconds
[2024-10-11T00:21:02.569+0000] {processor.py:186} INFO - Started process (PID=46982) to work on /usr/local/python/3.12.1/lib/python3.12/site-packages/airflow/example_dags/example_nested_branch_dag.py
[2024-10-11T00:21:02.570+0000] {processor.py:914} INFO - Processing file /usr/local/python/3.12.1/lib/python3.12/site-packages/airflow/example_dags/example_nested_branch_dag.py for tasks to queue
[2024-10-11T00:21:02.571+0000] {logging_mixin.py:190} INFO - [2024-10-11T00:21:02.571+0000] {dagbag.py:588} INFO - Filling up the DagBag from /usr/local/python/3.12.1/lib/python3.12/site-packages/airflow/example_dags/example_nested_branch_dag.py
[2024-10-11T00:21:02.581+0000] {processor.py:925} INFO - DAG(s) 'example_nested_branch_dag' retrieved from /usr/local/python/3.12.1/lib/python3.12/site-packages/airflow/example_dags/example_nested_branch_dag.py
[2024-10-11T00:21:02.586+0000] {logging_mixin.py:190} INFO - [2024-10-11T00:21:02.586+0000] {dag.py:3239} INFO - Sync 1 DAGs
[2024-10-11T00:21:02.601+0000] {logging_mixin.py:190} INFO - [2024-10-11T00:21:02.601+0000] {dag.py:4180} INFO - Setting next_dagrun for example_nested_branch_dag to 2024-10-10 00:00:00+00:00, run_after=2024-10-11 00:00:00+00:00
[2024-10-11T00:21:02.658+0000] {processor.py:208} INFO - Processing /usr/local/python/3.12.1/lib/python3.12/site-packages/airflow/example_dags/example_nested_branch_dag.py took 0.094 seconds
[2024-10-11T00:21:58.811+0000] {processor.py:186} INFO - Started process (PID=47602) to work on /usr/local/python/3.12.1/lib/python3.12/site-packages/airflow/example_dags/example_nested_branch_dag.py
[2024-10-11T00:21:58.812+0000] {processor.py:914} INFO - Processing file /usr/local/python/3.12.1/lib/python3.12/site-packages/airflow/example_dags/example_nested_branch_dag.py for tasks to queue
[2024-10-11T00:21:58.814+0000] {logging_mixin.py:190} INFO - [2024-10-11T00:21:58.813+0000] {dagbag.py:588} INFO - Filling up the DagBag from /usr/local/python/3.12.1/lib/python3.12/site-packages/airflow/example_dags/example_nested_branch_dag.py
[2024-10-11T00:21:58.822+0000] {processor.py:925} INFO - DAG(s) 'example_nested_branch_dag' retrieved from /usr/local/python/3.12.1/lib/python3.12/site-packages/airflow/example_dags/example_nested_branch_dag.py
[2024-10-11T00:21:58.904+0000] {logging_mixin.py:190} INFO - [2024-10-11T00:21:58.904+0000] {dag.py:3239} INFO - Sync 1 DAGs
[2024-10-11T00:21:58.917+0000] {logging_mixin.py:190} INFO - [2024-10-11T00:21:58.917+0000] {dag.py:4180} INFO - Setting next_dagrun for example_nested_branch_dag to 2024-10-10 00:00:00+00:00, run_after=2024-10-11 00:00:00+00:00
[2024-10-11T00:21:58.958+0000] {processor.py:208} INFO - Processing /usr/local/python/3.12.1/lib/python3.12/site-packages/airflow/example_dags/example_nested_branch_dag.py took 0.150 seconds
[2024-10-11T00:23:26.223+0000] {processor.py:186} INFO - Started process (PID=48545) to work on /usr/local/python/3.12.1/lib/python3.12/site-packages/airflow/example_dags/example_nested_branch_dag.py
[2024-10-11T00:23:26.224+0000] {processor.py:914} INFO - Processing file /usr/local/python/3.12.1/lib/python3.12/site-packages/airflow/example_dags/example_nested_branch_dag.py for tasks to queue
[2024-10-11T00:23:26.225+0000] {logging_mixin.py:190} INFO - [2024-10-11T00:23:26.225+0000] {dagbag.py:588} INFO - Filling up the DagBag from /usr/local/python/3.12.1/lib/python3.12/site-packages/airflow/example_dags/example_nested_branch_dag.py
[2024-10-11T00:23:26.234+0000] {processor.py:925} INFO - DAG(s) 'example_nested_branch_dag' retrieved from /usr/local/python/3.12.1/lib/python3.12/site-packages/airflow/example_dags/example_nested_branch_dag.py
[2024-10-11T00:23:26.313+0000] {logging_mixin.py:190} INFO - [2024-10-11T00:23:26.313+0000] {dag.py:3239} INFO - Sync 1 DAGs
[2024-10-11T00:23:26.331+0000] {logging_mixin.py:190} INFO - [2024-10-11T00:23:26.331+0000] {dag.py:4180} INFO - Setting next_dagrun for example_nested_branch_dag to 2024-10-10 00:00:00+00:00, run_after=2024-10-11 00:00:00+00:00
[2024-10-11T00:23:26.369+0000] {processor.py:208} INFO - Processing /usr/local/python/3.12.1/lib/python3.12/site-packages/airflow/example_dags/example_nested_branch_dag.py took 0.149 seconds
[2024-10-11T00:24:56.520+0000] {processor.py:186} INFO - Started process (PID=49555) to work on /usr/local/python/3.12.1/lib/python3.12/site-packages/airflow/example_dags/example_nested_branch_dag.py
[2024-10-11T00:24:56.521+0000] {processor.py:914} INFO - Processing file /usr/local/python/3.12.1/lib/python3.12/site-packages/airflow/example_dags/example_nested_branch_dag.py for tasks to queue
[2024-10-11T00:24:56.522+0000] {logging_mixin.py:190} INFO - [2024-10-11T00:24:56.522+0000] {dagbag.py:588} INFO - Filling up the DagBag from /usr/local/python/3.12.1/lib/python3.12/site-packages/airflow/example_dags/example_nested_branch_dag.py
[2024-10-11T00:24:56.531+0000] {processor.py:925} INFO - DAG(s) 'example_nested_branch_dag' retrieved from /usr/local/python/3.12.1/lib/python3.12/site-packages/airflow/example_dags/example_nested_branch_dag.py
[2024-10-11T00:24:56.613+0000] {logging_mixin.py:190} INFO - [2024-10-11T00:24:56.613+0000] {dag.py:3239} INFO - Sync 1 DAGs
[2024-10-11T00:24:56.627+0000] {logging_mixin.py:190} INFO - [2024-10-11T00:24:56.626+0000] {dag.py:4180} INFO - Setting next_dagrun for example_nested_branch_dag to 2024-10-10 00:00:00+00:00, run_after=2024-10-11 00:00:00+00:00
[2024-10-11T00:24:56.678+0000] {processor.py:208} INFO - Processing /usr/local/python/3.12.1/lib/python3.12/site-packages/airflow/example_dags/example_nested_branch_dag.py took 0.161 seconds
[2024-10-11T00:25:53.402+0000] {processor.py:186} INFO - Started process (PID=50212) to work on /usr/local/python/3.12.1/lib/python3.12/site-packages/airflow/example_dags/example_nested_branch_dag.py
[2024-10-11T00:25:53.403+0000] {processor.py:914} INFO - Processing file /usr/local/python/3.12.1/lib/python3.12/site-packages/airflow/example_dags/example_nested_branch_dag.py for tasks to queue
[2024-10-11T00:25:53.404+0000] {logging_mixin.py:190} INFO - [2024-10-11T00:25:53.404+0000] {dagbag.py:588} INFO - Filling up the DagBag from /usr/local/python/3.12.1/lib/python3.12/site-packages/airflow/example_dags/example_nested_branch_dag.py
[2024-10-11T00:25:53.412+0000] {processor.py:925} INFO - DAG(s) 'example_nested_branch_dag' retrieved from /usr/local/python/3.12.1/lib/python3.12/site-packages/airflow/example_dags/example_nested_branch_dag.py
[2024-10-11T00:25:53.419+0000] {logging_mixin.py:190} INFO - [2024-10-11T00:25:53.418+0000] {dag.py:3239} INFO - Sync 1 DAGs
[2024-10-11T00:25:53.454+0000] {logging_mixin.py:190} INFO - [2024-10-11T00:25:53.454+0000] {dag.py:4180} INFO - Setting next_dagrun for example_nested_branch_dag to 2024-10-10 00:00:00+00:00, run_after=2024-10-11 00:00:00+00:00
[2024-10-11T00:25:53.503+0000] {processor.py:208} INFO - Processing /usr/local/python/3.12.1/lib/python3.12/site-packages/airflow/example_dags/example_nested_branch_dag.py took 0.105 seconds
[2024-10-11T00:27:18.483+0000] {processor.py:186} INFO - Started process (PID=51138) to work on /usr/local/python/3.12.1/lib/python3.12/site-packages/airflow/example_dags/example_nested_branch_dag.py
[2024-10-11T00:27:18.484+0000] {processor.py:914} INFO - Processing file /usr/local/python/3.12.1/lib/python3.12/site-packages/airflow/example_dags/example_nested_branch_dag.py for tasks to queue
[2024-10-11T00:27:18.485+0000] {logging_mixin.py:190} INFO - [2024-10-11T00:27:18.485+0000] {dagbag.py:588} INFO - Filling up the DagBag from /usr/local/python/3.12.1/lib/python3.12/site-packages/airflow/example_dags/example_nested_branch_dag.py
[2024-10-11T00:27:18.494+0000] {processor.py:925} INFO - DAG(s) 'example_nested_branch_dag' retrieved from /usr/local/python/3.12.1/lib/python3.12/site-packages/airflow/example_dags/example_nested_branch_dag.py
[2024-10-11T00:27:18.562+0000] {logging_mixin.py:190} INFO - [2024-10-11T00:27:18.561+0000] {dag.py:3239} INFO - Sync 1 DAGs
[2024-10-11T00:27:18.574+0000] {logging_mixin.py:190} INFO - [2024-10-11T00:27:18.574+0000] {dag.py:4180} INFO - Setting next_dagrun for example_nested_branch_dag to 2024-10-10 00:00:00+00:00, run_after=2024-10-11 00:00:00+00:00
[2024-10-11T00:27:18.620+0000] {processor.py:208} INFO - Processing /usr/local/python/3.12.1/lib/python3.12/site-packages/airflow/example_dags/example_nested_branch_dag.py took 0.141 seconds
[2024-10-11T00:28:42.366+0000] {processor.py:186} INFO - Started process (PID=52045) to work on /usr/local/python/3.12.1/lib/python3.12/site-packages/airflow/example_dags/example_nested_branch_dag.py
[2024-10-11T00:28:42.366+0000] {processor.py:914} INFO - Processing file /usr/local/python/3.12.1/lib/python3.12/site-packages/airflow/example_dags/example_nested_branch_dag.py for tasks to queue
[2024-10-11T00:28:42.368+0000] {logging_mixin.py:190} INFO - [2024-10-11T00:28:42.368+0000] {dagbag.py:588} INFO - Filling up the DagBag from /usr/local/python/3.12.1/lib/python3.12/site-packages/airflow/example_dags/example_nested_branch_dag.py
[2024-10-11T00:28:42.376+0000] {processor.py:925} INFO - DAG(s) 'example_nested_branch_dag' retrieved from /usr/local/python/3.12.1/lib/python3.12/site-packages/airflow/example_dags/example_nested_branch_dag.py
[2024-10-11T00:28:42.391+0000] {logging_mixin.py:190} INFO - [2024-10-11T00:28:42.391+0000] {dag.py:3239} INFO - Sync 1 DAGs
[2024-10-11T00:28:42.413+0000] {logging_mixin.py:190} INFO - [2024-10-11T00:28:42.413+0000] {dag.py:4180} INFO - Setting next_dagrun for example_nested_branch_dag to 2024-10-10 00:00:00+00:00, run_after=2024-10-11 00:00:00+00:00
[2024-10-11T00:28:42.461+0000] {processor.py:208} INFO - Processing /usr/local/python/3.12.1/lib/python3.12/site-packages/airflow/example_dags/example_nested_branch_dag.py took 0.099 seconds
[2024-10-11T00:30:02.209+0000] {processor.py:186} INFO - Started process (PID=52985) to work on /usr/local/python/3.12.1/lib/python3.12/site-packages/airflow/example_dags/example_nested_branch_dag.py
[2024-10-11T00:30:02.209+0000] {processor.py:914} INFO - Processing file /usr/local/python/3.12.1/lib/python3.12/site-packages/airflow/example_dags/example_nested_branch_dag.py for tasks to queue
[2024-10-11T00:30:02.211+0000] {logging_mixin.py:190} INFO - [2024-10-11T00:30:02.210+0000] {dagbag.py:588} INFO - Filling up the DagBag from /usr/local/python/3.12.1/lib/python3.12/site-packages/airflow/example_dags/example_nested_branch_dag.py
[2024-10-11T00:30:02.219+0000] {processor.py:925} INFO - DAG(s) 'example_nested_branch_dag' retrieved from /usr/local/python/3.12.1/lib/python3.12/site-packages/airflow/example_dags/example_nested_branch_dag.py
[2024-10-11T00:30:02.293+0000] {logging_mixin.py:190} INFO - [2024-10-11T00:30:02.293+0000] {dag.py:3239} INFO - Sync 1 DAGs
[2024-10-11T00:30:02.306+0000] {logging_mixin.py:190} INFO - [2024-10-11T00:30:02.306+0000] {dag.py:4180} INFO - Setting next_dagrun for example_nested_branch_dag to 2024-10-10 00:00:00+00:00, run_after=2024-10-11 00:00:00+00:00
[2024-10-11T00:30:02.352+0000] {processor.py:208} INFO - Processing /usr/local/python/3.12.1/lib/python3.12/site-packages/airflow/example_dags/example_nested_branch_dag.py took 0.148 seconds
[2024-10-11T00:31:01.117+0000] {processor.py:186} INFO - Started process (PID=53649) to work on /usr/local/python/3.12.1/lib/python3.12/site-packages/airflow/example_dags/example_nested_branch_dag.py
[2024-10-11T00:31:01.117+0000] {processor.py:914} INFO - Processing file /usr/local/python/3.12.1/lib/python3.12/site-packages/airflow/example_dags/example_nested_branch_dag.py for tasks to queue
[2024-10-11T00:31:01.119+0000] {logging_mixin.py:190} INFO - [2024-10-11T00:31:01.118+0000] {dagbag.py:588} INFO - Filling up the DagBag from /usr/local/python/3.12.1/lib/python3.12/site-packages/airflow/example_dags/example_nested_branch_dag.py
[2024-10-11T00:31:01.128+0000] {processor.py:925} INFO - DAG(s) 'example_nested_branch_dag' retrieved from /usr/local/python/3.12.1/lib/python3.12/site-packages/airflow/example_dags/example_nested_branch_dag.py
[2024-10-11T00:31:01.182+0000] {logging_mixin.py:190} INFO - [2024-10-11T00:31:01.182+0000] {dag.py:3239} INFO - Sync 1 DAGs
[2024-10-11T00:31:01.196+0000] {logging_mixin.py:190} INFO - [2024-10-11T00:31:01.196+0000] {dag.py:4180} INFO - Setting next_dagrun for example_nested_branch_dag to 2024-10-10 00:00:00+00:00, run_after=2024-10-11 00:00:00+00:00
[2024-10-11T00:31:01.246+0000] {processor.py:208} INFO - Processing /usr/local/python/3.12.1/lib/python3.12/site-packages/airflow/example_dags/example_nested_branch_dag.py took 0.133 seconds
[2024-10-11T00:32:24.412+0000] {processor.py:186} INFO - Started process (PID=54555) to work on /usr/local/python/3.12.1/lib/python3.12/site-packages/airflow/example_dags/example_nested_branch_dag.py
[2024-10-11T00:32:24.417+0000] {processor.py:914} INFO - Processing file /usr/local/python/3.12.1/lib/python3.12/site-packages/airflow/example_dags/example_nested_branch_dag.py for tasks to queue
[2024-10-11T00:32:24.419+0000] {logging_mixin.py:190} INFO - [2024-10-11T00:32:24.418+0000] {dagbag.py:588} INFO - Filling up the DagBag from /usr/local/python/3.12.1/lib/python3.12/site-packages/airflow/example_dags/example_nested_branch_dag.py
[2024-10-11T00:32:24.427+0000] {processor.py:925} INFO - DAG(s) 'example_nested_branch_dag' retrieved from /usr/local/python/3.12.1/lib/python3.12/site-packages/airflow/example_dags/example_nested_branch_dag.py
[2024-10-11T00:32:24.580+0000] {logging_mixin.py:190} INFO - [2024-10-11T00:32:24.580+0000] {dag.py:3239} INFO - Sync 1 DAGs
[2024-10-11T00:32:24.593+0000] {logging_mixin.py:190} INFO - [2024-10-11T00:32:24.593+0000] {dag.py:4180} INFO - Setting next_dagrun for example_nested_branch_dag to 2024-10-10 00:00:00+00:00, run_after=2024-10-11 00:00:00+00:00
[2024-10-11T00:32:24.630+0000] {processor.py:208} INFO - Processing /usr/local/python/3.12.1/lib/python3.12/site-packages/airflow/example_dags/example_nested_branch_dag.py took 0.223 seconds
[2024-10-11T00:33:49.896+0000] {processor.py:186} INFO - Started process (PID=55498) to work on /usr/local/python/3.12.1/lib/python3.12/site-packages/airflow/example_dags/example_nested_branch_dag.py
[2024-10-11T00:33:49.896+0000] {processor.py:914} INFO - Processing file /usr/local/python/3.12.1/lib/python3.12/site-packages/airflow/example_dags/example_nested_branch_dag.py for tasks to queue
[2024-10-11T00:33:49.898+0000] {logging_mixin.py:190} INFO - [2024-10-11T00:33:49.897+0000] {dagbag.py:588} INFO - Filling up the DagBag from /usr/local/python/3.12.1/lib/python3.12/site-packages/airflow/example_dags/example_nested_branch_dag.py
[2024-10-11T00:33:49.906+0000] {processor.py:925} INFO - DAG(s) 'example_nested_branch_dag' retrieved from /usr/local/python/3.12.1/lib/python3.12/site-packages/airflow/example_dags/example_nested_branch_dag.py
[2024-10-11T00:33:49.911+0000] {logging_mixin.py:190} INFO - [2024-10-11T00:33:49.911+0000] {dag.py:3239} INFO - Sync 1 DAGs
[2024-10-11T00:33:49.926+0000] {logging_mixin.py:190} INFO - [2024-10-11T00:33:49.926+0000] {dag.py:4180} INFO - Setting next_dagrun for example_nested_branch_dag to 2024-10-10 00:00:00+00:00, run_after=2024-10-11 00:00:00+00:00
[2024-10-11T00:33:49.970+0000] {processor.py:208} INFO - Processing /usr/local/python/3.12.1/lib/python3.12/site-packages/airflow/example_dags/example_nested_branch_dag.py took 0.078 seconds
[2024-10-11T00:34:45.645+0000] {processor.py:186} INFO - Started process (PID=56127) to work on /usr/local/python/3.12.1/lib/python3.12/site-packages/airflow/example_dags/example_nested_branch_dag.py
[2024-10-11T00:34:45.646+0000] {processor.py:914} INFO - Processing file /usr/local/python/3.12.1/lib/python3.12/site-packages/airflow/example_dags/example_nested_branch_dag.py for tasks to queue
[2024-10-11T00:34:45.647+0000] {logging_mixin.py:190} INFO - [2024-10-11T00:34:45.647+0000] {dagbag.py:588} INFO - Filling up the DagBag from /usr/local/python/3.12.1/lib/python3.12/site-packages/airflow/example_dags/example_nested_branch_dag.py
[2024-10-11T00:34:45.656+0000] {processor.py:925} INFO - DAG(s) 'example_nested_branch_dag' retrieved from /usr/local/python/3.12.1/lib/python3.12/site-packages/airflow/example_dags/example_nested_branch_dag.py
[2024-10-11T00:34:45.724+0000] {logging_mixin.py:190} INFO - [2024-10-11T00:34:45.723+0000] {dag.py:3239} INFO - Sync 1 DAGs
[2024-10-11T00:34:45.737+0000] {logging_mixin.py:190} INFO - [2024-10-11T00:34:45.737+0000] {dag.py:4180} INFO - Setting next_dagrun for example_nested_branch_dag to 2024-10-10 00:00:00+00:00, run_after=2024-10-11 00:00:00+00:00
[2024-10-11T00:34:45.870+0000] {processor.py:208} INFO - Processing /usr/local/python/3.12.1/lib/python3.12/site-packages/airflow/example_dags/example_nested_branch_dag.py took 0.229 seconds
[2024-10-11T00:36:09.319+0000] {processor.py:186} INFO - Started process (PID=57057) to work on /usr/local/python/3.12.1/lib/python3.12/site-packages/airflow/example_dags/example_nested_branch_dag.py
[2024-10-11T00:36:09.320+0000] {processor.py:914} INFO - Processing file /usr/local/python/3.12.1/lib/python3.12/site-packages/airflow/example_dags/example_nested_branch_dag.py for tasks to queue
[2024-10-11T00:36:09.321+0000] {logging_mixin.py:190} INFO - [2024-10-11T00:36:09.321+0000] {dagbag.py:588} INFO - Filling up the DagBag from /usr/local/python/3.12.1/lib/python3.12/site-packages/airflow/example_dags/example_nested_branch_dag.py
[2024-10-11T00:36:09.329+0000] {processor.py:925} INFO - DAG(s) 'example_nested_branch_dag' retrieved from /usr/local/python/3.12.1/lib/python3.12/site-packages/airflow/example_dags/example_nested_branch_dag.py
[2024-10-11T00:36:09.341+0000] {logging_mixin.py:190} INFO - [2024-10-11T00:36:09.341+0000] {dag.py:3239} INFO - Sync 1 DAGs
[2024-10-11T00:36:09.356+0000] {logging_mixin.py:190} INFO - [2024-10-11T00:36:09.356+0000] {dag.py:4180} INFO - Setting next_dagrun for example_nested_branch_dag to 2024-10-10 00:00:00+00:00, run_after=2024-10-11 00:00:00+00:00
[2024-10-11T00:36:09.403+0000] {processor.py:208} INFO - Processing /usr/local/python/3.12.1/lib/python3.12/site-packages/airflow/example_dags/example_nested_branch_dag.py took 0.088 seconds
[2024-10-11T00:37:31.085+0000] {processor.py:186} INFO - Started process (PID=57956) to work on /usr/local/python/3.12.1/lib/python3.12/site-packages/airflow/example_dags/example_nested_branch_dag.py
[2024-10-11T00:37:31.085+0000] {processor.py:914} INFO - Processing file /usr/local/python/3.12.1/lib/python3.12/site-packages/airflow/example_dags/example_nested_branch_dag.py for tasks to queue
[2024-10-11T00:37:31.087+0000] {logging_mixin.py:190} INFO - [2024-10-11T00:37:31.087+0000] {dagbag.py:588} INFO - Filling up the DagBag from /usr/local/python/3.12.1/lib/python3.12/site-packages/airflow/example_dags/example_nested_branch_dag.py
[2024-10-11T00:37:31.095+0000] {processor.py:925} INFO - DAG(s) 'example_nested_branch_dag' retrieved from /usr/local/python/3.12.1/lib/python3.12/site-packages/airflow/example_dags/example_nested_branch_dag.py
[2024-10-11T00:37:31.164+0000] {logging_mixin.py:190} INFO - [2024-10-11T00:37:31.164+0000] {dag.py:3239} INFO - Sync 1 DAGs
[2024-10-11T00:37:31.178+0000] {logging_mixin.py:190} INFO - [2024-10-11T00:37:31.178+0000] {dag.py:4180} INFO - Setting next_dagrun for example_nested_branch_dag to 2024-10-10 00:00:00+00:00, run_after=2024-10-11 00:00:00+00:00
[2024-10-11T00:37:31.233+0000] {processor.py:208} INFO - Processing /usr/local/python/3.12.1/lib/python3.12/site-packages/airflow/example_dags/example_nested_branch_dag.py took 0.152 seconds
[2024-10-11T00:38:56.316+0000] {processor.py:186} INFO - Started process (PID=58894) to work on /usr/local/python/3.12.1/lib/python3.12/site-packages/airflow/example_dags/example_nested_branch_dag.py
[2024-10-11T00:38:56.317+0000] {processor.py:914} INFO - Processing file /usr/local/python/3.12.1/lib/python3.12/site-packages/airflow/example_dags/example_nested_branch_dag.py for tasks to queue
[2024-10-11T00:38:56.318+0000] {logging_mixin.py:190} INFO - [2024-10-11T00:38:56.318+0000] {dagbag.py:588} INFO - Filling up the DagBag from /usr/local/python/3.12.1/lib/python3.12/site-packages/airflow/example_dags/example_nested_branch_dag.py
[2024-10-11T00:38:56.327+0000] {processor.py:925} INFO - DAG(s) 'example_nested_branch_dag' retrieved from /usr/local/python/3.12.1/lib/python3.12/site-packages/airflow/example_dags/example_nested_branch_dag.py
[2024-10-11T00:38:56.332+0000] {logging_mixin.py:190} INFO - [2024-10-11T00:38:56.332+0000] {dag.py:3239} INFO - Sync 1 DAGs
[2024-10-11T00:38:56.347+0000] {logging_mixin.py:190} INFO - [2024-10-11T00:38:56.347+0000] {dag.py:4180} INFO - Setting next_dagrun for example_nested_branch_dag to 2024-10-10 00:00:00+00:00, run_after=2024-10-11 00:00:00+00:00
[2024-10-11T00:38:56.389+0000] {processor.py:208} INFO - Processing /usr/local/python/3.12.1/lib/python3.12/site-packages/airflow/example_dags/example_nested_branch_dag.py took 0.076 seconds
[2024-10-11T00:39:58.101+0000] {processor.py:186} INFO - Started process (PID=59602) to work on /usr/local/python/3.12.1/lib/python3.12/site-packages/airflow/example_dags/example_nested_branch_dag.py
[2024-10-11T00:39:58.102+0000] {processor.py:914} INFO - Processing file /usr/local/python/3.12.1/lib/python3.12/site-packages/airflow/example_dags/example_nested_branch_dag.py for tasks to queue
[2024-10-11T00:39:58.103+0000] {logging_mixin.py:190} INFO - [2024-10-11T00:39:58.103+0000] {dagbag.py:588} INFO - Filling up the DagBag from /usr/local/python/3.12.1/lib/python3.12/site-packages/airflow/example_dags/example_nested_branch_dag.py
[2024-10-11T00:39:58.112+0000] {processor.py:925} INFO - DAG(s) 'example_nested_branch_dag' retrieved from /usr/local/python/3.12.1/lib/python3.12/site-packages/airflow/example_dags/example_nested_branch_dag.py
[2024-10-11T00:39:58.274+0000] {logging_mixin.py:190} INFO - [2024-10-11T00:39:58.274+0000] {dag.py:3239} INFO - Sync 1 DAGs
[2024-10-11T00:39:58.294+0000] {logging_mixin.py:190} INFO - [2024-10-11T00:39:58.293+0000] {dag.py:4180} INFO - Setting next_dagrun for example_nested_branch_dag to 2024-10-10 00:00:00+00:00, run_after=2024-10-11 00:00:00+00:00
[2024-10-11T00:39:58.336+0000] {processor.py:208} INFO - Processing /usr/local/python/3.12.1/lib/python3.12/site-packages/airflow/example_dags/example_nested_branch_dag.py took 0.239 seconds
[2024-10-11T00:41:00.698+0000] {processor.py:186} INFO - Started process (PID=60290) to work on /usr/local/python/3.12.1/lib/python3.12/site-packages/airflow/example_dags/example_nested_branch_dag.py
[2024-10-11T00:41:00.699+0000] {processor.py:914} INFO - Processing file /usr/local/python/3.12.1/lib/python3.12/site-packages/airflow/example_dags/example_nested_branch_dag.py for tasks to queue
[2024-10-11T00:41:00.701+0000] {logging_mixin.py:190} INFO - [2024-10-11T00:41:00.700+0000] {dagbag.py:588} INFO - Filling up the DagBag from /usr/local/python/3.12.1/lib/python3.12/site-packages/airflow/example_dags/example_nested_branch_dag.py
[2024-10-11T00:41:00.709+0000] {processor.py:925} INFO - DAG(s) 'example_nested_branch_dag' retrieved from /usr/local/python/3.12.1/lib/python3.12/site-packages/airflow/example_dags/example_nested_branch_dag.py
[2024-10-11T00:41:00.721+0000] {logging_mixin.py:190} INFO - [2024-10-11T00:41:00.721+0000] {dag.py:3239} INFO - Sync 1 DAGs
[2024-10-11T00:41:00.735+0000] {logging_mixin.py:190} INFO - [2024-10-11T00:41:00.735+0000] {dag.py:4180} INFO - Setting next_dagrun for example_nested_branch_dag to 2024-10-10 00:00:00+00:00, run_after=2024-10-11 00:00:00+00:00
[2024-10-11T00:41:00.786+0000] {processor.py:208} INFO - Processing /usr/local/python/3.12.1/lib/python3.12/site-packages/airflow/example_dags/example_nested_branch_dag.py took 0.092 seconds
[2024-10-11T00:42:01.109+0000] {processor.py:186} INFO - Started process (PID=60951) to work on /usr/local/python/3.12.1/lib/python3.12/site-packages/airflow/example_dags/example_nested_branch_dag.py
[2024-10-11T00:42:01.109+0000] {processor.py:914} INFO - Processing file /usr/local/python/3.12.1/lib/python3.12/site-packages/airflow/example_dags/example_nested_branch_dag.py for tasks to queue
[2024-10-11T00:42:01.111+0000] {logging_mixin.py:190} INFO - [2024-10-11T00:42:01.111+0000] {dagbag.py:588} INFO - Filling up the DagBag from /usr/local/python/3.12.1/lib/python3.12/site-packages/airflow/example_dags/example_nested_branch_dag.py
[2024-10-11T00:42:01.119+0000] {processor.py:925} INFO - DAG(s) 'example_nested_branch_dag' retrieved from /usr/local/python/3.12.1/lib/python3.12/site-packages/airflow/example_dags/example_nested_branch_dag.py
[2024-10-11T00:42:01.124+0000] {logging_mixin.py:190} INFO - [2024-10-11T00:42:01.124+0000] {dag.py:3239} INFO - Sync 1 DAGs
[2024-10-11T00:42:01.139+0000] {logging_mixin.py:190} INFO - [2024-10-11T00:42:01.139+0000] {dag.py:4180} INFO - Setting next_dagrun for example_nested_branch_dag to 2024-10-10 00:00:00+00:00, run_after=2024-10-11 00:00:00+00:00
[2024-10-11T00:42:01.187+0000] {processor.py:208} INFO - Processing /usr/local/python/3.12.1/lib/python3.12/site-packages/airflow/example_dags/example_nested_branch_dag.py took 0.083 seconds
[2024-10-11T00:43:06.289+0000] {processor.py:186} INFO - Started process (PID=61648) to work on /usr/local/python/3.12.1/lib/python3.12/site-packages/airflow/example_dags/example_nested_branch_dag.py
[2024-10-11T00:43:06.290+0000] {processor.py:914} INFO - Processing file /usr/local/python/3.12.1/lib/python3.12/site-packages/airflow/example_dags/example_nested_branch_dag.py for tasks to queue
[2024-10-11T00:43:06.293+0000] {logging_mixin.py:190} INFO - [2024-10-11T00:43:06.293+0000] {dagbag.py:588} INFO - Filling up the DagBag from /usr/local/python/3.12.1/lib/python3.12/site-packages/airflow/example_dags/example_nested_branch_dag.py
[2024-10-11T00:43:06.306+0000] {processor.py:925} INFO - DAG(s) 'example_nested_branch_dag' retrieved from /usr/local/python/3.12.1/lib/python3.12/site-packages/airflow/example_dags/example_nested_branch_dag.py
[2024-10-11T00:43:06.558+0000] {logging_mixin.py:190} INFO - [2024-10-11T00:43:06.558+0000] {dag.py:3239} INFO - Sync 1 DAGs
[2024-10-11T00:43:06.571+0000] {logging_mixin.py:190} INFO - [2024-10-11T00:43:06.571+0000] {dag.py:4180} INFO - Setting next_dagrun for example_nested_branch_dag to 2024-10-10 00:00:00+00:00, run_after=2024-10-11 00:00:00+00:00
[2024-10-11T00:43:06.615+0000] {processor.py:208} INFO - Processing /usr/local/python/3.12.1/lib/python3.12/site-packages/airflow/example_dags/example_nested_branch_dag.py took 0.331 seconds
[2024-10-11T00:44:12.646+0000] {processor.py:186} INFO - Started process (PID=62418) to work on /usr/local/python/3.12.1/lib/python3.12/site-packages/airflow/example_dags/example_nested_branch_dag.py
[2024-10-11T00:44:12.647+0000] {processor.py:914} INFO - Processing file /usr/local/python/3.12.1/lib/python3.12/site-packages/airflow/example_dags/example_nested_branch_dag.py for tasks to queue
[2024-10-11T00:44:12.649+0000] {logging_mixin.py:190} INFO - [2024-10-11T00:44:12.648+0000] {dagbag.py:588} INFO - Filling up the DagBag from /usr/local/python/3.12.1/lib/python3.12/site-packages/airflow/example_dags/example_nested_branch_dag.py
[2024-10-11T00:44:12.657+0000] {processor.py:925} INFO - DAG(s) 'example_nested_branch_dag' retrieved from /usr/local/python/3.12.1/lib/python3.12/site-packages/airflow/example_dags/example_nested_branch_dag.py
[2024-10-11T00:44:12.669+0000] {logging_mixin.py:190} INFO - [2024-10-11T00:44:12.668+0000] {dag.py:3239} INFO - Sync 1 DAGs
[2024-10-11T00:44:12.683+0000] {logging_mixin.py:190} INFO - [2024-10-11T00:44:12.683+0000] {dag.py:4180} INFO - Setting next_dagrun for example_nested_branch_dag to 2024-10-10 00:00:00+00:00, run_after=2024-10-11 00:00:00+00:00
[2024-10-11T00:44:12.738+0000] {processor.py:208} INFO - Processing /usr/local/python/3.12.1/lib/python3.12/site-packages/airflow/example_dags/example_nested_branch_dag.py took 0.095 seconds
[2024-10-11T00:45:42.651+0000] {processor.py:186} INFO - Started process (PID=63410) to work on /usr/local/python/3.12.1/lib/python3.12/site-packages/airflow/example_dags/example_nested_branch_dag.py
[2024-10-11T00:45:42.651+0000] {processor.py:914} INFO - Processing file /usr/local/python/3.12.1/lib/python3.12/site-packages/airflow/example_dags/example_nested_branch_dag.py for tasks to queue
[2024-10-11T00:45:42.653+0000] {logging_mixin.py:190} INFO - [2024-10-11T00:45:42.653+0000] {dagbag.py:588} INFO - Filling up the DagBag from /usr/local/python/3.12.1/lib/python3.12/site-packages/airflow/example_dags/example_nested_branch_dag.py
[2024-10-11T00:45:42.665+0000] {processor.py:925} INFO - DAG(s) 'example_nested_branch_dag' retrieved from /usr/local/python/3.12.1/lib/python3.12/site-packages/airflow/example_dags/example_nested_branch_dag.py
[2024-10-11T00:45:42.873+0000] {logging_mixin.py:190} INFO - [2024-10-11T00:45:42.873+0000] {dag.py:3239} INFO - Sync 1 DAGs
[2024-10-11T00:45:42.885+0000] {logging_mixin.py:190} INFO - [2024-10-11T00:45:42.885+0000] {dag.py:4180} INFO - Setting next_dagrun for example_nested_branch_dag to 2024-10-10 00:00:00+00:00, run_after=2024-10-11 00:00:00+00:00
[2024-10-11T00:45:42.945+0000] {processor.py:208} INFO - Processing /usr/local/python/3.12.1/lib/python3.12/site-packages/airflow/example_dags/example_nested_branch_dag.py took 0.300 seconds
[2024-10-11T00:46:46.533+0000] {processor.py:186} INFO - Started process (PID=64097) to work on /usr/local/python/3.12.1/lib/python3.12/site-packages/airflow/example_dags/example_nested_branch_dag.py
[2024-10-11T00:46:46.534+0000] {processor.py:914} INFO - Processing file /usr/local/python/3.12.1/lib/python3.12/site-packages/airflow/example_dags/example_nested_branch_dag.py for tasks to queue
[2024-10-11T00:46:46.535+0000] {logging_mixin.py:190} INFO - [2024-10-11T00:46:46.535+0000] {dagbag.py:588} INFO - Filling up the DagBag from /usr/local/python/3.12.1/lib/python3.12/site-packages/airflow/example_dags/example_nested_branch_dag.py
[2024-10-11T00:46:46.544+0000] {processor.py:925} INFO - DAG(s) 'example_nested_branch_dag' retrieved from /usr/local/python/3.12.1/lib/python3.12/site-packages/airflow/example_dags/example_nested_branch_dag.py
[2024-10-11T00:46:46.549+0000] {logging_mixin.py:190} INFO - [2024-10-11T00:46:46.549+0000] {dag.py:3239} INFO - Sync 1 DAGs
[2024-10-11T00:46:46.564+0000] {logging_mixin.py:190} INFO - [2024-10-11T00:46:46.564+0000] {dag.py:4180} INFO - Setting next_dagrun for example_nested_branch_dag to 2024-10-10 00:00:00+00:00, run_after=2024-10-11 00:00:00+00:00
[2024-10-11T00:46:46.724+0000] {processor.py:208} INFO - Processing /usr/local/python/3.12.1/lib/python3.12/site-packages/airflow/example_dags/example_nested_branch_dag.py took 0.195 seconds
[2024-10-11T00:47:48.335+0000] {processor.py:186} INFO - Started process (PID=64773) to work on /usr/local/python/3.12.1/lib/python3.12/site-packages/airflow/example_dags/example_nested_branch_dag.py
[2024-10-11T00:47:48.335+0000] {processor.py:914} INFO - Processing file /usr/local/python/3.12.1/lib/python3.12/site-packages/airflow/example_dags/example_nested_branch_dag.py for tasks to queue
[2024-10-11T00:47:48.337+0000] {logging_mixin.py:190} INFO - [2024-10-11T00:47:48.337+0000] {dagbag.py:588} INFO - Filling up the DagBag from /usr/local/python/3.12.1/lib/python3.12/site-packages/airflow/example_dags/example_nested_branch_dag.py
[2024-10-11T00:47:48.345+0000] {processor.py:925} INFO - DAG(s) 'example_nested_branch_dag' retrieved from /usr/local/python/3.12.1/lib/python3.12/site-packages/airflow/example_dags/example_nested_branch_dag.py
[2024-10-11T00:47:48.524+0000] {logging_mixin.py:190} INFO - [2024-10-11T00:47:48.524+0000] {dag.py:3239} INFO - Sync 1 DAGs
[2024-10-11T00:47:48.536+0000] {logging_mixin.py:190} INFO - [2024-10-11T00:47:48.536+0000] {dag.py:4180} INFO - Setting next_dagrun for example_nested_branch_dag to 2024-10-10 00:00:00+00:00, run_after=2024-10-11 00:00:00+00:00
[2024-10-11T00:47:48.576+0000] {processor.py:208} INFO - Processing /usr/local/python/3.12.1/lib/python3.12/site-packages/airflow/example_dags/example_nested_branch_dag.py took 0.245 seconds
[2024-10-11T00:48:57.074+0000] {processor.py:186} INFO - Started process (PID=65520) to work on /usr/local/python/3.12.1/lib/python3.12/site-packages/airflow/example_dags/example_nested_branch_dag.py
[2024-10-11T00:48:57.075+0000] {processor.py:914} INFO - Processing file /usr/local/python/3.12.1/lib/python3.12/site-packages/airflow/example_dags/example_nested_branch_dag.py for tasks to queue
[2024-10-11T00:48:57.076+0000] {logging_mixin.py:190} INFO - [2024-10-11T00:48:57.076+0000] {dagbag.py:588} INFO - Filling up the DagBag from /usr/local/python/3.12.1/lib/python3.12/site-packages/airflow/example_dags/example_nested_branch_dag.py
[2024-10-11T00:48:57.085+0000] {processor.py:925} INFO - DAG(s) 'example_nested_branch_dag' retrieved from /usr/local/python/3.12.1/lib/python3.12/site-packages/airflow/example_dags/example_nested_branch_dag.py
[2024-10-11T00:48:57.186+0000] {logging_mixin.py:190} INFO - [2024-10-11T00:48:57.186+0000] {dag.py:3239} INFO - Sync 1 DAGs
[2024-10-11T00:48:57.199+0000] {logging_mixin.py:190} INFO - [2024-10-11T00:48:57.199+0000] {dag.py:4180} INFO - Setting next_dagrun for example_nested_branch_dag to 2024-10-10 00:00:00+00:00, run_after=2024-10-11 00:00:00+00:00
[2024-10-11T00:48:57.234+0000] {processor.py:208} INFO - Processing /usr/local/python/3.12.1/lib/python3.12/site-packages/airflow/example_dags/example_nested_branch_dag.py took 0.164 seconds
[2024-10-11T00:49:59.252+0000] {processor.py:186} INFO - Started process (PID=66226) to work on /usr/local/python/3.12.1/lib/python3.12/site-packages/airflow/example_dags/example_nested_branch_dag.py
[2024-10-11T00:49:59.252+0000] {processor.py:914} INFO - Processing file /usr/local/python/3.12.1/lib/python3.12/site-packages/airflow/example_dags/example_nested_branch_dag.py for tasks to queue
[2024-10-11T00:49:59.254+0000] {logging_mixin.py:190} INFO - [2024-10-11T00:49:59.253+0000] {dagbag.py:588} INFO - Filling up the DagBag from /usr/local/python/3.12.1/lib/python3.12/site-packages/airflow/example_dags/example_nested_branch_dag.py
[2024-10-11T00:49:59.262+0000] {processor.py:925} INFO - DAG(s) 'example_nested_branch_dag' retrieved from /usr/local/python/3.12.1/lib/python3.12/site-packages/airflow/example_dags/example_nested_branch_dag.py
[2024-10-11T00:49:59.267+0000] {logging_mixin.py:190} INFO - [2024-10-11T00:49:59.267+0000] {dag.py:3239} INFO - Sync 1 DAGs
[2024-10-11T00:49:59.283+0000] {logging_mixin.py:190} INFO - [2024-10-11T00:49:59.283+0000] {dag.py:4180} INFO - Setting next_dagrun for example_nested_branch_dag to 2024-10-10 00:00:00+00:00, run_after=2024-10-11 00:00:00+00:00
[2024-10-11T00:49:59.433+0000] {processor.py:208} INFO - Processing /usr/local/python/3.12.1/lib/python3.12/site-packages/airflow/example_dags/example_nested_branch_dag.py took 0.186 seconds
[2024-10-11T00:51:01.252+0000] {processor.py:186} INFO - Started process (PID=66916) to work on /usr/local/python/3.12.1/lib/python3.12/site-packages/airflow/example_dags/example_nested_branch_dag.py
[2024-10-11T00:51:01.252+0000] {processor.py:914} INFO - Processing file /usr/local/python/3.12.1/lib/python3.12/site-packages/airflow/example_dags/example_nested_branch_dag.py for tasks to queue
[2024-10-11T00:51:01.254+0000] {logging_mixin.py:190} INFO - [2024-10-11T00:51:01.254+0000] {dagbag.py:588} INFO - Filling up the DagBag from /usr/local/python/3.12.1/lib/python3.12/site-packages/airflow/example_dags/example_nested_branch_dag.py
[2024-10-11T00:51:01.263+0000] {processor.py:925} INFO - DAG(s) 'example_nested_branch_dag' retrieved from /usr/local/python/3.12.1/lib/python3.12/site-packages/airflow/example_dags/example_nested_branch_dag.py
[2024-10-11T00:51:01.334+0000] {logging_mixin.py:190} INFO - [2024-10-11T00:51:01.333+0000] {dag.py:3239} INFO - Sync 1 DAGs
[2024-10-11T00:51:01.348+0000] {logging_mixin.py:190} INFO - [2024-10-11T00:51:01.347+0000] {dag.py:4180} INFO - Setting next_dagrun for example_nested_branch_dag to 2024-10-10 00:00:00+00:00, run_after=2024-10-11 00:00:00+00:00
[2024-10-11T00:51:01.389+0000] {processor.py:208} INFO - Processing /usr/local/python/3.12.1/lib/python3.12/site-packages/airflow/example_dags/example_nested_branch_dag.py took 0.141 seconds
[2024-10-11T00:52:01.047+0000] {processor.py:186} INFO - Started process (PID=67571) to work on /usr/local/python/3.12.1/lib/python3.12/site-packages/airflow/example_dags/example_nested_branch_dag.py
[2024-10-11T00:52:01.047+0000] {processor.py:914} INFO - Processing file /usr/local/python/3.12.1/lib/python3.12/site-packages/airflow/example_dags/example_nested_branch_dag.py for tasks to queue
[2024-10-11T00:52:01.049+0000] {logging_mixin.py:190} INFO - [2024-10-11T00:52:01.049+0000] {dagbag.py:588} INFO - Filling up the DagBag from /usr/local/python/3.12.1/lib/python3.12/site-packages/airflow/example_dags/example_nested_branch_dag.py
[2024-10-11T00:52:01.057+0000] {processor.py:925} INFO - DAG(s) 'example_nested_branch_dag' retrieved from /usr/local/python/3.12.1/lib/python3.12/site-packages/airflow/example_dags/example_nested_branch_dag.py
[2024-10-11T00:52:01.063+0000] {logging_mixin.py:190} INFO - [2024-10-11T00:52:01.063+0000] {dag.py:3239} INFO - Sync 1 DAGs
[2024-10-11T00:52:01.078+0000] {logging_mixin.py:190} INFO - [2024-10-11T00:52:01.078+0000] {dag.py:4180} INFO - Setting next_dagrun for example_nested_branch_dag to 2024-10-10 00:00:00+00:00, run_after=2024-10-11 00:00:00+00:00
[2024-10-11T00:52:01.152+0000] {processor.py:208} INFO - Processing /usr/local/python/3.12.1/lib/python3.12/site-packages/airflow/example_dags/example_nested_branch_dag.py took 0.109 seconds
[2024-10-11T00:52:58.802+0000] {processor.py:186} INFO - Started process (PID=68208) to work on /usr/local/python/3.12.1/lib/python3.12/site-packages/airflow/example_dags/example_nested_branch_dag.py
[2024-10-11T00:52:58.803+0000] {processor.py:914} INFO - Processing file /usr/local/python/3.12.1/lib/python3.12/site-packages/airflow/example_dags/example_nested_branch_dag.py for tasks to queue
[2024-10-11T00:52:58.805+0000] {logging_mixin.py:190} INFO - [2024-10-11T00:52:58.805+0000] {dagbag.py:588} INFO - Filling up the DagBag from /usr/local/python/3.12.1/lib/python3.12/site-packages/airflow/example_dags/example_nested_branch_dag.py
[2024-10-11T00:52:58.817+0000] {processor.py:925} INFO - DAG(s) 'example_nested_branch_dag' retrieved from /usr/local/python/3.12.1/lib/python3.12/site-packages/airflow/example_dags/example_nested_branch_dag.py
[2024-10-11T00:52:58.913+0000] {logging_mixin.py:190} INFO - [2024-10-11T00:52:58.913+0000] {dag.py:3239} INFO - Sync 1 DAGs
[2024-10-11T00:52:58.927+0000] {logging_mixin.py:190} INFO - [2024-10-11T00:52:58.927+0000] {dag.py:4180} INFO - Setting next_dagrun for example_nested_branch_dag to 2024-10-10 00:00:00+00:00, run_after=2024-10-11 00:00:00+00:00
[2024-10-11T00:52:58.970+0000] {processor.py:208} INFO - Processing /usr/local/python/3.12.1/lib/python3.12/site-packages/airflow/example_dags/example_nested_branch_dag.py took 0.173 seconds
[2024-10-11T00:54:20.192+0000] {processor.py:186} INFO - Started process (PID=69121) to work on /usr/local/python/3.12.1/lib/python3.12/site-packages/airflow/example_dags/example_nested_branch_dag.py
[2024-10-11T00:54:20.193+0000] {processor.py:914} INFO - Processing file /usr/local/python/3.12.1/lib/python3.12/site-packages/airflow/example_dags/example_nested_branch_dag.py for tasks to queue
[2024-10-11T00:54:20.194+0000] {logging_mixin.py:190} INFO - [2024-10-11T00:54:20.194+0000] {dagbag.py:588} INFO - Filling up the DagBag from /usr/local/python/3.12.1/lib/python3.12/site-packages/airflow/example_dags/example_nested_branch_dag.py
[2024-10-11T00:54:20.205+0000] {processor.py:925} INFO - DAG(s) 'example_nested_branch_dag' retrieved from /usr/local/python/3.12.1/lib/python3.12/site-packages/airflow/example_dags/example_nested_branch_dag.py
[2024-10-11T00:54:20.212+0000] {logging_mixin.py:190} INFO - [2024-10-11T00:54:20.212+0000] {dag.py:3239} INFO - Sync 1 DAGs
[2024-10-11T00:54:20.236+0000] {logging_mixin.py:190} INFO - [2024-10-11T00:54:20.235+0000] {dag.py:4180} INFO - Setting next_dagrun for example_nested_branch_dag to 2024-10-10 00:00:00+00:00, run_after=2024-10-11 00:00:00+00:00
[2024-10-11T00:54:20.287+0000] {processor.py:208} INFO - Processing /usr/local/python/3.12.1/lib/python3.12/site-packages/airflow/example_dags/example_nested_branch_dag.py took 0.099 seconds
[2024-10-11T00:55:44.495+0000] {processor.py:186} INFO - Started process (PID=70063) to work on /usr/local/python/3.12.1/lib/python3.12/site-packages/airflow/example_dags/example_nested_branch_dag.py
[2024-10-11T00:55:44.496+0000] {processor.py:914} INFO - Processing file /usr/local/python/3.12.1/lib/python3.12/site-packages/airflow/example_dags/example_nested_branch_dag.py for tasks to queue
[2024-10-11T00:55:44.498+0000] {logging_mixin.py:190} INFO - [2024-10-11T00:55:44.498+0000] {dagbag.py:588} INFO - Filling up the DagBag from /usr/local/python/3.12.1/lib/python3.12/site-packages/airflow/example_dags/example_nested_branch_dag.py
[2024-10-11T00:55:44.511+0000] {processor.py:925} INFO - DAG(s) 'example_nested_branch_dag' retrieved from /usr/local/python/3.12.1/lib/python3.12/site-packages/airflow/example_dags/example_nested_branch_dag.py
[2024-10-11T00:55:44.588+0000] {logging_mixin.py:190} INFO - [2024-10-11T00:55:44.588+0000] {dag.py:3239} INFO - Sync 1 DAGs
[2024-10-11T00:55:44.602+0000] {logging_mixin.py:190} INFO - [2024-10-11T00:55:44.602+0000] {dag.py:4180} INFO - Setting next_dagrun for example_nested_branch_dag to 2024-10-10 00:00:00+00:00, run_after=2024-10-11 00:00:00+00:00
[2024-10-11T00:55:44.655+0000] {processor.py:208} INFO - Processing /usr/local/python/3.12.1/lib/python3.12/site-packages/airflow/example_dags/example_nested_branch_dag.py took 0.166 seconds
[2024-10-11T00:56:42.150+0000] {processor.py:186} INFO - Started process (PID=70695) to work on /usr/local/python/3.12.1/lib/python3.12/site-packages/airflow/example_dags/example_nested_branch_dag.py
[2024-10-11T00:56:42.150+0000] {processor.py:914} INFO - Processing file /usr/local/python/3.12.1/lib/python3.12/site-packages/airflow/example_dags/example_nested_branch_dag.py for tasks to queue
[2024-10-11T00:56:42.152+0000] {logging_mixin.py:190} INFO - [2024-10-11T00:56:42.152+0000] {dagbag.py:588} INFO - Filling up the DagBag from /usr/local/python/3.12.1/lib/python3.12/site-packages/airflow/example_dags/example_nested_branch_dag.py
[2024-10-11T00:56:42.160+0000] {processor.py:925} INFO - DAG(s) 'example_nested_branch_dag' retrieved from /usr/local/python/3.12.1/lib/python3.12/site-packages/airflow/example_dags/example_nested_branch_dag.py
[2024-10-11T00:56:42.172+0000] {logging_mixin.py:190} INFO - [2024-10-11T00:56:42.172+0000] {dag.py:3239} INFO - Sync 1 DAGs
[2024-10-11T00:56:42.187+0000] {logging_mixin.py:190} INFO - [2024-10-11T00:56:42.187+0000] {dag.py:4180} INFO - Setting next_dagrun for example_nested_branch_dag to 2024-10-10 00:00:00+00:00, run_after=2024-10-11 00:00:00+00:00
[2024-10-11T00:56:42.231+0000] {processor.py:208} INFO - Processing /usr/local/python/3.12.1/lib/python3.12/site-packages/airflow/example_dags/example_nested_branch_dag.py took 0.085 seconds
[2024-10-11T00:57:42.046+0000] {processor.py:186} INFO - Started process (PID=71339) to work on /usr/local/python/3.12.1/lib/python3.12/site-packages/airflow/example_dags/example_nested_branch_dag.py
[2024-10-11T00:57:42.046+0000] {processor.py:914} INFO - Processing file /usr/local/python/3.12.1/lib/python3.12/site-packages/airflow/example_dags/example_nested_branch_dag.py for tasks to queue
[2024-10-11T00:57:42.048+0000] {logging_mixin.py:190} INFO - [2024-10-11T00:57:42.048+0000] {dagbag.py:588} INFO - Filling up the DagBag from /usr/local/python/3.12.1/lib/python3.12/site-packages/airflow/example_dags/example_nested_branch_dag.py
[2024-10-11T00:57:42.062+0000] {processor.py:925} INFO - DAG(s) 'example_nested_branch_dag' retrieved from /usr/local/python/3.12.1/lib/python3.12/site-packages/airflow/example_dags/example_nested_branch_dag.py
[2024-10-11T00:57:42.069+0000] {logging_mixin.py:190} INFO - [2024-10-11T00:57:42.069+0000] {dag.py:3239} INFO - Sync 1 DAGs
[2024-10-11T00:57:42.090+0000] {logging_mixin.py:190} INFO - [2024-10-11T00:57:42.090+0000] {dag.py:4180} INFO - Setting next_dagrun for example_nested_branch_dag to 2024-10-10 00:00:00+00:00, run_after=2024-10-11 00:00:00+00:00
[2024-10-11T00:57:42.133+0000] {processor.py:208} INFO - Processing /usr/local/python/3.12.1/lib/python3.12/site-packages/airflow/example_dags/example_nested_branch_dag.py took 0.093 seconds
[2024-10-11T00:58:39.442+0000] {processor.py:186} INFO - Started process (PID=71955) to work on /usr/local/python/3.12.1/lib/python3.12/site-packages/airflow/example_dags/example_nested_branch_dag.py
[2024-10-11T00:58:39.443+0000] {processor.py:914} INFO - Processing file /usr/local/python/3.12.1/lib/python3.12/site-packages/airflow/example_dags/example_nested_branch_dag.py for tasks to queue
[2024-10-11T00:58:39.444+0000] {logging_mixin.py:190} INFO - [2024-10-11T00:58:39.444+0000] {dagbag.py:588} INFO - Filling up the DagBag from /usr/local/python/3.12.1/lib/python3.12/site-packages/airflow/example_dags/example_nested_branch_dag.py
[2024-10-11T00:58:39.452+0000] {processor.py:925} INFO - DAG(s) 'example_nested_branch_dag' retrieved from /usr/local/python/3.12.1/lib/python3.12/site-packages/airflow/example_dags/example_nested_branch_dag.py
[2024-10-11T00:58:39.532+0000] {logging_mixin.py:190} INFO - [2024-10-11T00:58:39.532+0000] {dag.py:3239} INFO - Sync 1 DAGs
[2024-10-11T00:58:39.545+0000] {logging_mixin.py:190} INFO - [2024-10-11T00:58:39.545+0000] {dag.py:4180} INFO - Setting next_dagrun for example_nested_branch_dag to 2024-10-10 00:00:00+00:00, run_after=2024-10-11 00:00:00+00:00
[2024-10-11T00:58:39.588+0000] {processor.py:208} INFO - Processing /usr/local/python/3.12.1/lib/python3.12/site-packages/airflow/example_dags/example_nested_branch_dag.py took 0.149 seconds
[2024-10-11T01:00:01.715+0000] {processor.py:186} INFO - Started process (PID=72876) to work on /usr/local/python/3.12.1/lib/python3.12/site-packages/airflow/example_dags/example_nested_branch_dag.py
[2024-10-11T01:00:01.715+0000] {processor.py:914} INFO - Processing file /usr/local/python/3.12.1/lib/python3.12/site-packages/airflow/example_dags/example_nested_branch_dag.py for tasks to queue
[2024-10-11T01:00:01.717+0000] {logging_mixin.py:190} INFO - [2024-10-11T01:00:01.717+0000] {dagbag.py:588} INFO - Filling up the DagBag from /usr/local/python/3.12.1/lib/python3.12/site-packages/airflow/example_dags/example_nested_branch_dag.py
[2024-10-11T01:00:01.725+0000] {processor.py:925} INFO - DAG(s) 'example_nested_branch_dag' retrieved from /usr/local/python/3.12.1/lib/python3.12/site-packages/airflow/example_dags/example_nested_branch_dag.py
[2024-10-11T01:00:01.799+0000] {logging_mixin.py:190} INFO - [2024-10-11T01:00:01.798+0000] {dag.py:3239} INFO - Sync 1 DAGs
[2024-10-11T01:00:01.811+0000] {logging_mixin.py:190} INFO - [2024-10-11T01:00:01.811+0000] {dag.py:4180} INFO - Setting next_dagrun for example_nested_branch_dag to 2024-10-10 00:00:00+00:00, run_after=2024-10-11 00:00:00+00:00
[2024-10-11T01:00:01.854+0000] {processor.py:208} INFO - Processing /usr/local/python/3.12.1/lib/python3.12/site-packages/airflow/example_dags/example_nested_branch_dag.py took 0.144 seconds
[2024-10-11T01:01:00.267+0000] {processor.py:186} INFO - Started process (PID=73544) to work on /usr/local/python/3.12.1/lib/python3.12/site-packages/airflow/example_dags/example_nested_branch_dag.py
[2024-10-11T01:01:00.268+0000] {processor.py:914} INFO - Processing file /usr/local/python/3.12.1/lib/python3.12/site-packages/airflow/example_dags/example_nested_branch_dag.py for tasks to queue
[2024-10-11T01:01:00.270+0000] {logging_mixin.py:190} INFO - [2024-10-11T01:01:00.269+0000] {dagbag.py:588} INFO - Filling up the DagBag from /usr/local/python/3.12.1/lib/python3.12/site-packages/airflow/example_dags/example_nested_branch_dag.py
[2024-10-11T01:01:00.282+0000] {processor.py:925} INFO - DAG(s) 'example_nested_branch_dag' retrieved from /usr/local/python/3.12.1/lib/python3.12/site-packages/airflow/example_dags/example_nested_branch_dag.py
[2024-10-11T01:01:00.300+0000] {logging_mixin.py:190} INFO - [2024-10-11T01:01:00.299+0000] {dag.py:3239} INFO - Sync 1 DAGs
[2024-10-11T01:01:00.320+0000] {logging_mixin.py:190} INFO - [2024-10-11T01:01:00.320+0000] {dag.py:4180} INFO - Setting next_dagrun for example_nested_branch_dag to 2024-10-10 00:00:00+00:00, run_after=2024-10-11 00:00:00+00:00
[2024-10-11T01:01:00.374+0000] {processor.py:208} INFO - Processing /usr/local/python/3.12.1/lib/python3.12/site-packages/airflow/example_dags/example_nested_branch_dag.py took 0.113 seconds
[2024-10-11T01:01:58.274+0000] {processor.py:186} INFO - Started process (PID=74160) to work on /usr/local/python/3.12.1/lib/python3.12/site-packages/airflow/example_dags/example_nested_branch_dag.py
[2024-10-11T01:01:58.274+0000] {processor.py:914} INFO - Processing file /usr/local/python/3.12.1/lib/python3.12/site-packages/airflow/example_dags/example_nested_branch_dag.py for tasks to queue
[2024-10-11T01:01:58.276+0000] {logging_mixin.py:190} INFO - [2024-10-11T01:01:58.276+0000] {dagbag.py:588} INFO - Filling up the DagBag from /usr/local/python/3.12.1/lib/python3.12/site-packages/airflow/example_dags/example_nested_branch_dag.py
[2024-10-11T01:01:58.284+0000] {processor.py:925} INFO - DAG(s) 'example_nested_branch_dag' retrieved from /usr/local/python/3.12.1/lib/python3.12/site-packages/airflow/example_dags/example_nested_branch_dag.py
[2024-10-11T01:01:58.290+0000] {logging_mixin.py:190} INFO - [2024-10-11T01:01:58.290+0000] {dag.py:3239} INFO - Sync 1 DAGs
[2024-10-11T01:01:58.305+0000] {logging_mixin.py:190} INFO - [2024-10-11T01:01:58.305+0000] {dag.py:4180} INFO - Setting next_dagrun for example_nested_branch_dag to 2024-10-10 00:00:00+00:00, run_after=2024-10-11 00:00:00+00:00
[2024-10-11T01:01:58.361+0000] {processor.py:208} INFO - Processing /usr/local/python/3.12.1/lib/python3.12/site-packages/airflow/example_dags/example_nested_branch_dag.py took 0.091 seconds
[2024-10-11T01:02:55.473+0000] {processor.py:186} INFO - Started process (PID=74773) to work on /usr/local/python/3.12.1/lib/python3.12/site-packages/airflow/example_dags/example_nested_branch_dag.py
[2024-10-11T01:02:55.473+0000] {processor.py:914} INFO - Processing file /usr/local/python/3.12.1/lib/python3.12/site-packages/airflow/example_dags/example_nested_branch_dag.py for tasks to queue
[2024-10-11T01:02:55.475+0000] {logging_mixin.py:190} INFO - [2024-10-11T01:02:55.475+0000] {dagbag.py:588} INFO - Filling up the DagBag from /usr/local/python/3.12.1/lib/python3.12/site-packages/airflow/example_dags/example_nested_branch_dag.py
[2024-10-11T01:02:55.483+0000] {processor.py:925} INFO - DAG(s) 'example_nested_branch_dag' retrieved from /usr/local/python/3.12.1/lib/python3.12/site-packages/airflow/example_dags/example_nested_branch_dag.py
[2024-10-11T01:02:55.553+0000] {logging_mixin.py:190} INFO - [2024-10-11T01:02:55.552+0000] {dag.py:3239} INFO - Sync 1 DAGs
[2024-10-11T01:02:55.565+0000] {logging_mixin.py:190} INFO - [2024-10-11T01:02:55.565+0000] {dag.py:4180} INFO - Setting next_dagrun for example_nested_branch_dag to 2024-10-10 00:00:00+00:00, run_after=2024-10-11 00:00:00+00:00
[2024-10-11T01:02:55.627+0000] {processor.py:208} INFO - Processing /usr/local/python/3.12.1/lib/python3.12/site-packages/airflow/example_dags/example_nested_branch_dag.py took 0.158 seconds
[2024-10-11T01:04:15.227+0000] {processor.py:186} INFO - Started process (PID=75677) to work on /usr/local/python/3.12.1/lib/python3.12/site-packages/airflow/example_dags/example_nested_branch_dag.py
[2024-10-11T01:04:15.227+0000] {processor.py:914} INFO - Processing file /usr/local/python/3.12.1/lib/python3.12/site-packages/airflow/example_dags/example_nested_branch_dag.py for tasks to queue
[2024-10-11T01:04:15.229+0000] {logging_mixin.py:190} INFO - [2024-10-11T01:04:15.229+0000] {dagbag.py:588} INFO - Filling up the DagBag from /usr/local/python/3.12.1/lib/python3.12/site-packages/airflow/example_dags/example_nested_branch_dag.py
[2024-10-11T01:04:15.238+0000] {processor.py:925} INFO - DAG(s) 'example_nested_branch_dag' retrieved from /usr/local/python/3.12.1/lib/python3.12/site-packages/airflow/example_dags/example_nested_branch_dag.py
[2024-10-11T01:04:15.315+0000] {logging_mixin.py:190} INFO - [2024-10-11T01:04:15.315+0000] {dag.py:3239} INFO - Sync 1 DAGs
[2024-10-11T01:04:15.333+0000] {logging_mixin.py:190} INFO - [2024-10-11T01:04:15.333+0000] {dag.py:4180} INFO - Setting next_dagrun for example_nested_branch_dag to 2024-10-10 00:00:00+00:00, run_after=2024-10-11 00:00:00+00:00
[2024-10-11T01:04:15.375+0000] {processor.py:208} INFO - Processing /usr/local/python/3.12.1/lib/python3.12/site-packages/airflow/example_dags/example_nested_branch_dag.py took 0.152 seconds
[2024-10-11T01:05:40.810+0000] {processor.py:186} INFO - Started process (PID=76645) to work on /usr/local/python/3.12.1/lib/python3.12/site-packages/airflow/example_dags/example_nested_branch_dag.py
[2024-10-11T01:05:40.810+0000] {processor.py:914} INFO - Processing file /usr/local/python/3.12.1/lib/python3.12/site-packages/airflow/example_dags/example_nested_branch_dag.py for tasks to queue
[2024-10-11T01:05:40.812+0000] {logging_mixin.py:190} INFO - [2024-10-11T01:05:40.811+0000] {dagbag.py:588} INFO - Filling up the DagBag from /usr/local/python/3.12.1/lib/python3.12/site-packages/airflow/example_dags/example_nested_branch_dag.py
[2024-10-11T01:05:40.820+0000] {processor.py:925} INFO - DAG(s) 'example_nested_branch_dag' retrieved from /usr/local/python/3.12.1/lib/python3.12/site-packages/airflow/example_dags/example_nested_branch_dag.py
[2024-10-11T01:05:40.910+0000] {logging_mixin.py:190} INFO - [2024-10-11T01:05:40.910+0000] {dag.py:3239} INFO - Sync 1 DAGs
[2024-10-11T01:05:40.985+0000] {logging_mixin.py:190} INFO - [2024-10-11T01:05:40.985+0000] {dag.py:4180} INFO - Setting next_dagrun for example_nested_branch_dag to 2024-10-10 00:00:00+00:00, run_after=2024-10-11 00:00:00+00:00
[2024-10-11T01:05:41.025+0000] {processor.py:208} INFO - Processing /usr/local/python/3.12.1/lib/python3.12/site-packages/airflow/example_dags/example_nested_branch_dag.py took 0.219 seconds
[2024-10-11T01:07:01.071+0000] {processor.py:186} INFO - Started process (PID=77529) to work on /usr/local/python/3.12.1/lib/python3.12/site-packages/airflow/example_dags/example_nested_branch_dag.py
[2024-10-11T01:07:01.072+0000] {processor.py:914} INFO - Processing file /usr/local/python/3.12.1/lib/python3.12/site-packages/airflow/example_dags/example_nested_branch_dag.py for tasks to queue
[2024-10-11T01:07:01.074+0000] {logging_mixin.py:190} INFO - [2024-10-11T01:07:01.073+0000] {dagbag.py:588} INFO - Filling up the DagBag from /usr/local/python/3.12.1/lib/python3.12/site-packages/airflow/example_dags/example_nested_branch_dag.py
[2024-10-11T01:07:01.082+0000] {processor.py:925} INFO - DAG(s) 'example_nested_branch_dag' retrieved from /usr/local/python/3.12.1/lib/python3.12/site-packages/airflow/example_dags/example_nested_branch_dag.py
[2024-10-11T01:07:01.094+0000] {logging_mixin.py:190} INFO - [2024-10-11T01:07:01.094+0000] {dag.py:3239} INFO - Sync 1 DAGs
[2024-10-11T01:07:01.109+0000] {logging_mixin.py:190} INFO - [2024-10-11T01:07:01.109+0000] {dag.py:4180} INFO - Setting next_dagrun for example_nested_branch_dag to 2024-10-10 00:00:00+00:00, run_after=2024-10-11 00:00:00+00:00
[2024-10-11T01:07:01.158+0000] {processor.py:208} INFO - Processing /usr/local/python/3.12.1/lib/python3.12/site-packages/airflow/example_dags/example_nested_branch_dag.py took 0.091 seconds
[2024-10-11T01:07:58.723+0000] {processor.py:186} INFO - Started process (PID=78148) to work on /usr/local/python/3.12.1/lib/python3.12/site-packages/airflow/example_dags/example_nested_branch_dag.py
[2024-10-11T01:07:58.723+0000] {processor.py:914} INFO - Processing file /usr/local/python/3.12.1/lib/python3.12/site-packages/airflow/example_dags/example_nested_branch_dag.py for tasks to queue
[2024-10-11T01:07:58.725+0000] {logging_mixin.py:190} INFO - [2024-10-11T01:07:58.724+0000] {dagbag.py:588} INFO - Filling up the DagBag from /usr/local/python/3.12.1/lib/python3.12/site-packages/airflow/example_dags/example_nested_branch_dag.py
[2024-10-11T01:07:58.733+0000] {processor.py:925} INFO - DAG(s) 'example_nested_branch_dag' retrieved from /usr/local/python/3.12.1/lib/python3.12/site-packages/airflow/example_dags/example_nested_branch_dag.py
[2024-10-11T01:07:58.805+0000] {logging_mixin.py:190} INFO - [2024-10-11T01:07:58.804+0000] {dag.py:3239} INFO - Sync 1 DAGs
[2024-10-11T01:07:58.817+0000] {logging_mixin.py:190} INFO - [2024-10-11T01:07:58.817+0000] {dag.py:4180} INFO - Setting next_dagrun for example_nested_branch_dag to 2024-10-10 00:00:00+00:00, run_after=2024-10-11 00:00:00+00:00
[2024-10-11T01:07:58.872+0000] {processor.py:208} INFO - Processing /usr/local/python/3.12.1/lib/python3.12/site-packages/airflow/example_dags/example_nested_branch_dag.py took 0.154 seconds
[2024-10-11T01:08:57.346+0000] {processor.py:186} INFO - Started process (PID=78792) to work on /usr/local/python/3.12.1/lib/python3.12/site-packages/airflow/example_dags/example_nested_branch_dag.py
[2024-10-11T01:08:57.346+0000] {processor.py:914} INFO - Processing file /usr/local/python/3.12.1/lib/python3.12/site-packages/airflow/example_dags/example_nested_branch_dag.py for tasks to queue
[2024-10-11T01:08:57.348+0000] {logging_mixin.py:190} INFO - [2024-10-11T01:08:57.348+0000] {dagbag.py:588} INFO - Filling up the DagBag from /usr/local/python/3.12.1/lib/python3.12/site-packages/airflow/example_dags/example_nested_branch_dag.py
[2024-10-11T01:08:57.357+0000] {processor.py:925} INFO - DAG(s) 'example_nested_branch_dag' retrieved from /usr/local/python/3.12.1/lib/python3.12/site-packages/airflow/example_dags/example_nested_branch_dag.py
[2024-10-11T01:08:57.363+0000] {logging_mixin.py:190} INFO - [2024-10-11T01:08:57.363+0000] {dag.py:3239} INFO - Sync 1 DAGs
[2024-10-11T01:08:57.378+0000] {logging_mixin.py:190} INFO - [2024-10-11T01:08:57.378+0000] {dag.py:4180} INFO - Setting next_dagrun for example_nested_branch_dag to 2024-10-10 00:00:00+00:00, run_after=2024-10-11 00:00:00+00:00
[2024-10-11T01:08:57.418+0000] {processor.py:208} INFO - Processing /usr/local/python/3.12.1/lib/python3.12/site-packages/airflow/example_dags/example_nested_branch_dag.py took 0.076 seconds
[2024-10-11T01:10:19.150+0000] {processor.py:186} INFO - Started process (PID=79731) to work on /usr/local/python/3.12.1/lib/python3.12/site-packages/airflow/example_dags/example_nested_branch_dag.py
[2024-10-11T01:10:19.151+0000] {processor.py:914} INFO - Processing file /usr/local/python/3.12.1/lib/python3.12/site-packages/airflow/example_dags/example_nested_branch_dag.py for tasks to queue
[2024-10-11T01:10:19.152+0000] {logging_mixin.py:190} INFO - [2024-10-11T01:10:19.152+0000] {dagbag.py:588} INFO - Filling up the DagBag from /usr/local/python/3.12.1/lib/python3.12/site-packages/airflow/example_dags/example_nested_branch_dag.py
[2024-10-11T01:10:19.161+0000] {processor.py:925} INFO - DAG(s) 'example_nested_branch_dag' retrieved from /usr/local/python/3.12.1/lib/python3.12/site-packages/airflow/example_dags/example_nested_branch_dag.py
[2024-10-11T01:10:19.230+0000] {logging_mixin.py:190} INFO - [2024-10-11T01:10:19.230+0000] {dag.py:3239} INFO - Sync 1 DAGs
[2024-10-11T01:10:19.243+0000] {logging_mixin.py:190} INFO - [2024-10-11T01:10:19.243+0000] {dag.py:4180} INFO - Setting next_dagrun for example_nested_branch_dag to 2024-10-10 00:00:00+00:00, run_after=2024-10-11 00:00:00+00:00
[2024-10-11T01:10:19.280+0000] {processor.py:208} INFO - Processing /usr/local/python/3.12.1/lib/python3.12/site-packages/airflow/example_dags/example_nested_branch_dag.py took 0.134 seconds
[2024-10-11T01:11:41.621+0000] {processor.py:186} INFO - Started process (PID=80627) to work on /usr/local/python/3.12.1/lib/python3.12/site-packages/airflow/example_dags/example_nested_branch_dag.py
[2024-10-11T01:11:41.622+0000] {processor.py:914} INFO - Processing file /usr/local/python/3.12.1/lib/python3.12/site-packages/airflow/example_dags/example_nested_branch_dag.py for tasks to queue
[2024-10-11T01:11:41.623+0000] {logging_mixin.py:190} INFO - [2024-10-11T01:11:41.623+0000] {dagbag.py:588} INFO - Filling up the DagBag from /usr/local/python/3.12.1/lib/python3.12/site-packages/airflow/example_dags/example_nested_branch_dag.py
[2024-10-11T01:11:41.632+0000] {processor.py:925} INFO - DAG(s) 'example_nested_branch_dag' retrieved from /usr/local/python/3.12.1/lib/python3.12/site-packages/airflow/example_dags/example_nested_branch_dag.py
[2024-10-11T01:11:41.786+0000] {logging_mixin.py:190} INFO - [2024-10-11T01:11:41.785+0000] {dag.py:3239} INFO - Sync 1 DAGs
[2024-10-11T01:11:41.800+0000] {logging_mixin.py:190} INFO - [2024-10-11T01:11:41.800+0000] {dag.py:4180} INFO - Setting next_dagrun for example_nested_branch_dag to 2024-10-10 00:00:00+00:00, run_after=2024-10-11 00:00:00+00:00
[2024-10-11T01:11:41.837+0000] {processor.py:208} INFO - Processing /usr/local/python/3.12.1/lib/python3.12/site-packages/airflow/example_dags/example_nested_branch_dag.py took 0.220 seconds
[2024-10-11T01:12:39.099+0000] {processor.py:186} INFO - Started process (PID=81264) to work on /usr/local/python/3.12.1/lib/python3.12/site-packages/airflow/example_dags/example_nested_branch_dag.py
[2024-10-11T01:12:39.100+0000] {processor.py:914} INFO - Processing file /usr/local/python/3.12.1/lib/python3.12/site-packages/airflow/example_dags/example_nested_branch_dag.py for tasks to queue
[2024-10-11T01:12:39.101+0000] {logging_mixin.py:190} INFO - [2024-10-11T01:12:39.101+0000] {dagbag.py:588} INFO - Filling up the DagBag from /usr/local/python/3.12.1/lib/python3.12/site-packages/airflow/example_dags/example_nested_branch_dag.py
[2024-10-11T01:12:39.110+0000] {processor.py:925} INFO - DAG(s) 'example_nested_branch_dag' retrieved from /usr/local/python/3.12.1/lib/python3.12/site-packages/airflow/example_dags/example_nested_branch_dag.py
[2024-10-11T01:12:39.115+0000] {logging_mixin.py:190} INFO - [2024-10-11T01:12:39.115+0000] {dag.py:3239} INFO - Sync 1 DAGs
[2024-10-11T01:12:39.130+0000] {logging_mixin.py:190} INFO - [2024-10-11T01:12:39.130+0000] {dag.py:4180} INFO - Setting next_dagrun for example_nested_branch_dag to 2024-10-10 00:00:00+00:00, run_after=2024-10-11 00:00:00+00:00
[2024-10-11T01:12:39.201+0000] {processor.py:208} INFO - Processing /usr/local/python/3.12.1/lib/python3.12/site-packages/airflow/example_dags/example_nested_branch_dag.py took 0.106 seconds
[2024-10-11T01:13:37.604+0000] {processor.py:186} INFO - Started process (PID=81903) to work on /usr/local/python/3.12.1/lib/python3.12/site-packages/airflow/example_dags/example_nested_branch_dag.py
[2024-10-11T01:13:37.605+0000] {processor.py:914} INFO - Processing file /usr/local/python/3.12.1/lib/python3.12/site-packages/airflow/example_dags/example_nested_branch_dag.py for tasks to queue
[2024-10-11T01:13:37.606+0000] {logging_mixin.py:190} INFO - [2024-10-11T01:13:37.606+0000] {dagbag.py:588} INFO - Filling up the DagBag from /usr/local/python/3.12.1/lib/python3.12/site-packages/airflow/example_dags/example_nested_branch_dag.py
[2024-10-11T01:13:37.615+0000] {processor.py:925} INFO - DAG(s) 'example_nested_branch_dag' retrieved from /usr/local/python/3.12.1/lib/python3.12/site-packages/airflow/example_dags/example_nested_branch_dag.py
[2024-10-11T01:13:37.687+0000] {logging_mixin.py:190} INFO - [2024-10-11T01:13:37.687+0000] {dag.py:3239} INFO - Sync 1 DAGs
[2024-10-11T01:13:37.700+0000] {logging_mixin.py:190} INFO - [2024-10-11T01:13:37.700+0000] {dag.py:4180} INFO - Setting next_dagrun for example_nested_branch_dag to 2024-10-10 00:00:00+00:00, run_after=2024-10-11 00:00:00+00:00
[2024-10-11T01:13:37.738+0000] {processor.py:208} INFO - Processing /usr/local/python/3.12.1/lib/python3.12/site-packages/airflow/example_dags/example_nested_branch_dag.py took 0.138 seconds
[2024-10-11T01:14:55.820+0000] {processor.py:186} INFO - Started process (PID=82776) to work on /usr/local/python/3.12.1/lib/python3.12/site-packages/airflow/example_dags/example_nested_branch_dag.py
[2024-10-11T01:14:55.820+0000] {processor.py:914} INFO - Processing file /usr/local/python/3.12.1/lib/python3.12/site-packages/airflow/example_dags/example_nested_branch_dag.py for tasks to queue
[2024-10-11T01:14:55.822+0000] {logging_mixin.py:190} INFO - [2024-10-11T01:14:55.821+0000] {dagbag.py:588} INFO - Filling up the DagBag from /usr/local/python/3.12.1/lib/python3.12/site-packages/airflow/example_dags/example_nested_branch_dag.py
[2024-10-11T01:14:55.830+0000] {processor.py:925} INFO - DAG(s) 'example_nested_branch_dag' retrieved from /usr/local/python/3.12.1/lib/python3.12/site-packages/airflow/example_dags/example_nested_branch_dag.py
[2024-10-11T01:14:55.842+0000] {logging_mixin.py:190} INFO - [2024-10-11T01:14:55.841+0000] {dag.py:3239} INFO - Sync 1 DAGs
[2024-10-11T01:14:55.856+0000] {logging_mixin.py:190} INFO - [2024-10-11T01:14:55.856+0000] {dag.py:4180} INFO - Setting next_dagrun for example_nested_branch_dag to 2024-10-10 00:00:00+00:00, run_after=2024-10-11 00:00:00+00:00
[2024-10-11T01:14:55.891+0000] {processor.py:208} INFO - Processing /usr/local/python/3.12.1/lib/python3.12/site-packages/airflow/example_dags/example_nested_branch_dag.py took 0.076 seconds
[2024-10-11T01:15:54.303+0000] {processor.py:186} INFO - Started process (PID=83449) to work on /usr/local/python/3.12.1/lib/python3.12/site-packages/airflow/example_dags/example_nested_branch_dag.py
[2024-10-11T01:15:54.304+0000] {processor.py:914} INFO - Processing file /usr/local/python/3.12.1/lib/python3.12/site-packages/airflow/example_dags/example_nested_branch_dag.py for tasks to queue
[2024-10-11T01:15:54.306+0000] {logging_mixin.py:190} INFO - [2024-10-11T01:15:54.305+0000] {dagbag.py:588} INFO - Filling up the DagBag from /usr/local/python/3.12.1/lib/python3.12/site-packages/airflow/example_dags/example_nested_branch_dag.py
[2024-10-11T01:15:54.314+0000] {processor.py:925} INFO - DAG(s) 'example_nested_branch_dag' retrieved from /usr/local/python/3.12.1/lib/python3.12/site-packages/airflow/example_dags/example_nested_branch_dag.py
[2024-10-11T01:15:54.386+0000] {logging_mixin.py:190} INFO - [2024-10-11T01:15:54.385+0000] {dag.py:3239} INFO - Sync 1 DAGs
[2024-10-11T01:15:54.399+0000] {logging_mixin.py:190} INFO - [2024-10-11T01:15:54.399+0000] {dag.py:4180} INFO - Setting next_dagrun for example_nested_branch_dag to 2024-10-10 00:00:00+00:00, run_after=2024-10-11 00:00:00+00:00
[2024-10-11T01:15:54.437+0000] {processor.py:208} INFO - Processing /usr/local/python/3.12.1/lib/python3.12/site-packages/airflow/example_dags/example_nested_branch_dag.py took 0.141 seconds
[2024-10-11T01:17:11.746+0000] {processor.py:186} INFO - Started process (PID=84306) to work on /usr/local/python/3.12.1/lib/python3.12/site-packages/airflow/example_dags/example_nested_branch_dag.py
[2024-10-11T01:17:11.746+0000] {processor.py:914} INFO - Processing file /usr/local/python/3.12.1/lib/python3.12/site-packages/airflow/example_dags/example_nested_branch_dag.py for tasks to queue
[2024-10-11T01:17:11.748+0000] {logging_mixin.py:190} INFO - [2024-10-11T01:17:11.747+0000] {dagbag.py:588} INFO - Filling up the DagBag from /usr/local/python/3.12.1/lib/python3.12/site-packages/airflow/example_dags/example_nested_branch_dag.py
[2024-10-11T01:17:11.756+0000] {processor.py:925} INFO - DAG(s) 'example_nested_branch_dag' retrieved from /usr/local/python/3.12.1/lib/python3.12/site-packages/airflow/example_dags/example_nested_branch_dag.py
[2024-10-11T01:17:11.827+0000] {logging_mixin.py:190} INFO - [2024-10-11T01:17:11.826+0000] {dag.py:3239} INFO - Sync 1 DAGs
[2024-10-11T01:17:11.840+0000] {logging_mixin.py:190} INFO - [2024-10-11T01:17:11.839+0000] {dag.py:4180} INFO - Setting next_dagrun for example_nested_branch_dag to 2024-10-10 00:00:00+00:00, run_after=2024-10-11 00:00:00+00:00
[2024-10-11T01:17:11.900+0000] {processor.py:208} INFO - Processing /usr/local/python/3.12.1/lib/python3.12/site-packages/airflow/example_dags/example_nested_branch_dag.py took 0.159 seconds
[2024-10-11T01:18:30.659+0000] {processor.py:186} INFO - Started process (PID=85161) to work on /usr/local/python/3.12.1/lib/python3.12/site-packages/airflow/example_dags/example_nested_branch_dag.py
[2024-10-11T01:18:30.660+0000] {processor.py:914} INFO - Processing file /usr/local/python/3.12.1/lib/python3.12/site-packages/airflow/example_dags/example_nested_branch_dag.py for tasks to queue
[2024-10-11T01:18:30.662+0000] {logging_mixin.py:190} INFO - [2024-10-11T01:18:30.662+0000] {dagbag.py:588} INFO - Filling up the DagBag from /usr/local/python/3.12.1/lib/python3.12/site-packages/airflow/example_dags/example_nested_branch_dag.py
[2024-10-11T01:18:30.680+0000] {processor.py:925} INFO - DAG(s) 'example_nested_branch_dag' retrieved from /usr/local/python/3.12.1/lib/python3.12/site-packages/airflow/example_dags/example_nested_branch_dag.py
[2024-10-11T01:18:30.791+0000] {logging_mixin.py:190} INFO - [2024-10-11T01:18:30.790+0000] {dag.py:3239} INFO - Sync 1 DAGs
[2024-10-11T01:18:30.804+0000] {logging_mixin.py:190} INFO - [2024-10-11T01:18:30.804+0000] {dag.py:4180} INFO - Setting next_dagrun for example_nested_branch_dag to 2024-10-10 00:00:00+00:00, run_after=2024-10-11 00:00:00+00:00
[2024-10-11T01:18:30.837+0000] {processor.py:208} INFO - Processing /usr/local/python/3.12.1/lib/python3.12/site-packages/airflow/example_dags/example_nested_branch_dag.py took 0.182 seconds
[2024-10-11T01:19:29.065+0000] {processor.py:186} INFO - Started process (PID=85811) to work on /usr/local/python/3.12.1/lib/python3.12/site-packages/airflow/example_dags/example_nested_branch_dag.py
[2024-10-11T01:19:29.066+0000] {processor.py:914} INFO - Processing file /usr/local/python/3.12.1/lib/python3.12/site-packages/airflow/example_dags/example_nested_branch_dag.py for tasks to queue
[2024-10-11T01:19:29.067+0000] {logging_mixin.py:190} INFO - [2024-10-11T01:19:29.067+0000] {dagbag.py:588} INFO - Filling up the DagBag from /usr/local/python/3.12.1/lib/python3.12/site-packages/airflow/example_dags/example_nested_branch_dag.py
[2024-10-11T01:19:29.075+0000] {processor.py:925} INFO - DAG(s) 'example_nested_branch_dag' retrieved from /usr/local/python/3.12.1/lib/python3.12/site-packages/airflow/example_dags/example_nested_branch_dag.py
[2024-10-11T01:19:29.081+0000] {logging_mixin.py:190} INFO - [2024-10-11T01:19:29.080+0000] {dag.py:3239} INFO - Sync 1 DAGs
[2024-10-11T01:19:29.096+0000] {logging_mixin.py:190} INFO - [2024-10-11T01:19:29.095+0000] {dag.py:4180} INFO - Setting next_dagrun for example_nested_branch_dag to 2024-10-10 00:00:00+00:00, run_after=2024-10-11 00:00:00+00:00
[2024-10-11T01:19:29.150+0000] {processor.py:208} INFO - Processing /usr/local/python/3.12.1/lib/python3.12/site-packages/airflow/example_dags/example_nested_branch_dag.py took 0.089 seconds
[2024-10-11T01:20:25.098+0000] {processor.py:186} INFO - Started process (PID=86461) to work on /usr/local/python/3.12.1/lib/python3.12/site-packages/airflow/example_dags/example_nested_branch_dag.py
[2024-10-11T01:20:25.098+0000] {processor.py:914} INFO - Processing file /usr/local/python/3.12.1/lib/python3.12/site-packages/airflow/example_dags/example_nested_branch_dag.py for tasks to queue
[2024-10-11T01:20:25.100+0000] {logging_mixin.py:190} INFO - [2024-10-11T01:20:25.100+0000] {dagbag.py:588} INFO - Filling up the DagBag from /usr/local/python/3.12.1/lib/python3.12/site-packages/airflow/example_dags/example_nested_branch_dag.py
[2024-10-11T01:20:25.109+0000] {processor.py:925} INFO - DAG(s) 'example_nested_branch_dag' retrieved from /usr/local/python/3.12.1/lib/python3.12/site-packages/airflow/example_dags/example_nested_branch_dag.py
[2024-10-11T01:20:25.178+0000] {logging_mixin.py:190} INFO - [2024-10-11T01:20:25.178+0000] {dag.py:3239} INFO - Sync 1 DAGs
[2024-10-11T01:20:25.192+0000] {logging_mixin.py:190} INFO - [2024-10-11T01:20:25.192+0000] {dag.py:4180} INFO - Setting next_dagrun for example_nested_branch_dag to 2024-10-10 00:00:00+00:00, run_after=2024-10-11 00:00:00+00:00
[2024-10-11T01:20:25.248+0000] {processor.py:208} INFO - Processing /usr/local/python/3.12.1/lib/python3.12/site-packages/airflow/example_dags/example_nested_branch_dag.py took 0.154 seconds
[2024-10-11T01:21:46.116+0000] {processor.py:186} INFO - Started process (PID=87338) to work on /usr/local/python/3.12.1/lib/python3.12/site-packages/airflow/example_dags/example_nested_branch_dag.py
[2024-10-11T01:21:46.117+0000] {processor.py:914} INFO - Processing file /usr/local/python/3.12.1/lib/python3.12/site-packages/airflow/example_dags/example_nested_branch_dag.py for tasks to queue
[2024-10-11T01:21:46.120+0000] {logging_mixin.py:190} INFO - [2024-10-11T01:21:46.119+0000] {dagbag.py:588} INFO - Filling up the DagBag from /usr/local/python/3.12.1/lib/python3.12/site-packages/airflow/example_dags/example_nested_branch_dag.py
[2024-10-11T01:21:46.132+0000] {processor.py:925} INFO - DAG(s) 'example_nested_branch_dag' retrieved from /usr/local/python/3.12.1/lib/python3.12/site-packages/airflow/example_dags/example_nested_branch_dag.py
[2024-10-11T01:21:46.145+0000] {logging_mixin.py:190} INFO - [2024-10-11T01:21:46.145+0000] {dag.py:3239} INFO - Sync 1 DAGs
[2024-10-11T01:21:46.162+0000] {logging_mixin.py:190} INFO - [2024-10-11T01:21:46.162+0000] {dag.py:4180} INFO - Setting next_dagrun for example_nested_branch_dag to 2024-10-10 00:00:00+00:00, run_after=2024-10-11 00:00:00+00:00
[2024-10-11T01:21:46.202+0000] {processor.py:208} INFO - Processing /usr/local/python/3.12.1/lib/python3.12/site-packages/airflow/example_dags/example_nested_branch_dag.py took 0.091 seconds
[2024-10-11T01:23:04.233+0000] {processor.py:186} INFO - Started process (PID=88182) to work on /usr/local/python/3.12.1/lib/python3.12/site-packages/airflow/example_dags/example_nested_branch_dag.py
[2024-10-11T01:23:04.234+0000] {processor.py:914} INFO - Processing file /usr/local/python/3.12.1/lib/python3.12/site-packages/airflow/example_dags/example_nested_branch_dag.py for tasks to queue
[2024-10-11T01:23:04.235+0000] {logging_mixin.py:190} INFO - [2024-10-11T01:23:04.235+0000] {dagbag.py:588} INFO - Filling up the DagBag from /usr/local/python/3.12.1/lib/python3.12/site-packages/airflow/example_dags/example_nested_branch_dag.py
[2024-10-11T01:23:04.244+0000] {processor.py:925} INFO - DAG(s) 'example_nested_branch_dag' retrieved from /usr/local/python/3.12.1/lib/python3.12/site-packages/airflow/example_dags/example_nested_branch_dag.py
[2024-10-11T01:23:04.313+0000] {logging_mixin.py:190} INFO - [2024-10-11T01:23:04.312+0000] {dag.py:3239} INFO - Sync 1 DAGs
[2024-10-11T01:23:04.326+0000] {logging_mixin.py:190} INFO - [2024-10-11T01:23:04.326+0000] {dag.py:4180} INFO - Setting next_dagrun for example_nested_branch_dag to 2024-10-10 00:00:00+00:00, run_after=2024-10-11 00:00:00+00:00
[2024-10-11T01:23:04.364+0000] {processor.py:208} INFO - Processing /usr/local/python/3.12.1/lib/python3.12/site-packages/airflow/example_dags/example_nested_branch_dag.py took 0.135 seconds
[2024-10-11T01:24:00.229+0000] {processor.py:186} INFO - Started process (PID=88790) to work on /usr/local/python/3.12.1/lib/python3.12/site-packages/airflow/example_dags/example_nested_branch_dag.py
[2024-10-11T01:24:00.229+0000] {processor.py:914} INFO - Processing file /usr/local/python/3.12.1/lib/python3.12/site-packages/airflow/example_dags/example_nested_branch_dag.py for tasks to queue
[2024-10-11T01:24:00.231+0000] {logging_mixin.py:190} INFO - [2024-10-11T01:24:00.231+0000] {dagbag.py:588} INFO - Filling up the DagBag from /usr/local/python/3.12.1/lib/python3.12/site-packages/airflow/example_dags/example_nested_branch_dag.py
[2024-10-11T01:24:00.241+0000] {processor.py:925} INFO - DAG(s) 'example_nested_branch_dag' retrieved from /usr/local/python/3.12.1/lib/python3.12/site-packages/airflow/example_dags/example_nested_branch_dag.py
[2024-10-11T01:24:00.252+0000] {logging_mixin.py:190} INFO - [2024-10-11T01:24:00.252+0000] {dag.py:3239} INFO - Sync 1 DAGs
[2024-10-11T01:24:00.267+0000] {logging_mixin.py:190} INFO - [2024-10-11T01:24:00.267+0000] {dag.py:4180} INFO - Setting next_dagrun for example_nested_branch_dag to 2024-10-10 00:00:00+00:00, run_after=2024-10-11 00:00:00+00:00
[2024-10-11T01:24:00.304+0000] {processor.py:208} INFO - Processing /usr/local/python/3.12.1/lib/python3.12/site-packages/airflow/example_dags/example_nested_branch_dag.py took 0.079 seconds
[2024-10-11T01:24:57.996+0000] {processor.py:186} INFO - Started process (PID=89462) to work on /usr/local/python/3.12.1/lib/python3.12/site-packages/airflow/example_dags/example_nested_branch_dag.py
[2024-10-11T01:24:57.996+0000] {processor.py:914} INFO - Processing file /usr/local/python/3.12.1/lib/python3.12/site-packages/airflow/example_dags/example_nested_branch_dag.py for tasks to queue
[2024-10-11T01:24:57.999+0000] {logging_mixin.py:190} INFO - [2024-10-11T01:24:57.998+0000] {dagbag.py:588} INFO - Filling up the DagBag from /usr/local/python/3.12.1/lib/python3.12/site-packages/airflow/example_dags/example_nested_branch_dag.py
[2024-10-11T01:24:58.011+0000] {processor.py:925} INFO - DAG(s) 'example_nested_branch_dag' retrieved from /usr/local/python/3.12.1/lib/python3.12/site-packages/airflow/example_dags/example_nested_branch_dag.py
[2024-10-11T01:24:58.098+0000] {logging_mixin.py:190} INFO - [2024-10-11T01:24:58.098+0000] {dag.py:3239} INFO - Sync 1 DAGs
[2024-10-11T01:24:58.112+0000] {logging_mixin.py:190} INFO - [2024-10-11T01:24:58.111+0000] {dag.py:4180} INFO - Setting next_dagrun for example_nested_branch_dag to 2024-10-10 00:00:00+00:00, run_after=2024-10-11 00:00:00+00:00
[2024-10-11T01:24:58.163+0000] {processor.py:208} INFO - Processing /usr/local/python/3.12.1/lib/python3.12/site-packages/airflow/example_dags/example_nested_branch_dag.py took 0.173 seconds
[2024-10-11T01:25:58.680+0000] {processor.py:186} INFO - Started process (PID=90129) to work on /usr/local/python/3.12.1/lib/python3.12/site-packages/airflow/example_dags/example_nested_branch_dag.py
[2024-10-11T01:25:58.681+0000] {processor.py:914} INFO - Processing file /usr/local/python/3.12.1/lib/python3.12/site-packages/airflow/example_dags/example_nested_branch_dag.py for tasks to queue
[2024-10-11T01:25:58.683+0000] {logging_mixin.py:190} INFO - [2024-10-11T01:25:58.683+0000] {dagbag.py:588} INFO - Filling up the DagBag from /usr/local/python/3.12.1/lib/python3.12/site-packages/airflow/example_dags/example_nested_branch_dag.py
[2024-10-11T01:25:58.695+0000] {processor.py:925} INFO - DAG(s) 'example_nested_branch_dag' retrieved from /usr/local/python/3.12.1/lib/python3.12/site-packages/airflow/example_dags/example_nested_branch_dag.py
[2024-10-11T01:25:58.713+0000] {logging_mixin.py:190} INFO - [2024-10-11T01:25:58.713+0000] {dag.py:3239} INFO - Sync 1 DAGs
[2024-10-11T01:25:58.730+0000] {logging_mixin.py:190} INFO - [2024-10-11T01:25:58.730+0000] {dag.py:4180} INFO - Setting next_dagrun for example_nested_branch_dag to 2024-10-10 00:00:00+00:00, run_after=2024-10-11 00:00:00+00:00
[2024-10-11T01:25:58.765+0000] {processor.py:208} INFO - Processing /usr/local/python/3.12.1/lib/python3.12/site-packages/airflow/example_dags/example_nested_branch_dag.py took 0.090 seconds
[2024-10-11T01:27:19.276+0000] {processor.py:186} INFO - Started process (PID=90994) to work on /usr/local/python/3.12.1/lib/python3.12/site-packages/airflow/example_dags/example_nested_branch_dag.py
[2024-10-11T01:27:19.277+0000] {processor.py:914} INFO - Processing file /usr/local/python/3.12.1/lib/python3.12/site-packages/airflow/example_dags/example_nested_branch_dag.py for tasks to queue
[2024-10-11T01:27:19.279+0000] {logging_mixin.py:190} INFO - [2024-10-11T01:27:19.278+0000] {dagbag.py:588} INFO - Filling up the DagBag from /usr/local/python/3.12.1/lib/python3.12/site-packages/airflow/example_dags/example_nested_branch_dag.py
[2024-10-11T01:27:19.287+0000] {processor.py:925} INFO - DAG(s) 'example_nested_branch_dag' retrieved from /usr/local/python/3.12.1/lib/python3.12/site-packages/airflow/example_dags/example_nested_branch_dag.py
[2024-10-11T01:27:19.356+0000] {logging_mixin.py:190} INFO - [2024-10-11T01:27:19.356+0000] {dag.py:3239} INFO - Sync 1 DAGs
[2024-10-11T01:27:19.369+0000] {logging_mixin.py:190} INFO - [2024-10-11T01:27:19.368+0000] {dag.py:4180} INFO - Setting next_dagrun for example_nested_branch_dag to 2024-10-10 00:00:00+00:00, run_after=2024-10-11 00:00:00+00:00
[2024-10-11T01:27:19.425+0000] {processor.py:208} INFO - Processing /usr/local/python/3.12.1/lib/python3.12/site-packages/airflow/example_dags/example_nested_branch_dag.py took 0.153 seconds
[2024-10-11T01:28:16.781+0000] {processor.py:186} INFO - Started process (PID=91633) to work on /usr/local/python/3.12.1/lib/python3.12/site-packages/airflow/example_dags/example_nested_branch_dag.py
[2024-10-11T01:28:16.781+0000] {processor.py:914} INFO - Processing file /usr/local/python/3.12.1/lib/python3.12/site-packages/airflow/example_dags/example_nested_branch_dag.py for tasks to queue
[2024-10-11T01:28:16.783+0000] {logging_mixin.py:190} INFO - [2024-10-11T01:28:16.783+0000] {dagbag.py:588} INFO - Filling up the DagBag from /usr/local/python/3.12.1/lib/python3.12/site-packages/airflow/example_dags/example_nested_branch_dag.py
[2024-10-11T01:28:16.793+0000] {processor.py:925} INFO - DAG(s) 'example_nested_branch_dag' retrieved from /usr/local/python/3.12.1/lib/python3.12/site-packages/airflow/example_dags/example_nested_branch_dag.py
[2024-10-11T01:28:16.801+0000] {logging_mixin.py:190} INFO - [2024-10-11T01:28:16.801+0000] {dag.py:3239} INFO - Sync 1 DAGs
[2024-10-11T01:28:16.818+0000] {logging_mixin.py:190} INFO - [2024-10-11T01:28:16.818+0000] {dag.py:4180} INFO - Setting next_dagrun for example_nested_branch_dag to 2024-10-10 00:00:00+00:00, run_after=2024-10-11 00:00:00+00:00
[2024-10-11T01:28:16.861+0000] {processor.py:208} INFO - Processing /usr/local/python/3.12.1/lib/python3.12/site-packages/airflow/example_dags/example_nested_branch_dag.py took 0.084 seconds
[2024-10-11T01:29:38.400+0000] {processor.py:186} INFO - Started process (PID=92556) to work on /usr/local/python/3.12.1/lib/python3.12/site-packages/airflow/example_dags/example_nested_branch_dag.py
[2024-10-11T01:29:38.401+0000] {processor.py:914} INFO - Processing file /usr/local/python/3.12.1/lib/python3.12/site-packages/airflow/example_dags/example_nested_branch_dag.py for tasks to queue
[2024-10-11T01:29:38.403+0000] {logging_mixin.py:190} INFO - [2024-10-11T01:29:38.403+0000] {dagbag.py:588} INFO - Filling up the DagBag from /usr/local/python/3.12.1/lib/python3.12/site-packages/airflow/example_dags/example_nested_branch_dag.py
[2024-10-11T01:29:38.415+0000] {processor.py:925} INFO - DAG(s) 'example_nested_branch_dag' retrieved from /usr/local/python/3.12.1/lib/python3.12/site-packages/airflow/example_dags/example_nested_branch_dag.py
[2024-10-11T01:29:38.484+0000] {logging_mixin.py:190} INFO - [2024-10-11T01:29:38.484+0000] {dag.py:3239} INFO - Sync 1 DAGs
[2024-10-11T01:29:38.498+0000] {logging_mixin.py:190} INFO - [2024-10-11T01:29:38.497+0000] {dag.py:4180} INFO - Setting next_dagrun for example_nested_branch_dag to 2024-10-10 00:00:00+00:00, run_after=2024-10-11 00:00:00+00:00
[2024-10-11T01:29:38.546+0000] {processor.py:208} INFO - Processing /usr/local/python/3.12.1/lib/python3.12/site-packages/airflow/example_dags/example_nested_branch_dag.py took 0.150 seconds
