[2024-10-27T17:04:19.476+0000] {local_task_job_runner.py:123} INFO - ::group::Pre task execution logs
[2024-10-27T17:04:19.494+0000] {taskinstance.py:2612} INFO - Dependencies all met for dep_context=non-requeueable deps ti=<TaskInstance: our_first_dag_v3.first_task manual__2024-10-27T17:04:19.124545+00:00 [queued]>
[2024-10-27T17:04:19.503+0000] {taskinstance.py:2612} INFO - Dependencies all met for dep_context=requeueable deps ti=<TaskInstance: our_first_dag_v3.first_task manual__2024-10-27T17:04:19.124545+00:00 [queued]>
[2024-10-27T17:04:19.504+0000] {taskinstance.py:2865} INFO - Starting attempt 1 of 6
[2024-10-27T17:04:19.523+0000] {taskinstance.py:2888} INFO - Executing <Task(BashOperator): first_task> on 2024-10-27 17:04:19.124545+00:00
[2024-10-27T17:04:19.534+0000] {standard_task_runner.py:104} INFO - Running: ['***', 'tasks', 'run', 'our_first_dag_v3', 'first_task', 'manual__2024-10-27T17:04:19.124545+00:00', '--job-id', '66', '--raw', '--subdir', 'DAGS_FOLDER/our_first_dag.py', '--cfg-path', '/tmp/tmpk4okyx13']
[2024-10-27T17:04:19.537+0000] {standard_task_runner.py:105} INFO - Job 66: Subtask first_task
[2024-10-27T17:04:19.538+0000] {logging_mixin.py:190} WARNING - /home/***/.local/lib/python3.12/site-packages/***/task/task_runner/standard_task_runner.py:70 DeprecationWarning: This process (pid=583) is multi-threaded, use of fork() may lead to deadlocks in the child.
[2024-10-27T17:04:19.539+0000] {standard_task_runner.py:72} INFO - Started process 586 to run task
[2024-10-27T17:04:19.599+0000] {task_command.py:467} INFO - Running <TaskInstance: our_first_dag_v3.first_task manual__2024-10-27T17:04:19.124545+00:00 [running]> on host 2d730dc1e71d
[2024-10-27T17:04:19.823+0000] {taskinstance.py:3131} INFO - Exporting env vars: AIRFLOW_CTX_DAG_OWNER='johnwell' AIRFLOW_CTX_DAG_ID='our_first_dag_v3' AIRFLOW_CTX_TASK_ID='first_task' AIRFLOW_CTX_EXECUTION_DATE='2024-10-27T17:04:19.124545+00:00' AIRFLOW_CTX_TRY_NUMBER='1' AIRFLOW_CTX_DAG_RUN_ID='manual__2024-10-27T17:04:19.124545+00:00'
[2024-10-27T17:04:19.824+0000] {taskinstance.py:731} INFO - ::endgroup::
[2024-10-27T17:04:19.875+0000] {subprocess.py:63} INFO - Tmp dir root location: /tmp
[2024-10-27T17:04:19.876+0000] {subprocess.py:75} INFO - Running command: ['/usr/bin/bash', '-c', 'echo hello world, this is the first task!']
[2024-10-27T17:04:19.889+0000] {subprocess.py:86} INFO - Output:
[2024-10-27T17:04:19.892+0000] {subprocess.py:93} INFO - hello world, this is the first task!
[2024-10-27T17:04:19.893+0000] {subprocess.py:97} INFO - Command exited with return code 0
[2024-10-27T17:04:19.939+0000] {taskinstance.py:340} INFO - ::group::Post task execution logs
[2024-10-27T17:04:19.940+0000] {taskinstance.py:352} INFO - Marking task as SUCCESS. dag_id=our_first_dag_v3, task_id=first_task, run_id=manual__2024-10-27T17:04:19.124545+00:00, execution_date=20241027T170419, start_date=20241027T170419, end_date=20241027T170419
[2024-10-27T17:04:19.998+0000] {local_task_job_runner.py:266} INFO - Task exited with return code 0
[2024-10-27T17:04:20.053+0000] {taskinstance.py:3900} INFO - 2 downstream tasks scheduled from follow-on schedule check
[2024-10-27T17:04:20.062+0000] {local_task_job_runner.py:245} INFO - ::endgroup::
