[2024-10-31T20:54:45.091+0000] {local_task_job_runner.py:123} INFO - ::group::Pre task execution logs
[2024-10-31T20:54:45.147+0000] {taskinstance.py:2612} INFO - Dependencies all met for dep_context=non-requeueable deps ti=<TaskInstance: our_first_dag_v3.third_task scheduled__2024-10-30T00:00:00+00:00 [queued]>
[2024-10-31T20:54:45.160+0000] {taskinstance.py:2612} INFO - Dependencies all met for dep_context=requeueable deps ti=<TaskInstance: our_first_dag_v3.third_task scheduled__2024-10-30T00:00:00+00:00 [queued]>
[2024-10-31T20:54:45.161+0000] {taskinstance.py:2865} INFO - Starting attempt 1 of 6
[2024-10-31T20:54:45.221+0000] {taskinstance.py:2888} INFO - Executing <Task(BashOperator): third_task> on 2024-10-30 00:00:00+00:00
[2024-10-31T20:54:45.256+0000] {standard_task_runner.py:104} INFO - Running: ['***', 'tasks', 'run', 'our_first_dag_v3', 'third_task', 'scheduled__2024-10-30T00:00:00+00:00', '--job-id', '102', '--raw', '--subdir', 'DAGS_FOLDER/our_first_dag.py', '--cfg-path', '/tmp/tmpnug4953_']
[2024-10-31T20:54:45.271+0000] {standard_task_runner.py:105} INFO - Job 102: Subtask third_task
[2024-10-31T20:54:45.274+0000] {logging_mixin.py:190} WARNING - /home/***/.local/lib/python3.12/site-packages/***/task/task_runner/standard_task_runner.py:70 DeprecationWarning: This process (pid=196) is multi-threaded, use of fork() may lead to deadlocks in the child.
[2024-10-31T20:54:45.278+0000] {standard_task_runner.py:72} INFO - Started process 197 to run task
[2024-10-31T20:54:45.415+0000] {task_command.py:467} INFO - Running <TaskInstance: our_first_dag_v3.third_task scheduled__2024-10-30T00:00:00+00:00 [running]> on host 2d730dc1e71d
[2024-10-31T20:54:45.653+0000] {taskinstance.py:3131} INFO - Exporting env vars: AIRFLOW_CTX_DAG_OWNER='johnwell' AIRFLOW_CTX_DAG_ID='our_first_dag_v3' AIRFLOW_CTX_TASK_ID='third_task' AIRFLOW_CTX_EXECUTION_DATE='2024-10-30T00:00:00+00:00' AIRFLOW_CTX_TRY_NUMBER='1' AIRFLOW_CTX_DAG_RUN_ID='scheduled__2024-10-30T00:00:00+00:00'
[2024-10-31T20:54:45.655+0000] {taskinstance.py:731} INFO - ::endgroup::
[2024-10-31T20:54:45.700+0000] {subprocess.py:63} INFO - Tmp dir root location: /tmp
[2024-10-31T20:54:45.709+0000] {subprocess.py:75} INFO - Running command: ['/usr/bin/bash', '-c', 'echo this is task 3']
[2024-10-31T20:54:45.720+0000] {subprocess.py:86} INFO - Output:
[2024-10-31T20:54:45.723+0000] {subprocess.py:93} INFO - this is task 3
[2024-10-31T20:54:45.723+0000] {subprocess.py:97} INFO - Command exited with return code 0
[2024-10-31T20:54:46.273+0000] {taskinstance.py:340} INFO - ::group::Post task execution logs
[2024-10-31T20:54:46.273+0000] {taskinstance.py:352} INFO - Marking task as SUCCESS. dag_id=our_first_dag_v3, task_id=third_task, run_id=scheduled__2024-10-30T00:00:00+00:00, execution_date=20241030T000000, start_date=20241031T205445, end_date=20241031T205446
[2024-10-31T20:54:46.842+0000] {local_task_job_runner.py:266} INFO - Task exited with return code 0
[2024-10-31T20:54:46.871+0000] {local_task_job_runner.py:245} INFO - ::endgroup::
