[2024-10-31T20:54:38.136+0000] {processor.py:186} INFO - Started process (PID=185) to work on /opt/airflow/dags/our_first_dag.py
[2024-10-31T20:54:38.138+0000] {processor.py:914} INFO - Processing file /opt/airflow/dags/our_first_dag.py for tasks to queue
[2024-10-31T20:54:38.141+0000] {logging_mixin.py:190} INFO - [2024-10-31T20:54:38.140+0000] {dagbag.py:588} INFO - Filling up the DagBag from /opt/airflow/dags/our_first_dag.py
[2024-10-31T20:54:38.443+0000] {processor.py:925} INFO - DAG(s) 'our_first_dag_v3' retrieved from /opt/airflow/dags/our_first_dag.py
[2024-10-31T20:54:38.620+0000] {logging_mixin.py:190} INFO - [2024-10-31T20:54:38.620+0000] {dag.py:3239} INFO - Sync 1 DAGs
[2024-10-31T20:54:41.768+0000] {logging_mixin.py:190} INFO - [2024-10-31T20:54:41.768+0000] {dag.py:4180} INFO - Setting next_dagrun for our_first_dag_v3 to 2024-10-31 00:00:00+00:00, run_after=2024-11-01 00:00:00+00:00
[2024-10-31T20:54:42.181+0000] {processor.py:208} INFO - Processing /opt/airflow/dags/our_first_dag.py took 4.051 seconds
[2024-10-31T20:55:12.361+0000] {processor.py:186} INFO - Started process (PID=209) to work on /opt/airflow/dags/our_first_dag.py
[2024-10-31T20:55:12.362+0000] {processor.py:914} INFO - Processing file /opt/airflow/dags/our_first_dag.py for tasks to queue
[2024-10-31T20:55:12.364+0000] {logging_mixin.py:190} INFO - [2024-10-31T20:55:12.363+0000] {dagbag.py:588} INFO - Filling up the DagBag from /opt/airflow/dags/our_first_dag.py
[2024-10-31T20:55:12.383+0000] {processor.py:925} INFO - DAG(s) 'our_first_dag_v3' retrieved from /opt/airflow/dags/our_first_dag.py
[2024-10-31T20:55:12.410+0000] {logging_mixin.py:190} INFO - [2024-10-31T20:55:12.410+0000] {dag.py:3239} INFO - Sync 1 DAGs
[2024-10-31T20:55:12.436+0000] {logging_mixin.py:190} INFO - [2024-10-31T20:55:12.436+0000] {dag.py:4180} INFO - Setting next_dagrun for our_first_dag_v3 to 2024-10-31 00:00:00+00:00, run_after=2024-11-01 00:00:00+00:00
[2024-10-31T20:55:12.460+0000] {processor.py:208} INFO - Processing /opt/airflow/dags/our_first_dag.py took 0.104 seconds
[2024-10-31T20:55:42.547+0000] {processor.py:186} INFO - Started process (PID=220) to work on /opt/airflow/dags/our_first_dag.py
[2024-10-31T20:55:42.548+0000] {processor.py:914} INFO - Processing file /opt/airflow/dags/our_first_dag.py for tasks to queue
[2024-10-31T20:55:42.550+0000] {logging_mixin.py:190} INFO - [2024-10-31T20:55:42.550+0000] {dagbag.py:588} INFO - Filling up the DagBag from /opt/airflow/dags/our_first_dag.py
[2024-10-31T20:55:42.563+0000] {processor.py:925} INFO - DAG(s) 'our_first_dag_v3' retrieved from /opt/airflow/dags/our_first_dag.py
[2024-10-31T20:55:42.598+0000] {logging_mixin.py:190} INFO - [2024-10-31T20:55:42.598+0000] {dag.py:3239} INFO - Sync 1 DAGs
[2024-10-31T20:55:42.627+0000] {logging_mixin.py:190} INFO - [2024-10-31T20:55:42.627+0000] {dag.py:4180} INFO - Setting next_dagrun for our_first_dag_v3 to 2024-10-31 00:00:00+00:00, run_after=2024-11-01 00:00:00+00:00
[2024-10-31T20:55:42.667+0000] {processor.py:208} INFO - Processing /opt/airflow/dags/our_first_dag.py took 0.128 seconds
[2024-10-31T20:56:12.771+0000] {processor.py:186} INFO - Started process (PID=231) to work on /opt/airflow/dags/our_first_dag.py
[2024-10-31T20:56:12.772+0000] {processor.py:914} INFO - Processing file /opt/airflow/dags/our_first_dag.py for tasks to queue
[2024-10-31T20:56:12.775+0000] {logging_mixin.py:190} INFO - [2024-10-31T20:56:12.774+0000] {dagbag.py:588} INFO - Filling up the DagBag from /opt/airflow/dags/our_first_dag.py
[2024-10-31T20:56:12.790+0000] {processor.py:925} INFO - DAG(s) 'our_first_dag_v3' retrieved from /opt/airflow/dags/our_first_dag.py
[2024-10-31T20:56:12.818+0000] {logging_mixin.py:190} INFO - [2024-10-31T20:56:12.817+0000] {dag.py:3239} INFO - Sync 1 DAGs
[2024-10-31T20:56:12.845+0000] {logging_mixin.py:190} INFO - [2024-10-31T20:56:12.844+0000] {dag.py:4180} INFO - Setting next_dagrun for our_first_dag_v3 to 2024-10-31 00:00:00+00:00, run_after=2024-11-01 00:00:00+00:00
[2024-10-31T20:56:12.872+0000] {processor.py:208} INFO - Processing /opt/airflow/dags/our_first_dag.py took 0.106 seconds
[2024-10-31T20:56:42.965+0000] {processor.py:186} INFO - Started process (PID=242) to work on /opt/airflow/dags/our_first_dag.py
[2024-10-31T20:56:42.965+0000] {processor.py:914} INFO - Processing file /opt/airflow/dags/our_first_dag.py for tasks to queue
[2024-10-31T20:56:42.967+0000] {logging_mixin.py:190} INFO - [2024-10-31T20:56:42.967+0000] {dagbag.py:588} INFO - Filling up the DagBag from /opt/airflow/dags/our_first_dag.py
[2024-10-31T20:56:42.975+0000] {processor.py:925} INFO - DAG(s) 'our_first_dag_v3' retrieved from /opt/airflow/dags/our_first_dag.py
[2024-10-31T20:56:42.994+0000] {logging_mixin.py:190} INFO - [2024-10-31T20:56:42.993+0000] {dag.py:3239} INFO - Sync 1 DAGs
[2024-10-31T20:56:43.016+0000] {logging_mixin.py:190} INFO - [2024-10-31T20:56:43.016+0000] {dag.py:4180} INFO - Setting next_dagrun for our_first_dag_v3 to 2024-10-31 00:00:00+00:00, run_after=2024-11-01 00:00:00+00:00
[2024-10-31T20:56:43.125+0000] {processor.py:208} INFO - Processing /opt/airflow/dags/our_first_dag.py took 0.165 seconds
[2024-10-31T20:57:13.261+0000] {processor.py:186} INFO - Started process (PID=252) to work on /opt/airflow/dags/our_first_dag.py
[2024-10-31T20:57:13.262+0000] {processor.py:914} INFO - Processing file /opt/airflow/dags/our_first_dag.py for tasks to queue
[2024-10-31T20:57:13.264+0000] {logging_mixin.py:190} INFO - [2024-10-31T20:57:13.263+0000] {dagbag.py:588} INFO - Filling up the DagBag from /opt/airflow/dags/our_first_dag.py
[2024-10-31T20:57:13.272+0000] {processor.py:925} INFO - DAG(s) 'our_first_dag_v3' retrieved from /opt/airflow/dags/our_first_dag.py
[2024-10-31T20:57:13.296+0000] {logging_mixin.py:190} INFO - [2024-10-31T20:57:13.295+0000] {dag.py:3239} INFO - Sync 1 DAGs
[2024-10-31T20:57:13.323+0000] {logging_mixin.py:190} INFO - [2024-10-31T20:57:13.323+0000] {dag.py:4180} INFO - Setting next_dagrun for our_first_dag_v3 to 2024-10-31 00:00:00+00:00, run_after=2024-11-01 00:00:00+00:00
[2024-10-31T20:57:13.346+0000] {processor.py:208} INFO - Processing /opt/airflow/dags/our_first_dag.py took 0.089 seconds
[2024-10-31T20:57:43.401+0000] {processor.py:186} INFO - Started process (PID=263) to work on /opt/airflow/dags/our_first_dag.py
[2024-10-31T20:57:43.402+0000] {processor.py:914} INFO - Processing file /opt/airflow/dags/our_first_dag.py for tasks to queue
[2024-10-31T20:57:43.405+0000] {logging_mixin.py:190} INFO - [2024-10-31T20:57:43.404+0000] {dagbag.py:588} INFO - Filling up the DagBag from /opt/airflow/dags/our_first_dag.py
[2024-10-31T20:57:43.417+0000] {processor.py:925} INFO - DAG(s) 'our_first_dag_v3' retrieved from /opt/airflow/dags/our_first_dag.py
[2024-10-31T20:57:43.443+0000] {logging_mixin.py:190} INFO - [2024-10-31T20:57:43.443+0000] {dag.py:3239} INFO - Sync 1 DAGs
[2024-10-31T20:57:43.475+0000] {logging_mixin.py:190} INFO - [2024-10-31T20:57:43.475+0000] {dag.py:4180} INFO - Setting next_dagrun for our_first_dag_v3 to 2024-10-31 00:00:00+00:00, run_after=2024-11-01 00:00:00+00:00
[2024-10-31T20:57:43.505+0000] {processor.py:208} INFO - Processing /opt/airflow/dags/our_first_dag.py took 0.110 seconds
[2024-10-31T20:58:13.591+0000] {processor.py:186} INFO - Started process (PID=275) to work on /opt/airflow/dags/our_first_dag.py
[2024-10-31T20:58:13.592+0000] {processor.py:914} INFO - Processing file /opt/airflow/dags/our_first_dag.py for tasks to queue
[2024-10-31T20:58:13.594+0000] {logging_mixin.py:190} INFO - [2024-10-31T20:58:13.593+0000] {dagbag.py:588} INFO - Filling up the DagBag from /opt/airflow/dags/our_first_dag.py
[2024-10-31T20:58:13.602+0000] {processor.py:925} INFO - DAG(s) 'our_first_dag_v3' retrieved from /opt/airflow/dags/our_first_dag.py
[2024-10-31T20:58:13.621+0000] {logging_mixin.py:190} INFO - [2024-10-31T20:58:13.621+0000] {dag.py:3239} INFO - Sync 1 DAGs
[2024-10-31T20:58:13.639+0000] {logging_mixin.py:190} INFO - [2024-10-31T20:58:13.639+0000] {dag.py:4180} INFO - Setting next_dagrun for our_first_dag_v3 to 2024-10-31 00:00:00+00:00, run_after=2024-11-01 00:00:00+00:00
[2024-10-31T20:58:13.656+0000] {processor.py:208} INFO - Processing /opt/airflow/dags/our_first_dag.py took 0.069 seconds
[2024-10-31T20:58:43.763+0000] {processor.py:186} INFO - Started process (PID=287) to work on /opt/airflow/dags/our_first_dag.py
[2024-10-31T20:58:43.764+0000] {processor.py:914} INFO - Processing file /opt/airflow/dags/our_first_dag.py for tasks to queue
[2024-10-31T20:58:43.765+0000] {logging_mixin.py:190} INFO - [2024-10-31T20:58:43.765+0000] {dagbag.py:588} INFO - Filling up the DagBag from /opt/airflow/dags/our_first_dag.py
[2024-10-31T20:58:43.774+0000] {processor.py:925} INFO - DAG(s) 'our_first_dag_v3' retrieved from /opt/airflow/dags/our_first_dag.py
[2024-10-31T20:58:43.791+0000] {logging_mixin.py:190} INFO - [2024-10-31T20:58:43.791+0000] {dag.py:3239} INFO - Sync 1 DAGs
[2024-10-31T20:58:43.809+0000] {logging_mixin.py:190} INFO - [2024-10-31T20:58:43.809+0000] {dag.py:4180} INFO - Setting next_dagrun for our_first_dag_v3 to 2024-10-31 00:00:00+00:00, run_after=2024-11-01 00:00:00+00:00
[2024-10-31T20:58:43.826+0000] {processor.py:208} INFO - Processing /opt/airflow/dags/our_first_dag.py took 0.068 seconds
[2024-10-31T20:59:13.908+0000] {processor.py:186} INFO - Started process (PID=299) to work on /opt/airflow/dags/our_first_dag.py
[2024-10-31T20:59:13.909+0000] {processor.py:914} INFO - Processing file /opt/airflow/dags/our_first_dag.py for tasks to queue
[2024-10-31T20:59:13.910+0000] {logging_mixin.py:190} INFO - [2024-10-31T20:59:13.910+0000] {dagbag.py:588} INFO - Filling up the DagBag from /opt/airflow/dags/our_first_dag.py
[2024-10-31T20:59:13.921+0000] {processor.py:925} INFO - DAG(s) 'our_first_dag_v3' retrieved from /opt/airflow/dags/our_first_dag.py
[2024-10-31T20:59:13.942+0000] {logging_mixin.py:190} INFO - [2024-10-31T20:59:13.942+0000] {dag.py:3239} INFO - Sync 1 DAGs
[2024-10-31T20:59:13.960+0000] {logging_mixin.py:190} INFO - [2024-10-31T20:59:13.960+0000] {dag.py:4180} INFO - Setting next_dagrun for our_first_dag_v3 to 2024-10-31 00:00:00+00:00, run_after=2024-11-01 00:00:00+00:00
[2024-10-31T20:59:13.977+0000] {processor.py:208} INFO - Processing /opt/airflow/dags/our_first_dag.py took 0.073 seconds
[2024-10-31T20:59:44.076+0000] {processor.py:186} INFO - Started process (PID=310) to work on /opt/airflow/dags/our_first_dag.py
[2024-10-31T20:59:44.077+0000] {processor.py:914} INFO - Processing file /opt/airflow/dags/our_first_dag.py for tasks to queue
[2024-10-31T20:59:44.079+0000] {logging_mixin.py:190} INFO - [2024-10-31T20:59:44.079+0000] {dagbag.py:588} INFO - Filling up the DagBag from /opt/airflow/dags/our_first_dag.py
[2024-10-31T20:59:44.091+0000] {processor.py:925} INFO - DAG(s) 'our_first_dag_v3' retrieved from /opt/airflow/dags/our_first_dag.py
[2024-10-31T20:59:44.111+0000] {logging_mixin.py:190} INFO - [2024-10-31T20:59:44.110+0000] {dag.py:3239} INFO - Sync 1 DAGs
[2024-10-31T20:59:44.129+0000] {logging_mixin.py:190} INFO - [2024-10-31T20:59:44.129+0000] {dag.py:4180} INFO - Setting next_dagrun for our_first_dag_v3 to 2024-10-31 00:00:00+00:00, run_after=2024-11-01 00:00:00+00:00
[2024-10-31T20:59:44.146+0000] {processor.py:208} INFO - Processing /opt/airflow/dags/our_first_dag.py took 0.075 seconds
[2024-10-31T21:00:14.222+0000] {processor.py:186} INFO - Started process (PID=321) to work on /opt/airflow/dags/our_first_dag.py
[2024-10-31T21:00:14.223+0000] {processor.py:914} INFO - Processing file /opt/airflow/dags/our_first_dag.py for tasks to queue
[2024-10-31T21:00:14.225+0000] {logging_mixin.py:190} INFO - [2024-10-31T21:00:14.224+0000] {dagbag.py:588} INFO - Filling up the DagBag from /opt/airflow/dags/our_first_dag.py
[2024-10-31T21:00:14.237+0000] {processor.py:925} INFO - DAG(s) 'our_first_dag_v3' retrieved from /opt/airflow/dags/our_first_dag.py
[2024-10-31T21:00:14.267+0000] {logging_mixin.py:190} INFO - [2024-10-31T21:00:14.267+0000] {dag.py:3239} INFO - Sync 1 DAGs
[2024-10-31T21:00:14.295+0000] {logging_mixin.py:190} INFO - [2024-10-31T21:00:14.295+0000] {dag.py:4180} INFO - Setting next_dagrun for our_first_dag_v3 to 2024-10-31 00:00:00+00:00, run_after=2024-11-01 00:00:00+00:00
[2024-10-31T21:00:14.317+0000] {processor.py:208} INFO - Processing /opt/airflow/dags/our_first_dag.py took 0.101 seconds
[2024-10-31T21:00:44.401+0000] {processor.py:186} INFO - Started process (PID=332) to work on /opt/airflow/dags/our_first_dag.py
[2024-10-31T21:00:44.401+0000] {processor.py:914} INFO - Processing file /opt/airflow/dags/our_first_dag.py for tasks to queue
[2024-10-31T21:00:44.403+0000] {logging_mixin.py:190} INFO - [2024-10-31T21:00:44.403+0000] {dagbag.py:588} INFO - Filling up the DagBag from /opt/airflow/dags/our_first_dag.py
[2024-10-31T21:00:44.412+0000] {processor.py:925} INFO - DAG(s) 'our_first_dag_v3' retrieved from /opt/airflow/dags/our_first_dag.py
[2024-10-31T21:00:44.431+0000] {logging_mixin.py:190} INFO - [2024-10-31T21:00:44.431+0000] {dag.py:3239} INFO - Sync 1 DAGs
[2024-10-31T21:00:44.449+0000] {logging_mixin.py:190} INFO - [2024-10-31T21:00:44.449+0000] {dag.py:4180} INFO - Setting next_dagrun for our_first_dag_v3 to 2024-10-31 00:00:00+00:00, run_after=2024-11-01 00:00:00+00:00
[2024-10-31T21:00:44.468+0000] {processor.py:208} INFO - Processing /opt/airflow/dags/our_first_dag.py took 0.073 seconds
[2024-10-31T21:01:14.593+0000] {processor.py:186} INFO - Started process (PID=344) to work on /opt/airflow/dags/our_first_dag.py
[2024-10-31T21:01:14.593+0000] {processor.py:914} INFO - Processing file /opt/airflow/dags/our_first_dag.py for tasks to queue
[2024-10-31T21:01:14.595+0000] {logging_mixin.py:190} INFO - [2024-10-31T21:01:14.595+0000] {dagbag.py:588} INFO - Filling up the DagBag from /opt/airflow/dags/our_first_dag.py
[2024-10-31T21:01:14.605+0000] {processor.py:925} INFO - DAG(s) 'our_first_dag_v3' retrieved from /opt/airflow/dags/our_first_dag.py
[2024-10-31T21:01:14.626+0000] {logging_mixin.py:190} INFO - [2024-10-31T21:01:14.626+0000] {dag.py:3239} INFO - Sync 1 DAGs
[2024-10-31T21:01:14.644+0000] {logging_mixin.py:190} INFO - [2024-10-31T21:01:14.644+0000] {dag.py:4180} INFO - Setting next_dagrun for our_first_dag_v3 to 2024-10-31 00:00:00+00:00, run_after=2024-11-01 00:00:00+00:00
[2024-10-31T21:01:14.661+0000] {processor.py:208} INFO - Processing /opt/airflow/dags/our_first_dag.py took 0.073 seconds
[2024-10-31T21:01:44.729+0000] {processor.py:186} INFO - Started process (PID=355) to work on /opt/airflow/dags/our_first_dag.py
[2024-10-31T21:01:44.730+0000] {processor.py:914} INFO - Processing file /opt/airflow/dags/our_first_dag.py for tasks to queue
[2024-10-31T21:01:44.732+0000] {logging_mixin.py:190} INFO - [2024-10-31T21:01:44.731+0000] {dagbag.py:588} INFO - Filling up the DagBag from /opt/airflow/dags/our_first_dag.py
[2024-10-31T21:01:44.740+0000] {processor.py:925} INFO - DAG(s) 'our_first_dag_v3' retrieved from /opt/airflow/dags/our_first_dag.py
[2024-10-31T21:01:44.759+0000] {logging_mixin.py:190} INFO - [2024-10-31T21:01:44.759+0000] {dag.py:3239} INFO - Sync 1 DAGs
[2024-10-31T21:01:44.777+0000] {logging_mixin.py:190} INFO - [2024-10-31T21:01:44.777+0000] {dag.py:4180} INFO - Setting next_dagrun for our_first_dag_v3 to 2024-10-31 00:00:00+00:00, run_after=2024-11-01 00:00:00+00:00
[2024-10-31T21:01:44.896+0000] {processor.py:208} INFO - Processing /opt/airflow/dags/our_first_dag.py took 0.171 seconds
[2024-10-31T21:02:15.032+0000] {processor.py:186} INFO - Started process (PID=367) to work on /opt/airflow/dags/our_first_dag.py
[2024-10-31T21:02:15.032+0000] {processor.py:914} INFO - Processing file /opt/airflow/dags/our_first_dag.py for tasks to queue
[2024-10-31T21:02:15.034+0000] {logging_mixin.py:190} INFO - [2024-10-31T21:02:15.034+0000] {dagbag.py:588} INFO - Filling up the DagBag from /opt/airflow/dags/our_first_dag.py
[2024-10-31T21:02:15.042+0000] {processor.py:925} INFO - DAG(s) 'our_first_dag_v3' retrieved from /opt/airflow/dags/our_first_dag.py
[2024-10-31T21:02:15.064+0000] {logging_mixin.py:190} INFO - [2024-10-31T21:02:15.064+0000] {dag.py:3239} INFO - Sync 1 DAGs
[2024-10-31T21:02:15.188+0000] {logging_mixin.py:190} INFO - [2024-10-31T21:02:15.188+0000] {dag.py:4180} INFO - Setting next_dagrun for our_first_dag_v3 to 2024-10-31 00:00:00+00:00, run_after=2024-11-01 00:00:00+00:00
[2024-10-31T21:02:15.205+0000] {processor.py:208} INFO - Processing /opt/airflow/dags/our_first_dag.py took 0.178 seconds
[2024-10-31T21:02:45.334+0000] {processor.py:186} INFO - Started process (PID=378) to work on /opt/airflow/dags/our_first_dag.py
[2024-10-31T21:02:45.335+0000] {processor.py:914} INFO - Processing file /opt/airflow/dags/our_first_dag.py for tasks to queue
[2024-10-31T21:02:45.336+0000] {logging_mixin.py:190} INFO - [2024-10-31T21:02:45.336+0000] {dagbag.py:588} INFO - Filling up the DagBag from /opt/airflow/dags/our_first_dag.py
[2024-10-31T21:02:45.345+0000] {processor.py:925} INFO - DAG(s) 'our_first_dag_v3' retrieved from /opt/airflow/dags/our_first_dag.py
[2024-10-31T21:02:45.363+0000] {logging_mixin.py:190} INFO - [2024-10-31T21:02:45.363+0000] {dag.py:3239} INFO - Sync 1 DAGs
[2024-10-31T21:02:45.476+0000] {logging_mixin.py:190} INFO - [2024-10-31T21:02:45.476+0000] {dag.py:4180} INFO - Setting next_dagrun for our_first_dag_v3 to 2024-10-31 00:00:00+00:00, run_after=2024-11-01 00:00:00+00:00
[2024-10-31T21:02:45.494+0000] {processor.py:208} INFO - Processing /opt/airflow/dags/our_first_dag.py took 0.164 seconds
[2024-10-31T21:03:15.620+0000] {processor.py:186} INFO - Started process (PID=389) to work on /opt/airflow/dags/our_first_dag.py
[2024-10-31T21:03:15.621+0000] {processor.py:914} INFO - Processing file /opt/airflow/dags/our_first_dag.py for tasks to queue
[2024-10-31T21:03:15.622+0000] {logging_mixin.py:190} INFO - [2024-10-31T21:03:15.622+0000] {dagbag.py:588} INFO - Filling up the DagBag from /opt/airflow/dags/our_first_dag.py
[2024-10-31T21:03:15.631+0000] {processor.py:925} INFO - DAG(s) 'our_first_dag_v3' retrieved from /opt/airflow/dags/our_first_dag.py
[2024-10-31T21:03:15.748+0000] {logging_mixin.py:190} INFO - [2024-10-31T21:03:15.747+0000] {dag.py:3239} INFO - Sync 1 DAGs
[2024-10-31T21:03:15.764+0000] {logging_mixin.py:190} INFO - [2024-10-31T21:03:15.764+0000] {dag.py:4180} INFO - Setting next_dagrun for our_first_dag_v3 to 2024-10-31 00:00:00+00:00, run_after=2024-11-01 00:00:00+00:00
[2024-10-31T21:03:15.781+0000] {processor.py:208} INFO - Processing /opt/airflow/dags/our_first_dag.py took 0.165 seconds
[2024-10-31T21:03:46.007+0000] {processor.py:186} INFO - Started process (PID=400) to work on /opt/airflow/dags/our_first_dag.py
[2024-10-31T21:03:46.008+0000] {processor.py:914} INFO - Processing file /opt/airflow/dags/our_first_dag.py for tasks to queue
[2024-10-31T21:03:46.009+0000] {logging_mixin.py:190} INFO - [2024-10-31T21:03:46.009+0000] {dagbag.py:588} INFO - Filling up the DagBag from /opt/airflow/dags/our_first_dag.py
[2024-10-31T21:03:46.018+0000] {processor.py:925} INFO - DAG(s) 'our_first_dag_v3' retrieved from /opt/airflow/dags/our_first_dag.py
[2024-10-31T21:03:46.037+0000] {logging_mixin.py:190} INFO - [2024-10-31T21:03:46.036+0000] {dag.py:3239} INFO - Sync 1 DAGs
[2024-10-31T21:03:46.054+0000] {logging_mixin.py:190} INFO - [2024-10-31T21:03:46.054+0000] {dag.py:4180} INFO - Setting next_dagrun for our_first_dag_v3 to 2024-10-31 00:00:00+00:00, run_after=2024-11-01 00:00:00+00:00
[2024-10-31T21:03:46.071+0000] {processor.py:208} INFO - Processing /opt/airflow/dags/our_first_dag.py took 0.069 seconds
[2024-10-31T21:04:16.142+0000] {processor.py:186} INFO - Started process (PID=412) to work on /opt/airflow/dags/our_first_dag.py
[2024-10-31T21:04:16.143+0000] {processor.py:914} INFO - Processing file /opt/airflow/dags/our_first_dag.py for tasks to queue
[2024-10-31T21:04:16.144+0000] {logging_mixin.py:190} INFO - [2024-10-31T21:04:16.144+0000] {dagbag.py:588} INFO - Filling up the DagBag from /opt/airflow/dags/our_first_dag.py
[2024-10-31T21:04:16.153+0000] {processor.py:925} INFO - DAG(s) 'our_first_dag_v3' retrieved from /opt/airflow/dags/our_first_dag.py
[2024-10-31T21:04:16.172+0000] {logging_mixin.py:190} INFO - [2024-10-31T21:04:16.172+0000] {dag.py:3239} INFO - Sync 1 DAGs
[2024-10-31T21:04:16.191+0000] {logging_mixin.py:190} INFO - [2024-10-31T21:04:16.191+0000] {dag.py:4180} INFO - Setting next_dagrun for our_first_dag_v3 to 2024-10-31 00:00:00+00:00, run_after=2024-11-01 00:00:00+00:00
[2024-10-31T21:04:16.210+0000] {processor.py:208} INFO - Processing /opt/airflow/dags/our_first_dag.py took 0.073 seconds
[2024-10-31T21:04:46.318+0000] {processor.py:186} INFO - Started process (PID=423) to work on /opt/airflow/dags/our_first_dag.py
[2024-10-31T21:04:46.319+0000] {processor.py:914} INFO - Processing file /opt/airflow/dags/our_first_dag.py for tasks to queue
[2024-10-31T21:04:46.321+0000] {logging_mixin.py:190} INFO - [2024-10-31T21:04:46.320+0000] {dagbag.py:588} INFO - Filling up the DagBag from /opt/airflow/dags/our_first_dag.py
[2024-10-31T21:04:46.329+0000] {processor.py:925} INFO - DAG(s) 'our_first_dag_v3' retrieved from /opt/airflow/dags/our_first_dag.py
[2024-10-31T21:04:46.347+0000] {logging_mixin.py:190} INFO - [2024-10-31T21:04:46.347+0000] {dag.py:3239} INFO - Sync 1 DAGs
[2024-10-31T21:04:46.365+0000] {logging_mixin.py:190} INFO - [2024-10-31T21:04:46.365+0000] {dag.py:4180} INFO - Setting next_dagrun for our_first_dag_v3 to 2024-10-31 00:00:00+00:00, run_after=2024-11-01 00:00:00+00:00
[2024-10-31T21:04:46.385+0000] {processor.py:208} INFO - Processing /opt/airflow/dags/our_first_dag.py took 0.073 seconds
[2024-10-31T21:05:16.475+0000] {processor.py:186} INFO - Started process (PID=434) to work on /opt/airflow/dags/our_first_dag.py
[2024-10-31T21:05:16.476+0000] {processor.py:914} INFO - Processing file /opt/airflow/dags/our_first_dag.py for tasks to queue
[2024-10-31T21:05:16.478+0000] {logging_mixin.py:190} INFO - [2024-10-31T21:05:16.478+0000] {dagbag.py:588} INFO - Filling up the DagBag from /opt/airflow/dags/our_first_dag.py
[2024-10-31T21:05:16.495+0000] {processor.py:925} INFO - DAG(s) 'our_first_dag_v3' retrieved from /opt/airflow/dags/our_first_dag.py
[2024-10-31T21:05:16.522+0000] {logging_mixin.py:190} INFO - [2024-10-31T21:05:16.521+0000] {dag.py:3239} INFO - Sync 1 DAGs
[2024-10-31T21:05:16.551+0000] {logging_mixin.py:190} INFO - [2024-10-31T21:05:16.550+0000] {dag.py:4180} INFO - Setting next_dagrun for our_first_dag_v3 to 2024-10-31 00:00:00+00:00, run_after=2024-11-01 00:00:00+00:00
[2024-10-31T21:05:16.576+0000] {processor.py:208} INFO - Processing /opt/airflow/dags/our_first_dag.py took 0.108 seconds
[2024-10-31T21:05:46.636+0000] {processor.py:186} INFO - Started process (PID=445) to work on /opt/airflow/dags/our_first_dag.py
[2024-10-31T21:05:46.636+0000] {processor.py:914} INFO - Processing file /opt/airflow/dags/our_first_dag.py for tasks to queue
[2024-10-31T21:05:46.638+0000] {logging_mixin.py:190} INFO - [2024-10-31T21:05:46.638+0000] {dagbag.py:588} INFO - Filling up the DagBag from /opt/airflow/dags/our_first_dag.py
[2024-10-31T21:05:46.646+0000] {processor.py:925} INFO - DAG(s) 'our_first_dag_v3' retrieved from /opt/airflow/dags/our_first_dag.py
[2024-10-31T21:05:46.665+0000] {logging_mixin.py:190} INFO - [2024-10-31T21:05:46.665+0000] {dag.py:3239} INFO - Sync 1 DAGs
[2024-10-31T21:05:46.682+0000] {logging_mixin.py:190} INFO - [2024-10-31T21:05:46.682+0000] {dag.py:4180} INFO - Setting next_dagrun for our_first_dag_v3 to 2024-10-31 00:00:00+00:00, run_after=2024-11-01 00:00:00+00:00
[2024-10-31T21:05:46.704+0000] {processor.py:208} INFO - Processing /opt/airflow/dags/our_first_dag.py took 0.073 seconds
[2024-10-31T21:06:16.842+0000] {processor.py:186} INFO - Started process (PID=456) to work on /opt/airflow/dags/our_first_dag.py
[2024-10-31T21:06:16.842+0000] {processor.py:914} INFO - Processing file /opt/airflow/dags/our_first_dag.py for tasks to queue
[2024-10-31T21:06:16.844+0000] {logging_mixin.py:190} INFO - [2024-10-31T21:06:16.844+0000] {dagbag.py:588} INFO - Filling up the DagBag from /opt/airflow/dags/our_first_dag.py
[2024-10-31T21:06:16.852+0000] {processor.py:925} INFO - DAG(s) 'our_first_dag_v3' retrieved from /opt/airflow/dags/our_first_dag.py
[2024-10-31T21:06:16.870+0000] {logging_mixin.py:190} INFO - [2024-10-31T21:06:16.870+0000] {dag.py:3239} INFO - Sync 1 DAGs
[2024-10-31T21:06:16.888+0000] {logging_mixin.py:190} INFO - [2024-10-31T21:06:16.888+0000] {dag.py:4180} INFO - Setting next_dagrun for our_first_dag_v3 to 2024-10-31 00:00:00+00:00, run_after=2024-11-01 00:00:00+00:00
[2024-10-31T21:06:16.906+0000] {processor.py:208} INFO - Processing /opt/airflow/dags/our_first_dag.py took 0.069 seconds
[2024-10-31T21:06:46.985+0000] {processor.py:186} INFO - Started process (PID=467) to work on /opt/airflow/dags/our_first_dag.py
[2024-10-31T21:06:46.986+0000] {processor.py:914} INFO - Processing file /opt/airflow/dags/our_first_dag.py for tasks to queue
[2024-10-31T21:06:46.987+0000] {logging_mixin.py:190} INFO - [2024-10-31T21:06:46.987+0000] {dagbag.py:588} INFO - Filling up the DagBag from /opt/airflow/dags/our_first_dag.py
[2024-10-31T21:06:46.996+0000] {processor.py:925} INFO - DAG(s) 'our_first_dag_v3' retrieved from /opt/airflow/dags/our_first_dag.py
[2024-10-31T21:06:47.015+0000] {logging_mixin.py:190} INFO - [2024-10-31T21:06:47.015+0000] {dag.py:3239} INFO - Sync 1 DAGs
[2024-10-31T21:06:47.033+0000] {logging_mixin.py:190} INFO - [2024-10-31T21:06:47.033+0000] {dag.py:4180} INFO - Setting next_dagrun for our_first_dag_v3 to 2024-10-31 00:00:00+00:00, run_after=2024-11-01 00:00:00+00:00
[2024-10-31T21:06:47.070+0000] {processor.py:208} INFO - Processing /opt/airflow/dags/our_first_dag.py took 0.090 seconds
[2024-10-31T21:07:17.150+0000] {processor.py:186} INFO - Started process (PID=478) to work on /opt/airflow/dags/our_first_dag.py
[2024-10-31T21:07:17.150+0000] {processor.py:914} INFO - Processing file /opt/airflow/dags/our_first_dag.py for tasks to queue
[2024-10-31T21:07:17.152+0000] {logging_mixin.py:190} INFO - [2024-10-31T21:07:17.151+0000] {dagbag.py:588} INFO - Filling up the DagBag from /opt/airflow/dags/our_first_dag.py
[2024-10-31T21:07:17.163+0000] {processor.py:925} INFO - DAG(s) 'our_first_dag_v3' retrieved from /opt/airflow/dags/our_first_dag.py
[2024-10-31T21:07:17.186+0000] {logging_mixin.py:190} INFO - [2024-10-31T21:07:17.185+0000] {dag.py:3239} INFO - Sync 1 DAGs
[2024-10-31T21:07:17.206+0000] {logging_mixin.py:190} INFO - [2024-10-31T21:07:17.206+0000] {dag.py:4180} INFO - Setting next_dagrun for our_first_dag_v3 to 2024-10-31 00:00:00+00:00, run_after=2024-11-01 00:00:00+00:00
[2024-10-31T21:07:17.226+0000] {processor.py:208} INFO - Processing /opt/airflow/dags/our_first_dag.py took 0.080 seconds
[2024-10-31T21:07:47.320+0000] {processor.py:186} INFO - Started process (PID=489) to work on /opt/airflow/dags/our_first_dag.py
[2024-10-31T21:07:47.321+0000] {processor.py:914} INFO - Processing file /opt/airflow/dags/our_first_dag.py for tasks to queue
[2024-10-31T21:07:47.323+0000] {logging_mixin.py:190} INFO - [2024-10-31T21:07:47.322+0000] {dagbag.py:588} INFO - Filling up the DagBag from /opt/airflow/dags/our_first_dag.py
[2024-10-31T21:07:47.332+0000] {processor.py:925} INFO - DAG(s) 'our_first_dag_v3' retrieved from /opt/airflow/dags/our_first_dag.py
[2024-10-31T21:07:47.350+0000] {logging_mixin.py:190} INFO - [2024-10-31T21:07:47.349+0000] {dag.py:3239} INFO - Sync 1 DAGs
[2024-10-31T21:07:47.368+0000] {logging_mixin.py:190} INFO - [2024-10-31T21:07:47.368+0000] {dag.py:4180} INFO - Setting next_dagrun for our_first_dag_v3 to 2024-10-31 00:00:00+00:00, run_after=2024-11-01 00:00:00+00:00
[2024-10-31T21:07:47.385+0000] {processor.py:208} INFO - Processing /opt/airflow/dags/our_first_dag.py took 0.069 seconds
[2024-10-31T21:08:17.466+0000] {processor.py:186} INFO - Started process (PID=500) to work on /opt/airflow/dags/our_first_dag.py
[2024-10-31T21:08:17.466+0000] {processor.py:914} INFO - Processing file /opt/airflow/dags/our_first_dag.py for tasks to queue
[2024-10-31T21:08:17.468+0000] {logging_mixin.py:190} INFO - [2024-10-31T21:08:17.468+0000] {dagbag.py:588} INFO - Filling up the DagBag from /opt/airflow/dags/our_first_dag.py
[2024-10-31T21:08:17.476+0000] {processor.py:925} INFO - DAG(s) 'our_first_dag_v3' retrieved from /opt/airflow/dags/our_first_dag.py
[2024-10-31T21:08:17.500+0000] {logging_mixin.py:190} INFO - [2024-10-31T21:08:17.500+0000] {dag.py:3239} INFO - Sync 1 DAGs
[2024-10-31T21:08:17.518+0000] {logging_mixin.py:190} INFO - [2024-10-31T21:08:17.518+0000] {dag.py:4180} INFO - Setting next_dagrun for our_first_dag_v3 to 2024-10-31 00:00:00+00:00, run_after=2024-11-01 00:00:00+00:00
[2024-10-31T21:08:17.535+0000] {processor.py:208} INFO - Processing /opt/airflow/dags/our_first_dag.py took 0.074 seconds
[2024-10-31T21:08:47.636+0000] {processor.py:186} INFO - Started process (PID=511) to work on /opt/airflow/dags/our_first_dag.py
[2024-10-31T21:08:47.637+0000] {processor.py:914} INFO - Processing file /opt/airflow/dags/our_first_dag.py for tasks to queue
[2024-10-31T21:08:47.639+0000] {logging_mixin.py:190} INFO - [2024-10-31T21:08:47.638+0000] {dagbag.py:588} INFO - Filling up the DagBag from /opt/airflow/dags/our_first_dag.py
[2024-10-31T21:08:47.647+0000] {processor.py:925} INFO - DAG(s) 'our_first_dag_v3' retrieved from /opt/airflow/dags/our_first_dag.py
[2024-10-31T21:08:47.665+0000] {logging_mixin.py:190} INFO - [2024-10-31T21:08:47.665+0000] {dag.py:3239} INFO - Sync 1 DAGs
[2024-10-31T21:08:47.683+0000] {logging_mixin.py:190} INFO - [2024-10-31T21:08:47.682+0000] {dag.py:4180} INFO - Setting next_dagrun for our_first_dag_v3 to 2024-10-31 00:00:00+00:00, run_after=2024-11-01 00:00:00+00:00
[2024-10-31T21:08:47.699+0000] {processor.py:208} INFO - Processing /opt/airflow/dags/our_first_dag.py took 0.068 seconds
[2024-10-31T21:09:17.781+0000] {processor.py:186} INFO - Started process (PID=523) to work on /opt/airflow/dags/our_first_dag.py
[2024-10-31T21:09:17.782+0000] {processor.py:914} INFO - Processing file /opt/airflow/dags/our_first_dag.py for tasks to queue
[2024-10-31T21:09:17.784+0000] {logging_mixin.py:190} INFO - [2024-10-31T21:09:17.783+0000] {dagbag.py:588} INFO - Filling up the DagBag from /opt/airflow/dags/our_first_dag.py
[2024-10-31T21:09:17.792+0000] {processor.py:925} INFO - DAG(s) 'our_first_dag_v3' retrieved from /opt/airflow/dags/our_first_dag.py
[2024-10-31T21:09:17.811+0000] {logging_mixin.py:190} INFO - [2024-10-31T21:09:17.811+0000] {dag.py:3239} INFO - Sync 1 DAGs
[2024-10-31T21:09:17.829+0000] {logging_mixin.py:190} INFO - [2024-10-31T21:09:17.829+0000] {dag.py:4180} INFO - Setting next_dagrun for our_first_dag_v3 to 2024-10-31 00:00:00+00:00, run_after=2024-11-01 00:00:00+00:00
[2024-10-31T21:09:17.846+0000] {processor.py:208} INFO - Processing /opt/airflow/dags/our_first_dag.py took 0.070 seconds
[2024-10-31T21:09:47.954+0000] {processor.py:186} INFO - Started process (PID=534) to work on /opt/airflow/dags/our_first_dag.py
[2024-10-31T21:09:47.954+0000] {processor.py:914} INFO - Processing file /opt/airflow/dags/our_first_dag.py for tasks to queue
[2024-10-31T21:09:47.956+0000] {logging_mixin.py:190} INFO - [2024-10-31T21:09:47.956+0000] {dagbag.py:588} INFO - Filling up the DagBag from /opt/airflow/dags/our_first_dag.py
[2024-10-31T21:09:47.964+0000] {processor.py:925} INFO - DAG(s) 'our_first_dag_v3' retrieved from /opt/airflow/dags/our_first_dag.py
[2024-10-31T21:09:47.982+0000] {logging_mixin.py:190} INFO - [2024-10-31T21:09:47.982+0000] {dag.py:3239} INFO - Sync 1 DAGs
[2024-10-31T21:09:47.999+0000] {logging_mixin.py:190} INFO - [2024-10-31T21:09:47.999+0000] {dag.py:4180} INFO - Setting next_dagrun for our_first_dag_v3 to 2024-10-31 00:00:00+00:00, run_after=2024-11-01 00:00:00+00:00
[2024-10-31T21:09:48.017+0000] {processor.py:208} INFO - Processing /opt/airflow/dags/our_first_dag.py took 0.070 seconds
[2024-10-31T21:10:18.094+0000] {processor.py:186} INFO - Started process (PID=545) to work on /opt/airflow/dags/our_first_dag.py
[2024-10-31T21:10:18.094+0000] {processor.py:914} INFO - Processing file /opt/airflow/dags/our_first_dag.py for tasks to queue
[2024-10-31T21:10:18.096+0000] {logging_mixin.py:190} INFO - [2024-10-31T21:10:18.095+0000] {dagbag.py:588} INFO - Filling up the DagBag from /opt/airflow/dags/our_first_dag.py
[2024-10-31T21:10:18.104+0000] {processor.py:925} INFO - DAG(s) 'our_first_dag_v3' retrieved from /opt/airflow/dags/our_first_dag.py
[2024-10-31T21:10:18.124+0000] {logging_mixin.py:190} INFO - [2024-10-31T21:10:18.124+0000] {dag.py:3239} INFO - Sync 1 DAGs
[2024-10-31T21:10:18.143+0000] {logging_mixin.py:190} INFO - [2024-10-31T21:10:18.142+0000] {dag.py:4180} INFO - Setting next_dagrun for our_first_dag_v3 to 2024-10-31 00:00:00+00:00, run_after=2024-11-01 00:00:00+00:00
[2024-10-31T21:10:18.158+0000] {processor.py:208} INFO - Processing /opt/airflow/dags/our_first_dag.py took 0.069 seconds
[2024-10-31T21:10:48.258+0000] {processor.py:186} INFO - Started process (PID=557) to work on /opt/airflow/dags/our_first_dag.py
[2024-10-31T21:10:48.259+0000] {processor.py:914} INFO - Processing file /opt/airflow/dags/our_first_dag.py for tasks to queue
[2024-10-31T21:10:48.261+0000] {logging_mixin.py:190} INFO - [2024-10-31T21:10:48.260+0000] {dagbag.py:588} INFO - Filling up the DagBag from /opt/airflow/dags/our_first_dag.py
[2024-10-31T21:10:48.269+0000] {processor.py:925} INFO - DAG(s) 'our_first_dag_v3' retrieved from /opt/airflow/dags/our_first_dag.py
[2024-10-31T21:10:48.287+0000] {logging_mixin.py:190} INFO - [2024-10-31T21:10:48.287+0000] {dag.py:3239} INFO - Sync 1 DAGs
[2024-10-31T21:10:48.305+0000] {logging_mixin.py:190} INFO - [2024-10-31T21:10:48.305+0000] {dag.py:4180} INFO - Setting next_dagrun for our_first_dag_v3 to 2024-10-31 00:00:00+00:00, run_after=2024-11-01 00:00:00+00:00
[2024-10-31T21:10:48.322+0000] {processor.py:208} INFO - Processing /opt/airflow/dags/our_first_dag.py took 0.069 seconds
[2024-10-31T21:11:18.393+0000] {processor.py:186} INFO - Started process (PID=568) to work on /opt/airflow/dags/our_first_dag.py
[2024-10-31T21:11:18.394+0000] {processor.py:914} INFO - Processing file /opt/airflow/dags/our_first_dag.py for tasks to queue
[2024-10-31T21:11:18.395+0000] {logging_mixin.py:190} INFO - [2024-10-31T21:11:18.395+0000] {dagbag.py:588} INFO - Filling up the DagBag from /opt/airflow/dags/our_first_dag.py
[2024-10-31T21:11:18.404+0000] {processor.py:925} INFO - DAG(s) 'our_first_dag_v3' retrieved from /opt/airflow/dags/our_first_dag.py
[2024-10-31T21:11:18.424+0000] {logging_mixin.py:190} INFO - [2024-10-31T21:11:18.424+0000] {dag.py:3239} INFO - Sync 1 DAGs
[2024-10-31T21:11:18.441+0000] {logging_mixin.py:190} INFO - [2024-10-31T21:11:18.441+0000] {dag.py:4180} INFO - Setting next_dagrun for our_first_dag_v3 to 2024-10-31 00:00:00+00:00, run_after=2024-11-01 00:00:00+00:00
[2024-10-31T21:11:18.458+0000] {processor.py:208} INFO - Processing /opt/airflow/dags/our_first_dag.py took 0.070 seconds
[2024-10-31T21:11:48.564+0000] {processor.py:186} INFO - Started process (PID=580) to work on /opt/airflow/dags/our_first_dag.py
[2024-10-31T21:11:48.564+0000] {processor.py:914} INFO - Processing file /opt/airflow/dags/our_first_dag.py for tasks to queue
[2024-10-31T21:11:48.566+0000] {logging_mixin.py:190} INFO - [2024-10-31T21:11:48.566+0000] {dagbag.py:588} INFO - Filling up the DagBag from /opt/airflow/dags/our_first_dag.py
[2024-10-31T21:11:48.575+0000] {processor.py:925} INFO - DAG(s) 'our_first_dag_v3' retrieved from /opt/airflow/dags/our_first_dag.py
[2024-10-31T21:11:48.596+0000] {logging_mixin.py:190} INFO - [2024-10-31T21:11:48.595+0000] {dag.py:3239} INFO - Sync 1 DAGs
[2024-10-31T21:11:48.619+0000] {logging_mixin.py:190} INFO - [2024-10-31T21:11:48.619+0000] {dag.py:4180} INFO - Setting next_dagrun for our_first_dag_v3 to 2024-10-31 00:00:00+00:00, run_after=2024-11-01 00:00:00+00:00
[2024-10-31T21:11:48.635+0000] {processor.py:208} INFO - Processing /opt/airflow/dags/our_first_dag.py took 0.076 seconds
[2024-10-31T21:12:18.695+0000] {processor.py:186} INFO - Started process (PID=591) to work on /opt/airflow/dags/our_first_dag.py
[2024-10-31T21:12:18.695+0000] {processor.py:914} INFO - Processing file /opt/airflow/dags/our_first_dag.py for tasks to queue
[2024-10-31T21:12:18.697+0000] {logging_mixin.py:190} INFO - [2024-10-31T21:12:18.697+0000] {dagbag.py:588} INFO - Filling up the DagBag from /opt/airflow/dags/our_first_dag.py
[2024-10-31T21:12:18.707+0000] {processor.py:925} INFO - DAG(s) 'our_first_dag_v3' retrieved from /opt/airflow/dags/our_first_dag.py
[2024-10-31T21:12:18.730+0000] {logging_mixin.py:190} INFO - [2024-10-31T21:12:18.730+0000] {dag.py:3239} INFO - Sync 1 DAGs
[2024-10-31T21:12:18.750+0000] {logging_mixin.py:190} INFO - [2024-10-31T21:12:18.750+0000] {dag.py:4180} INFO - Setting next_dagrun for our_first_dag_v3 to 2024-10-31 00:00:00+00:00, run_after=2024-11-01 00:00:00+00:00
[2024-10-31T21:12:18.769+0000] {processor.py:208} INFO - Processing /opt/airflow/dags/our_first_dag.py took 0.078 seconds
[2024-10-31T21:12:48.883+0000] {processor.py:186} INFO - Started process (PID=603) to work on /opt/airflow/dags/our_first_dag.py
[2024-10-31T21:12:48.884+0000] {processor.py:914} INFO - Processing file /opt/airflow/dags/our_first_dag.py for tasks to queue
[2024-10-31T21:12:48.891+0000] {logging_mixin.py:190} INFO - [2024-10-31T21:12:48.890+0000] {dagbag.py:588} INFO - Filling up the DagBag from /opt/airflow/dags/our_first_dag.py
[2024-10-31T21:12:48.903+0000] {processor.py:925} INFO - DAG(s) 'our_first_dag_v3' retrieved from /opt/airflow/dags/our_first_dag.py
[2024-10-31T21:12:48.928+0000] {logging_mixin.py:190} INFO - [2024-10-31T21:12:48.928+0000] {dag.py:3239} INFO - Sync 1 DAGs
[2024-10-31T21:12:48.956+0000] {logging_mixin.py:190} INFO - [2024-10-31T21:12:48.956+0000] {dag.py:4180} INFO - Setting next_dagrun for our_first_dag_v3 to 2024-10-31 00:00:00+00:00, run_after=2024-11-01 00:00:00+00:00
[2024-10-31T21:12:48.978+0000] {processor.py:208} INFO - Processing /opt/airflow/dags/our_first_dag.py took 0.101 seconds
[2024-10-31T21:13:19.019+0000] {processor.py:186} INFO - Started process (PID=614) to work on /opt/airflow/dags/our_first_dag.py
[2024-10-31T21:13:19.019+0000] {processor.py:914} INFO - Processing file /opt/airflow/dags/our_first_dag.py for tasks to queue
[2024-10-31T21:13:19.021+0000] {logging_mixin.py:190} INFO - [2024-10-31T21:13:19.021+0000] {dagbag.py:588} INFO - Filling up the DagBag from /opt/airflow/dags/our_first_dag.py
[2024-10-31T21:13:19.030+0000] {processor.py:925} INFO - DAG(s) 'our_first_dag_v3' retrieved from /opt/airflow/dags/our_first_dag.py
[2024-10-31T21:13:19.048+0000] {logging_mixin.py:190} INFO - [2024-10-31T21:13:19.048+0000] {dag.py:3239} INFO - Sync 1 DAGs
[2024-10-31T21:13:19.066+0000] {logging_mixin.py:190} INFO - [2024-10-31T21:13:19.066+0000] {dag.py:4180} INFO - Setting next_dagrun for our_first_dag_v3 to 2024-10-31 00:00:00+00:00, run_after=2024-11-01 00:00:00+00:00
[2024-10-31T21:13:19.085+0000] {processor.py:208} INFO - Processing /opt/airflow/dags/our_first_dag.py took 0.070 seconds
[2024-10-31T21:13:49.242+0000] {processor.py:186} INFO - Started process (PID=625) to work on /opt/airflow/dags/our_first_dag.py
[2024-10-31T21:13:49.243+0000] {processor.py:914} INFO - Processing file /opt/airflow/dags/our_first_dag.py for tasks to queue
[2024-10-31T21:13:49.245+0000] {logging_mixin.py:190} INFO - [2024-10-31T21:13:49.244+0000] {dagbag.py:588} INFO - Filling up the DagBag from /opt/airflow/dags/our_first_dag.py
[2024-10-31T21:13:49.253+0000] {processor.py:925} INFO - DAG(s) 'our_first_dag_v3' retrieved from /opt/airflow/dags/our_first_dag.py
[2024-10-31T21:13:49.271+0000] {logging_mixin.py:190} INFO - [2024-10-31T21:13:49.271+0000] {dag.py:3239} INFO - Sync 1 DAGs
[2024-10-31T21:13:49.289+0000] {logging_mixin.py:190} INFO - [2024-10-31T21:13:49.289+0000] {dag.py:4180} INFO - Setting next_dagrun for our_first_dag_v3 to 2024-10-31 00:00:00+00:00, run_after=2024-11-01 00:00:00+00:00
[2024-10-31T21:13:49.306+0000] {processor.py:208} INFO - Processing /opt/airflow/dags/our_first_dag.py took 0.069 seconds
[2024-10-31T21:14:19.382+0000] {processor.py:186} INFO - Started process (PID=637) to work on /opt/airflow/dags/our_first_dag.py
[2024-10-31T21:14:19.383+0000] {processor.py:914} INFO - Processing file /opt/airflow/dags/our_first_dag.py for tasks to queue
[2024-10-31T21:14:19.384+0000] {logging_mixin.py:190} INFO - [2024-10-31T21:14:19.384+0000] {dagbag.py:588} INFO - Filling up the DagBag from /opt/airflow/dags/our_first_dag.py
[2024-10-31T21:14:19.393+0000] {processor.py:925} INFO - DAG(s) 'our_first_dag_v3' retrieved from /opt/airflow/dags/our_first_dag.py
[2024-10-31T21:14:19.412+0000] {logging_mixin.py:190} INFO - [2024-10-31T21:14:19.411+0000] {dag.py:3239} INFO - Sync 1 DAGs
[2024-10-31T21:14:19.430+0000] {logging_mixin.py:190} INFO - [2024-10-31T21:14:19.430+0000] {dag.py:4180} INFO - Setting next_dagrun for our_first_dag_v3 to 2024-10-31 00:00:00+00:00, run_after=2024-11-01 00:00:00+00:00
[2024-10-31T21:14:19.448+0000] {processor.py:208} INFO - Processing /opt/airflow/dags/our_first_dag.py took 0.071 seconds
[2024-10-31T21:14:49.564+0000] {processor.py:186} INFO - Started process (PID=648) to work on /opt/airflow/dags/our_first_dag.py
[2024-10-31T21:14:49.564+0000] {processor.py:914} INFO - Processing file /opt/airflow/dags/our_first_dag.py for tasks to queue
[2024-10-31T21:14:49.566+0000] {logging_mixin.py:190} INFO - [2024-10-31T21:14:49.566+0000] {dagbag.py:588} INFO - Filling up the DagBag from /opt/airflow/dags/our_first_dag.py
[2024-10-31T21:14:49.576+0000] {processor.py:925} INFO - DAG(s) 'our_first_dag_v3' retrieved from /opt/airflow/dags/our_first_dag.py
[2024-10-31T21:14:49.594+0000] {logging_mixin.py:190} INFO - [2024-10-31T21:14:49.594+0000] {dag.py:3239} INFO - Sync 1 DAGs
[2024-10-31T21:14:49.612+0000] {logging_mixin.py:190} INFO - [2024-10-31T21:14:49.612+0000] {dag.py:4180} INFO - Setting next_dagrun for our_first_dag_v3 to 2024-10-31 00:00:00+00:00, run_after=2024-11-01 00:00:00+00:00
[2024-10-31T21:14:49.636+0000] {processor.py:208} INFO - Processing /opt/airflow/dags/our_first_dag.py took 0.077 seconds
[2024-10-31T21:15:19.707+0000] {processor.py:186} INFO - Started process (PID=659) to work on /opt/airflow/dags/our_first_dag.py
[2024-10-31T21:15:19.708+0000] {processor.py:914} INFO - Processing file /opt/airflow/dags/our_first_dag.py for tasks to queue
[2024-10-31T21:15:19.710+0000] {logging_mixin.py:190} INFO - [2024-10-31T21:15:19.710+0000] {dagbag.py:588} INFO - Filling up the DagBag from /opt/airflow/dags/our_first_dag.py
[2024-10-31T21:15:19.724+0000] {processor.py:925} INFO - DAG(s) 'our_first_dag_v3' retrieved from /opt/airflow/dags/our_first_dag.py
[2024-10-31T21:15:19.750+0000] {logging_mixin.py:190} INFO - [2024-10-31T21:15:19.750+0000] {dag.py:3239} INFO - Sync 1 DAGs
[2024-10-31T21:15:19.775+0000] {logging_mixin.py:190} INFO - [2024-10-31T21:15:19.774+0000] {dag.py:4180} INFO - Setting next_dagrun for our_first_dag_v3 to 2024-10-31 00:00:00+00:00, run_after=2024-11-01 00:00:00+00:00
[2024-10-31T21:15:19.797+0000] {processor.py:208} INFO - Processing /opt/airflow/dags/our_first_dag.py took 0.097 seconds
[2024-10-31T21:15:49.882+0000] {processor.py:186} INFO - Started process (PID=670) to work on /opt/airflow/dags/our_first_dag.py
[2024-10-31T21:15:49.882+0000] {processor.py:914} INFO - Processing file /opt/airflow/dags/our_first_dag.py for tasks to queue
[2024-10-31T21:15:49.884+0000] {logging_mixin.py:190} INFO - [2024-10-31T21:15:49.884+0000] {dagbag.py:588} INFO - Filling up the DagBag from /opt/airflow/dags/our_first_dag.py
[2024-10-31T21:15:49.893+0000] {processor.py:925} INFO - DAG(s) 'our_first_dag_v3' retrieved from /opt/airflow/dags/our_first_dag.py
[2024-10-31T21:15:49.913+0000] {logging_mixin.py:190} INFO - [2024-10-31T21:15:49.913+0000] {dag.py:3239} INFO - Sync 1 DAGs
[2024-10-31T21:15:49.933+0000] {logging_mixin.py:190} INFO - [2024-10-31T21:15:49.933+0000] {dag.py:4180} INFO - Setting next_dagrun for our_first_dag_v3 to 2024-10-31 00:00:00+00:00, run_after=2024-11-01 00:00:00+00:00
[2024-10-31T21:15:49.950+0000] {processor.py:208} INFO - Processing /opt/airflow/dags/our_first_dag.py took 0.073 seconds
[2024-10-31T21:16:20.048+0000] {processor.py:186} INFO - Started process (PID=681) to work on /opt/airflow/dags/our_first_dag.py
[2024-10-31T21:16:20.049+0000] {processor.py:914} INFO - Processing file /opt/airflow/dags/our_first_dag.py for tasks to queue
[2024-10-31T21:16:20.052+0000] {logging_mixin.py:190} INFO - [2024-10-31T21:16:20.052+0000] {dagbag.py:588} INFO - Filling up the DagBag from /opt/airflow/dags/our_first_dag.py
[2024-10-31T21:16:20.061+0000] {processor.py:925} INFO - DAG(s) 'our_first_dag_v3' retrieved from /opt/airflow/dags/our_first_dag.py
[2024-10-31T21:16:20.079+0000] {logging_mixin.py:190} INFO - [2024-10-31T21:16:20.078+0000] {dag.py:3239} INFO - Sync 1 DAGs
[2024-10-31T21:16:20.097+0000] {logging_mixin.py:190} INFO - [2024-10-31T21:16:20.097+0000] {dag.py:4180} INFO - Setting next_dagrun for our_first_dag_v3 to 2024-10-31 00:00:00+00:00, run_after=2024-11-01 00:00:00+00:00
[2024-10-31T21:16:20.114+0000] {processor.py:208} INFO - Processing /opt/airflow/dags/our_first_dag.py took 0.070 seconds
[2024-10-31T21:16:50.194+0000] {processor.py:186} INFO - Started process (PID=692) to work on /opt/airflow/dags/our_first_dag.py
[2024-10-31T21:16:50.195+0000] {processor.py:914} INFO - Processing file /opt/airflow/dags/our_first_dag.py for tasks to queue
[2024-10-31T21:16:50.197+0000] {logging_mixin.py:190} INFO - [2024-10-31T21:16:50.196+0000] {dagbag.py:588} INFO - Filling up the DagBag from /opt/airflow/dags/our_first_dag.py
[2024-10-31T21:16:50.205+0000] {processor.py:925} INFO - DAG(s) 'our_first_dag_v3' retrieved from /opt/airflow/dags/our_first_dag.py
[2024-10-31T21:16:50.226+0000] {logging_mixin.py:190} INFO - [2024-10-31T21:16:50.226+0000] {dag.py:3239} INFO - Sync 1 DAGs
[2024-10-31T21:16:50.244+0000] {logging_mixin.py:190} INFO - [2024-10-31T21:16:50.244+0000] {dag.py:4180} INFO - Setting next_dagrun for our_first_dag_v3 to 2024-10-31 00:00:00+00:00, run_after=2024-11-01 00:00:00+00:00
[2024-10-31T21:16:50.261+0000] {processor.py:208} INFO - Processing /opt/airflow/dags/our_first_dag.py took 0.072 seconds
[2024-10-31T21:17:20.356+0000] {processor.py:186} INFO - Started process (PID=704) to work on /opt/airflow/dags/our_first_dag.py
[2024-10-31T21:17:20.358+0000] {processor.py:914} INFO - Processing file /opt/airflow/dags/our_first_dag.py for tasks to queue
[2024-10-31T21:17:20.360+0000] {logging_mixin.py:190} INFO - [2024-10-31T21:17:20.360+0000] {dagbag.py:588} INFO - Filling up the DagBag from /opt/airflow/dags/our_first_dag.py
[2024-10-31T21:17:20.370+0000] {processor.py:925} INFO - DAG(s) 'our_first_dag_v3' retrieved from /opt/airflow/dags/our_first_dag.py
[2024-10-31T21:17:20.388+0000] {logging_mixin.py:190} INFO - [2024-10-31T21:17:20.388+0000] {dag.py:3239} INFO - Sync 1 DAGs
[2024-10-31T21:17:20.406+0000] {logging_mixin.py:190} INFO - [2024-10-31T21:17:20.406+0000] {dag.py:4180} INFO - Setting next_dagrun for our_first_dag_v3 to 2024-10-31 00:00:00+00:00, run_after=2024-11-01 00:00:00+00:00
[2024-10-31T21:17:20.422+0000] {processor.py:208} INFO - Processing /opt/airflow/dags/our_first_dag.py took 0.070 seconds
[2024-10-31T21:17:50.509+0000] {processor.py:186} INFO - Started process (PID=715) to work on /opt/airflow/dags/our_first_dag.py
[2024-10-31T21:17:50.510+0000] {processor.py:914} INFO - Processing file /opt/airflow/dags/our_first_dag.py for tasks to queue
[2024-10-31T21:17:50.511+0000] {logging_mixin.py:190} INFO - [2024-10-31T21:17:50.511+0000] {dagbag.py:588} INFO - Filling up the DagBag from /opt/airflow/dags/our_first_dag.py
[2024-10-31T21:17:50.520+0000] {processor.py:925} INFO - DAG(s) 'our_first_dag_v3' retrieved from /opt/airflow/dags/our_first_dag.py
[2024-10-31T21:17:50.540+0000] {logging_mixin.py:190} INFO - [2024-10-31T21:17:50.539+0000] {dag.py:3239} INFO - Sync 1 DAGs
[2024-10-31T21:17:50.558+0000] {logging_mixin.py:190} INFO - [2024-10-31T21:17:50.557+0000] {dag.py:4180} INFO - Setting next_dagrun for our_first_dag_v3 to 2024-10-31 00:00:00+00:00, run_after=2024-11-01 00:00:00+00:00
[2024-10-31T21:17:50.575+0000] {processor.py:208} INFO - Processing /opt/airflow/dags/our_first_dag.py took 0.071 seconds
[2024-10-31T21:18:20.675+0000] {processor.py:186} INFO - Started process (PID=726) to work on /opt/airflow/dags/our_first_dag.py
[2024-10-31T21:18:20.675+0000] {processor.py:914} INFO - Processing file /opt/airflow/dags/our_first_dag.py for tasks to queue
[2024-10-31T21:18:20.677+0000] {logging_mixin.py:190} INFO - [2024-10-31T21:18:20.677+0000] {dagbag.py:588} INFO - Filling up the DagBag from /opt/airflow/dags/our_first_dag.py
[2024-10-31T21:18:20.687+0000] {processor.py:925} INFO - DAG(s) 'our_first_dag_v3' retrieved from /opt/airflow/dags/our_first_dag.py
[2024-10-31T21:18:20.705+0000] {logging_mixin.py:190} INFO - [2024-10-31T21:18:20.704+0000] {dag.py:3239} INFO - Sync 1 DAGs
[2024-10-31T21:18:20.723+0000] {logging_mixin.py:190} INFO - [2024-10-31T21:18:20.722+0000] {dag.py:4180} INFO - Setting next_dagrun for our_first_dag_v3 to 2024-10-31 00:00:00+00:00, run_after=2024-11-01 00:00:00+00:00
[2024-10-31T21:18:20.740+0000] {processor.py:208} INFO - Processing /opt/airflow/dags/our_first_dag.py took 0.070 seconds
[2024-10-31T21:18:50.823+0000] {processor.py:186} INFO - Started process (PID=737) to work on /opt/airflow/dags/our_first_dag.py
[2024-10-31T21:18:50.823+0000] {processor.py:914} INFO - Processing file /opt/airflow/dags/our_first_dag.py for tasks to queue
[2024-10-31T21:18:50.825+0000] {logging_mixin.py:190} INFO - [2024-10-31T21:18:50.825+0000] {dagbag.py:588} INFO - Filling up the DagBag from /opt/airflow/dags/our_first_dag.py
[2024-10-31T21:18:50.834+0000] {processor.py:925} INFO - DAG(s) 'our_first_dag_v3' retrieved from /opt/airflow/dags/our_first_dag.py
[2024-10-31T21:18:50.854+0000] {logging_mixin.py:190} INFO - [2024-10-31T21:18:50.854+0000] {dag.py:3239} INFO - Sync 1 DAGs
[2024-10-31T21:18:50.873+0000] {logging_mixin.py:190} INFO - [2024-10-31T21:18:50.872+0000] {dag.py:4180} INFO - Setting next_dagrun for our_first_dag_v3 to 2024-10-31 00:00:00+00:00, run_after=2024-11-01 00:00:00+00:00
[2024-10-31T21:18:50.890+0000] {processor.py:208} INFO - Processing /opt/airflow/dags/our_first_dag.py took 0.072 seconds
[2024-10-31T21:19:20.991+0000] {processor.py:186} INFO - Started process (PID=748) to work on /opt/airflow/dags/our_first_dag.py
[2024-10-31T21:19:20.992+0000] {processor.py:914} INFO - Processing file /opt/airflow/dags/our_first_dag.py for tasks to queue
[2024-10-31T21:19:20.994+0000] {logging_mixin.py:190} INFO - [2024-10-31T21:19:20.994+0000] {dagbag.py:588} INFO - Filling up the DagBag from /opt/airflow/dags/our_first_dag.py
[2024-10-31T21:19:21.003+0000] {processor.py:925} INFO - DAG(s) 'our_first_dag_v3' retrieved from /opt/airflow/dags/our_first_dag.py
[2024-10-31T21:19:21.021+0000] {logging_mixin.py:190} INFO - [2024-10-31T21:19:21.020+0000] {dag.py:3239} INFO - Sync 1 DAGs
[2024-10-31T21:19:21.039+0000] {logging_mixin.py:190} INFO - [2024-10-31T21:19:21.039+0000] {dag.py:4180} INFO - Setting next_dagrun for our_first_dag_v3 to 2024-10-31 00:00:00+00:00, run_after=2024-11-01 00:00:00+00:00
[2024-10-31T21:19:21.058+0000] {processor.py:208} INFO - Processing /opt/airflow/dags/our_first_dag.py took 0.072 seconds
[2024-10-31T21:19:51.160+0000] {processor.py:186} INFO - Started process (PID=759) to work on /opt/airflow/dags/our_first_dag.py
[2024-10-31T21:19:51.161+0000] {processor.py:914} INFO - Processing file /opt/airflow/dags/our_first_dag.py for tasks to queue
[2024-10-31T21:19:51.173+0000] {logging_mixin.py:190} INFO - [2024-10-31T21:19:51.172+0000] {dagbag.py:588} INFO - Filling up the DagBag from /opt/airflow/dags/our_first_dag.py
[2024-10-31T21:19:51.199+0000] {processor.py:925} INFO - DAG(s) 'our_first_dag_v3' retrieved from /opt/airflow/dags/our_first_dag.py
[2024-10-31T21:19:51.227+0000] {logging_mixin.py:190} INFO - [2024-10-31T21:19:51.227+0000] {dag.py:3239} INFO - Sync 1 DAGs
[2024-10-31T21:19:51.256+0000] {logging_mixin.py:190} INFO - [2024-10-31T21:19:51.256+0000] {dag.py:4180} INFO - Setting next_dagrun for our_first_dag_v3 to 2024-10-31 00:00:00+00:00, run_after=2024-11-01 00:00:00+00:00
[2024-10-31T21:19:51.278+0000] {processor.py:208} INFO - Processing /opt/airflow/dags/our_first_dag.py took 0.125 seconds
[2024-10-31T21:20:21.333+0000] {processor.py:186} INFO - Started process (PID=771) to work on /opt/airflow/dags/our_first_dag.py
[2024-10-31T21:20:21.334+0000] {processor.py:914} INFO - Processing file /opt/airflow/dags/our_first_dag.py for tasks to queue
[2024-10-31T21:20:21.336+0000] {logging_mixin.py:190} INFO - [2024-10-31T21:20:21.336+0000] {dagbag.py:588} INFO - Filling up the DagBag from /opt/airflow/dags/our_first_dag.py
[2024-10-31T21:20:21.348+0000] {processor.py:925} INFO - DAG(s) 'our_first_dag_v3' retrieved from /opt/airflow/dags/our_first_dag.py
[2024-10-31T21:20:21.367+0000] {logging_mixin.py:190} INFO - [2024-10-31T21:20:21.367+0000] {dag.py:3239} INFO - Sync 1 DAGs
[2024-10-31T21:20:21.385+0000] {logging_mixin.py:190} INFO - [2024-10-31T21:20:21.385+0000] {dag.py:4180} INFO - Setting next_dagrun for our_first_dag_v3 to 2024-10-31 00:00:00+00:00, run_after=2024-11-01 00:00:00+00:00
[2024-10-31T21:20:21.405+0000] {processor.py:208} INFO - Processing /opt/airflow/dags/our_first_dag.py took 0.078 seconds
[2024-10-31T21:20:51.551+0000] {processor.py:186} INFO - Started process (PID=782) to work on /opt/airflow/dags/our_first_dag.py
[2024-10-31T21:20:51.552+0000] {processor.py:914} INFO - Processing file /opt/airflow/dags/our_first_dag.py for tasks to queue
[2024-10-31T21:20:51.554+0000] {logging_mixin.py:190} INFO - [2024-10-31T21:20:51.554+0000] {dagbag.py:588} INFO - Filling up the DagBag from /opt/airflow/dags/our_first_dag.py
[2024-10-31T21:20:51.562+0000] {processor.py:925} INFO - DAG(s) 'our_first_dag_v3' retrieved from /opt/airflow/dags/our_first_dag.py
[2024-10-31T21:20:51.581+0000] {logging_mixin.py:190} INFO - [2024-10-31T21:20:51.580+0000] {dag.py:3239} INFO - Sync 1 DAGs
[2024-10-31T21:20:51.599+0000] {logging_mixin.py:190} INFO - [2024-10-31T21:20:51.598+0000] {dag.py:4180} INFO - Setting next_dagrun for our_first_dag_v3 to 2024-10-31 00:00:00+00:00, run_after=2024-11-01 00:00:00+00:00
[2024-10-31T21:20:51.616+0000] {processor.py:208} INFO - Processing /opt/airflow/dags/our_first_dag.py took 0.069 seconds
[2024-10-31T21:21:21.693+0000] {processor.py:186} INFO - Started process (PID=793) to work on /opt/airflow/dags/our_first_dag.py
[2024-10-31T21:21:21.694+0000] {processor.py:914} INFO - Processing file /opt/airflow/dags/our_first_dag.py for tasks to queue
[2024-10-31T21:21:21.695+0000] {logging_mixin.py:190} INFO - [2024-10-31T21:21:21.695+0000] {dagbag.py:588} INFO - Filling up the DagBag from /opt/airflow/dags/our_first_dag.py
[2024-10-31T21:21:21.704+0000] {processor.py:925} INFO - DAG(s) 'our_first_dag_v3' retrieved from /opt/airflow/dags/our_first_dag.py
[2024-10-31T21:21:21.728+0000] {logging_mixin.py:190} INFO - [2024-10-31T21:21:21.728+0000] {dag.py:3239} INFO - Sync 1 DAGs
[2024-10-31T21:21:21.750+0000] {logging_mixin.py:190} INFO - [2024-10-31T21:21:21.750+0000] {dag.py:4180} INFO - Setting next_dagrun for our_first_dag_v3 to 2024-10-31 00:00:00+00:00, run_after=2024-11-01 00:00:00+00:00
[2024-10-31T21:21:21.767+0000] {processor.py:208} INFO - Processing /opt/airflow/dags/our_first_dag.py took 0.079 seconds
[2024-10-31T21:21:51.881+0000] {processor.py:186} INFO - Started process (PID=805) to work on /opt/airflow/dags/our_first_dag.py
[2024-10-31T21:21:51.882+0000] {processor.py:914} INFO - Processing file /opt/airflow/dags/our_first_dag.py for tasks to queue
[2024-10-31T21:21:51.883+0000] {logging_mixin.py:190} INFO - [2024-10-31T21:21:51.883+0000] {dagbag.py:588} INFO - Filling up the DagBag from /opt/airflow/dags/our_first_dag.py
[2024-10-31T21:21:51.893+0000] {processor.py:925} INFO - DAG(s) 'our_first_dag_v3' retrieved from /opt/airflow/dags/our_first_dag.py
[2024-10-31T21:21:51.910+0000] {logging_mixin.py:190} INFO - [2024-10-31T21:21:51.910+0000] {dag.py:3239} INFO - Sync 1 DAGs
[2024-10-31T21:21:51.929+0000] {logging_mixin.py:190} INFO - [2024-10-31T21:21:51.928+0000] {dag.py:4180} INFO - Setting next_dagrun for our_first_dag_v3 to 2024-10-31 00:00:00+00:00, run_after=2024-11-01 00:00:00+00:00
[2024-10-31T21:21:51.945+0000] {processor.py:208} INFO - Processing /opt/airflow/dags/our_first_dag.py took 0.069 seconds
[2024-10-31T21:22:22.019+0000] {processor.py:186} INFO - Started process (PID=816) to work on /opt/airflow/dags/our_first_dag.py
[2024-10-31T21:22:22.020+0000] {processor.py:914} INFO - Processing file /opt/airflow/dags/our_first_dag.py for tasks to queue
[2024-10-31T21:22:22.021+0000] {logging_mixin.py:190} INFO - [2024-10-31T21:22:22.021+0000] {dagbag.py:588} INFO - Filling up the DagBag from /opt/airflow/dags/our_first_dag.py
[2024-10-31T21:22:22.030+0000] {processor.py:925} INFO - DAG(s) 'our_first_dag_v3' retrieved from /opt/airflow/dags/our_first_dag.py
[2024-10-31T21:22:22.048+0000] {logging_mixin.py:190} INFO - [2024-10-31T21:22:22.048+0000] {dag.py:3239} INFO - Sync 1 DAGs
[2024-10-31T21:22:22.067+0000] {logging_mixin.py:190} INFO - [2024-10-31T21:22:22.067+0000] {dag.py:4180} INFO - Setting next_dagrun for our_first_dag_v3 to 2024-10-31 00:00:00+00:00, run_after=2024-11-01 00:00:00+00:00
[2024-10-31T21:22:22.085+0000] {processor.py:208} INFO - Processing /opt/airflow/dags/our_first_dag.py took 0.071 seconds
[2024-10-31T21:22:52.194+0000] {processor.py:186} INFO - Started process (PID=827) to work on /opt/airflow/dags/our_first_dag.py
[2024-10-31T21:22:52.194+0000] {processor.py:914} INFO - Processing file /opt/airflow/dags/our_first_dag.py for tasks to queue
[2024-10-31T21:22:52.196+0000] {logging_mixin.py:190} INFO - [2024-10-31T21:22:52.196+0000] {dagbag.py:588} INFO - Filling up the DagBag from /opt/airflow/dags/our_first_dag.py
[2024-10-31T21:22:52.204+0000] {processor.py:925} INFO - DAG(s) 'our_first_dag_v3' retrieved from /opt/airflow/dags/our_first_dag.py
[2024-10-31T21:22:52.222+0000] {logging_mixin.py:190} INFO - [2024-10-31T21:22:52.222+0000] {dag.py:3239} INFO - Sync 1 DAGs
[2024-10-31T21:22:52.240+0000] {logging_mixin.py:190} INFO - [2024-10-31T21:22:52.240+0000] {dag.py:4180} INFO - Setting next_dagrun for our_first_dag_v3 to 2024-10-31 00:00:00+00:00, run_after=2024-11-01 00:00:00+00:00
[2024-10-31T21:22:52.260+0000] {processor.py:208} INFO - Processing /opt/airflow/dags/our_first_dag.py took 0.071 seconds
