[2024-11-03T12:59:39.317+0000] {local_task_job_runner.py:123} INFO - ::group::Pre task execution logs
[2024-11-03T12:59:39.331+0000] {taskinstance.py:2612} INFO - Dependencies all met for dep_context=non-requeueable deps ti=<TaskInstance: dag_with_postgres_operator_v01.create_postgres_table manual__2024-11-03T12:59:38.196332+00:00 [queued]>
[2024-11-03T12:59:39.337+0000] {taskinstance.py:2612} INFO - Dependencies all met for dep_context=requeueable deps ti=<TaskInstance: dag_with_postgres_operator_v01.create_postgres_table manual__2024-11-03T12:59:38.196332+00:00 [queued]>
[2024-11-03T12:59:39.338+0000] {taskinstance.py:2865} INFO - Starting attempt 1 of 6
[2024-11-03T12:59:39.352+0000] {taskinstance.py:2888} INFO - Executing <Task(PostgresOperator): create_postgres_table> on 2024-11-03 12:59:38.196332+00:00
[2024-11-03T12:59:39.359+0000] {standard_task_runner.py:104} INFO - Running: ['***', 'tasks', 'run', 'dag_with_postgres_operator_v01', 'create_postgres_table', 'manual__2024-11-03T12:59:38.196332+00:00', '--job-id', '169', '--raw', '--subdir', 'DAGS_FOLDER/dag_with_postgres.py', '--cfg-path', '/tmp/tmpeg5j8cjo']
[2024-11-03T12:59:39.362+0000] {standard_task_runner.py:105} INFO - Job 169: Subtask create_postgres_table
[2024-11-03T12:59:39.364+0000] {logging_mixin.py:190} WARNING - /home/***/.local/lib/python3.12/site-packages/***/task/task_runner/standard_task_runner.py:70 DeprecationWarning: This process (pid=1778) is multi-threaded, use of fork() may lead to deadlocks in the child.
[2024-11-03T12:59:39.364+0000] {standard_task_runner.py:72} INFO - Started process 1779 to run task
[2024-11-03T12:59:39.399+0000] {task_command.py:467} INFO - Running <TaskInstance: dag_with_postgres_operator_v01.create_postgres_table manual__2024-11-03T12:59:38.196332+00:00 [running]> on host b0b6b56c3157
[2024-11-03T12:59:39.465+0000] {taskinstance.py:3131} INFO - Exporting env vars: AIRFLOW_CTX_DAG_OWNER='johnwell' AIRFLOW_CTX_DAG_ID='dag_with_postgres_operator_v01' AIRFLOW_CTX_TASK_ID='create_postgres_table' AIRFLOW_CTX_EXECUTION_DATE='2024-11-03T12:59:38.196332+00:00' AIRFLOW_CTX_TRY_NUMBER='1' AIRFLOW_CTX_DAG_RUN_ID='manual__2024-11-03T12:59:38.196332+00:00'
[2024-11-03T12:59:39.466+0000] {taskinstance.py:731} INFO - ::endgroup::
[2024-11-03T12:59:39.479+0000] {sql.py:266} INFO - Executing: 
        create table if not exists dag_runs (
            dt date,
            dag_id character varying,
            primary key (dt, dag_id)
        )
        
[2024-11-03T12:59:39.486+0000] {base.py:84} INFO - Retrieving connection 'postgres_localhost'
[2024-11-03T12:59:39.492+0000] {base.py:84} INFO - Retrieving connection 'postgres_localhost'
[2024-11-03T12:59:39.495+0000] {sql.py:509} INFO - Running statement: 
        create table if not exists dag_runs (
            dt date,
            dag_id character varying,
            primary key (dt, dag_id)
        )
        , parameters: None
[2024-11-03T12:59:39.567+0000] {taskinstance.py:340} INFO - ::group::Post task execution logs
[2024-11-03T12:59:39.567+0000] {taskinstance.py:352} INFO - Marking task as SUCCESS. dag_id=dag_with_postgres_operator_v01, task_id=create_postgres_table, run_id=manual__2024-11-03T12:59:38.196332+00:00, execution_date=20241103T125938, start_date=20241103T125939, end_date=20241103T125939
[2024-11-03T12:59:39.618+0000] {local_task_job_runner.py:266} INFO - Task exited with return code 0
[2024-11-03T12:59:39.632+0000] {taskinstance.py:3900} INFO - 0 downstream tasks scheduled from follow-on schedule check
[2024-11-03T12:59:39.637+0000] {local_task_job_runner.py:245} INFO - ::endgroup::
