[2024-10-13T22:23:54.557+0000] {local_task_job_runner.py:123} INFO - ::group::Pre task execution logs
[2024-10-13T22:23:54.578+0000] {taskinstance.py:2612} INFO - Dependencies all met for dep_context=non-requeueable deps ti=<TaskInstance: our_first_dag.first_task manual__2024-10-13T22:23:53.428500+00:00 [queued]>
[2024-10-13T22:23:54.586+0000] {taskinstance.py:2612} INFO - Dependencies all met for dep_context=requeueable deps ti=<TaskInstance: our_first_dag.first_task manual__2024-10-13T22:23:53.428500+00:00 [queued]>
[2024-10-13T22:23:54.586+0000] {taskinstance.py:2865} INFO - Starting attempt 1 of 6
[2024-10-13T22:23:54.606+0000] {taskinstance.py:2888} INFO - Executing <Task(BashOperator): first_task> on 2024-10-13 22:23:53.428500+00:00
[2024-10-13T22:23:54.622+0000] {logging_mixin.py:190} WARNING - /home/***/.local/lib/python3.12/site-packages/***/task/task_runner/standard_task_runner.py:70 DeprecationWarning: This process (pid=217) is multi-threaded, use of fork() may lead to deadlocks in the child.
[2024-10-13T22:23:54.622+0000] {standard_task_runner.py:72} INFO - Started process 218 to run task
[2024-10-13T22:23:54.620+0000] {standard_task_runner.py:104} INFO - Running: ['***', 'tasks', 'run', 'our_first_dag', 'first_task', 'manual__2024-10-13T22:23:53.428500+00:00', '--job-id', '27', '--raw', '--subdir', 'DAGS_FOLDER/our_first_dag.py', '--cfg-path', '/tmp/tmpqi8dlu8w']
[2024-10-13T22:23:54.625+0000] {standard_task_runner.py:105} INFO - Job 27: Subtask first_task
[2024-10-13T22:23:54.677+0000] {task_command.py:467} INFO - Running <TaskInstance: our_first_dag.first_task manual__2024-10-13T22:23:53.428500+00:00 [running]> on host ffede1ed6037
[2024-10-13T22:23:54.866+0000] {taskinstance.py:3131} INFO - Exporting env vars: AIRFLOW_CTX_DAG_OWNER='johnwell' AIRFLOW_CTX_DAG_ID='our_first_dag' AIRFLOW_CTX_TASK_ID='first_task' AIRFLOW_CTX_EXECUTION_DATE='2024-10-13T22:23:53.428500+00:00' AIRFLOW_CTX_TRY_NUMBER='1' AIRFLOW_CTX_DAG_RUN_ID='manual__2024-10-13T22:23:53.428500+00:00'
[2024-10-13T22:23:54.867+0000] {taskinstance.py:731} INFO - ::endgroup::
[2024-10-13T22:23:55.028+0000] {subprocess.py:63} INFO - Tmp dir root location: /tmp
[2024-10-13T22:23:55.029+0000] {subprocess.py:75} INFO - Running command: ['/usr/bin/bash', '-c', 'echo hello world, this is th first task!']
[2024-10-13T22:23:55.038+0000] {subprocess.py:86} INFO - Output:
[2024-10-13T22:23:55.039+0000] {subprocess.py:93} INFO - hello world, this is th first task!
[2024-10-13T22:23:55.040+0000] {subprocess.py:97} INFO - Command exited with return code 0
[2024-10-13T22:23:55.073+0000] {taskinstance.py:340} INFO - ::group::Post task execution logs
[2024-10-13T22:23:55.073+0000] {taskinstance.py:352} INFO - Marking task as SUCCESS. dag_id=our_first_dag, task_id=first_task, run_id=manual__2024-10-13T22:23:53.428500+00:00, execution_date=20241013T222353, start_date=20241013T222354, end_date=20241013T222355
[2024-10-13T22:23:55.135+0000] {local_task_job_runner.py:266} INFO - Task exited with return code 0
[2024-10-13T22:23:55.150+0000] {taskinstance.py:3900} INFO - 0 downstream tasks scheduled from follow-on schedule check
[2024-10-13T22:23:55.155+0000] {local_task_job_runner.py:245} INFO - ::endgroup::
