[2024-11-03T13:00:26.721+0000] {local_task_job_runner.py:123} INFO - ::group::Pre task execution logs
[2024-11-03T13:00:26.734+0000] {taskinstance.py:2612} INFO - Dependencies all met for dep_context=non-requeueable deps ti=<TaskInstance: dag_with_postgres_operator_v01.create_postgres_table scheduled__2024-11-02T00:00:00+00:00 [queued]>
[2024-11-03T13:00:26.740+0000] {taskinstance.py:2612} INFO - Dependencies all met for dep_context=requeueable deps ti=<TaskInstance: dag_with_postgres_operator_v01.create_postgres_table scheduled__2024-11-02T00:00:00+00:00 [queued]>
[2024-11-03T13:00:26.741+0000] {taskinstance.py:2865} INFO - Starting attempt 2 of 7
[2024-11-03T13:00:26.754+0000] {taskinstance.py:2888} INFO - Executing <Task(PostgresOperator): create_postgres_table> on 2024-11-02 00:00:00+00:00
[2024-11-03T13:00:26.761+0000] {standard_task_runner.py:104} INFO - Running: ['***', 'tasks', 'run', 'dag_with_postgres_operator_v01', 'create_postgres_table', 'scheduled__2024-11-02T00:00:00+00:00', '--job-id', '171', '--raw', '--subdir', 'DAGS_FOLDER/dag_with_postgres.py', '--cfg-path', '/tmp/tmpg933aus_']
[2024-11-03T13:00:26.763+0000] {standard_task_runner.py:105} INFO - Job 171: Subtask create_postgres_table
[2024-11-03T13:00:26.765+0000] {logging_mixin.py:190} WARNING - /home/***/.local/lib/python3.12/site-packages/***/task/task_runner/standard_task_runner.py:70 DeprecationWarning: This process (pid=1831) is multi-threaded, use of fork() may lead to deadlocks in the child.
[2024-11-03T13:00:26.766+0000] {standard_task_runner.py:72} INFO - Started process 1832 to run task
[2024-11-03T13:00:26.802+0000] {task_command.py:467} INFO - Running <TaskInstance: dag_with_postgres_operator_v01.create_postgres_table scheduled__2024-11-02T00:00:00+00:00 [running]> on host b0b6b56c3157
[2024-11-03T13:00:26.886+0000] {taskinstance.py:3131} INFO - Exporting env vars: AIRFLOW_CTX_DAG_OWNER='johnwell' AIRFLOW_CTX_DAG_ID='dag_with_postgres_operator_v01' AIRFLOW_CTX_TASK_ID='create_postgres_table' AIRFLOW_CTX_EXECUTION_DATE='2024-11-02T00:00:00+00:00' AIRFLOW_CTX_TRY_NUMBER='2' AIRFLOW_CTX_DAG_RUN_ID='scheduled__2024-11-02T00:00:00+00:00'
[2024-11-03T13:00:26.887+0000] {taskinstance.py:731} INFO - ::endgroup::
[2024-11-03T13:00:26.900+0000] {sql.py:266} INFO - Executing: 
        create table if not exists dag_runs (
            dt date,
            dag_id character varying,
            primary key (dt, dag_id)
        )
        
[2024-11-03T13:00:26.906+0000] {base.py:84} INFO - Retrieving connection 'postgres_localhost'
[2024-11-03T13:00:26.913+0000] {base.py:84} INFO - Retrieving connection 'postgres_localhost'
[2024-11-03T13:00:26.916+0000] {sql.py:509} INFO - Running statement: 
        create table if not exists dag_runs (
            dt date,
            dag_id character varying,
            primary key (dt, dag_id)
        )
        , parameters: None
[2024-11-03T13:00:26.923+0000] {taskinstance.py:340} INFO - ::group::Post task execution logs
[2024-11-03T13:00:26.924+0000] {taskinstance.py:352} INFO - Marking task as SUCCESS. dag_id=dag_with_postgres_operator_v01, task_id=create_postgres_table, run_id=scheduled__2024-11-02T00:00:00+00:00, execution_date=20241102T000000, start_date=20241103T130026, end_date=20241103T130026
[2024-11-03T13:00:26.940+0000] {local_task_job_runner.py:266} INFO - Task exited with return code 0
[2024-11-03T13:00:26.952+0000] {taskinstance.py:3900} INFO - 0 downstream tasks scheduled from follow-on schedule check
[2024-11-03T13:00:26.958+0000] {local_task_job_runner.py:245} INFO - ::endgroup::
