[2024-11-07T03:17:10.071+0000] {local_task_job_runner.py:123} INFO - ::group::Pre task execution logs
[2024-11-07T03:17:10.152+0000] {taskinstance.py:2612} INFO - Dependencies all met for dep_context=non-requeueable deps ti=<TaskInstance: dag_with_taskflow_api_v03.greet scheduled__2024-11-06T00:00:00+00:00 [queued]>
[2024-11-07T03:17:10.239+0000] {taskinstance.py:2612} INFO - Dependencies all met for dep_context=requeueable deps ti=<TaskInstance: dag_with_taskflow_api_v03.greet scheduled__2024-11-06T00:00:00+00:00 [queued]>
[2024-11-07T03:17:10.246+0000] {taskinstance.py:2865} INFO - Starting attempt 1 of 6
[2024-11-07T03:17:10.557+0000] {taskinstance.py:2888} INFO - Executing <Task(_PythonDecoratedOperator): greet> on 2024-11-06 00:00:00+00:00
[2024-11-07T03:17:10.590+0000] {standard_task_runner.py:104} INFO - Running: ['***', 'tasks', 'run', 'dag_with_taskflow_api_v03', 'greet', 'scheduled__2024-11-06T00:00:00+00:00', '--job-id', '205', '--raw', '--subdir', 'DAGS_FOLDER/dag_with_taskflow_api.py', '--cfg-path', '/tmp/tmp30txq3p4']
[2024-11-07T03:17:10.605+0000] {standard_task_runner.py:105} INFO - Job 205: Subtask greet
[2024-11-07T03:17:10.698+0000] {logging_mixin.py:190} WARNING - /home/***/.local/lib/python3.12/site-packages/***/task/task_runner/standard_task_runner.py:70 DeprecationWarning: This process (pid=222) is multi-threaded, use of fork() may lead to deadlocks in the child.
[2024-11-07T03:17:10.734+0000] {standard_task_runner.py:72} INFO - Started process 226 to run task
[2024-11-07T03:17:11.124+0000] {task_command.py:467} INFO - Running <TaskInstance: dag_with_taskflow_api_v03.greet scheduled__2024-11-06T00:00:00+00:00 [running]> on host b0b6b56c3157
[2024-11-07T03:17:11.907+0000] {taskinstance.py:3131} INFO - Exporting env vars: AIRFLOW_CTX_DAG_OWNER='johnwell' AIRFLOW_CTX_DAG_ID='dag_with_taskflow_api_v03' AIRFLOW_CTX_TASK_ID='greet' AIRFLOW_CTX_EXECUTION_DATE='2024-11-06T00:00:00+00:00' AIRFLOW_CTX_TRY_NUMBER='1' AIRFLOW_CTX_DAG_RUN_ID='scheduled__2024-11-06T00:00:00+00:00'
[2024-11-07T03:17:11.938+0000] {taskinstance.py:731} INFO - ::endgroup::
[2024-11-07T03:17:11.941+0000] {logging_mixin.py:190} INFO - Hello World! My name is John Well and I am 19 years old!
[2024-11-07T03:17:11.941+0000] {python.py:240} INFO - Done. Returned value was: None
[2024-11-07T03:17:12.089+0000] {taskinstance.py:340} INFO - ::group::Post task execution logs
[2024-11-07T03:17:12.089+0000] {taskinstance.py:352} INFO - Marking task as SUCCESS. dag_id=dag_with_taskflow_api_v03, task_id=greet, run_id=scheduled__2024-11-06T00:00:00+00:00, execution_date=20241106T000000, start_date=20241107T031710, end_date=20241107T031712
[2024-11-07T03:17:13.217+0000] {local_task_job_runner.py:266} INFO - Task exited with return code 0
[2024-11-07T03:17:13.309+0000] {taskinstance.py:3900} INFO - 0 downstream tasks scheduled from follow-on schedule check
[2024-11-07T03:17:15.738+0000] {standard_task_runner.py:217} INFO - Process not found (most likely exited), stop collecting metrics
[2024-11-07T03:17:22.063+0000] {local_task_job_runner.py:245} INFO - ::endgroup::
