[2024-11-02T06:26:57.640+0000] {local_task_job_runner.py:123} INFO - ::group::Pre task execution logs
[2024-11-02T06:26:57.683+0000] {taskinstance.py:2612} INFO - Dependencies all met for dep_context=non-requeueable deps ti=<TaskInstance: our_first_dag_v3.third_task scheduled__2024-11-01T00:00:00+00:00 [queued]>
[2024-11-02T06:26:57.743+0000] {taskinstance.py:2612} INFO - Dependencies all met for dep_context=requeueable deps ti=<TaskInstance: our_first_dag_v3.third_task scheduled__2024-11-01T00:00:00+00:00 [queued]>
[2024-11-02T06:26:57.744+0000] {taskinstance.py:2865} INFO - Starting attempt 1 of 6
[2024-11-02T06:26:57.783+0000] {taskinstance.py:2888} INFO - Executing <Task(BashOperator): third_task> on 2024-11-01 00:00:00+00:00
[2024-11-02T06:26:57.799+0000] {standard_task_runner.py:104} INFO - Running: ['***', 'tasks', 'run', 'our_first_dag_v3', 'third_task', 'scheduled__2024-11-01T00:00:00+00:00', '--job-id', '119', '--raw', '--subdir', 'DAGS_FOLDER/our_first_dag.py', '--cfg-path', '/tmp/tmprr9lxafj']
[2024-11-02T06:26:57.808+0000] {standard_task_runner.py:105} INFO - Job 119: Subtask third_task
[2024-11-02T06:26:57.816+0000] {logging_mixin.py:190} WARNING - /home/***/.local/lib/python3.12/site-packages/***/task/task_runner/standard_task_runner.py:70 DeprecationWarning: This process (pid=196) is multi-threaded, use of fork() may lead to deadlocks in the child.
[2024-11-02T06:26:57.818+0000] {standard_task_runner.py:72} INFO - Started process 199 to run task
[2024-11-02T06:26:57.957+0000] {task_command.py:467} INFO - Running <TaskInstance: our_first_dag_v3.third_task scheduled__2024-11-01T00:00:00+00:00 [running]> on host 2d730dc1e71d
[2024-11-02T06:26:58.225+0000] {taskinstance.py:3131} INFO - Exporting env vars: AIRFLOW_CTX_DAG_OWNER='johnwell' AIRFLOW_CTX_DAG_ID='our_first_dag_v3' AIRFLOW_CTX_TASK_ID='third_task' AIRFLOW_CTX_EXECUTION_DATE='2024-11-01T00:00:00+00:00' AIRFLOW_CTX_TRY_NUMBER='1' AIRFLOW_CTX_DAG_RUN_ID='scheduled__2024-11-01T00:00:00+00:00'
[2024-11-02T06:26:58.226+0000] {taskinstance.py:731} INFO - ::endgroup::
[2024-11-02T06:26:58.273+0000] {subprocess.py:63} INFO - Tmp dir root location: /tmp
[2024-11-02T06:26:58.275+0000] {subprocess.py:75} INFO - Running command: ['/usr/bin/bash', '-c', 'echo this is task 3']
[2024-11-02T06:26:58.317+0000] {subprocess.py:86} INFO - Output:
[2024-11-02T06:26:58.321+0000] {subprocess.py:93} INFO - this is task 3
[2024-11-02T06:26:58.322+0000] {subprocess.py:97} INFO - Command exited with return code 0
[2024-11-02T06:26:58.387+0000] {taskinstance.py:340} INFO - ::group::Post task execution logs
[2024-11-02T06:26:58.388+0000] {taskinstance.py:352} INFO - Marking task as SUCCESS. dag_id=our_first_dag_v3, task_id=third_task, run_id=scheduled__2024-11-01T00:00:00+00:00, execution_date=20241101T000000, start_date=20241102T062657, end_date=20241102T062658
[2024-11-02T06:26:58.460+0000] {local_task_job_runner.py:266} INFO - Task exited with return code 0
[2024-11-02T06:26:58.500+0000] {local_task_job_runner.py:245} INFO - ::endgroup::
