[2024-10-13T22:31:45.348+0000] {local_task_job_runner.py:123} INFO - ::group::Pre task execution logs
[2024-10-13T22:31:45.494+0000] {taskinstance.py:2612} INFO - Dependencies all met for dep_context=non-requeueable deps ti=<TaskInstance: our_first_dag.first_task scheduled__2024-10-05T00:00:00+00:00 [queued]>
[2024-10-13T22:31:45.587+0000] {taskinstance.py:2612} INFO - Dependencies all met for dep_context=requeueable deps ti=<TaskInstance: our_first_dag.first_task scheduled__2024-10-05T00:00:00+00:00 [queued]>
[2024-10-13T22:31:45.592+0000] {taskinstance.py:2865} INFO - Starting attempt 1 of 6
[2024-10-13T22:31:45.799+0000] {taskinstance.py:2888} INFO - Executing <Task(BashOperator): first_task> on 2024-10-05 00:00:00+00:00
[2024-10-13T22:31:45.845+0000] {standard_task_runner.py:104} INFO - Running: ['***', 'tasks', 'run', 'our_first_dag', 'first_task', 'scheduled__2024-10-05T00:00:00+00:00', '--job-id', '31', '--raw', '--subdir', 'DAGS_FOLDER/our_first_dag.py', '--cfg-path', '/tmp/tmpu9ovt83d']
[2024-10-13T22:31:45.872+0000] {standard_task_runner.py:105} INFO - Job 31: Subtask first_task
[2024-10-13T22:31:45.918+0000] {logging_mixin.py:190} WARNING - /home/***/.local/lib/python3.12/site-packages/***/task/task_runner/standard_task_runner.py:70 DeprecationWarning: This process (pid=405) is multi-threaded, use of fork() may lead to deadlocks in the child.
[2024-10-13T22:31:45.958+0000] {standard_task_runner.py:72} INFO - Started process 417 to run task
[2024-10-13T22:31:46.110+0000] {task_command.py:467} INFO - Running <TaskInstance: our_first_dag.first_task scheduled__2024-10-05T00:00:00+00:00 [running]> on host ffede1ed6037
[2024-10-13T22:31:47.000+0000] {taskinstance.py:3131} INFO - Exporting env vars: AIRFLOW_CTX_DAG_OWNER='johnwell' AIRFLOW_CTX_DAG_ID='our_first_dag' AIRFLOW_CTX_TASK_ID='first_task' AIRFLOW_CTX_EXECUTION_DATE='2024-10-05T00:00:00+00:00' AIRFLOW_CTX_TRY_NUMBER='1' AIRFLOW_CTX_DAG_RUN_ID='scheduled__2024-10-05T00:00:00+00:00'
[2024-10-13T22:31:47.006+0000] {taskinstance.py:731} INFO - ::endgroup::
[2024-10-13T22:31:47.215+0000] {subprocess.py:63} INFO - Tmp dir root location: /tmp
[2024-10-13T22:31:47.219+0000] {subprocess.py:75} INFO - Running command: ['/usr/bin/bash', '-c', 'echo hello world, this is th first task!']
[2024-10-13T22:31:47.314+0000] {subprocess.py:86} INFO - Output:
[2024-10-13T22:31:47.391+0000] {subprocess.py:93} INFO - hello world, this is th first task!
[2024-10-13T22:31:47.392+0000] {subprocess.py:97} INFO - Command exited with return code 0
[2024-10-13T22:31:47.478+0000] {taskinstance.py:340} INFO - ::group::Post task execution logs
[2024-10-13T22:31:47.479+0000] {taskinstance.py:352} INFO - Marking task as SUCCESS. dag_id=our_first_dag, task_id=first_task, run_id=scheduled__2024-10-05T00:00:00+00:00, execution_date=20241005T000000, start_date=20241013T223145, end_date=20241013T223147
[2024-10-13T22:31:47.598+0000] {local_task_job_runner.py:266} INFO - Task exited with return code 0
[2024-10-13T22:31:47.663+0000] {taskinstance.py:3900} INFO - 0 downstream tasks scheduled from follow-on schedule check
[2024-10-13T22:31:47.707+0000] {local_task_job_runner.py:245} INFO - ::endgroup::
